#
# A fatal error has been detected by the Java Runtime Environment:
#
#  EXCEPTION_ACCESS_VIOLATION (0xc0000005) at pc=0x00007ffc16791be1, pid=4348, tid=12080
#
# JRE version:  (17.0.5+8) (build )
# Java VM: OpenJDK 64-Bit Server VM (17.0.5+8, mixed mode, sharing, tiered, unknown gc, windows-amd64)
# Problematic frame:
# C  [jimage.dll+0x1be1]
#
# No core dump will be written. Minidumps are not enabled by default on client versions of Windows
#
#

---------------  S U M M A R Y ------------

Command Line: 

Host: Intel(R) Core(TM) i5-8250U CPU @ 1.60GHz, 8 cores, 7G,  Windows 11 , 64 bit Build 22621 (10.0.22621.1105)
Time: Sun Jan 15 11:13:34 2023 Egypt Standard Time elapsed time: 0.045857 seconds (0d 0h 0m 0s)

---------------  T H R E A D  ---------------

Current thread is native thread

Stack: [0x00000045d7200000,0x00000045d7300000],  sp=0x00000045d72fd1f0,  free space=1012k
Native frames: (J=compiled Java code, j=interpreted, Vv=VM code, C=native code)
C  [jimage.dll+0x1be1]
C  [jimage.dll+0x1d6f]
C  [jimage.dll+0x264d]
V  [jvm.dll+0x1f0cfa]
V  [jvm.dll+0xb017e]
V  [jvm.dll+0x7e211c]
V  [jvm.dll+0x3eb17f]
V  [jvm.dll+0x3eccc1]
C  [jli.dll+0x5267]
C  [ucrtbase.dll+0x29363]
C  [KERNEL32.DLL+0x126bd]
C  [ntdll.dll+0x5dfb8]


siginfo: EXCEPTION_ACCESS_VIOLATION (0xc0000005), reading address 0x000000000001373c


Registers:
RAX=0x0000000000004dc8, RBX=0x00000045d72fd2e1, RCX=0x00007ffc16796000, RDX=0x0000000000004dc8
RSP=0x00000045d72fd1f0, RBP=0x00000045d72fd2e0, RSI=0x000000000000718d, RDI=0x00000045d72fd2e0
R8 =0x00007ffc16794288, R9 =0x000000000000001c, R10=0x00007ffbd9013900, R11=0x00007ffc16796000
R12=0x0000000000000002, R13=0x000002152cee8e00, R14=0x00000045d72fe350, R15=0x00007ffbd90139b8
RIP=0x00007ffc16791be1, EFLAGS=0x0000000000010246

Top of Stack: (sp=0x00000045d72fd1f0)
0x00000045d72fd1f0:   000002152cd90c34 00000000de0001df
0x00000045d72fd200:   000002152cd90c4c 000002152cd90c08
0x00000045d72fd210:   000002152ceffe00 00007ffc16791d6f
0x00000045d72fd220:   000000000000000b 000002152ceffe00
0x00000045d72fd230:   00000000000006f5 00000000000006f5
0x00000045d72fd240:   00000000000006f5 00007ffc2d8f490a
0x00000045d72fd250:   000002152cee3e70 00000215de0001df
0x00000045d72fd260:   000002152cee0000 00007ffc000003ff
0x00000045d72fd270:   00000000000006f5 000002152f190080
0x00000045d72fd280:   0000e3c0015a146c 000002152cee0150
0x00000045d72fd290:   00007ffbd8ff24a0 0000000000000017
0x00000045d72fd2a0:   000002152ceffe00 00000045d72fe350
0x00000045d72fd2b0:   000000000000000b 00007ffc1679264d
0x00000045d72fd2c0:   000002152cee0000 00007ffc000003ff
0x00000045d72fd2d0:   0000000000000749 000002152f1a7b40
0x00000045d72fd2e0:   61622e6176616a2f 692f6b646a2f6573 

Instructions: (pc=0x00007ffc16791be1)
0x00007ffc16791ae1:   48 85 c9 74 1d 80 3d 23 45 00 00 00 74 06 48 8b
0x00007ffc16791af1:   53 18 eb 04 48 8b 53 40 e8 ae 0e 00 00 48 83 63
0x00007ffc16791b01:   48 00 8b 4b 0c 83 f9 ff 74 09 e8 e4 0c 00 00 83
0x00007ffc16791b11:   4b 0c ff 48 8b 4b 70 48 85 c9 74 0f ba 10 00 00
0x00007ffc16791b21:   00 e8 fd 0e 00 00 48 83 63 70 00 48 83 c4 20 5b
0x00007ffc16791b31:   c3 cc cc 40 53 48 83 ec 20 48 8b d9 48 8d 0d dc
0x00007ffc16791b41:   46 00 00 e8 b3 0c 00 00 83 6b 08 01 75 24 48 8b
0x00007ffc16791b51:   d3 48 8d 0d bf 44 00 00 e8 22 08 00 00 48 8b cb
0x00007ffc16791b61:   e8 de fe ff ff ba 78 00 00 00 48 8b cb e8 b1 0e
0x00007ffc16791b71:   00 00 48 8d 0d a6 46 00 00 48 83 c4 20 5b e9 80
0x00007ffc16791b81:   0c 00 00 48 89 5c 24 08 48 89 74 24 10 57 48 83
0x00007ffc16791b91:   ec 20 41 8b f1 4d 8b c8 48 8b fa 4c 8b d9 4d 85
0x00007ffc16791ba1:   c0 74 78 85 f6 74 74 44 8a 12 48 8d 5a 01 48 8b
0x00007ffc16791bb1:   d3 b8 93 01 00 01 eb 12 69 c0 93 01 00 01 41 0f
0x00007ffc16791bc1:   b6 ca 44 8a 12 33 c1 48 ff c2 45 84 d2 75 e9 4d
0x00007ffc16791bd1:   8b 03 0f ba f0 1f 33 d2 49 8b cb f7 f6 48 63 c2
0x00007ffc16791be1:   41 8b 14 81 41 ff 50 08 85 c0 7e 24 8a 0f eb 10
0x00007ffc16791bf1:   69 c0 93 01 00 01 0f b6 c9 33 c1 8a 0b 48 ff c3
0x00007ffc16791c01:   84 c9 75 ec 0f ba f0 1f 33 d2 f7 f6 8b c2 eb 0e
0x00007ffc16791c11:   79 09 83 c9 ff 2b c8 8b c1 eb 03 83 c8 ff 48 8b
0x00007ffc16791c21:   5c 24 30 48 8b 74 24 38 48 83 c4 20 5f c3 cc 48
0x00007ffc16791c31:   89 5c 24 08 48 89 74 24 10 57 48 83 ec 20 48 8b
0x00007ffc16791c41:   f1 48 8d 0d d7 45 00 00 e8 ae 0b 00 00 33 ff 39
0x00007ffc16791c51:   3d c2 43 00 00 76 24 48 8b 05 c1 43 00 00 48 8b
0x00007ffc16791c61:   d6 48 8b 1c f8 48 8b 0b e8 72 1e 00 00 85 c0 74
0x00007ffc16791c71:   2b ff c7 3b 3d 9e 43 00 00 72 dc 33 db 48 8d 0d
0x00007ffc16791c81:   9b 45 00 00 e8 7a 0b 00 00 48 8b 74 24 38 48 8b
0x00007ffc16791c91:   c3 48 8b 5c 24 30 48 83 c4 20 5f c3 ff 43 08 eb
0x00007ffc16791ca1:   dc cc cc 48 89 5c 24 08 48 89 74 24 10 57 48 83
0x00007ffc16791cb1:   ec 20 48 8b d9 48 8b f2 48 8b 49 10 49 8b f8 8b
0x00007ffc16791cc1:   53 30 48 8b 01 ff 50 20 4c 8b 43 50 48 8b d6 48
0x00007ffc16791cd1:   8b 4b 10 44 8b c8 e8 a8 fe ff ff 83 f8 ff 74 38 



---------------  P R O C E S S  ---------------

VM state: not at safepoint (not fully initialized)

VM Mutex/Monitor currently owned by a thread: None

GC Precious Log:
<Not initialized>


Dynamic libraries:
0x00007ff750f70000 - 0x00007ff750f7e000 	c:\Users\akmal\.vscode\extensions\redhat.java-1.14.2023011403-win32-x64\jre\17.0.5-win32-x86_64\bin\java.exe
0x00007ffc2d8b0000 - 0x00007ffc2dac4000 	C:\WINDOWS\SYSTEM32\ntdll.dll
0x00007ffc2bff0000 - 0x00007ffc2c0b3000 	C:\WINDOWS\System32\KERNEL32.DLL
0x00007ffc2af80000 - 0x00007ffc2b31d000 	C:\WINDOWS\System32\KERNELBASE.dll
0x00007ffc2adc0000 - 0x00007ffc2aed1000 	C:\WINDOWS\System32\ucrtbase.dll
0x00007ffc167a0000 - 0x00007ffc167b7000 	c:\Users\akmal\.vscode\extensions\redhat.java-1.14.2023011403-win32-x64\jre\17.0.5-win32-x86_64\bin\jli.dll
0x00007ffc2be20000 - 0x00007ffc2bfcd000 	C:\WINDOWS\System32\USER32.dll
0x00007ffc2ad90000 - 0x00007ffc2adb6000 	C:\WINDOWS\System32\win32u.dll
0x00007ffc2bd40000 - 0x00007ffc2bd69000 	C:\WINDOWS\System32\GDI32.dll
0x00007ffc2b580000 - 0x00007ffc2b692000 	C:\WINDOWS\System32\gdi32full.dll
0x00007ffc2aee0000 - 0x00007ffc2af7a000 	C:\WINDOWS\System32\msvcp_win.dll
0x00007ffc0cb50000 - 0x00007ffc0cb69000 	c:\Users\akmal\.vscode\extensions\redhat.java-1.14.2023011403-win32-x64\jre\17.0.5-win32-x86_64\bin\VCRUNTIME140.dll
0x00007ffc1dc60000 - 0x00007ffc1deee000 	C:\WINDOWS\WinSxS\amd64_microsoft.windows.common-controls_6595b64144ccf1df_6.0.22621.608_none_a9444ca7c10bb01d\COMCTL32.dll
0x00007ffc2c200000 - 0x00007ffc2c2a7000 	C:\WINDOWS\System32\msvcrt.dll
0x00007ffc17f00000 - 0x00007ffc17f0c000 	c:\Users\akmal\.vscode\extensions\redhat.java-1.14.2023011403-win32-x64\jre\17.0.5-win32-x86_64\bin\vcruntime140_1.dll
0x00007ffbddae0000 - 0x00007ffbddb71000 	c:\Users\akmal\.vscode\extensions\redhat.java-1.14.2023011403-win32-x64\jre\17.0.5-win32-x86_64\bin\msvcp140.dll
0x00007ffbd86e0000 - 0x00007ffbd9324000 	c:\Users\akmal\.vscode\extensions\redhat.java-1.14.2023011403-win32-x64\jre\17.0.5-win32-x86_64\bin\server\jvm.dll
0x00007ffc2c3b0000 - 0x00007ffc2c45e000 	C:\WINDOWS\System32\ADVAPI32.dll
0x00007ffc2b920000 - 0x00007ffc2b9c4000 	C:\WINDOWS\System32\sechost.dll
0x00007ffc2ba50000 - 0x00007ffc2bb65000 	C:\WINDOWS\System32\RPCRT4.dll
0x00007ffc25890000 - 0x00007ffc25899000 	C:\WINDOWS\SYSTEM32\WSOCK32.dll
0x00007ffc2b9d0000 - 0x00007ffc2ba41000 	C:\WINDOWS\System32\WS2_32.dll
0x00007ffc242e0000 - 0x00007ffc24314000 	C:\WINDOWS\SYSTEM32\WINMM.dll
0x00007ffc21100000 - 0x00007ffc2110a000 	C:\WINDOWS\SYSTEM32\VERSION.dll
0x00007ffc29dd0000 - 0x00007ffc29de8000 	C:\WINDOWS\SYSTEM32\kernel.appcore.dll
0x00007ffc16790000 - 0x00007ffc1679a000 	c:\Users\akmal\.vscode\extensions\redhat.java-1.14.2023011403-win32-x64\jre\17.0.5-win32-x86_64\bin\jimage.dll
0x00007ffc21d50000 - 0x00007ffc21f7e000 	C:\WINDOWS\SYSTEM32\DBGHELP.DLL
0x00007ffc2d310000 - 0x00007ffc2d69a000 	C:\WINDOWS\System32\combase.dll
0x00007ffc2c120000 - 0x00007ffc2c1f7000 	C:\WINDOWS\System32\OLEAUT32.dll
0x00007ffc21ad0000 - 0x00007ffc21b02000 	C:\WINDOWS\SYSTEM32\dbgcore.DLL
0x00007ffc2b320000 - 0x00007ffc2b39b000 	C:\WINDOWS\System32\bcryptPrimitives.dll

dbghelp: loaded successfully - version: 4.0.5 - missing functions: none
symbol engine: initialized successfully - sym options: 0x614 - pdb path: .;c:\Users\akmal\.vscode\extensions\redhat.java-1.14.2023011403-win32-x64\jre\17.0.5-win32-x86_64\bin;C:\WINDOWS\SYSTEM32;C:\WINDOWS\WinSxS\amd64_microsoft.windows.common-controls_6595b64144ccf1df_6.0.22621.608_none_a9444ca7c10bb01d;c:\Users\akmal\.vscode\extensions\redhat.java-1.14.2023011403-win32-x64\jre\17.0.5-win32-x86_64\bin\server

VM Arguments:
java_command: <unknown>
java_class_path (initial): <not set>
Launcher Type: SUN_STANDARD

[Global flags]
     bool UseLargePagesIndividualAllocation        = false                                  {pd product} {ergonomic}

Logging:
Log output configuration:
 #0: stdout all=warning uptime,level,tags
 #1: stderr all=off uptime,level,tags

Environment Variables:
JAVA_HOME=C:\Program Files\Java\jdk-19
PATH=C:\Program Files\PowerShell\7;C:\Program Files\Common Files\Oracle\Java\javapath;C:\Program Files (x86)\Common Files\Oracle\Java\javapath;C:\WINDOWS\system32;C:\WINDOWS;C:\WINDOWS\System32\Wbem;C:\WINDOWS\System32\WindowsPowerShell\v1.0\;C:\WINDOWS\System32\OpenSSH\;C:\msys64\mingw64\bin;C:\Program Files\Java\jdk-19\bin;C:\Program Files\Calibre2\;C:\Program Files\dotnet\;C:\Program Files\PowerShell\7\;C:\Program Files\Git\cmd;C:\gradle-7.6;C:\gradle-7.6\bin;C:\apache-maven-3.8.6\bin;C:\jdk-19.0.1\bin;C:\Classpath\javafx-sdk-19\lib;C:\Program Files\nodejs\;C:\ProgramData\chocolatey\bin;C:\Program Files\Go\bin;C:\Classpath\ASM;C:\Program Files\wkhtmltopdf\bin;C:\Program Files\wkhtmltopdf\bin\wkhtmltopdf.exe;C:\Users\akmal\AppData\Local\Programs\Python\Python311\Scripts\;C:\Users\akmal\AppData\Local\Programs\Python\Python311\;C:\Users\akmal\AppData\Local\Microsoft\WindowsApps;C:\Users\akmal\AppData\Local\Programs\Microsoft VS Code\bin;C:\Program Files\JetBrains\IntelliJ IDEA Community Edition 2022.2.3\bin;C:\Users\akmal\AppData\Local\GitHubDesktop\bin;C:\Users\akmal\AppData\Roaming\npm;C:\Users\akmal\go\bin;C:\Users\akmal\AppData\Local\Google\Cloud SDK\google-cloud-sdk\bin
USERNAME=akmal
OS=Windows_NT
PROCESSOR_IDENTIFIER=Intel64 Family 6 Model 142 Stepping 10, GenuineIntel
TMP=C:\Users\akmal\AppData\Local\Temp
TEMP=C:\Users\akmal\AppData\Local\Temp



---------------  S Y S T E M  ---------------

OS:
 Windows 11 , 64 bit Build 22621 (10.0.22621.1105)
OS uptime: 3 days 20:51 hours

CPU: total 8 (initial active 0) 

Memory: 4k page, system-wide physical 8066M (349M free)
TotalPageFile size 32642M (AvailPageFile size 11M)
current process WorkingSet (physical memory assigned to process): 8M, peak: 8M
current process commit charge ("private bytes"): 3M, peak: 3M

vm_info: OpenJDK 64-Bit Server VM (17.0.5+8) for windows-amd64 JRE (17.0.5+8), built on Oct 19 2022 04:48:13 by "temurin" with MS VC++ 16.7 (VS2019)

END.
