#
# There is insufficient memory for the Java Runtime Environment to continue.
# Native memory allocation (malloc) failed to allocate 1048576 bytes for AllocateHeap
# Possible reasons:
#   The system is out of physical RAM or swap space
#   The process is running with CompressedOops enabled, and the Java Heap may be blocking the growth of the native heap
# Possible solutions:
#   Reduce memory load on the system
#   Increase physical memory or swap space
#   Check if swap backing store is full
#   Decrease Java heap size (-Xmx/-Xms)
#   Decrease number of Java threads
#   Decrease Java thread stack sizes (-Xss)
#   Set larger code cache with -XX:ReservedCodeCacheSize=
#   JVM is running with Unscaled Compressed Oops mode in which the Java heap is
#     placed in the first 4GB address space. The Java Heap base address is the
#     maximum limit for the native heap growth. Please use -XX:HeapBaseMinAddress
#     to set the Java Heap base and to place the Java Heap above 4GB virtual address.
# This output file may be truncated or incomplete.
#
#  Out of Memory Error (allocation.cpp:44), pid=7408, tid=10152
#
# JRE version:  (17.0.5+8) (build )
# Java VM: OpenJDK 64-Bit Server VM (17.0.5+8, mixed mode, tiered, compressed oops, compressed class ptrs, parallel gc, windows-amd64)
# No core dump will be written. Minidumps are not enabled by default on client versions of Windows
#

---------------  S U M M A R Y ------------

Command Line: --add-modules=ALL-SYSTEM --add-opens=java.base/java.util=ALL-UNNAMED --add-opens=java.base/java.lang=ALL-UNNAMED --add-opens=java.base/sun.nio.fs=ALL-UNNAMED -Declipse.application=org.eclipse.jdt.ls.core.id1 -Dosgi.bundles.defaultStartLevel=4 -Declipse.product=org.eclipse.jdt.ls.core.product -Djava.import.generatesMetadataFilesAtProjectRoot=false -Dfile.encoding=utf8 -XX:+UseParallelGC -XX:GCTimeRatio=4 -XX:AdaptiveSizePolicyWeight=90 -Dsun.zip.disableMemoryMapping=true -Xmx1G -Xms100m -Xlog:disable -javaagent:c:\Users\akmal\.vscode\extensions\redhat.java-1.14.2023011403-win32-x64\lombok\lombok-1.18.24.jar -XX:+HeapDumpOnOutOfMemoryError -XX:HeapDumpPath=c:\Users\akmal\AppData\Roaming\Code\User\workspaceStorage\a10bbef13a5c8dd48fe501c7ef4dcf49\redhat.java c:\Users\akmal\.vscode\extensions\redhat.java-1.14.2023011403-win32-x64\server\plugins\org.eclipse.equinox.launcher_1.6.400.v20210924-0641.jar -configuration c:\Users\akmal\AppData\Roaming\Code\User\globalStorage\redhat.java\1.14.2023011403\config_win -data c:\Users\akmal\AppData\Roaming\Code\User\workspaceStorage\a10bbef13a5c8dd48fe501c7ef4dcf49\redhat.java\jdt_ws

Host: Intel(R) Core(TM) i5-8250U CPU @ 1.60GHz, 8 cores, 7G,  Windows 11 , 64 bit Build 22621 (10.0.22621.1105)
Time: Sun Jan 15 11:09:32 2023 Egypt Standard Time elapsed time: 0.104721 seconds (0d 0h 0m 0s)

---------------  T H R E A D  ---------------

Current thread (0x000002581ae1d060):  JavaThread "Unknown thread" [_thread_in_vm, id=10152, stack(0x000000891b600000,0x000000891b700000)]

Stack: [0x000000891b600000,0x000000891b700000]
Native frames: (J=compiled Java code, j=interpreted, Vv=VM code, C=native code)
V  [jvm.dll+0x676b3a]
V  [jvm.dll+0x831444]
V  [jvm.dll+0x832bee]
V  [jvm.dll+0x833253]
V  [jvm.dll+0x244ce5]
V  [jvm.dll+0xa631f]
V  [jvm.dll+0x6b3d43]
V  [jvm.dll+0x6b48af]
V  [jvm.dll+0x683238]
V  [jvm.dll+0x80383b]
V  [jvm.dll+0x368c34]
V  [jvm.dll+0x7e265c]
V  [jvm.dll+0x3eb17f]
V  [jvm.dll+0x3eccc1]
C  [jli.dll+0x5267]
C  [ucrtbase.dll+0x29363]
C  [KERNEL32.DLL+0x126bd]
C  [ntdll.dll+0x5dfb8]


---------------  P R O C E S S  ---------------

Threads class SMR info:
_java_thread_list=0x00007ffbb4612f18, length=0, elements={
}

Java Threads: ( => current thread )

Other Threads:
  0x000002581ae33560 GCTaskThread "GC Thread#0" [stack: 0x000000891b700000,0x000000891b800000] [id=7056]

=>0x000002581ae1d060 (exited) JavaThread "Unknown thread" [_thread_in_vm, id=10152, stack(0x000000891b600000,0x000000891b700000)]

Threads with active compile tasks:

VM state: not at safepoint (normal execution)

VM Mutex/Monitor currently owned by a thread: None

Heap address: 0x00000000c0000000, size: 1024 MB, Compressed Oops mode: 32-bit

CDS archive(s) not mapped
Compressed class space mapped at: 0x0000000100000000-0x0000000140000000, reserved size: 1073741824
Narrow klass base: 0x0000000000000000, Narrow klass shift: 3, Narrow klass range: 0x140000000

GC Precious Log:
 CPUs: 8 total, 8 available
 Memory: 8066M
 Large Page Support: Disabled
 NUMA Support: Disabled
 Compressed Oops: Enabled (32-bit)
 Alignments: Space 512K, Generation 512K, Heap 2M
 Heap Min Capacity: 100M
 Heap Initial Capacity: 100M
 Heap Max Capacity: 1G
 Pre-touch: Disabled
 Parallel Workers: 8

Heap:
 PSYoungGen      total 29696K, used 512K [0x00000000eab00000, 0x00000000ecc00000, 0x0000000100000000)
  eden space 25600K, 2% used [0x00000000eab00000,0x00000000eab80070,0x00000000ec400000)
  from space 4096K, 0% used [0x00000000ec800000,0x00000000ec800000,0x00000000ecc00000)
  to   space 4096K, 0% used [0x00000000ec400000,0x00000000ec400000,0x00000000ec800000)
 ParOldGen       total 68608K, used 0K [0x00000000c0000000, 0x00000000c4300000, 0x00000000eab00000)
  object space 68608K, 0% used [0x00000000c0000000,0x00000000c0000000,0x00000000c4300000)
 Metaspace       used 1149K, committed 1216K, reserved 1056768K
  class space    used 101K, committed 128K, reserved 1048576K

Card table byte_map: [0x000002581a7f0000,0x000002581aa00000] _byte_map_base: 0x000002581a1f0000

Marking Bits: (ParMarkBitMap*) 0x00007ffbb4680dd0
 Begin Bits: [0x000002582caa0000, 0x000002582daa0000)
 End Bits:   [0x000002582daa0000, 0x000002582eaa0000)

Polling page: 0x000002581a5e0000

Metaspace:

Usage:
  Non-class:      1.02 MB used.
      Class:    101.01 KB used.
       Both:      1.12 MB used.

Virtual space:
  Non-class space:        8.00 MB reserved,       1.06 MB ( 13%) committed,  1 nodes.
      Class space:        1.00 GB reserved,     128.00 KB ( <1%) committed,  1 nodes.
             Both:        1.01 GB reserved,       1.19 MB ( <1%) committed. 

Chunk freelists:
   Non-Class:  0 bytes
       Class:  3.75 MB
        Both:  3.75 MB

MaxMetaspaceSize: unlimited
CompressedClassSpaceSize: 1.00 GB
Initial GC threshold: 21.00 MB
Current GC threshold: 17179869184.00 GB
CDS: off
MetaspaceReclaimPolicy: balanced
 - commit_granule_bytes: 65536.
 - commit_granule_words: 8192.
 - virtual_space_node_default_size: 1048576.
 - enlarge_chunks_in_place: 1.
 - new_chunks_are_fully_committed: 0.
 - uncommit_free_chunks: 1.
 - use_allocation_guard: 0.
 - handle_deallocations: 1.


Internal statistics:

num_allocs_failed_limit: 0.
num_arena_births: 2.
num_arena_deaths: 0.
num_vsnodes_births: 2.
num_vsnodes_deaths: 0.
num_space_committed: 19.
num_space_uncommitted: 0.
num_chunks_returned_to_freelist: 0.
num_chunks_taken_from_freelist: 3.
num_chunk_merges: 0.
num_chunk_splits: 1.
num_chunks_enlarged: 0.
num_purges: 0.
num_inconsistent_stats: 0.

CodeHeap 'non-profiled nmethods': size=120000Kb used=0Kb max_used=0Kb free=120000Kb
 bounds [0x0000025825570000, 0x00000258257e0000, 0x000002582caa0000]
CodeHeap 'profiled nmethods': size=120000Kb used=0Kb max_used=0Kb free=120000Kb
 bounds [0x000002581e040000, 0x000002581e2b0000, 0x0000025825570000]
CodeHeap 'non-nmethods': size=5760Kb used=202Kb max_used=335Kb free=5557Kb
 bounds [0x000002581daa0000, 0x000002581dd10000, 0x000002581e040000]
 total_blobs=66 nmethods=0 adapters=47
 compilation: enabled
              stopped_count=0, restarted_count=0
 full_count=0

Compilation events (0 events):
No events

GC Heap History (0 events):
No events

Dll operation events (1 events):
Event: 0.027 Loaded shared library c:\Users\akmal\.vscode\extensions\redhat.java-1.14.2023011403-win32-x64\jre\17.0.5-win32-x86_64\bin\java.dll

Deoptimization events (0 events):
No events

Classes unloaded (0 events):
No events

Classes redefined (0 events):
No events

Internal exceptions (0 events):
No events

VM Operations (0 events):
No events

Events (20 events):
Event: 0.090 loading class java/lang/Long
Event: 0.090 loading class java/lang/Long done
Event: 0.090 loading class java/util/Iterator
Event: 0.090 loading class java/util/Iterator done
Event: 0.090 loading class java/lang/reflect/RecordComponent
Event: 0.090 loading class java/lang/reflect/RecordComponent done
Event: 0.090 loading class jdk/internal/vm/vector/VectorSupport
Event: 0.091 loading class jdk/internal/vm/vector/VectorSupport done
Event: 0.091 loading class jdk/internal/vm/vector/VectorSupport$VectorPayload
Event: 0.091 loading class jdk/internal/vm/vector/VectorSupport$VectorPayload done
Event: 0.091 loading class jdk/internal/vm/vector/VectorSupport$Vector
Event: 0.091 loading class jdk/internal/vm/vector/VectorSupport$Vector done
Event: 0.091 loading class jdk/internal/vm/vector/VectorSupport$VectorMask
Event: 0.091 loading class jdk/internal/vm/vector/VectorSupport$VectorMask done
Event: 0.091 loading class jdk/internal/vm/vector/VectorSupport$VectorShuffle
Event: 0.091 loading class jdk/internal/vm/vector/VectorSupport$VectorShuffle done
Event: 0.096 loading class java/lang/NullPointerException
Event: 0.097 loading class java/lang/NullPointerException done
Event: 0.097 loading class java/lang/ArithmeticException
Event: 0.097 loading class java/lang/ArithmeticException done


Dynamic libraries:
0x00007ff6a36a0000 - 0x00007ff6a36ae000 	c:\Users\akmal\.vscode\extensions\redhat.java-1.14.2023011403-win32-x64\jre\17.0.5-win32-x86_64\bin\java.exe
0x00007ffc2d8b0000 - 0x00007ffc2dac4000 	C:\WINDOWS\SYSTEM32\ntdll.dll
0x00007ffc2bff0000 - 0x00007ffc2c0b3000 	C:\WINDOWS\System32\KERNEL32.DLL
0x00007ffc2af80000 - 0x00007ffc2b31d000 	C:\WINDOWS\System32\KERNELBASE.dll
0x00007ffc2adc0000 - 0x00007ffc2aed1000 	C:\WINDOWS\System32\ucrtbase.dll
0x00007ffbf8bb0000 - 0x00007ffbf8bc7000 	c:\Users\akmal\.vscode\extensions\redhat.java-1.14.2023011403-win32-x64\jre\17.0.5-win32-x86_64\bin\jli.dll
0x00007ffc2be20000 - 0x00007ffc2bfcd000 	C:\WINDOWS\System32\USER32.dll
0x00007ffc2ad90000 - 0x00007ffc2adb6000 	C:\WINDOWS\System32\win32u.dll
0x00007ffc2bd40000 - 0x00007ffc2bd69000 	C:\WINDOWS\System32\GDI32.dll
0x00007ffc2b580000 - 0x00007ffc2b692000 	C:\WINDOWS\System32\gdi32full.dll
0x00007ffc2aee0000 - 0x00007ffc2af7a000 	C:\WINDOWS\System32\msvcp_win.dll
0x00007ffbf5b40000 - 0x00007ffbf5b59000 	c:\Users\akmal\.vscode\extensions\redhat.java-1.14.2023011403-win32-x64\jre\17.0.5-win32-x86_64\bin\VCRUNTIME140.dll
0x00007ffc1dc60000 - 0x00007ffc1deee000 	C:\WINDOWS\WinSxS\amd64_microsoft.windows.common-controls_6595b64144ccf1df_6.0.22621.608_none_a9444ca7c10bb01d\COMCTL32.dll
0x00007ffc2c200000 - 0x00007ffc2c2a7000 	C:\WINDOWS\System32\msvcrt.dll
0x00007ffc2bde0000 - 0x00007ffc2be12000 	C:\WINDOWS\System32\IMM32.DLL
0x00007ffc17f00000 - 0x00007ffc17f0c000 	c:\Users\akmal\.vscode\extensions\redhat.java-1.14.2023011403-win32-x64\jre\17.0.5-win32-x86_64\bin\vcruntime140_1.dll
0x00007ffbdbb50000 - 0x00007ffbdbbe1000 	c:\Users\akmal\.vscode\extensions\redhat.java-1.14.2023011403-win32-x64\jre\17.0.5-win32-x86_64\bin\msvcp140.dll
0x00007ffbb3b00000 - 0x00007ffbb4744000 	c:\Users\akmal\.vscode\extensions\redhat.java-1.14.2023011403-win32-x64\jre\17.0.5-win32-x86_64\bin\server\jvm.dll
0x00007ffc2c3b0000 - 0x00007ffc2c45e000 	C:\WINDOWS\System32\ADVAPI32.dll
0x00007ffc2b920000 - 0x00007ffc2b9c4000 	C:\WINDOWS\System32\sechost.dll
0x00007ffc2ba50000 - 0x00007ffc2bb65000 	C:\WINDOWS\System32\RPCRT4.dll
0x00007ffc25890000 - 0x00007ffc25899000 	C:\WINDOWS\SYSTEM32\WSOCK32.dll
0x00007ffc2b9d0000 - 0x00007ffc2ba41000 	C:\WINDOWS\System32\WS2_32.dll
0x00007ffc242e0000 - 0x00007ffc24314000 	C:\WINDOWS\SYSTEM32\WINMM.dll
0x00007ffc21100000 - 0x00007ffc2110a000 	C:\WINDOWS\SYSTEM32\VERSION.dll
0x00007ffc29dd0000 - 0x00007ffc29de8000 	C:\WINDOWS\SYSTEM32\kernel.appcore.dll
0x00007ffc0e7e0000 - 0x00007ffc0e7ea000 	c:\Users\akmal\.vscode\extensions\redhat.java-1.14.2023011403-win32-x64\jre\17.0.5-win32-x86_64\bin\jimage.dll
0x00007ffc21d50000 - 0x00007ffc21f7e000 	C:\WINDOWS\SYSTEM32\DBGHELP.DLL
0x00007ffc2d310000 - 0x00007ffc2d69a000 	C:\WINDOWS\System32\combase.dll
0x00007ffc2c120000 - 0x00007ffc2c1f7000 	C:\WINDOWS\System32\OLEAUT32.dll
0x00007ffc21ad0000 - 0x00007ffc21b02000 	C:\WINDOWS\SYSTEM32\dbgcore.DLL
0x00007ffc2b320000 - 0x00007ffc2b39b000 	C:\WINDOWS\System32\bcryptPrimitives.dll
0x00007ffc0c310000 - 0x00007ffc0c31e000 	c:\Users\akmal\.vscode\extensions\redhat.java-1.14.2023011403-win32-x64\jre\17.0.5-win32-x86_64\bin\instrument.dll
0x00007ffbf6640000 - 0x00007ffbf6665000 	c:\Users\akmal\.vscode\extensions\redhat.java-1.14.2023011403-win32-x64\jre\17.0.5-win32-x86_64\bin\java.dll
0x00007ffbf5b70000 - 0x00007ffbf5b88000 	c:\Users\akmal\.vscode\extensions\redhat.java-1.14.2023011403-win32-x64\jre\17.0.5-win32-x86_64\bin\zip.dll

dbghelp: loaded successfully - version: 4.0.5 - missing functions: none
symbol engine: initialized successfully - sym options: 0x614 - pdb path: .;c:\Users\akmal\.vscode\extensions\redhat.java-1.14.2023011403-win32-x64\jre\17.0.5-win32-x86_64\bin;C:\WINDOWS\SYSTEM32;C:\WINDOWS\WinSxS\amd64_microsoft.windows.common-controls_6595b64144ccf1df_6.0.22621.608_none_a9444ca7c10bb01d;c:\Users\akmal\.vscode\extensions\redhat.java-1.14.2023011403-win32-x64\jre\17.0.5-win32-x86_64\bin\server

VM Arguments:
jvm_args: --add-modules=ALL-SYSTEM --add-opens=java.base/java.util=ALL-UNNAMED --add-opens=java.base/java.lang=ALL-UNNAMED --add-opens=java.base/sun.nio.fs=ALL-UNNAMED -Declipse.application=org.eclipse.jdt.ls.core.id1 -Dosgi.bundles.defaultStartLevel=4 -Declipse.product=org.eclipse.jdt.ls.core.product -Djava.import.generatesMetadataFilesAtProjectRoot=false -Dfile.encoding=utf8 -XX:+UseParallelGC -XX:GCTimeRatio=4 -XX:AdaptiveSizePolicyWeight=90 -Dsun.zip.disableMemoryMapping=true -Xmx1G -Xms100m -Xlog:disable -javaagent:c:\Users\akmal\.vscode\extensions\redhat.java-1.14.2023011403-win32-x64\lombok\lombok-1.18.24.jar -XX:+HeapDumpOnOutOfMemoryError -XX:HeapDumpPath=c:\Users\akmal\AppData\Roaming\Code\User\workspaceStorage\a10bbef13a5c8dd48fe501c7ef4dcf49\redhat.java 
java_command: c:\Users\akmal\.vscode\extensions\redhat.java-1.14.2023011403-win32-x64\server\plugins\org.eclipse.equinox.launcher_1.6.400.v20210924-0641.jar -configuration c:\Users\akmal\AppData\Roaming\Code\User\globalStorage\redhat.java\1.14.2023011403\config_win -data c:\Users\akmal\AppData\Roaming\Code\User\workspaceStorage\a10bbef13a5c8dd48fe501c7ef4dcf49\redhat.java\jdt_ws
java_class_path (initial): c:\Users\akmal\.vscode\extensions\redhat.java-1.14.2023011403-win32-x64\server\plugins\org.eclipse.equinox.launcher_1.6.400.v20210924-0641.jar
Launcher Type: SUN_STANDARD

[Global flags]
    uintx AdaptiveSizePolicyWeight                 = 90                                        {product} {command line}
     intx CICompilerCount                          = 4                                         {product} {ergonomic}
    uintx GCTimeRatio                              = 4                                         {product} {command line}
     bool HeapDumpOnOutOfMemoryError               = true                                   {manageable} {command line}
    ccstr HeapDumpPath                             = c:\Users\akmal\AppData\Roaming\Code\User\workspaceStorage\a10bbef13a5c8dd48fe501c7ef4dcf49\redhat.java         {manageable} {command line}
   size_t InitialHeapSize                          = 104857600                                 {product} {command line}
   size_t MaxHeapSize                              = 1073741824                                {product} {command line}
   size_t MaxNewSize                               = 357564416                                 {product} {ergonomic}
   size_t MinHeapDeltaBytes                        = 524288                                    {product} {ergonomic}
   size_t MinHeapSize                              = 104857600                                 {product} {command line}
   size_t NewSize                                  = 34603008                                  {product} {ergonomic}
    uintx NonNMethodCodeHeapSize                   = 5839372                                {pd product} {ergonomic}
    uintx NonProfiledCodeHeapSize                  = 122909434                              {pd product} {ergonomic}
   size_t OldSize                                  = 70254592                                  {product} {ergonomic}
    uintx ProfiledCodeHeapSize                     = 122909434                              {pd product} {ergonomic}
    uintx ReservedCodeCacheSize                    = 251658240                              {pd product} {ergonomic}
     bool SegmentedCodeCache                       = true                                      {product} {ergonomic}
   size_t SoftMaxHeapSize                          = 1073741824                             {manageable} {ergonomic}
     bool UseCompressedClassPointers               = true                           {product lp64_product} {ergonomic}
     bool UseCompressedOops                        = true                           {product lp64_product} {ergonomic}
     bool UseLargePagesIndividualAllocation        = false                                  {pd product} {ergonomic}
     bool UseParallelGC                            = true                                      {product} {command line}

Logging:
Log output configuration:
 #0: stdout all=off uptime,level,tags
 #1: stderr all=off uptime,level,tags

Environment Variables:
JAVA_HOME=C:\Program Files\Java\jdk-19
PATH=C:\Program Files\PowerShell\7;C:\Program Files\Common Files\Oracle\Java\javapath;C:\Program Files (x86)\Common Files\Oracle\Java\javapath;C:\WINDOWS\system32;C:\WINDOWS;C:\WINDOWS\System32\Wbem;C:\WINDOWS\System32\WindowsPowerShell\v1.0\;C:\WINDOWS\System32\OpenSSH\;C:\msys64\mingw64\bin;C:\Program Files\Java\jdk-19\bin;C:\Program Files\Calibre2\;C:\Program Files\dotnet\;C:\Program Files\PowerShell\7\;C:\Program Files\Git\cmd;C:\gradle-7.6;C:\gradle-7.6\bin;C:\apache-maven-3.8.6\bin;C:\jdk-19.0.1\bin;C:\Classpath\javafx-sdk-19\lib;C:\Program Files\nodejs\;C:\ProgramData\chocolatey\bin;C:\Program Files\Go\bin;C:\Classpath\ASM;C:\Program Files\wkhtmltopdf\bin;C:\Program Files\wkhtmltopdf\bin\wkhtmltopdf.exe;C:\Users\akmal\AppData\Local\Programs\Python\Python311\Scripts\;C:\Users\akmal\AppData\Local\Programs\Python\Python311\;C:\Users\akmal\AppData\Local\Microsoft\WindowsApps;C:\Users\akmal\AppData\Local\Programs\Microsoft VS Code\bin;C:\Program Files\JetBrains\IntelliJ IDEA Community Edition 2022.2.3\bin;C:\Users\akmal\AppData\Local\GitHubDesktop\bin;C:\Users\akmal\AppData\Roaming\npm;C:\Users\akmal\go\bin;C:\Users\akmal\AppData\Local\Google\Cloud SDK\google-cloud-sdk\bin
USERNAME=akmal
OS=Windows_NT
PROCESSOR_IDENTIFIER=Intel64 Family 6 Model 142 Stepping 10, GenuineIntel
TMP=C:\Users\akmal\AppData\Local\Temp
TEMP=C:\Users\akmal\AppData\Local\Temp



---------------  S Y S T E M  ---------------

OS:
 Windows 11 , 64 bit Build 22621 (10.0.22621.1105)
OS uptime: 3 days 20:47 hours
Hyper-V role detected

CPU: total 8 (initial active 8) (4 cores per cpu, 2 threads per core) family 6 model 142 stepping 10 microcode 0xe0, cx8, cmov, fxsr, ht, mmx, 3dnowpref, sse, sse2, sse3, ssse3, sse4.1, sse4.2, popcnt, lzcnt, tsc, tscinvbit, avx, avx2, aes, erms, clmul, bmi1, bmi2, adx, fma, vzeroupper, clflush, clflushopt, hv

Memory: 4k page, system-wide physical 8066M (214M free)
TotalPageFile size 32642M (AvailPageFile size 10M)
current process WorkingSet (physical memory assigned to process): 16M, peak: 16M
current process commit charge ("private bytes"): 175M, peak: 176M

vm_info: OpenJDK 64-Bit Server VM (17.0.5+8) for windows-amd64 JRE (17.0.5+8), built on Oct 19 2022 04:48:13 by "temurin" with MS VC++ 16.7 (VS2019)

END.
