#
# There is insufficient memory for the Java Runtime Environment to continue.
# Native memory allocation (malloc) failed to allocate 546672 bytes for Chunk::new
# Possible reasons:
#   The system is out of physical RAM or swap space
#   The process is running with CompressedOops enabled, and the Java Heap may be blocking the growth of the native heap
# Possible solutions:
#   Reduce memory load on the system
#   Increase physical memory or swap space
#   Check if swap backing store is full
#   Decrease Java heap size (-Xmx/-Xms)
#   Decrease number of Java threads
#   Decrease Java thread stack sizes (-Xss)
#   Set larger code cache with -XX:ReservedCodeCacheSize=
#   JVM is running with Unscaled Compressed Oops mode in which the Java heap is
#     placed in the first 4GB address space. The Java Heap base address is the
#     maximum limit for the native heap growth. Please use -XX:HeapBaseMinAddress
#     to set the Java Heap base and to place the Java Heap above 4GB virtual address.
# This output file may be truncated or incomplete.
#
#  Out of Memory Error (arena.cpp:189), pid=11000, tid=14448
#
# JRE version: OpenJDK Runtime Environment Temurin-17.0.5+8 (17.0.5+8) (build 17.0.5+8)
# Java VM: OpenJDK 64-Bit Server VM Temurin-17.0.5+8 (17.0.5+8, mixed mode, tiered, compressed oops, compressed class ptrs, parallel gc, windows-amd64)
# No core dump will be written. Minidumps are not enabled by default on client versions of Windows
#

---------------  S U M M A R Y ------------

Command Line: --add-modules=ALL-SYSTEM --add-opens=java.base/java.util=ALL-UNNAMED --add-opens=java.base/java.lang=ALL-UNNAMED --add-opens=java.base/sun.nio.fs=ALL-UNNAMED -Declipse.application=org.eclipse.jdt.ls.core.id1 -Dosgi.bundles.defaultStartLevel=4 -Declipse.product=org.eclipse.jdt.ls.core.product -Djava.import.generatesMetadataFilesAtProjectRoot=false -Dfile.encoding=utf8 -XX:+UseParallelGC -XX:GCTimeRatio=4 -XX:AdaptiveSizePolicyWeight=90 -Dsun.zip.disableMemoryMapping=true -Xmx1G -Xms100m -Xlog:disable -javaagent:c:\Users\akmal\.vscode\extensions\redhat.java-1.14.2023011403-win32-x64\lombok\lombok-1.18.24.jar c:\Users\akmal\.vscode\extensions\redhat.java-1.14.2023011403-win32-x64\server\plugins\org.eclipse.equinox.launcher_1.6.400.v20210924-0641.jar -configuration c:\Users\akmal\AppData\Roaming\Code\User\globalStorage\redhat.java\1.14.2023011403\config_ss_win -data c:\Users\akmal\AppData\Roaming\Code\User\workspaceStorage\a10bbef13a5c8dd48fe501c7ef4dcf49\redhat.java\ss_ws

Host: Intel(R) Core(TM) i5-8250U CPU @ 1.60GHz, 8 cores, 7G,  Windows 11 , 64 bit Build 22621 (10.0.22621.1105)
Time: Sun Jan 15 11:16:33 2023 Egypt Standard Time elapsed time: 2.907295 seconds (0d 0h 0m 2s)

---------------  T H R E A D  ---------------

Current thread (0x0000020610d67f30):  JavaThread "C2 CompilerThread0" daemon [_thread_in_native, id=14448, stack(0x000000dbff300000,0x000000dbff400000)]


Current CompileTask:
C2:   2907 1479       4       java.io.WinNTFileSystem::normalize (143 bytes)

Stack: [0x000000dbff300000,0x000000dbff400000]
Native frames: (J=compiled Java code, j=interpreted, Vv=VM code, C=native code)
V  [jvm.dll+0x676b3a]
V  [jvm.dll+0x831444]
V  [jvm.dll+0x832bee]
V  [jvm.dll+0x833253]
V  [jvm.dll+0x244ce5]
V  [jvm.dll+0xabbac]
V  [jvm.dll+0xac17c]
V  [jvm.dll+0x362d57]
V  [jvm.dll+0x1bb498]
V  [jvm.dll+0x217ca9]
V  [jvm.dll+0x216f71]
V  [jvm.dll+0x1a343d]
V  [jvm.dll+0x22698a]
V  [jvm.dll+0x224ac5]
V  [jvm.dll+0x7e727b]
V  [jvm.dll+0x7e17ea]
V  [jvm.dll+0x6759e5]
C  [ucrtbase.dll+0x29363]
C  [KERNEL32.DLL+0x126bd]
C  [ntdll.dll+0x5dfb8]


---------------  P R O C E S S  ---------------

Threads class SMR info:
_java_thread_list=0x0000020612445fc0, length=17, elements={
0x000002067b2ff130, 0x000002067b3b1c40, 0x000002067b3b2f60, 0x000002060f1fe4b0,
0x0000020610d5be10, 0x0000020610d5de80, 0x0000020610d5eee0, 0x0000020610d67f30,
0x0000020610d68fd0, 0x0000020610d6c860, 0x0000020610e73860, 0x0000020610f18ff0,
0x000002061105a880, 0x00000206132172a0, 0x000002061240c390, 0x0000020613060b10,
0x00000206123b0500
}

Java Threads: ( => current thread )
  0x000002067b2ff130 JavaThread "main" [_thread_blocked, id=9128, stack(0x000000dbfea00000,0x000000dbfeb00000)]
  0x000002067b3b1c40 JavaThread "Reference Handler" daemon [_thread_blocked, id=15448, stack(0x000000dbfed00000,0x000000dbfee00000)]
  0x000002067b3b2f60 JavaThread "Finalizer" daemon [_thread_blocked, id=2484, stack(0x000000dbfee00000,0x000000dbfef00000)]
  0x000002060f1fe4b0 JavaThread "Signal Dispatcher" daemon [_thread_blocked, id=5132, stack(0x000000dbfef00000,0x000000dbff000000)]
  0x0000020610d5be10 JavaThread "Attach Listener" daemon [_thread_blocked, id=11052, stack(0x000000dbff000000,0x000000dbff100000)]
  0x0000020610d5de80 JavaThread "Service Thread" daemon [_thread_blocked, id=8984, stack(0x000000dbff100000,0x000000dbff200000)]
  0x0000020610d5eee0 JavaThread "Monitor Deflation Thread" daemon [_thread_blocked, id=4972, stack(0x000000dbff200000,0x000000dbff300000)]
=>0x0000020610d67f30 JavaThread "C2 CompilerThread0" daemon [_thread_in_native, id=14448, stack(0x000000dbff300000,0x000000dbff400000)]
  0x0000020610d68fd0 JavaThread "C1 CompilerThread0" daemon [_thread_blocked, id=8180, stack(0x000000dbff400000,0x000000dbff500000)]
  0x0000020610d6c860 JavaThread "Sweeper thread" daemon [_thread_blocked, id=8388, stack(0x000000dbff500000,0x000000dbff600000)]
  0x0000020610e73860 JavaThread "Common-Cleaner" daemon [_thread_blocked, id=6068, stack(0x000000dbff600000,0x000000dbff700000)]
  0x0000020610f18ff0 JavaThread "C2 CompilerThread1" daemon [_thread_blocked, id=6784, stack(0x000000dbff700000,0x000000dbff800000)]
  0x000002061105a880 JavaThread "Notification Thread" daemon [_thread_blocked, id=8260, stack(0x000000dbff800000,0x000000dbff900000)]
  0x00000206132172a0 JavaThread "Active Thread: Equinox Container: 41bd06b2-8535-4096-ba03-ce60c82f68b5" [_thread_blocked, id=8844, stack(0x000000db80000000,0x000000db80100000)]
  0x000002061240c390 JavaThread "Framework Event Dispatcher: Equinox Container: 41bd06b2-8535-4096-ba03-ce60c82f68b5" daemon [_thread_blocked, id=15096, stack(0x000000db80100000,0x000000db80200000)]
  0x0000020613060b10 JavaThread "Start Level: Equinox Container: 41bd06b2-8535-4096-ba03-ce60c82f68b5" daemon [_thread_in_Java, id=11716, stack(0x000000db80200000,0x000000db80300000)]
  0x00000206123b0500 JavaThread "SCR Component Actor" daemon [_thread_blocked, id=12072, stack(0x000000db80300000,0x000000db80400000)]

Other Threads:
  0x000002060f1f97b0 VMThread "VM Thread" [stack: 0x000000dbfec00000,0x000000dbfed00000] [id=8372]
  0x00000206110f9f50 WatcherThread [stack: 0x000000dbff900000,0x000000dbffa00000] [id=8160]
  0x000002067b30ddb0 GCTaskThread "GC Thread#0" [stack: 0x000000dbfeb00000,0x000000dbfec00000] [id=6580]
  0x00000206120e07a0 GCTaskThread "GC Thread#1" [stack: 0x000000dbffa00000,0x000000dbffb00000] [id=2588]
  0x00000206120e0a50 GCTaskThread "GC Thread#2" [stack: 0x000000dbffb00000,0x000000dbffc00000] [id=14784]
  0x0000020611f7e180 GCTaskThread "GC Thread#3" [stack: 0x000000dbffc00000,0x000000dbffd00000] [id=13232]
  0x0000020611f7e430 GCTaskThread "GC Thread#4" [stack: 0x000000dbffd00000,0x000000dbffe00000] [id=14124]
  0x0000020612215700 GCTaskThread "GC Thread#5" [stack: 0x000000dbffe00000,0x000000dbfff00000] [id=7296]
  0x00000206122159b0 GCTaskThread "GC Thread#6" [stack: 0x000000dbfff00000,0x000000dc00000000] [id=15568]

Threads with active compile tasks:
C2 CompilerThread0     2968 1479       4       java.io.WinNTFileSystem::normalize (143 bytes)

VM state: not at safepoint (normal execution)

VM Mutex/Monitor currently owned by a thread: None

Heap address: 0x00000000c0000000, size: 1024 MB, Compressed Oops mode: 32-bit

CDS archive(s) not mapped
Compressed class space mapped at: 0x0000000100000000-0x0000000140000000, reserved size: 1073741824
Narrow klass base: 0x0000000000000000, Narrow klass shift: 3, Narrow klass range: 0x140000000

GC Precious Log:
 CPUs: 8 total, 8 available
 Memory: 8066M
 Large Page Support: Disabled
 NUMA Support: Disabled
 Compressed Oops: Enabled (32-bit)
 Alignments: Space 512K, Generation 512K, Heap 2M
 Heap Min Capacity: 100M
 Heap Initial Capacity: 100M
 Heap Max Capacity: 1G
 Pre-touch: Disabled
 Parallel Workers: 8

Heap:
 PSYoungGen      total 29696K, used 26824K [0x00000000eab00000, 0x00000000ecc00000, 0x0000000100000000)
  eden space 25600K, 90% used [0x00000000eab00000,0x00000000ec18fe90,0x00000000ec400000)
  from space 4096K, 90% used [0x00000000ec400000,0x00000000ec7a2208,0x00000000ec800000)
  to   space 4096K, 0% used [0x00000000ec800000,0x00000000ec800000,0x00000000ecc00000)
 ParOldGen       total 68608K, used 16K [0x00000000c0000000, 0x00000000c4300000, 0x00000000eab00000)
  object space 68608K, 0% used [0x00000000c0000000,0x00000000c0004000,0x00000000c4300000)
 Metaspace       used 14422K, committed 14592K, reserved 1064960K
  class space    used 1453K, committed 1536K, reserved 1048576K

Card table byte_map: [0x000002067acd0000,0x000002067aee0000] _byte_map_base: 0x000002067a6d0000

Marking Bits: (ParMarkBitMap*) 0x00007ffbd9260dd0
 Begin Bits: [0x000002067df80000, 0x000002067ef80000)
 End Bits:   [0x000002067ef80000, 0x000002067ff80000)

Polling page: 0x000002067aac0000

Metaspace:

Usage:
  Non-class:     12.67 MB used.
      Class:      1.42 MB used.
       Both:     14.09 MB used.

Virtual space:
  Non-class space:       16.00 MB reserved,      12.81 MB ( 80%) committed,  2 nodes.
      Class space:        1.00 GB reserved,       1.50 MB ( <1%) committed,  1 nodes.
             Both:        1.02 GB reserved,      14.31 MB (  1%) committed. 

Chunk freelists:
   Non-Class:  2.83 MB
       Class:  2.38 MB
        Both:  5.20 MB

MaxMetaspaceSize: unlimited
CompressedClassSpaceSize: 1.00 GB
Initial GC threshold: 21.00 MB
Current GC threshold: 21.00 MB
CDS: off
MetaspaceReclaimPolicy: balanced
 - commit_granule_bytes: 65536.
 - commit_granule_words: 8192.
 - virtual_space_node_default_size: 1048576.
 - enlarge_chunks_in_place: 1.
 - new_chunks_are_fully_committed: 0.
 - uncommit_free_chunks: 1.
 - use_allocation_guard: 0.
 - handle_deallocations: 1.


Internal statistics:

num_allocs_failed_limit: 0.
num_arena_births: 66.
num_arena_deaths: 0.
num_vsnodes_births: 3.
num_vsnodes_deaths: 0.
num_space_committed: 229.
num_space_uncommitted: 0.
num_chunks_returned_to_freelist: 0.
num_chunks_taken_from_freelist: 270.
num_chunk_merges: 0.
num_chunk_splits: 179.
num_chunks_enlarged: 139.
num_purges: 0.
num_inconsistent_stats: 0.

CodeHeap 'non-profiled nmethods': size=120000Kb used=621Kb max_used=621Kb free=119378Kb
 bounds [0x0000020607ad0000, 0x0000020607d40000, 0x000002060f000000]
CodeHeap 'profiled nmethods': size=120000Kb used=3017Kb max_used=3017Kb free=116982Kb
 bounds [0x00000206005a0000, 0x00000206008a0000, 0x0000020607ad0000]
CodeHeap 'non-nmethods': size=5760Kb used=1160Kb max_used=1190Kb free=4599Kb
 bounds [0x0000020600000000, 0x0000020600270000, 0x00000206005a0000]
 total_blobs=2027 nmethods=1579 adapters=362
 compilation: enabled
              stopped_count=0, restarted_count=0
 full_count=0

Compilation events (20 events):
Event: 2.836 Thread 0x0000020610f18ff0 nmethod 1504 0x0000020607b65c90 code [0x0000020607b65e00, 0x0000020607b65e78]
Event: 2.837 Thread 0x0000020610d68fd0 nmethod 1532 0x0000020600873010 code [0x00000206008731e0, 0x00000206008735b8]
Event: 2.837 Thread 0x0000020610d68fd0 1533       1       org.eclipse.osgi.storage.BundleInfo$Generation::getBundleInfo (5 bytes)
Event: 2.838 Thread 0x0000020610d68fd0 nmethod 1533 0x0000020607b65f90 code [0x0000020607b66120, 0x0000020607b661f8]
Event: 2.838 Thread 0x0000020610d68fd0 1534       1       org.eclipse.osgi.container.ModuleRevisions::getModule (5 bytes)
Event: 2.839 Thread 0x0000020610d68fd0 nmethod 1534 0x0000020607b66290 code [0x0000020607b66420, 0x0000020607b664f8]
Event: 2.841 Thread 0x0000020610d68fd0 1535       3       org.eclipse.osgi.container.Module::getCurrentRevision (8 bytes)
Event: 2.841 Thread 0x0000020610d68fd0 nmethod 1535 0x0000020600873790 code [0x0000020600873940, 0x0000020600873a88]
Event: 2.841 Thread 0x0000020610d68fd0 1536   !   3       org.eclipse.osgi.container.ModuleRevisions::getCurrentRevision (56 bytes)
Event: 2.842 Thread 0x0000020610d68fd0 nmethod 1536 0x0000020600873b90 code [0x0000020600873d80, 0x0000020600874318]
Event: 2.842 Thread 0x0000020610d68fd0 1537       3       java.util.concurrent.locks.AbstractQueuedSynchronizer::signalNext (34 bytes)
Event: 2.843 Thread 0x0000020610d68fd0 nmethod 1537 0x0000020600874510 code [0x00000206008746e0, 0x0000020600874998]
Event: 2.849 Thread 0x0000020610d68fd0 1539       3       java.util.HashMap::removeNode (291 bytes)
Event: 2.851 Thread 0x0000020610d68fd0 nmethod 1539 0x0000020600874b10 code [0x0000020600874da0, 0x0000020600875fb8]
Event: 2.852 Thread 0x0000020610d68fd0 1538       3       java.util.HashMap::remove (26 bytes)
Event: 2.852 Thread 0x0000020610d68fd0 nmethod 1538 0x0000020600876410 code [0x00000206008765e0, 0x0000020600876958]
Event: 2.854 Thread 0x0000020610d68fd0 1540       3       java.util.concurrent.locks.AbstractQueuedSynchronizer::release (19 bytes)
Event: 2.854 Thread 0x0000020610d68fd0 nmethod 1540 0x0000020600876a90 code [0x0000020600876c80, 0x00000206008770e8]
Event: 2.855 Thread 0x0000020610d68fd0 1541       1       org.eclipse.osgi.internal.loader.EquinoxClassLoader::getBundleLoader (5 bytes)
Event: 2.855 Thread 0x0000020610d68fd0 nmethod 1541 0x0000020607b66590 code [0x0000020607b66720, 0x0000020607b667f8]

GC Heap History (2 events):
Event: 1.862 GC heap before
{Heap before GC invocations=1 (full 0):
 PSYoungGen      total 29696K, used 25600K [0x00000000eab00000, 0x00000000ecc00000, 0x0000000100000000)
  eden space 25600K, 100% used [0x00000000eab00000,0x00000000ec400000,0x00000000ec400000)
  from space 4096K, 0% used [0x00000000ec800000,0x00000000ec800000,0x00000000ecc00000)
  to   space 4096K, 0% used [0x00000000ec400000,0x00000000ec400000,0x00000000ec800000)
 ParOldGen       total 68608K, used 0K [0x00000000c0000000, 0x00000000c4300000, 0x00000000eab00000)
  object space 68608K, 0% used [0x00000000c0000000,0x00000000c0000000,0x00000000c4300000)
 Metaspace       used 10949K, committed 11072K, reserved 1064960K
  class space    used 1088K, committed 1152K, reserved 1048576K
}
Event: 1.875 GC heap after
{Heap after GC invocations=1 (full 0):
 PSYoungGen      total 29696K, used 3720K [0x00000000eab00000, 0x00000000ecc00000, 0x0000000100000000)
  eden space 25600K, 0% used [0x00000000eab00000,0x00000000eab00000,0x00000000ec400000)
  from space 4096K, 90% used [0x00000000ec400000,0x00000000ec7a2208,0x00000000ec800000)
  to   space 4096K, 0% used [0x00000000ec800000,0x00000000ec800000,0x00000000ecc00000)
 ParOldGen       total 68608K, used 16K [0x00000000c0000000, 0x00000000c4300000, 0x00000000eab00000)
  object space 68608K, 0% used [0x00000000c0000000,0x00000000c0004000,0x00000000c4300000)
 Metaspace       used 10949K, committed 11072K, reserved 1064960K
  class space    used 1088K, committed 1152K, reserved 1048576K
}

Dll operation events (9 events):
Event: 0.021 Loaded shared library c:\Users\akmal\.vscode\extensions\redhat.java-1.14.2023011403-win32-x64\jre\17.0.5-win32-x86_64\bin\java.dll
Event: 0.296 Loaded shared library c:\Users\akmal\.vscode\extensions\redhat.java-1.14.2023011403-win32-x64\jre\17.0.5-win32-x86_64\bin\zip.dll
Event: 0.302 Loaded shared library C:\Users\akmal\.vscode\extensions\redhat.java-1.14.2023011403-win32-x64\jre\17.0.5-win32-x86_64\bin\instrument.dll
Event: 0.326 Loaded shared library C:\Users\akmal\.vscode\extensions\redhat.java-1.14.2023011403-win32-x64\jre\17.0.5-win32-x86_64\bin\net.dll
Event: 0.329 Loaded shared library C:\Users\akmal\.vscode\extensions\redhat.java-1.14.2023011403-win32-x64\jre\17.0.5-win32-x86_64\bin\nio.dll
Event: 0.344 Loaded shared library C:\Users\akmal\.vscode\extensions\redhat.java-1.14.2023011403-win32-x64\jre\17.0.5-win32-x86_64\bin\zip.dll
Event: 0.370 Loaded shared library C:\Users\akmal\.vscode\extensions\redhat.java-1.14.2023011403-win32-x64\jre\17.0.5-win32-x86_64\bin\jimage.dll
Event: 0.461 Loaded shared library c:\Users\akmal\.vscode\extensions\redhat.java-1.14.2023011403-win32-x64\jre\17.0.5-win32-x86_64\bin\verify.dll
Event: 2.806 Loaded shared library C:\Users\akmal\AppData\Roaming\Code\User\globalStorage\redhat.java\1.14.2023011403\config_ss_win\org.eclipse.equinox.launcher\org.eclipse.equinox.launcher.win32.win32.x86_64_1.2.700.v20221108-1024\eclipse_11801.dll

Deoptimization events (20 events):
Event: 2.207 Thread 0x000002067b2ff130 Uncommon trap: trap_request=0xffffffc6 fr.pc=0x0000020607b07acc relative=0x000000000000066c
Event: 2.207 Thread 0x000002067b2ff130 Uncommon trap: reason=bimorphic_or_optimized_type_check action=maybe_recompile pc=0x0000020607b07acc method=java.util.Collections$UnmodifiableCollection$1.<init>(Ljava/util/Collections$UnmodifiableCollection;)V @ 17 c2
Event: 2.207 Thread 0x000002067b2ff130 DEOPT PACKING pc=0x0000020607b07acc sp=0x000000dbfeaf7ca0
Event: 2.207 Thread 0x000002067b2ff130 DEOPT UNPACKING pc=0x00000206000520a3 sp=0x000000dbfeaf7be8 mode 2
Event: 2.207 Thread 0x000002067b2ff130 Uncommon trap: trap_request=0xffffffc6 fr.pc=0x0000020607b07acc relative=0x000000000000066c
Event: 2.207 Thread 0x000002067b2ff130 Uncommon trap: reason=bimorphic_or_optimized_type_check action=maybe_recompile pc=0x0000020607b07acc method=java.util.Collections$UnmodifiableCollection$1.<init>(Ljava/util/Collections$UnmodifiableCollection;)V @ 17 c2
Event: 2.208 Thread 0x000002067b2ff130 DEOPT PACKING pc=0x0000020607b07acc sp=0x000000dbfeaf7ca0
Event: 2.208 Thread 0x000002067b2ff130 DEOPT UNPACKING pc=0x00000206000520a3 sp=0x000000dbfeaf7be8 mode 2
Event: 2.373 Thread 0x000002067b2ff130 Uncommon trap: trap_request=0xffffff45 fr.pc=0x0000020607b19384 relative=0x00000000000002c4
Event: 2.373 Thread 0x000002067b2ff130 Uncommon trap: reason=unstable_if action=reinterpret pc=0x0000020607b19384 method=java.lang.invoke.VarHandle.checkExactAccessMode(Ljava/lang/invoke/VarHandle$AccessDescriptor;)V @ 4 c2
Event: 2.373 Thread 0x000002067b2ff130 DEOPT PACKING pc=0x0000020607b19384 sp=0x000000dbfeafdf70
Event: 2.373 Thread 0x000002067b2ff130 DEOPT UNPACKING pc=0x00000206000520a3 sp=0x000000dbfeafdf40 mode 2
Event: 2.518 Thread 0x000002067b2ff130 Uncommon trap: trap_request=0xffffffde fr.pc=0x0000020607b3b894 relative=0x0000000000000954
Event: 2.518 Thread 0x000002067b2ff130 Uncommon trap: reason=class_check action=maybe_recompile pc=0x0000020607b3b894 method=java.util.HashMap.putVal(ILjava/lang/Object;Ljava/lang/Object;ZZ)Ljava/lang/Object; @ 253 c2
Event: 2.518 Thread 0x000002067b2ff130 DEOPT PACKING pc=0x0000020607b3b894 sp=0x000000dbfeafda00
Event: 2.518 Thread 0x000002067b2ff130 DEOPT UNPACKING pc=0x00000206000520a3 sp=0x000000dbfeafd980 mode 2
Event: 2.522 Thread 0x000002067b2ff130 Uncommon trap: trap_request=0xffffffde fr.pc=0x0000020607b3b894 relative=0x0000000000000954
Event: 2.522 Thread 0x000002067b2ff130 Uncommon trap: reason=class_check action=maybe_recompile pc=0x0000020607b3b894 method=java.util.HashMap.putVal(ILjava/lang/Object;Ljava/lang/Object;ZZ)Ljava/lang/Object; @ 253 c2
Event: 2.522 Thread 0x000002067b2ff130 DEOPT PACKING pc=0x0000020607b3b894 sp=0x000000dbfeafda00
Event: 2.522 Thread 0x000002067b2ff130 DEOPT UNPACKING pc=0x00000206000520a3 sp=0x000000dbfeafd980 mode 2

Classes unloaded (0 events):
No events

Classes redefined (0 events):
No events

Internal exceptions (20 events):
Event: 1.124 Thread 0x000002067b2ff130 Exception <a 'java/io/FileNotFoundException'{0x00000000eb8f8250}> (0x00000000eb8f8250) 
thrown [s\src\hotspot\share\prims\jni.cpp, line 516]
Event: 1.136 Thread 0x000002067b2ff130 Implicit null exception at 0x0000020607af1a72 to 0x0000020607af1fc0
Event: 1.143 Thread 0x000002067b2ff130 Exception <a 'java/io/FileNotFoundException'{0x00000000eb938df8}> (0x00000000eb938df8) 
thrown [s\src\hotspot\share\prims\jni.cpp, line 516]
Event: 1.669 Thread 0x000002067b2ff130 Exception <a 'java/lang/ClassNotFoundException'{0x00000000ec12f540}: sun/net/www/protocol/c/Handler> (0x00000000ec12f540) 
thrown [s\src\hotspot\share\classfile\systemDictionary.cpp, line 256]
Event: 1.670 Thread 0x000002067b2ff130 Exception <a 'java/lang/ClassNotFoundException'{0x00000000ec1308b8}: sun/net/www/protocol/c/Handler> (0x00000000ec1308b8) 
thrown [s\src\hotspot\share\classfile\systemDictionary.cpp, line 256]
Event: 1.670 Thread 0x000002067b2ff130 Exception <a 'java/lang/ClassNotFoundException'{0x00000000ec131a80}: sun/net/www/protocol/c/Handler> (0x00000000ec131a80) 
thrown [s\src\hotspot\share\classfile\systemDictionary.cpp, line 256]
Event: 1.689 Thread 0x000002067b2ff130 Exception <a 'java/io/FileNotFoundException'{0x00000000ec150e18}> (0x00000000ec150e18) 
thrown [s\src\hotspot\share\prims\jni.cpp, line 516]
Event: 1.786 Thread 0x000002067b2ff130 Implicit null exception at 0x0000020607b2b700 to 0x0000020607b2c0c8
Event: 1.786 Thread 0x000002067b2ff130 Implicit null exception at 0x0000020607b0676c to 0x0000020607b0694c
Event: 1.786 Thread 0x000002067b2ff130 Implicit null exception at 0x0000020607b1c4ec to 0x0000020607b1c6cc
Event: 1.786 Thread 0x000002067b2ff130 Implicit null exception at 0x0000020607b2620f to 0x0000020607b26289
Event: 1.885 Thread 0x000002067b2ff130 Exception <a 'java/lang/NoSuchMethodError'{0x00000000eab1eeb8}: 'int java.lang.invoke.DirectMethodHandle$Holder.invokeStaticInit(java.lang.Object, java.lang.Object, java.lang.Object, java.lang.Object)'> (0x00000000eab1eeb8) 
thrown [s\src\hotspot\share\interpreter\linkResolver.cpp, line 759]
Event: 1.889 Thread 0x000002067b2ff130 Exception <a 'java/lang/NoSuchMethodError'{0x00000000eab29630}: 'java.lang.Object java.lang.invoke.DirectMethodHandle$Holder.invokeInterface(java.lang.Object, java.lang.Object)'> (0x00000000eab29630) 
thrown [s\src\hotspot\share\interpreter\linkResolver.cpp, line 759]
Event: 1.890 Thread 0x000002067b2ff130 Exception <a 'java/lang/IncompatibleClassChangeError'{0x00000000eab2ce28}: Found class java.lang.Object, but interface was expected> (0x00000000eab2ce28) 
thrown [s\src\hotspot\share\interpreter\linkResolver.cpp, line 826]
Event: 1.892 Thread 0x000002067b2ff130 Exception <a 'java/lang/NoSuchMethodError'{0x00000000eab31320}: 'void java.lang.invoke.DirectMethodHandle$Holder.invokeStatic(java.lang.Object, java.lang.Object)'> (0x00000000eab31320) 
thrown [s\src\hotspot\share\interpreter\linkResolver.cpp, line 759]
Event: 1.893 Thread 0x000002067b2ff130 Exception <a 'java/lang/NoSuchMethodError'{0x00000000eab34b20}: 'void java.lang.invoke.DirectMethodHandle$Holder.invokeStaticInit(java.lang.Object, java.lang.Object)'> (0x00000000eab34b20) 
thrown [s\src\hotspot\share\interpreter\linkResolver.cpp, line 759]
Event: 1.896 Thread 0x000002067b2ff130 Exception <a 'java/lang/NoSuchMethodError'{0x00000000eab3c038}: 'int java.lang.invoke.DirectMethodHandle$Holder.invokeStaticInit(java.lang.Object, java.lang.Object)'> (0x00000000eab3c038) 
thrown [s\src\hotspot\share\interpreter\linkResolver.cpp, line 759]
Event: 1.960 Thread 0x000002067b2ff130 Exception <a 'java/lang/NoSuchMethodError'{0x00000000eaca21e8}: 'void java.lang.invoke.DirectMethodHandle$Holder.invokeSpecial(java.lang.Object, java.lang.Object, java.lang.Object)'> (0x00000000eaca21e8) 
thrown [s\src\hotspot\share\interpreter\linkResolver.cpp, line 759]
Event: 2.481 Thread 0x000002067b2ff130 Exception <a 'java/lang/NoSuchMethodError'{0x00000000eb835a50}: 'java.lang.Object java.lang.invoke.DirectMethodHandle$Holder.newInvokeSpecial(java.lang.Object, int, java.lang.Object)'> (0x00000000eb835a50) 
thrown [s\src\hotspot\share\interpreter\linkResolver.cpp, line 759]
Event: 2.801 Thread 0x000002067b2ff130 Exception <a 'java/lang/UnsatisfiedLinkError'{0x00000000ebd70000}: 'void org.eclipse.equinox.launcher.JNIBridge._update_splash()'> (0x00000000ebd70000) 
thrown [s\src\hotspot\share\prims\nativeLookup.cpp, line 543]

VM Operations (18 events):
Event: 0.250 Executing VM operation: HandshakeAllThreads
Event: 0.250 Executing VM operation: HandshakeAllThreads done
Event: 1.061 Executing VM operation: HandshakeAllThreads
Event: 1.061 Executing VM operation: HandshakeAllThreads done
Event: 1.103 Executing VM operation: HandshakeAllThreads
Event: 1.103 Executing VM operation: HandshakeAllThreads done
Event: 1.103 Executing VM operation: Cleanup
Event: 1.103 Executing VM operation: Cleanup done
Event: 1.611 Executing VM operation: HandshakeAllThreads
Event: 1.611 Executing VM operation: HandshakeAllThreads done
Event: 1.862 Executing VM operation: ParallelGCFailedAllocation
Event: 1.875 Executing VM operation: ParallelGCFailedAllocation done
Event: 2.431 Executing VM operation: HandshakeAllThreads
Event: 2.431 Executing VM operation: HandshakeAllThreads done
Event: 2.431 Executing VM operation: HandshakeAllThreads
Event: 2.431 Executing VM operation: HandshakeAllThreads done
Event: 2.444 Executing VM operation: HandshakeAllThreads
Event: 2.445 Executing VM operation: HandshakeAllThreads done

Events (20 events):
Event: 2.649 loading class java/util/LinkedList$ListItr
Event: 2.649 loading class java/util/LinkedList$ListItr done
Event: 2.670 loading class sun/nio/fs/WindowsChannelFactory
Event: 2.671 loading class sun/nio/fs/WindowsChannelFactory done
Event: 2.671 loading class sun/nio/fs/WindowsChannelFactory$1
Event: 2.671 loading class sun/nio/fs/WindowsChannelFactory$1 done
Event: 2.671 loading class sun/nio/fs/WindowsChannelFactory$Flags
Event: 2.672 loading class sun/nio/fs/WindowsChannelFactory$Flags done
Event: 2.672 loading class sun/nio/ch/FileChannelImpl$Closer
Event: 2.672 loading class sun/nio/ch/FileChannelImpl$Closer done
Event: 2.785 Thread 0x000002061240c390 Thread added: 0x000002061240c390
Event: 2.800 Thread 0x0000020613060b10 Thread added: 0x0000020613060b10
Event: 2.802 loading class java/util/concurrent/CountDownLatch
Event: 2.803 loading class java/util/concurrent/CountDownLatch done
Event: 2.803 loading class java/util/concurrent/CountDownLatch$Sync
Event: 2.803 loading class java/util/concurrent/CountDownLatch$Sync done
Event: 2.807 loading class java/util/concurrent/locks/AbstractQueuedSynchronizer$SharedNode
Event: 2.807 loading class java/util/concurrent/locks/AbstractQueuedSynchronizer$SharedNode done
Event: 2.848 loading class java/lang/IllegalAccessError
Event: 2.848 loading class java/lang/IllegalAccessError done


Dynamic libraries:
0x00007ff790800000 - 0x00007ff79080e000 	c:\Users\akmal\.vscode\extensions\redhat.java-1.14.2023011403-win32-x64\jre\17.0.5-win32-x86_64\bin\java.exe
0x00007ffc2d8b0000 - 0x00007ffc2dac4000 	C:\WINDOWS\SYSTEM32\ntdll.dll
0x00007ffc2bff0000 - 0x00007ffc2c0b3000 	C:\WINDOWS\System32\KERNEL32.DLL
0x00007ffc2af80000 - 0x00007ffc2b31d000 	C:\WINDOWS\System32\KERNELBASE.dll
0x00007ffc2adc0000 - 0x00007ffc2aed1000 	C:\WINDOWS\System32\ucrtbase.dll
0x00007ffc00390000 - 0x00007ffc003a9000 	c:\Users\akmal\.vscode\extensions\redhat.java-1.14.2023011403-win32-x64\jre\17.0.5-win32-x86_64\bin\VCRUNTIME140.dll
0x00007ffbff400000 - 0x00007ffbff417000 	c:\Users\akmal\.vscode\extensions\redhat.java-1.14.2023011403-win32-x64\jre\17.0.5-win32-x86_64\bin\jli.dll
0x00007ffc2be20000 - 0x00007ffc2bfcd000 	C:\WINDOWS\System32\USER32.dll
0x00007ffc1dc60000 - 0x00007ffc1deee000 	C:\WINDOWS\WinSxS\amd64_microsoft.windows.common-controls_6595b64144ccf1df_6.0.22621.608_none_a9444ca7c10bb01d\COMCTL32.dll
0x00007ffc2ad90000 - 0x00007ffc2adb6000 	C:\WINDOWS\System32\win32u.dll
0x00007ffc2c200000 - 0x00007ffc2c2a7000 	C:\WINDOWS\System32\msvcrt.dll
0x00007ffc2bd40000 - 0x00007ffc2bd69000 	C:\WINDOWS\System32\GDI32.dll
0x00007ffc2b580000 - 0x00007ffc2b692000 	C:\WINDOWS\System32\gdi32full.dll
0x00007ffc2aee0000 - 0x00007ffc2af7a000 	C:\WINDOWS\System32\msvcp_win.dll
0x00007ffc2bde0000 - 0x00007ffc2be12000 	C:\WINDOWS\System32\IMM32.DLL
0x00007ffc251f0000 - 0x00007ffc251fc000 	c:\Users\akmal\.vscode\extensions\redhat.java-1.14.2023011403-win32-x64\jre\17.0.5-win32-x86_64\bin\vcruntime140_1.dll
0x00007ffbdbbd0000 - 0x00007ffbdbc61000 	c:\Users\akmal\.vscode\extensions\redhat.java-1.14.2023011403-win32-x64\jre\17.0.5-win32-x86_64\bin\msvcp140.dll
0x00007ffbd86e0000 - 0x00007ffbd9324000 	c:\Users\akmal\.vscode\extensions\redhat.java-1.14.2023011403-win32-x64\jre\17.0.5-win32-x86_64\bin\server\jvm.dll
0x00007ffc2c3b0000 - 0x00007ffc2c45e000 	C:\WINDOWS\System32\ADVAPI32.dll
0x00007ffc2b920000 - 0x00007ffc2b9c4000 	C:\WINDOWS\System32\sechost.dll
0x00007ffc2ba50000 - 0x00007ffc2bb65000 	C:\WINDOWS\System32\RPCRT4.dll
0x00007ffc242e0000 - 0x00007ffc24314000 	C:\WINDOWS\SYSTEM32\WINMM.dll
0x00007ffc25890000 - 0x00007ffc25899000 	C:\WINDOWS\SYSTEM32\WSOCK32.dll
0x00007ffc21100000 - 0x00007ffc2110a000 	C:\WINDOWS\SYSTEM32\VERSION.dll
0x00007ffc2b9d0000 - 0x00007ffc2ba41000 	C:\WINDOWS\System32\WS2_32.dll
0x00007ffc29dd0000 - 0x00007ffc29de8000 	C:\WINDOWS\SYSTEM32\kernel.appcore.dll
0x00007ffc18050000 - 0x00007ffc1805a000 	c:\Users\akmal\.vscode\extensions\redhat.java-1.14.2023011403-win32-x64\jre\17.0.5-win32-x86_64\bin\jimage.dll
0x00007ffc21d50000 - 0x00007ffc21f7e000 	C:\WINDOWS\SYSTEM32\DBGHELP.DLL
0x00007ffc2d310000 - 0x00007ffc2d69a000 	C:\WINDOWS\System32\combase.dll
0x00007ffc2c120000 - 0x00007ffc2c1f7000 	C:\WINDOWS\System32\OLEAUT32.dll
0x00007ffc21ad0000 - 0x00007ffc21b02000 	C:\WINDOWS\SYSTEM32\dbgcore.DLL
0x00007ffc2b320000 - 0x00007ffc2b39b000 	C:\WINDOWS\System32\bcryptPrimitives.dll
0x00007ffc0ef60000 - 0x00007ffc0ef6e000 	c:\Users\akmal\.vscode\extensions\redhat.java-1.14.2023011403-win32-x64\jre\17.0.5-win32-x86_64\bin\instrument.dll
0x00007ffbf5ab0000 - 0x00007ffbf5ad5000 	c:\Users\akmal\.vscode\extensions\redhat.java-1.14.2023011403-win32-x64\jre\17.0.5-win32-x86_64\bin\java.dll
0x00007ffbfb840000 - 0x00007ffbfb858000 	c:\Users\akmal\.vscode\extensions\redhat.java-1.14.2023011403-win32-x64\jre\17.0.5-win32-x86_64\bin\zip.dll
0x00007ffc2ca30000 - 0x00007ffc2d21f000 	C:\WINDOWS\System32\SHELL32.dll
0x00007ffc28ca0000 - 0x00007ffc29568000 	C:\WINDOWS\SYSTEM32\windows.storage.dll
0x00007ffc28b60000 - 0x00007ffc28c9e000 	C:\WINDOWS\SYSTEM32\wintypes.dll
0x00007ffc2c2b0000 - 0x00007ffc2c3a1000 	C:\WINDOWS\System32\SHCORE.dll
0x00007ffc2c0c0000 - 0x00007ffc2c11e000 	C:\WINDOWS\System32\shlwapi.dll
0x00007ffc2ac00000 - 0x00007ffc2ac21000 	C:\WINDOWS\SYSTEM32\profapi.dll
0x00007ffbfc060000 - 0x00007ffbfc079000 	C:\Users\akmal\.vscode\extensions\redhat.java-1.14.2023011403-win32-x64\jre\17.0.5-win32-x86_64\bin\net.dll
0x00007ffc24590000 - 0x00007ffc246bf000 	C:\WINDOWS\SYSTEM32\WINHTTP.dll
0x00007ffc2a230000 - 0x00007ffc2a299000 	C:\WINDOWS\system32\mswsock.dll
0x00007ffbf9fc0000 - 0x00007ffbf9fd5000 	C:\Users\akmal\.vscode\extensions\redhat.java-1.14.2023011403-win32-x64\jre\17.0.5-win32-x86_64\bin\nio.dll
0x00007ffc0e7e0000 - 0x00007ffc0e7f0000 	c:\Users\akmal\.vscode\extensions\redhat.java-1.14.2023011403-win32-x64\jre\17.0.5-win32-x86_64\bin\verify.dll
0x00007ffbf7990000 - 0x00007ffbf79ce000 	C:\Users\akmal\AppData\Roaming\Code\User\globalStorage\redhat.java\1.14.2023011403\config_ss_win\org.eclipse.equinox.launcher\org.eclipse.equinox.launcher.win32.win32.x86_64_1.2.700.v20221108-1024\eclipse_11801.dll
0x00007ffc2b780000 - 0x00007ffc2b91c000 	C:\WINDOWS\System32\ole32.dll

dbghelp: loaded successfully - version: 4.0.5 - missing functions: none
symbol engine: initialized successfully - sym options: 0x614 - pdb path: .;c:\Users\akmal\.vscode\extensions\redhat.java-1.14.2023011403-win32-x64\jre\17.0.5-win32-x86_64\bin;C:\WINDOWS\SYSTEM32;C:\WINDOWS\WinSxS\amd64_microsoft.windows.common-controls_6595b64144ccf1df_6.0.22621.608_none_a9444ca7c10bb01d;c:\Users\akmal\.vscode\extensions\redhat.java-1.14.2023011403-win32-x64\jre\17.0.5-win32-x86_64\bin\server;C:\Users\akmal\AppData\Roaming\Code\User\globalStorage\redhat.java\1.14.2023011403\config_ss_win\org.eclipse.equinox.launcher\org.eclipse.equinox.launcher.win32.win32.x86_64_1.2.700.v20221108-1024

VM Arguments:
jvm_args: --add-modules=ALL-SYSTEM --add-opens=java.base/java.util=ALL-UNNAMED --add-opens=java.base/java.lang=ALL-UNNAMED --add-opens=java.base/sun.nio.fs=ALL-UNNAMED -Declipse.application=org.eclipse.jdt.ls.core.id1 -Dosgi.bundles.defaultStartLevel=4 -Declipse.product=org.eclipse.jdt.ls.core.product -Djava.import.generatesMetadataFilesAtProjectRoot=false -Dfile.encoding=utf8 -XX:+UseParallelGC -XX:GCTimeRatio=4 -XX:AdaptiveSizePolicyWeight=90 -Dsun.zip.disableMemoryMapping=true -Xmx1G -Xms100m -Xlog:disable -javaagent:c:\Users\akmal\.vscode\extensions\redhat.java-1.14.2023011403-win32-x64\lombok\lombok-1.18.24.jar 
java_command: c:\Users\akmal\.vscode\extensions\redhat.java-1.14.2023011403-win32-x64\server\plugins\org.eclipse.equinox.launcher_1.6.400.v20210924-0641.jar -configuration c:\Users\akmal\AppData\Roaming\Code\User\globalStorage\redhat.java\1.14.2023011403\config_ss_win -data c:\Users\akmal\AppData\Roaming\Code\User\workspaceStorage\a10bbef13a5c8dd48fe501c7ef4dcf49\redhat.java\ss_ws
java_class_path (initial): c:\Users\akmal\.vscode\extensions\redhat.java-1.14.2023011403-win32-x64\server\plugins\org.eclipse.equinox.launcher_1.6.400.v20210924-0641.jar
Launcher Type: SUN_STANDARD

[Global flags]
    uintx AdaptiveSizePolicyWeight                 = 90                                        {product} {command line}
     intx CICompilerCount                          = 4                                         {product} {ergonomic}
    uintx GCTimeRatio                              = 4                                         {product} {command line}
   size_t InitialHeapSize                          = 104857600                                 {product} {command line}
   size_t MaxHeapSize                              = 1073741824                                {product} {command line}
   size_t MaxNewSize                               = 357564416                                 {product} {ergonomic}
   size_t MinHeapDeltaBytes                        = 524288                                    {product} {ergonomic}
   size_t MinHeapSize                              = 104857600                                 {product} {command line}
   size_t NewSize                                  = 34603008                                  {product} {ergonomic}
    uintx NonNMethodCodeHeapSize                   = 5839372                                {pd product} {ergonomic}
    uintx NonProfiledCodeHeapSize                  = 122909434                              {pd product} {ergonomic}
   size_t OldSize                                  = 70254592                                  {product} {ergonomic}
    uintx ProfiledCodeHeapSize                     = 122909434                              {pd product} {ergonomic}
    uintx ReservedCodeCacheSize                    = 251658240                              {pd product} {ergonomic}
     bool SegmentedCodeCache                       = true                                      {product} {ergonomic}
   size_t SoftMaxHeapSize                          = 1073741824                             {manageable} {ergonomic}
     bool UseCompressedClassPointers               = true                           {product lp64_product} {ergonomic}
     bool UseCompressedOops                        = true                           {product lp64_product} {ergonomic}
     bool UseLargePagesIndividualAllocation        = false                                  {pd product} {ergonomic}
     bool UseParallelGC                            = true                                      {product} {command line}

Logging:
Log output configuration:
 #0: stdout all=off uptime,level,tags
 #1: stderr all=off uptime,level,tags

Environment Variables:
JAVA_HOME=C:\Program Files\Java\jdk-19
PATH=C:\Program Files\PowerShell\7;C:\Program Files\Common Files\Oracle\Java\javapath;C:\Program Files (x86)\Common Files\Oracle\Java\javapath;C:\WINDOWS\system32;C:\WINDOWS;C:\WINDOWS\System32\Wbem;C:\WINDOWS\System32\WindowsPowerShell\v1.0\;C:\WINDOWS\System32\OpenSSH\;C:\msys64\mingw64\bin;C:\Program Files\Java\jdk-19\bin;C:\Program Files\Calibre2\;C:\Program Files\dotnet\;C:\Program Files\PowerShell\7\;C:\Program Files\Git\cmd;C:\gradle-7.6;C:\gradle-7.6\bin;C:\apache-maven-3.8.6\bin;C:\jdk-19.0.1\bin;C:\Classpath\javafx-sdk-19\lib;C:\Program Files\nodejs\;C:\ProgramData\chocolatey\bin;C:\Program Files\Go\bin;C:\Classpath\ASM;C:\Program Files\wkhtmltopdf\bin;C:\Program Files\wkhtmltopdf\bin\wkhtmltopdf.exe;C:\Users\akmal\AppData\Local\Programs\Python\Python311\Scripts\;C:\Users\akmal\AppData\Local\Programs\Python\Python311\;C:\Users\akmal\AppData\Local\Microsoft\WindowsApps;C:\Users\akmal\AppData\Local\Programs\Microsoft VS Code\bin;C:\Program Files\JetBrains\IntelliJ IDEA Community Edition 2022.2.3\bin;C:\Users\akmal\AppData\Local\GitHubDesktop\bin;C:\Users\akmal\AppData\Roaming\npm;C:\Users\akmal\go\bin;C:\Users\akmal\AppData\Local\Google\Cloud SDK\google-cloud-sdk\bin
USERNAME=akmal
OS=Windows_NT
PROCESSOR_IDENTIFIER=Intel64 Family 6 Model 142 Stepping 10, GenuineIntel
TMP=C:\Users\akmal\AppData\Local\Temp
TEMP=C:\Users\akmal\AppData\Local\Temp



---------------  S Y S T E M  ---------------

OS:
 Windows 11 , 64 bit Build 22621 (10.0.22621.1105)
OS uptime: 3 days 20:54 hours
Hyper-V role detected

CPU: total 8 (initial active 8) (4 cores per cpu, 2 threads per core) family 6 model 142 stepping 10 microcode 0xe0, cx8, cmov, fxsr, ht, mmx, 3dnowpref, sse, sse2, sse3, ssse3, sse4.1, sse4.2, popcnt, lzcnt, tsc, tscinvbit, avx, avx2, aes, erms, clmul, bmi1, bmi2, adx, fma, vzeroupper, clflush, clflushopt, hv

Memory: 4k page, system-wide physical 8066M (423M free)
TotalPageFile size 32642M (AvailPageFile size 3M)
current process WorkingSet (physical memory assigned to process): 87M, peak: 87M
current process commit charge ("private bytes"): 207M, peak: 208M

vm_info: OpenJDK 64-Bit Server VM (17.0.5+8) for windows-amd64 JRE (17.0.5+8), built on Oct 19 2022 04:48:13 by "temurin" with MS VC++ 16.7 (VS2019)

END.
