#
# There is insufficient memory for the Java Runtime Environment to continue.
# Native memory allocation (mmap) failed to map 65536 bytes for Failed to commit metaspace.
# Possible reasons:
#   The system is out of physical RAM or swap space
#   The process is running with CompressedOops enabled, and the Java Heap may be blocking the growth of the native heap
# Possible solutions:
#   Reduce memory load on the system
#   Increase physical memory or swap space
#   Check if swap backing store is full
#   Decrease Java heap size (-Xmx/-Xms)
#   Decrease number of Java threads
#   Decrease Java thread stack sizes (-Xss)
#   Set larger code cache with -XX:ReservedCodeCacheSize=
#   JVM is running with Unscaled Compressed Oops mode in which the Java heap is
#     placed in the first 4GB address space. The Java Heap base address is the
#     maximum limit for the native heap growth. Please use -XX:HeapBaseMinAddress
#     to set the Java Heap base and to place the Java Heap above 4GB virtual address.
# This output file may be truncated or incomplete.
#
#  Out of Memory Error (virtualSpaceNode.cpp:110), pid=16164, tid=16332
#
# JRE version: OpenJDK Runtime Environment Temurin-17.0.5+8 (17.0.5+8) (build 17.0.5+8)
# Java VM: OpenJDK 64-Bit Server VM Temurin-17.0.5+8 (17.0.5+8, mixed mode, tiered, compressed oops, compressed class ptrs, parallel gc, windows-amd64)
# No core dump will be written. Minidumps are not enabled by default on client versions of Windows
#

---------------  S U M M A R Y ------------

Command Line: --add-modules=ALL-SYSTEM --add-opens=java.base/java.util=ALL-UNNAMED --add-opens=java.base/java.lang=ALL-UNNAMED --add-opens=java.base/sun.nio.fs=ALL-UNNAMED -Declipse.application=org.eclipse.jdt.ls.core.id1 -Dosgi.bundles.defaultStartLevel=4 -Declipse.product=org.eclipse.jdt.ls.core.product -Djava.import.generatesMetadataFilesAtProjectRoot=false -Dfile.encoding=utf8 -XX:+UseParallelGC -XX:GCTimeRatio=4 -XX:AdaptiveSizePolicyWeight=90 -Dsun.zip.disableMemoryMapping=true -Xmx1G -Xms100m -Xlog:disable -javaagent:c:\Users\akmal\.vscode\extensions\redhat.java-1.14.2023011403-win32-x64\lombok\lombok-1.18.24.jar c:\Users\akmal\.vscode\extensions\redhat.java-1.14.2023011403-win32-x64\server\plugins\org.eclipse.equinox.launcher_1.6.400.v20210924-0641.jar -configuration c:\Users\akmal\AppData\Roaming\Code\User\globalStorage\redhat.java\1.14.2023011403\config_ss_win -data c:\Users\akmal\AppData\Roaming\Code\User\workspaceStorage\a10bbef13a5c8dd48fe501c7ef4dcf49\redhat.java\ss_ws

Host: Intel(R) Core(TM) i5-8250U CPU @ 1.60GHz, 8 cores, 7G,  Windows 11 , 64 bit Build 22621 (10.0.22621.1105)
Time: Sun Jan 15 11:13:37 2023 Egypt Standard Time elapsed time: 3.050838 seconds (0d 0h 0m 3s)

---------------  T H R E A D  ---------------

Current thread (0x000002415bbce870):  JavaThread "main" [_thread_in_vm, id=16332, stack(0x000000adeda00000,0x000000adedb00000)]

Stack: [0x000000adeda00000,0x000000adedb00000]
Native frames: (J=compiled Java code, j=interpreted, Vv=VM code, C=native code)
V  [jvm.dll+0x676b3a]
V  [jvm.dll+0x831444]
V  [jvm.dll+0x832bee]
V  [jvm.dll+0x833253]
V  [jvm.dll+0x244ce5]
V  [jvm.dll+0x82d4db]
V  [jvm.dll+0x61b2f6]
V  [jvm.dll+0x1bfd2e]
V  [jvm.dll+0x61dc41]
V  [jvm.dll+0x61bc96]
V  [jvm.dll+0x625b37]
V  [jvm.dll+0x1e99bb]
V  [jvm.dll+0x1e9ef5]
V  [jvm.dll+0x1ea92f]
V  [jvm.dll+0x1dfdd1]
V  [jvm.dll+0x53be30]
V  [jvm.dll+0x7ac5a8]
V  [jvm.dll+0x7ac694]
V  [jvm.dll+0x40ba25]
V  [jvm.dll+0x411bb8]
C  [java.dll+0x17ec]

Java frames: (J=compiled Java code, j=interpreted, Vv=VM code)
J 1127  java.lang.ClassLoader.defineClass1(Ljava/lang/ClassLoader;Ljava/lang/String;[BIILjava/security/ProtectionDomain;Ljava/lang/String;)Ljava/lang/Class; java.base@17.0.5 (0 bytes) @ 0x000002416637e3db [0x000002416637e320+0x00000000000000bb]
J 1132 c1 java.lang.ClassLoader.defineClass(Ljava/lang/String;[BIILjava/security/ProtectionDomain;)Ljava/lang/Class; java.base@17.0.5 (43 bytes) @ 0x000002415eff4644 [0x000002415eff4300+0x0000000000000344]
j  java.security.SecureClassLoader.defineClass(Ljava/lang/String;[BIILjava/security/CodeSource;)Ljava/lang/Class;+12 java.base@17.0.5
j  java.net.URLClassLoader.defineClass(Ljava/lang/String;Ljdk/internal/loader/Resource;)Ljava/lang/Class;+221 java.base@17.0.5
j  java.net.URLClassLoader$1.run()Ljava/lang/Class;+43 java.base@17.0.5
j  java.net.URLClassLoader$1.run()Ljava/lang/Object;+1 java.base@17.0.5
j  java.security.AccessController.executePrivileged(Ljava/security/PrivilegedExceptionAction;Ljava/security/AccessControlContext;Ljava/lang/Class;)Ljava/lang/Object;+29 java.base@17.0.5
j  java.security.AccessController.doPrivileged(Ljava/security/PrivilegedExceptionAction;Ljava/security/AccessControlContext;)Ljava/lang/Object;+13 java.base@17.0.5
j  java.net.URLClassLoader.findClass(Ljava/lang/String;)Ljava/lang/Class;+13 java.base@17.0.5
J 958 c1 java.lang.ClassLoader.loadClass(Ljava/lang/String;Z)Ljava/lang/Class; java.base@17.0.5 (121 bytes) @ 0x000002415ef97e5c [0x000002415ef978c0+0x000000000000059c]
J 950 c1 java.lang.ClassLoader.loadClass(Ljava/lang/String;)Ljava/lang/Class; java.base@17.0.5 (7 bytes) @ 0x000002415ef9593c [0x000002415ef95840+0x00000000000000fc]
v  ~StubRoutines::call_stub
j  org.eclipse.osgi.container.ModuleRevision$2.apply(Lorg/eclipse/osgi/container/ModuleRevisionBuilder$GenericInfo;)Lorg/eclipse/osgi/container/ModuleRequirement;+0
j  org.eclipse.osgi.container.ModuleRevision$2.apply(Ljava/lang/Object;)Ljava/lang/Object;+5
j  org.eclipse.osgi.internal.container.NamespaceList$Builder.transformIntoCopy(Ljava/util/function/Function;Ljava/util/function/Function;)Lorg/eclipse/osgi/internal/container/NamespaceList$Builder;+110
j  org.eclipse.osgi.container.ModuleRevision.createRequirements(Lorg/eclipse/osgi/internal/container/NamespaceList$Builder;)Lorg/eclipse/osgi/internal/container/NamespaceList;+12
j  org.eclipse.osgi.container.ModuleRevision.<init>(Ljava/lang/String;Lorg/osgi/framework/Version;ILorg/eclipse/osgi/internal/container/NamespaceList$Builder;Lorg/eclipse/osgi/internal/container/NamespaceList$Builder;Lorg/eclipse/osgi/container/ModuleRevisions;Ljava/lang/Object;)V+38
j  org.eclipse.osgi.container.ModuleRevisionBuilder.addRevision(Lorg/eclipse/osgi/container/Module;Ljava/lang/Object;)Lorg/eclipse/osgi/container/ModuleRevision;+31
j  org.eclipse.osgi.container.ModuleDatabase.load(Ljava/lang/String;Lorg/eclipse/osgi/container/ModuleRevisionBuilder;Ljava/lang/Object;JLjava/util/EnumSet;I)Lorg/eclipse/osgi/container/Module;+124
j  org.eclipse.osgi.container.ModuleDatabase$Persistence.readModule(Lorg/eclipse/osgi/container/ModuleRevisionBuilder;Lorg/eclipse/osgi/container/ModuleDatabase;Ljava/io/DataInputStream;Ljava/util/List;I)V+224
j  org.eclipse.osgi.container.ModuleDatabase$Persistence.load(Lorg/eclipse/osgi/container/ModuleDatabase;Ljava/io/DataInputStream;)V+211
j  org.eclipse.osgi.container.ModuleDatabase.load(Ljava/io/DataInputStream;)V+32
j  org.eclipse.osgi.storage.Storage.<init>(Lorg/eclipse/osgi/internal/framework/EquinoxContainer;[Ljava/lang/String;)V+719
j  org.eclipse.osgi.storage.Storage.createStorage(Lorg/eclipse/osgi/internal/framework/EquinoxContainer;)Lorg/eclipse/osgi/storage/Storage;+11
j  org.eclipse.osgi.internal.framework.EquinoxContainer.<init>(Ljava/util/Map;Lorg/osgi/framework/connect/ModuleConnector;)V+145
j  org.eclipse.osgi.launch.Equinox.<init>(Ljava/util/Map;Lorg/osgi/framework/connect/ModuleConnector;)V+10
j  org.eclipse.osgi.launch.Equinox.<init>(Ljava/util/Map;)V+3
j  org.eclipse.core.runtime.adaptor.EclipseStarter.startup([Ljava/lang/String;Ljava/lang/Runnable;)Lorg/osgi/framework/BundleContext;+28
j  org.eclipse.core.runtime.adaptor.EclipseStarter.run([Ljava/lang/String;Ljava/lang/Runnable;)Ljava/lang/Object;+21
v  ~StubRoutines::call_stub
j  jdk.internal.reflect.NativeMethodAccessorImpl.invoke0(Ljava/lang/reflect/Method;Ljava/lang/Object;[Ljava/lang/Object;)Ljava/lang/Object;+0 java.base@17.0.5
j  jdk.internal.reflect.NativeMethodAccessorImpl.invoke(Ljava/lang/Object;[Ljava/lang/Object;)Ljava/lang/Object;+133 java.base@17.0.5
j  jdk.internal.reflect.DelegatingMethodAccessorImpl.invoke(Ljava/lang/Object;[Ljava/lang/Object;)Ljava/lang/Object;+6 java.base@17.0.5
j  java.lang.reflect.Method.invoke(Ljava/lang/Object;[Ljava/lang/Object;)Ljava/lang/Object;+59 java.base@17.0.5
j  org.eclipse.equinox.launcher.Main.invokeFramework([Ljava/lang/String;[Ljava/net/URL;)V+201
j  org.eclipse.equinox.launcher.Main.basicRun([Ljava/lang/String;)V+159
j  org.eclipse.equinox.launcher.Main.run([Ljava/lang/String;)I+4
j  org.eclipse.equinox.launcher.Main.main([Ljava/lang/String;)V+10
v  ~StubRoutines::call_stub

---------------  P R O C E S S  ---------------

Threads class SMR info:
_java_thread_list=0x00000241718a7dc0, length=12, elements={
0x000002415bbce870, 0x000002415bc8b020, 0x000002415bc8e530, 0x000002416fa4dfa0,
0x000002416fa4e860, 0x0000024171564710, 0x0000024171566b80, 0x0000024171567770,
0x000002417157f090, 0x00000241715e6010, 0x000002415bc30e50, 0x0000024171882270
}

Java Threads: ( => current thread )
=>0x000002415bbce870 JavaThread "main" [_thread_in_vm, id=16332, stack(0x000000adeda00000,0x000000adedb00000)]
  0x000002415bc8b020 JavaThread "Reference Handler" daemon [_thread_blocked, id=11456, stack(0x000000adedd00000,0x000000adede00000)]
  0x000002415bc8e530 JavaThread "Finalizer" daemon [_thread_blocked, id=11492, stack(0x000000adede00000,0x000000adedf00000)]
  0x000002416fa4dfa0 JavaThread "Signal Dispatcher" daemon [_thread_blocked, id=16336, stack(0x000000adedf00000,0x000000adee000000)]
  0x000002416fa4e860 JavaThread "Attach Listener" daemon [_thread_blocked, id=12212, stack(0x000000adee000000,0x000000adee100000)]
  0x0000024171564710 JavaThread "Service Thread" daemon [_thread_blocked, id=14820, stack(0x000000adee100000,0x000000adee200000)]
  0x0000024171566b80 JavaThread "Monitor Deflation Thread" daemon [_thread_blocked, id=13076, stack(0x000000adee200000,0x000000adee300000)]
  0x0000024171567770 JavaThread "C2 CompilerThread0" daemon [_thread_blocked, id=12032, stack(0x000000adee300000,0x000000adee400000)]
  0x000002417157f090 JavaThread "C1 CompilerThread0" daemon [_thread_blocked, id=7636, stack(0x000000adee400000,0x000000adee500000)]
  0x00000241715e6010 JavaThread "Sweeper thread" daemon [_thread_blocked, id=4996, stack(0x000000adee500000,0x000000adee600000)]
  0x000002415bc30e50 JavaThread "Common-Cleaner" daemon [_thread_blocked, id=15140, stack(0x000000adee600000,0x000000adee700000)]
  0x0000024171882270 JavaThread "Notification Thread" daemon [_thread_blocked, id=7488, stack(0x000000adee700000,0x000000adee800000)]

Other Threads:
  0x0000024171530c20 VMThread "VM Thread" [stack: 0x000000adedc00000,0x000000adedd00000] [id=16144]
  0x0000024171882740 WatcherThread [stack: 0x000000adee800000,0x000000adee900000] [id=4140]
  0x000002415bbdd1e0 GCTaskThread "GC Thread#0" [stack: 0x000000adedb00000,0x000000adedc00000] [id=7032]
  0x00000241729738a0 GCTaskThread "GC Thread#1" [stack: 0x000000adee900000,0x000000adeea00000] [id=15928]
  0x0000024172973b50 GCTaskThread "GC Thread#2" [stack: 0x000000adeea00000,0x000000adeeb00000] [id=13128]
  0x000002417295b480 GCTaskThread "GC Thread#3" [stack: 0x000000adeeb00000,0x000000adeec00000] [id=11656]
  0x000002417295b730 GCTaskThread "GC Thread#4" [stack: 0x000000adeec00000,0x000000adeed00000] [id=7968]
  0x00000241729707a0 GCTaskThread "GC Thread#5" [stack: 0x000000adeed00000,0x000000adeee00000] [id=5248]
  0x0000024172970a50 GCTaskThread "GC Thread#6" [stack: 0x000000adeee00000,0x000000adeef00000] [id=15236]

Threads with active compile tasks:

VM state: not at safepoint (normal execution)

VM Mutex/Monitor currently owned by a thread:  ([mutex/lock_event])
[0x000002415bbc92c0] Metaspace_lock - owner thread: 0x000002415bbce870

Heap address: 0x00000000c0000000, size: 1024 MB, Compressed Oops mode: 32-bit

CDS archive(s) not mapped
Compressed class space mapped at: 0x0000000100000000-0x0000000140000000, reserved size: 1073741824
Narrow klass base: 0x0000000000000000, Narrow klass shift: 3, Narrow klass range: 0x140000000

GC Precious Log:
 CPUs: 8 total, 8 available
 Memory: 8066M
 Large Page Support: Disabled
 NUMA Support: Disabled
 Compressed Oops: Enabled (32-bit)
 Alignments: Space 512K, Generation 512K, Heap 2M
 Heap Min Capacity: 100M
 Heap Initial Capacity: 100M
 Heap Max Capacity: 1G
 Pre-touch: Disabled
 Parallel Workers: 8

Heap:
 PSYoungGen      total 29696K, used 12442K [0x00000000eab00000, 0x00000000ecc00000, 0x0000000100000000)
  eden space 25600K, 34% used [0x00000000eab00000,0x00000000eb388658,0x00000000ec400000)
  from space 4096K, 90% used [0x00000000ec400000,0x00000000ec79e218,0x00000000ec800000)
  to   space 4096K, 0% used [0x00000000ec800000,0x00000000ec800000,0x00000000ecc00000)
 ParOldGen       total 68608K, used 0K [0x00000000c0000000, 0x00000000c4300000, 0x00000000eab00000)
  object space 68608K, 0% used [0x00000000c0000000,0x00000000c0000000,0x00000000c4300000)
 Metaspace       used 12367K, committed 12480K, reserved 1064960K
  class space    used 1215K, committed 1280K, reserved 1048576K

Card table byte_map: [0x000002415b5a0000,0x000002415b7b0000] _byte_map_base: 0x000002415afa0000

Marking Bits: (ParMarkBitMap*) 0x00007ffbd9260dd0
 Begin Bits: [0x000002416d850000, 0x000002416e850000)
 End Bits:   [0x000002416e850000, 0x000002416f850000)

Polling page: 0x000002415b390000

Metaspace:

Usage:
  Non-class:     10.89 MB used.
      Class:      1.19 MB used.
       Both:     12.08 MB used.

Virtual space:
  Non-class space:       16.00 MB reserved,      10.94 MB ( 68%) committed,  2 nodes.
      Class space:        1.00 GB reserved,       1.25 MB ( <1%) committed,  1 nodes.
             Both:        1.02 GB reserved,      12.19 MB (  1%) committed. 

Chunk freelists:
   Non-Class:  240.00 KB
       Class:  2.59 MB
        Both:  2.83 MB

MaxMetaspaceSize: unlimited
CompressedClassSpaceSize: 1.00 GB
Initial GC threshold: 21.00 MB
Current GC threshold: 21.00 MB
CDS: off
MetaspaceReclaimPolicy: balanced
 - commit_granule_bytes: 65536.
 - commit_granule_words: 8192.
 - virtual_space_node_default_size: 1048576.
 - enlarge_chunks_in_place: 1.
 - new_chunks_are_fully_committed: 0.
 - uncommit_free_chunks: 1.
 - use_allocation_guard: 0.
 - handle_deallocations: 1.


Internal statistics:

num_allocs_failed_limit: 0.
num_arena_births: 34.
num_arena_deaths: 0.
num_vsnodes_births: 3.
num_vsnodes_deaths: 0.
num_space_committed: 195.
num_space_uncommitted: 0.
num_chunks_returned_to_freelist: 0.
num_chunks_taken_from_freelist: 144.
num_chunk_merges: 0.
num_chunk_splits: 101.
num_chunks_enlarged: 86.
num_purges: 0.
num_inconsistent_stats: 0.

CodeHeap 'non-profiled nmethods': size=120000Kb used=426Kb max_used=426Kb free=119573Kb
 bounds [0x0000024166320000, 0x0000024166590000, 0x000002416d850000]
CodeHeap 'profiled nmethods': size=120000Kb used=2225Kb max_used=2225Kb free=117774Kb
 bounds [0x000002415edf0000, 0x000002415f060000, 0x0000024166320000]
CodeHeap 'non-nmethods': size=5760Kb used=1144Kb max_used=1175Kb free=4616Kb
 bounds [0x000002415e850000, 0x000002415eac0000, 0x000002415edf0000]
 total_blobs=1637 nmethods=1202 adapters=350
 compilation: enabled
              stopped_count=0, restarted_count=0
 full_count=0

Compilation events (20 events):
Event: 3.034 Thread 0x000002417157f090 1194       3       java.lang.reflect.Constructor::newInstance (34 bytes)
Event: 3.035 Thread 0x000002417157f090 nmethod 1194 0x000002415f017190 code [0x000002415f017340, 0x000002415f017578]
Event: 3.035 Thread 0x000002417157f090 1193   !   3       java.security.Provider$Service::newInstanceUtil (60 bytes)
Event: 3.037 Thread 0x000002417157f090 nmethod 1193 0x000002415f017690 code [0x000002415f017960, 0x000002415f018668]
Event: 3.037 Thread 0x000002417157f090 1195       3       java.lang.ClassLoader::compareCerts (197 bytes)
Event: 3.038 Thread 0x000002417157f090 nmethod 1195 0x000002415f018b90 code [0x000002415f018da0, 0x000002415f019638]
Event: 3.038 Thread 0x000002417157f090 1196       3       org.eclipse.osgi.container.ModuleRevision$1::apply (9 bytes)
Event: 3.039 Thread 0x000002417157f090 nmethod 1196 0x000002415f019910 code [0x000002415f019ac0, 0x000002415f019ce8]
Event: 3.039 Thread 0x000002417157f090 1197       3       org.eclipse.osgi.container.ModuleRevision$1::apply (62 bytes)
Event: 3.039 Thread 0x000002417157f090 nmethod 1197 0x000002415f019d90 code [0x000002415f019f60, 0x000002415f01a308]
Event: 3.039 Thread 0x000002417157f090 1200       3       java.lang.reflect.AccessibleObject::checkAccess (40 bytes)
Event: 3.040 Thread 0x000002417157f090 nmethod 1200 0x000002415f01a490 code [0x000002415f01a660, 0x000002415f01a998]
Event: 3.040 Thread 0x000002417157f090 1198  s    3       java.lang.Throwable::fillInStackTrace (29 bytes)
Event: 3.041 Thread 0x000002417157f090 nmethod 1198 0x000002415f01ab10 code [0x000002415f01acc0, 0x000002415f01af68]
Event: 3.041 Thread 0x000002417157f090 1199  s    3       java.util.jar.JarFile::getInputStream (72 bytes)
Event: 3.041 Thread 0x000002417157f090 nmethod 1199 0x000002415f01b010 code [0x000002415f01b240, 0x000002415f01b7b8]
Event: 3.044 Thread 0x000002417157f090 1201       3       java.lang.Integer::toHexString (6 bytes)
Event: 3.044 Thread 0x000002417157f090 nmethod 1201 0x000002415f01b990 code [0x000002415f01bb20, 0x000002415f01bc48]
Event: 3.044 Thread 0x000002417157f090 1202       3       java.lang.Integer::toUnsignedString0 (76 bytes)
Event: 3.045 Thread 0x000002417157f090 nmethod 1202 0x000002415f01bd10 code [0x000002415f01bee0, 0x000002415f01c2f8]

GC Heap History (2 events):
Event: 2.465 GC heap before
{Heap before GC invocations=1 (full 0):
 PSYoungGen      total 29696K, used 25600K [0x00000000eab00000, 0x00000000ecc00000, 0x0000000100000000)
  eden space 25600K, 100% used [0x00000000eab00000,0x00000000ec400000,0x00000000ec400000)
  from space 4096K, 0% used [0x00000000ec800000,0x00000000ec800000,0x00000000ecc00000)
  to   space 4096K, 0% used [0x00000000ec400000,0x00000000ec400000,0x00000000ec800000)
 ParOldGen       total 68608K, used 0K [0x00000000c0000000, 0x00000000c4300000, 0x00000000eab00000)
  object space 68608K, 0% used [0x00000000c0000000,0x00000000c0000000,0x00000000c4300000)
 Metaspace       used 10944K, committed 11072K, reserved 1064960K
  class space    used 1085K, committed 1152K, reserved 1048576K
}
Event: 2.490 GC heap after
{Heap after GC invocations=1 (full 0):
 PSYoungGen      total 29696K, used 3704K [0x00000000eab00000, 0x00000000ecc00000, 0x0000000100000000)
  eden space 25600K, 0% used [0x00000000eab00000,0x00000000eab00000,0x00000000ec400000)
  from space 4096K, 90% used [0x00000000ec400000,0x00000000ec79e218,0x00000000ec800000)
  to   space 4096K, 0% used [0x00000000ec800000,0x00000000ec800000,0x00000000ecc00000)
 ParOldGen       total 68608K, used 0K [0x00000000c0000000, 0x00000000c4300000, 0x00000000eab00000)
  object space 68608K, 0% used [0x00000000c0000000,0x00000000c0000000,0x00000000c4300000)
 Metaspace       used 10944K, committed 11072K, reserved 1064960K
  class space    used 1085K, committed 1152K, reserved 1048576K
}

Dll operation events (8 events):
Event: 0.034 Loaded shared library c:\Users\akmal\.vscode\extensions\redhat.java-1.14.2023011403-win32-x64\jre\17.0.5-win32-x86_64\bin\java.dll
Event: 0.623 Loaded shared library c:\Users\akmal\.vscode\extensions\redhat.java-1.14.2023011403-win32-x64\jre\17.0.5-win32-x86_64\bin\zip.dll
Event: 0.630 Loaded shared library C:\Users\akmal\.vscode\extensions\redhat.java-1.14.2023011403-win32-x64\jre\17.0.5-win32-x86_64\bin\instrument.dll
Event: 0.667 Loaded shared library C:\Users\akmal\.vscode\extensions\redhat.java-1.14.2023011403-win32-x64\jre\17.0.5-win32-x86_64\bin\net.dll
Event: 0.671 Loaded shared library C:\Users\akmal\.vscode\extensions\redhat.java-1.14.2023011403-win32-x64\jre\17.0.5-win32-x86_64\bin\nio.dll
Event: 0.699 Loaded shared library C:\Users\akmal\.vscode\extensions\redhat.java-1.14.2023011403-win32-x64\jre\17.0.5-win32-x86_64\bin\zip.dll
Event: 0.742 Loaded shared library C:\Users\akmal\.vscode\extensions\redhat.java-1.14.2023011403-win32-x64\jre\17.0.5-win32-x86_64\bin\jimage.dll
Event: 0.925 Loaded shared library c:\Users\akmal\.vscode\extensions\redhat.java-1.14.2023011403-win32-x64\jre\17.0.5-win32-x86_64\bin\verify.dll

Deoptimization events (20 events):
Event: 2.941 Thread 0x000002415bbce870 Uncommon trap: trap_request=0xffffffc6 fr.pc=0x00000241663547d4 relative=0x0000000000000674
Event: 2.941 Thread 0x000002415bbce870 Uncommon trap: reason=bimorphic_or_optimized_type_check action=maybe_recompile pc=0x00000241663547d4 method=java.util.Collections$UnmodifiableCollection$1.<init>(Ljava/util/Collections$UnmodifiableCollection;)V @ 17 c2
Event: 2.941 Thread 0x000002415bbce870 DEOPT PACKING pc=0x00000241663547d4 sp=0x000000adedaf7d30
Event: 2.941 Thread 0x000002415bbce870 DEOPT UNPACKING pc=0x000002415e8a20a3 sp=0x000000adedaf7c78 mode 2
Event: 2.941 Thread 0x000002415bbce870 Uncommon trap: trap_request=0xffffffc6 fr.pc=0x000002416634b8d8 relative=0x00000000000002b8
Event: 2.941 Thread 0x000002415bbce870 Uncommon trap: reason=bimorphic_or_optimized_type_check action=maybe_recompile pc=0x000002416634b8d8 method=java.util.Collections$UnmodifiableCollection$1.next()Ljava/lang/Object; @ 4 c2
Event: 2.941 Thread 0x000002415bbce870 DEOPT PACKING pc=0x000002416634b8d8 sp=0x000000adedaf7d40
Event: 2.941 Thread 0x000002415bbce870 DEOPT UNPACKING pc=0x000002415e8a20a3 sp=0x000000adedaf7cf0 mode 2
Event: 2.941 Thread 0x000002415bbce870 Uncommon trap: trap_request=0xffffffc6 fr.pc=0x000002416634b8d8 relative=0x00000000000002b8
Event: 2.941 Thread 0x000002415bbce870 Uncommon trap: reason=bimorphic_or_optimized_type_check action=maybe_recompile pc=0x000002416634b8d8 method=java.util.Collections$UnmodifiableCollection$1.next()Ljava/lang/Object; @ 4 c2
Event: 2.941 Thread 0x000002415bbce870 DEOPT PACKING pc=0x000002416634b8d8 sp=0x000000adedaf7d40
Event: 2.941 Thread 0x000002415bbce870 DEOPT UNPACKING pc=0x000002415e8a20a3 sp=0x000000adedaf7cf0 mode 2
Event: 2.952 Thread 0x000002415bbce870 Uncommon trap: trap_request=0xffffffc6 fr.pc=0x00000241663547d4 relative=0x0000000000000674
Event: 2.952 Thread 0x000002415bbce870 Uncommon trap: reason=bimorphic_or_optimized_type_check action=maybe_recompile pc=0x00000241663547d4 method=java.util.Collections$UnmodifiableCollection$1.<init>(Ljava/util/Collections$UnmodifiableCollection;)V @ 17 c2
Event: 2.952 Thread 0x000002415bbce870 DEOPT PACKING pc=0x00000241663547d4 sp=0x000000adedaf7e50
Event: 2.952 Thread 0x000002415bbce870 DEOPT UNPACKING pc=0x000002415e8a20a3 sp=0x000000adedaf7d98 mode 2
Event: 2.953 Thread 0x000002415bbce870 Uncommon trap: trap_request=0xffffffc6 fr.pc=0x00000241663547d4 relative=0x0000000000000674
Event: 2.953 Thread 0x000002415bbce870 Uncommon trap: reason=bimorphic_or_optimized_type_check action=maybe_recompile pc=0x00000241663547d4 method=java.util.Collections$UnmodifiableCollection$1.<init>(Ljava/util/Collections$UnmodifiableCollection;)V @ 17 c2
Event: 2.953 Thread 0x000002415bbce870 DEOPT PACKING pc=0x00000241663547d4 sp=0x000000adedaf7e50
Event: 2.953 Thread 0x000002415bbce870 DEOPT UNPACKING pc=0x000002415e8a20a3 sp=0x000000adedaf7d98 mode 2

Classes unloaded (0 events):
No events

Classes redefined (0 events):
No events

Internal exceptions (19 events):
Event: 0.537 Thread 0x000002415bbce870 Exception <a 'java/lang/NoSuchMethodError'{0x00000000eacb29c8}: 'void java.lang.invoke.DirectMethodHandle$Holder.invokeStatic(java.lang.Object, java.lang.Object, java.lang.Object)'> (0x00000000eacb29c8) 
thrown [s\src\hotspot\share\interpreter\linkResolver.cpp, line 759]
Event: 0.987 Thread 0x000002415bbce870 Exception <a 'java/lang/reflect/InvocationTargetException'{0x00000000eaf7b0e8}> (0x00000000eaf7b0e8) 
thrown [s\src\hotspot\share\runtime\reflection.cpp, line 1121]
Event: 1.701 Thread 0x000002415bbce870 Exception <a 'java/lang/ClassNotFoundException'{0x00000000eb8e73b8}: sun/net/www/protocol/c/Handler> (0x00000000eb8e73b8) 
thrown [s\src\hotspot\share\classfile\systemDictionary.cpp, line 256]
Event: 1.708 Thread 0x000002415bbce870 Exception <a 'java/io/FileNotFoundException'{0x00000000eb8fb058}> (0x00000000eb8fb058) 
thrown [s\src\hotspot\share\prims\jni.cpp, line 516]
Event: 1.708 Thread 0x000002415bbce870 Exception <a 'java/io/FileNotFoundException'{0x00000000eb8fbdc0}> (0x00000000eb8fbdc0) 
thrown [s\src\hotspot\share\prims\jni.cpp, line 516]
Event: 1.709 Thread 0x000002415bbce870 Exception <a 'java/io/FileNotFoundException'{0x00000000eb8fcb08}> (0x00000000eb8fcb08) 
thrown [s\src\hotspot\share\prims\jni.cpp, line 516]
Event: 1.710 Thread 0x000002415bbce870 Exception <a 'java/io/FileNotFoundException'{0x00000000eb8fd820}> (0x00000000eb8fd820) 
thrown [s\src\hotspot\share\prims\jni.cpp, line 516]
Event: 1.727 Thread 0x000002415bbce870 Exception <a 'java/io/FileNotFoundException'{0x00000000eb93e3c8}> (0x00000000eb93e3c8) 
thrown [s\src\hotspot\share\prims\jni.cpp, line 516]
Event: 2.210 Thread 0x000002415bbce870 Exception <a 'java/lang/ClassNotFoundException'{0x00000000ec136cb8}: sun/net/www/protocol/c/Handler> (0x00000000ec136cb8) 
thrown [s\src\hotspot\share\classfile\systemDictionary.cpp, line 256]
Event: 2.211 Thread 0x000002415bbce870 Exception <a 'java/lang/ClassNotFoundException'{0x00000000ec138030}: sun/net/www/protocol/c/Handler> (0x00000000ec138030) 
thrown [s\src\hotspot\share\classfile\systemDictionary.cpp, line 256]
Event: 2.211 Thread 0x000002415bbce870 Exception <a 'java/lang/ClassNotFoundException'{0x00000000ec1391f8}: sun/net/www/protocol/c/Handler> (0x00000000ec1391f8) 
thrown [s\src\hotspot\share\classfile\systemDictionary.cpp, line 256]
Event: 2.228 Thread 0x000002415bbce870 Exception <a 'java/io/FileNotFoundException'{0x00000000ec158590}> (0x00000000ec158590) 
thrown [s\src\hotspot\share\prims\jni.cpp, line 516]
Event: 2.512 Thread 0x000002415bbce870 Exception <a 'java/lang/NoSuchMethodError'{0x00000000eab2a748}: 'int java.lang.invoke.DirectMethodHandle$Holder.invokeStaticInit(java.lang.Object, java.lang.Object, java.lang.Object, java.lang.Object)'> (0x00000000eab2a748) 
thrown [s\src\hotspot\share\interpreter\linkResolver.cpp, line 759]
Event: 2.516 Thread 0x000002415bbce870 Exception <a 'java/lang/NoSuchMethodError'{0x00000000eab34ec0}: 'java.lang.Object java.lang.invoke.DirectMethodHandle$Holder.invokeInterface(java.lang.Object, java.lang.Object)'> (0x00000000eab34ec0) 
thrown [s\src\hotspot\share\interpreter\linkResolver.cpp, line 759]
Event: 2.519 Thread 0x000002415bbce870 Exception <a 'java/lang/IncompatibleClassChangeError'{0x00000000eab386b8}: Found class java.lang.Object, but interface was expected> (0x00000000eab386b8) 
thrown [s\src\hotspot\share\interpreter\linkResolver.cpp, line 826]
Event: 2.521 Thread 0x000002415bbce870 Exception <a 'java/lang/NoSuchMethodError'{0x00000000eab3cbb0}: 'void java.lang.invoke.DirectMethodHandle$Holder.invokeStatic(java.lang.Object, java.lang.Object)'> (0x00000000eab3cbb0) 
thrown [s\src\hotspot\share\interpreter\linkResolver.cpp, line 759]
Event: 2.522 Thread 0x000002415bbce870 Exception <a 'java/lang/NoSuchMethodError'{0x00000000eab403b0}: 'void java.lang.invoke.DirectMethodHandle$Holder.invokeStaticInit(java.lang.Object, java.lang.Object)'> (0x00000000eab403b0) 
thrown [s\src\hotspot\share\interpreter\linkResolver.cpp, line 759]
Event: 2.524 Thread 0x000002415bbce870 Exception <a 'java/lang/NoSuchMethodError'{0x00000000eab478a8}: 'int java.lang.invoke.DirectMethodHandle$Holder.invokeStaticInit(java.lang.Object, java.lang.Object)'> (0x00000000eab478a8) 
thrown [s\src\hotspot\share\interpreter\linkResolver.cpp, line 759]
Event: 2.616 Thread 0x000002415bbce870 Exception <a 'java/lang/NoSuchMethodError'{0x00000000eacae6f0}: 'void java.lang.invoke.DirectMethodHandle$Holder.invokeSpecial(java.lang.Object, java.lang.Object, java.lang.Object)'> (0x00000000eacae6f0) 
thrown [s\src\hotspot\share\interpreter\linkResolver.cpp, line 759]

VM Operations (12 events):
Event: 0.564 Executing VM operation: HandshakeAllThreads
Event: 0.564 Executing VM operation: HandshakeAllThreads done
Event: 0.826 Executing VM operation: HandshakeAllThreads
Event: 0.826 Executing VM operation: HandshakeAllThreads done
Event: 1.652 Executing VM operation: HandshakeAllThreads
Event: 1.652 Executing VM operation: HandshakeAllThreads done
Event: 1.652 Executing VM operation: Cleanup
Event: 1.653 Executing VM operation: Cleanup done
Event: 1.692 Executing VM operation: HandshakeAllThreads
Event: 1.692 Executing VM operation: HandshakeAllThreads done
Event: 2.465 Executing VM operation: ParallelGCFailedAllocation
Event: 2.490 Executing VM operation: ParallelGCFailedAllocation done

Events (20 events):
Event: 2.691 loading class java/util/concurrent/LinkedBlockingQueue$Node
Event: 2.691 loading class java/util/concurrent/LinkedBlockingQueue$Node done
Event: 2.730 loading class java/util/concurrent/Semaphore$NonfairSync
Event: 2.730 loading class java/util/concurrent/Semaphore$Sync
Event: 2.730 loading class java/util/concurrent/Semaphore$Sync done
Event: 2.731 loading class java/util/concurrent/Semaphore$NonfairSync done
Event: 2.826 loading class java/lang/TypeNotPresentException
Event: 2.826 loading class java/lang/TypeNotPresentException done
Event: 3.008 loading class java/security/InvalidKeyException
Event: 3.008 loading class java/security/KeyException
Event: 3.009 loading class java/security/KeyException done
Event: 3.009 loading class java/security/InvalidKeyException done
Event: 3.009 loading class java/security/SignatureException
Event: 3.009 loading class java/security/SignatureException done
Event: 3.009 loading class java/security/cert/CertificateException
Event: 3.009 loading class java/security/cert/CertificateException done
Event: 3.009 loading class java/security/NoSuchAlgorithmException
Event: 3.010 loading class java/security/NoSuchAlgorithmException done
Event: 3.010 loading class java/security/NoSuchProviderException
Event: 3.010 loading class java/security/NoSuchProviderException done


Dynamic libraries:
0x00007ff750f70000 - 0x00007ff750f7e000 	c:\Users\akmal\.vscode\extensions\redhat.java-1.14.2023011403-win32-x64\jre\17.0.5-win32-x86_64\bin\java.exe
0x00007ffc2d8b0000 - 0x00007ffc2dac4000 	C:\WINDOWS\SYSTEM32\ntdll.dll
0x00007ffc2bff0000 - 0x00007ffc2c0b3000 	C:\WINDOWS\System32\KERNEL32.DLL
0x00007ffc2af80000 - 0x00007ffc2b31d000 	C:\WINDOWS\System32\KERNELBASE.dll
0x00007ffc2adc0000 - 0x00007ffc2aed1000 	C:\WINDOWS\System32\ucrtbase.dll
0x00007ffc02c90000 - 0x00007ffc02ca9000 	c:\Users\akmal\.vscode\extensions\redhat.java-1.14.2023011403-win32-x64\jre\17.0.5-win32-x86_64\bin\VCRUNTIME140.dll
0x00007ffc0c300000 - 0x00007ffc0c317000 	c:\Users\akmal\.vscode\extensions\redhat.java-1.14.2023011403-win32-x64\jre\17.0.5-win32-x86_64\bin\jli.dll
0x00007ffc2be20000 - 0x00007ffc2bfcd000 	C:\WINDOWS\System32\USER32.dll
0x00007ffc1dc60000 - 0x00007ffc1deee000 	C:\WINDOWS\WinSxS\amd64_microsoft.windows.common-controls_6595b64144ccf1df_6.0.22621.608_none_a9444ca7c10bb01d\COMCTL32.dll
0x00007ffc2ad90000 - 0x00007ffc2adb6000 	C:\WINDOWS\System32\win32u.dll
0x00007ffc2c200000 - 0x00007ffc2c2a7000 	C:\WINDOWS\System32\msvcrt.dll
0x00007ffc2bd40000 - 0x00007ffc2bd69000 	C:\WINDOWS\System32\GDI32.dll
0x00007ffc2b580000 - 0x00007ffc2b692000 	C:\WINDOWS\System32\gdi32full.dll
0x00007ffc2aee0000 - 0x00007ffc2af7a000 	C:\WINDOWS\System32\msvcp_win.dll
0x00007ffc2bde0000 - 0x00007ffc2be12000 	C:\WINDOWS\System32\IMM32.DLL
0x00007ffc17f00000 - 0x00007ffc17f0c000 	c:\Users\akmal\.vscode\extensions\redhat.java-1.14.2023011403-win32-x64\jre\17.0.5-win32-x86_64\bin\vcruntime140_1.dll
0x00007ffbdda30000 - 0x00007ffbddac1000 	c:\Users\akmal\.vscode\extensions\redhat.java-1.14.2023011403-win32-x64\jre\17.0.5-win32-x86_64\bin\msvcp140.dll
0x00007ffbd86e0000 - 0x00007ffbd9324000 	c:\Users\akmal\.vscode\extensions\redhat.java-1.14.2023011403-win32-x64\jre\17.0.5-win32-x86_64\bin\server\jvm.dll
0x00007ffc2c3b0000 - 0x00007ffc2c45e000 	C:\WINDOWS\System32\ADVAPI32.dll
0x00007ffc2b920000 - 0x00007ffc2b9c4000 	C:\WINDOWS\System32\sechost.dll
0x00007ffc2ba50000 - 0x00007ffc2bb65000 	C:\WINDOWS\System32\RPCRT4.dll
0x00007ffc25890000 - 0x00007ffc25899000 	C:\WINDOWS\SYSTEM32\WSOCK32.dll
0x00007ffc242e0000 - 0x00007ffc24314000 	C:\WINDOWS\SYSTEM32\WINMM.dll
0x00007ffc2b9d0000 - 0x00007ffc2ba41000 	C:\WINDOWS\System32\WS2_32.dll
0x00007ffc21100000 - 0x00007ffc2110a000 	C:\WINDOWS\SYSTEM32\VERSION.dll
0x00007ffc29dd0000 - 0x00007ffc29de8000 	C:\WINDOWS\SYSTEM32\kernel.appcore.dll
0x00007ffc0e7e0000 - 0x00007ffc0e7ea000 	c:\Users\akmal\.vscode\extensions\redhat.java-1.14.2023011403-win32-x64\jre\17.0.5-win32-x86_64\bin\jimage.dll
0x00007ffc21d50000 - 0x00007ffc21f7e000 	C:\WINDOWS\SYSTEM32\DBGHELP.DLL
0x00007ffc2d310000 - 0x00007ffc2d69a000 	C:\WINDOWS\System32\combase.dll
0x00007ffc2c120000 - 0x00007ffc2c1f7000 	C:\WINDOWS\System32\OLEAUT32.dll
0x00007ffc21ad0000 - 0x00007ffc21b02000 	C:\WINDOWS\SYSTEM32\dbgcore.DLL
0x00007ffc2b320000 - 0x00007ffc2b39b000 	C:\WINDOWS\System32\bcryptPrimitives.dll
0x00007ffc0d5b0000 - 0x00007ffc0d5be000 	c:\Users\akmal\.vscode\extensions\redhat.java-1.14.2023011403-win32-x64\jre\17.0.5-win32-x86_64\bin\instrument.dll
0x00007ffbf8c30000 - 0x00007ffbf8c55000 	c:\Users\akmal\.vscode\extensions\redhat.java-1.14.2023011403-win32-x64\jre\17.0.5-win32-x86_64\bin\java.dll
0x00007ffc00390000 - 0x00007ffc003a8000 	c:\Users\akmal\.vscode\extensions\redhat.java-1.14.2023011403-win32-x64\jre\17.0.5-win32-x86_64\bin\zip.dll
0x00007ffc2ca30000 - 0x00007ffc2d21f000 	C:\WINDOWS\System32\SHELL32.dll
0x00007ffc28ca0000 - 0x00007ffc29568000 	C:\WINDOWS\SYSTEM32\windows.storage.dll
0x00007ffc28b60000 - 0x00007ffc28c9e000 	C:\WINDOWS\SYSTEM32\wintypes.dll
0x00007ffc2c2b0000 - 0x00007ffc2c3a1000 	C:\WINDOWS\System32\SHCORE.dll
0x00007ffc2c0c0000 - 0x00007ffc2c11e000 	C:\WINDOWS\System32\shlwapi.dll
0x00007ffc2ac00000 - 0x00007ffc2ac21000 	C:\WINDOWS\SYSTEM32\profapi.dll
0x00007ffbffcb0000 - 0x00007ffbffcc9000 	C:\Users\akmal\.vscode\extensions\redhat.java-1.14.2023011403-win32-x64\jre\17.0.5-win32-x86_64\bin\net.dll
0x00007ffc24590000 - 0x00007ffc246bf000 	C:\WINDOWS\SYSTEM32\WINHTTP.dll
0x00007ffc2a230000 - 0x00007ffc2a299000 	C:\WINDOWS\system32\mswsock.dll
0x00007ffbff400000 - 0x00007ffbff415000 	C:\Users\akmal\.vscode\extensions\redhat.java-1.14.2023011403-win32-x64\jre\17.0.5-win32-x86_64\bin\nio.dll
0x00007ffc167b0000 - 0x00007ffc167c0000 	c:\Users\akmal\.vscode\extensions\redhat.java-1.14.2023011403-win32-x64\jre\17.0.5-win32-x86_64\bin\verify.dll

dbghelp: loaded successfully - version: 4.0.5 - missing functions: none
symbol engine: initialized successfully - sym options: 0x614 - pdb path: .;c:\Users\akmal\.vscode\extensions\redhat.java-1.14.2023011403-win32-x64\jre\17.0.5-win32-x86_64\bin;C:\WINDOWS\SYSTEM32;C:\WINDOWS\WinSxS\amd64_microsoft.windows.common-controls_6595b64144ccf1df_6.0.22621.608_none_a9444ca7c10bb01d;c:\Users\akmal\.vscode\extensions\redhat.java-1.14.2023011403-win32-x64\jre\17.0.5-win32-x86_64\bin\server

VM Arguments:
jvm_args: --add-modules=ALL-SYSTEM --add-opens=java.base/java.util=ALL-UNNAMED --add-opens=java.base/java.lang=ALL-UNNAMED --add-opens=java.base/sun.nio.fs=ALL-UNNAMED -Declipse.application=org.eclipse.jdt.ls.core.id1 -Dosgi.bundles.defaultStartLevel=4 -Declipse.product=org.eclipse.jdt.ls.core.product -Djava.import.generatesMetadataFilesAtProjectRoot=false -Dfile.encoding=utf8 -XX:+UseParallelGC -XX:GCTimeRatio=4 -XX:AdaptiveSizePolicyWeight=90 -Dsun.zip.disableMemoryMapping=true -Xmx1G -Xms100m -Xlog:disable -javaagent:c:\Users\akmal\.vscode\extensions\redhat.java-1.14.2023011403-win32-x64\lombok\lombok-1.18.24.jar 
java_command: c:\Users\akmal\.vscode\extensions\redhat.java-1.14.2023011403-win32-x64\server\plugins\org.eclipse.equinox.launcher_1.6.400.v20210924-0641.jar -configuration c:\Users\akmal\AppData\Roaming\Code\User\globalStorage\redhat.java\1.14.2023011403\config_ss_win -data c:\Users\akmal\AppData\Roaming\Code\User\workspaceStorage\a10bbef13a5c8dd48fe501c7ef4dcf49\redhat.java\ss_ws
java_class_path (initial): c:\Users\akmal\.vscode\extensions\redhat.java-1.14.2023011403-win32-x64\server\plugins\org.eclipse.equinox.launcher_1.6.400.v20210924-0641.jar
Launcher Type: SUN_STANDARD

[Global flags]
    uintx AdaptiveSizePolicyWeight                 = 90                                        {product} {command line}
     intx CICompilerCount                          = 4                                         {product} {ergonomic}
    uintx GCTimeRatio                              = 4                                         {product} {command line}
   size_t InitialHeapSize                          = 104857600                                 {product} {command line}
   size_t MaxHeapSize                              = 1073741824                                {product} {command line}
   size_t MaxNewSize                               = 357564416                                 {product} {ergonomic}
   size_t MinHeapDeltaBytes                        = 524288                                    {product} {ergonomic}
   size_t MinHeapSize                              = 104857600                                 {product} {command line}
   size_t NewSize                                  = 34603008                                  {product} {ergonomic}
    uintx NonNMethodCodeHeapSize                   = 5839372                                {pd product} {ergonomic}
    uintx NonProfiledCodeHeapSize                  = 122909434                              {pd product} {ergonomic}
   size_t OldSize                                  = 70254592                                  {product} {ergonomic}
    uintx ProfiledCodeHeapSize                     = 122909434                              {pd product} {ergonomic}
    uintx ReservedCodeCacheSize                    = 251658240                              {pd product} {ergonomic}
     bool SegmentedCodeCache                       = true                                      {product} {ergonomic}
   size_t SoftMaxHeapSize                          = 1073741824                             {manageable} {ergonomic}
     bool UseCompressedClassPointers               = true                           {product lp64_product} {ergonomic}
     bool UseCompressedOops                        = true                           {product lp64_product} {ergonomic}
     bool UseLargePagesIndividualAllocation        = false                                  {pd product} {ergonomic}
     bool UseParallelGC                            = true                                      {product} {command line}

Logging:
Log output configuration:
 #0: stdout all=off uptime,level,tags
 #1: stderr all=off uptime,level,tags

Environment Variables:
JAVA_HOME=C:\Program Files\Java\jdk-19
PATH=C:\Program Files\PowerShell\7;C:\Program Files\Common Files\Oracle\Java\javapath;C:\Program Files (x86)\Common Files\Oracle\Java\javapath;C:\WINDOWS\system32;C:\WINDOWS;C:\WINDOWS\System32\Wbem;C:\WINDOWS\System32\WindowsPowerShell\v1.0\;C:\WINDOWS\System32\OpenSSH\;C:\msys64\mingw64\bin;C:\Program Files\Java\jdk-19\bin;C:\Program Files\Calibre2\;C:\Program Files\dotnet\;C:\Program Files\PowerShell\7\;C:\Program Files\Git\cmd;C:\gradle-7.6;C:\gradle-7.6\bin;C:\apache-maven-3.8.6\bin;C:\jdk-19.0.1\bin;C:\Classpath\javafx-sdk-19\lib;C:\Program Files\nodejs\;C:\ProgramData\chocolatey\bin;C:\Program Files\Go\bin;C:\Classpath\ASM;C:\Program Files\wkhtmltopdf\bin;C:\Program Files\wkhtmltopdf\bin\wkhtmltopdf.exe;C:\Users\akmal\AppData\Local\Programs\Python\Python311\Scripts\;C:\Users\akmal\AppData\Local\Programs\Python\Python311\;C:\Users\akmal\AppData\Local\Microsoft\WindowsApps;C:\Users\akmal\AppData\Local\Programs\Microsoft VS Code\bin;C:\Program Files\JetBrains\IntelliJ IDEA Community Edition 2022.2.3\bin;C:\Users\akmal\AppData\Local\GitHubDesktop\bin;C:\Users\akmal\AppData\Roaming\npm;C:\Users\akmal\go\bin;C:\Users\akmal\AppData\Local\Google\Cloud SDK\google-cloud-sdk\bin
USERNAME=akmal
OS=Windows_NT
PROCESSOR_IDENTIFIER=Intel64 Family 6 Model 142 Stepping 10, GenuineIntel
TMP=C:\Users\akmal\AppData\Local\Temp
TEMP=C:\Users\akmal\AppData\Local\Temp



---------------  S Y S T E M  ---------------

OS:
 Windows 11 , 64 bit Build 22621 (10.0.22621.1105)
OS uptime: 3 days 20:51 hours
Hyper-V role detected

CPU: total 8 (initial active 8) (4 cores per cpu, 2 threads per core) family 6 model 142 stepping 10 microcode 0xe0, cx8, cmov, fxsr, ht, mmx, 3dnowpref, sse, sse2, sse3, ssse3, sse4.1, sse4.2, popcnt, lzcnt, tsc, tscinvbit, avx, avx2, aes, erms, clmul, bmi1, bmi2, adx, fma, vzeroupper, clflush, clflushopt, hv

Memory: 4k page, system-wide physical 8066M (347M free)
TotalPageFile size 32642M (AvailPageFile size 1M)
current process WorkingSet (physical memory assigned to process): 80M, peak: 80M
current process commit charge ("private bytes"): 201M, peak: 202M

vm_info: OpenJDK 64-Bit Server VM (17.0.5+8) for windows-amd64 JRE (17.0.5+8), built on Oct 19 2022 04:48:13 by "temurin" with MS VC++ 16.7 (VS2019)

END.
