#
# There is insufficient memory for the Java Runtime Environment to continue.
# Native memory allocation (mmap) failed to map 186646528 bytes for G1 virtual space
# Possible reasons:
#   The system is out of physical RAM or swap space
#   The process is running with CompressedOops enabled, and the Java Heap may be blocking the growth of the native heap
# Possible solutions:
#   Reduce memory load on the system
#   Increase physical memory or swap space
#   Check if swap backing store is full
#   Decrease Java heap size (-Xmx/-Xms)
#   Decrease number of Java threads
#   Decrease Java thread stack sizes (-Xss)
#   Set larger code cache with -XX:ReservedCodeCacheSize=
#   JVM is running with Unscaled Compressed Oops mode in which the Java heap is
#     placed in the first 4GB address space. The Java Heap base address is the
#     maximum limit for the native heap growth. Please use -XX:HeapBaseMinAddress
#     to set the Java Heap base and to place the Java Heap above 4GB virtual address.
# This output file may be truncated or incomplete.
#
#  Out of Memory Error (os_windows.cpp:3548), pid=3740, tid=16116
#
# JRE version: OpenJDK Runtime Environment Temurin-17.0.5+8 (17.0.5+8) (build 17.0.5+8)
# Java VM: OpenJDK 64-Bit Server VM Temurin-17.0.5+8 (17.0.5+8, mixed mode, emulated-client, tiered, compressed oops, compressed class ptrs, g1 gc, windows-amd64)
# No core dump will be written. Minidumps are not enabled by default on client versions of Windows
#

---------------  S U M M A R Y ------------

Command Line: -Dsts.lsp.client=vscode -Dsts.log.file=/dev/null -XX:TieredStopAtLevel=1 -Xlog:jni+resolve=off -Dspring.config.location=file:c:\Users\akmal\.vscode\extensions\pivotal.vscode-spring-boot-1.43.0\language-server\BOOT-INF\classes\application.properties org.springframework.ide.vscode.boot.app.BootLanguageServerBootApp

Host: Intel(R) Core(TM) i5-8250U CPU @ 1.60GHz, 8 cores, 7G,  Windows 11 , 64 bit Build 22621 (10.0.22621.1105)
Time: Sun Jan 15 05:02:38 2023 Egypt Standard Time elapsed time: 7.606637 seconds (0d 0h 0m 7s)

---------------  T H R E A D  ---------------

Current thread (0x000002b3b2085b50):  VMThread "VM Thread" [stack: 0x000000e92a400000,0x000000e92a500000] [id=16116]

Stack: [0x000000e92a400000,0x000000e92a500000]
Native frames: (J=compiled Java code, j=interpreted, Vv=VM code, C=native code)
V  [jvm.dll+0x676b3a]
V  [jvm.dll+0x831444]
V  [jvm.dll+0x832bee]
V  [jvm.dll+0x833253]
V  [jvm.dll+0x244ce5]
V  [jvm.dll+0x673a49]
V  [jvm.dll+0x66811a]
V  [jvm.dll+0x303ceb]
V  [jvm.dll+0x30b1e6]
V  [jvm.dll+0x35adbe]
V  [jvm.dll+0x35afef]
V  [jvm.dll+0x2dab88]
V  [jvm.dll+0x2d8e3c]
V  [jvm.dll+0x2d840c]
V  [jvm.dll+0x31c31b]
V  [jvm.dll+0x8376fb]
V  [jvm.dll+0x838434]
V  [jvm.dll+0x83894c]
V  [jvm.dll+0x838d24]
V  [jvm.dll+0x838df0]
V  [jvm.dll+0x7e17ea]
V  [jvm.dll+0x6759e5]
C  [ucrtbase.dll+0x29363]
C  [KERNEL32.DLL+0x126bd]
C  [ntdll.dll+0x5dfb8]

VM_Operation (0x000000e92cdfdee0): G1CollectForAllocation, mode: safepoint, requested by thread 0x000002b3b44074d0


---------------  P R O C E S S  ---------------

Threads class SMR info:
_java_thread_list=0x000002b3b446ede0, length=35, elements={
0x000002b3b2c012d0, 0x000002b3b2c02330, 0x000002b3b2c23170, 0x000002b3b2c23a30,
0x000002b3b2c26aa0, 0x000002b3b2c27b00, 0x000002b3b2c29e40, 0x000002b3b2c301d0,
0x000002b3b2e2a8b0, 0x000002b3b2e4b020, 0x000002b3b2e57960, 0x000002b3b38596f0,
0x000002b3b3a80060, 0x000002b3b40027c0, 0x000002b3b37bd560, 0x000002b3b3795440,
0x000002b3a4cf26f0, 0x000002b3b40e45e0, 0x000002b3b2d239a0, 0x000002b3b32eb020,
0x000002b3b43f36f0, 0x000002b3b37d57a0, 0x000002b3b43f8df0, 0x000002b3b44044b0,
0x000002b3b4404e50, 0x000002b3b4404980, 0x000002b3b4406660, 0x000002b3b44057f0,
0x000002b3b4405320, 0x000002b3b4407000, 0x000002b3b4403fe0, 0x000002b3b4403b10,
0x000002b3b44074d0, 0x000002b3b4406b30, 0x000002b3b4405cc0
}

Java Threads: ( => current thread )
  0x000002b3b2c012d0 JavaThread "Reference Handler" daemon [_thread_blocked, id=9732, stack(0x000000e92a500000,0x000000e92a600000)]
  0x000002b3b2c02330 JavaThread "Finalizer" daemon [_thread_blocked, id=16348, stack(0x000000e92a600000,0x000000e92a700000)]
  0x000002b3b2c23170 JavaThread "Signal Dispatcher" daemon [_thread_blocked, id=11084, stack(0x000000e92a700000,0x000000e92a800000)]
  0x000002b3b2c23a30 JavaThread "Attach Listener" daemon [_thread_blocked, id=8392, stack(0x000000e92a800000,0x000000e92a900000)]
  0x000002b3b2c26aa0 JavaThread "Service Thread" daemon [_thread_blocked, id=3172, stack(0x000000e92a900000,0x000000e92aa00000)]
  0x000002b3b2c27b00 JavaThread "Monitor Deflation Thread" daemon [_thread_blocked, id=5144, stack(0x000000e92aa00000,0x000000e92ab00000)]
  0x000002b3b2c29e40 JavaThread "C1 CompilerThread0" daemon [_thread_blocked, id=4272, stack(0x000000e92ab00000,0x000000e92ac00000)]
  0x000002b3b2c301d0 JavaThread "Sweeper thread" daemon [_thread_blocked, id=16044, stack(0x000000e92ac00000,0x000000e92ad00000)]
  0x000002b3b2e2a8b0 JavaThread "C1 CompilerThread1" daemon [_thread_blocked, id=15248, stack(0x000000e92ad00000,0x000000e92ae00000)]
  0x000002b3b2e4b020 JavaThread "Notification Thread" daemon [_thread_blocked, id=1320, stack(0x000000e92ae00000,0x000000e92af00000)]
  0x000002b3b2e57960 JavaThread "Common-Cleaner" daemon [_thread_blocked, id=14996, stack(0x000000e92b000000,0x000000e92b100000)]
  0x000002b3b38596f0 JavaThread "C1 CompilerThread2" daemon [_thread_blocked, id=8680, stack(0x000000e92b100000,0x000000e92b200000)]
  0x000002b3b3a80060 JavaThread "C1 CompilerThread3" daemon [_thread_blocked, id=8592, stack(0x000000e92b600000,0x000000e92b700000)]
  0x000002b3b40027c0 JavaThread "boundedElastic-evictor-1" daemon [_thread_blocked, id=11612, stack(0x000000e92ba00000,0x000000e92bb00000)]
  0x000002b3b37bd560 JavaThread "pool-11-thread-1" [_thread_blocked, id=8196, stack(0x000000e92bc00000,0x000000e92bd00000)]
  0x000002b3b3795440 JavaThread "LanguageServerApp-lifecycle" [_thread_blocked, id=3764, stack(0x000000e92bd00000,0x000000e92be00000)]
  0x000002b3a4cf26f0 JavaThread "DestroyJavaVM" [_thread_blocked, id=14120, stack(0x000000e929e00000,0x000000e929f00000)]
  0x000002b3b40e45e0 JavaThread "pool-12-thread-1" [_thread_in_native, id=16296, stack(0x000000e92be00000,0x000000e92bf00000)]
  0x000002b3b2d239a0 JavaThread "Simple-Language-Server main thread" daemon [_thread_blocked, id=9800, stack(0x000000e92bf00000,0x000000e92c000000)]
  0x000002b3b32eb020 JavaThread "ForkJoinPool.commonPool-worker-1" daemon [_thread_blocked, id=8164, stack(0x000000e92c000000,0x000000e92c100000)]
  0x000002b3b43f36f0 JavaThread "ClassGraph-worker-0" daemon [_thread_blocked, id=11012, stack(0x000000e92c100000,0x000000e92c200000)]
  0x000002b3b37d57a0 JavaThread "ClassGraph-worker-1" daemon [_thread_blocked, id=15348, stack(0x000000e92c200000,0x000000e92c300000)]
  0x000002b3b43f8df0 JavaThread "ClassGraph-worker-2" daemon [_thread_blocked, id=928, stack(0x000000e92c300000,0x000000e92c400000)]
  0x000002b3b44044b0 JavaThread "ClassGraph-worker-3" daemon [_thread_blocked, id=10936, stack(0x000000e92c400000,0x000000e92c500000)]
  0x000002b3b4404e50 JavaThread "ClassGraph-worker-4" daemon [_thread_blocked, id=2968, stack(0x000000e92c500000,0x000000e92c600000)]
  0x000002b3b4404980 JavaThread "ClassGraph-worker-5" daemon [_thread_blocked, id=12660, stack(0x000000e92c600000,0x000000e92c700000)]
  0x000002b3b4406660 JavaThread "ClassGraph-worker-6" daemon [_thread_blocked, id=5948, stack(0x000000e92c700000,0x000000e92c800000)]
  0x000002b3b44057f0 JavaThread "ClassGraph-worker-7" daemon [_thread_blocked, id=1456, stack(0x000000e92c800000,0x000000e92c900000)]
  0x000002b3b4405320 JavaThread "ClassGraph-worker-8" daemon [_thread_blocked, id=1912, stack(0x000000e92c900000,0x000000e92ca00000)]
  0x000002b3b4407000 JavaThread "ClassGraph-worker-9" daemon [_thread_blocked, id=11300, stack(0x000000e92ca00000,0x000000e92cb00000)]
  0x000002b3b4403fe0 JavaThread "ClassGraph-worker-10" daemon [_thread_blocked, id=4608, stack(0x000000e92cb00000,0x000000e92cc00000)]
  0x000002b3b4403b10 JavaThread "ClassGraph-worker-11" daemon [_thread_blocked, id=15724, stack(0x000000e92cc00000,0x000000e92cd00000)]
  0x000002b3b44074d0 JavaThread "ClassGraph-worker-12" daemon [_thread_blocked, id=15136, stack(0x000000e92cd00000,0x000000e92ce00000)]
  0x000002b3b4406b30 JavaThread "ClassGraph-worker-13" daemon [_thread_blocked, id=3128, stack(0x000000e92ce00000,0x000000e92cf00000)]
  0x000002b3b4405cc0 JavaThread "parallel-1" daemon [_thread_blocked, id=9708, stack(0x000000e92cf00000,0x000000e92d000000)]

Other Threads:
=>0x000002b3b2085b50 VMThread "VM Thread" [stack: 0x000000e92a400000,0x000000e92a500000] [id=16116]
  0x000002b3b2e4f500 WatcherThread [stack: 0x000000e92af00000,0x000000e92b000000] [id=14944]
  0x000002b3a4d4f530 GCTaskThread "GC Thread#0" [stack: 0x000000e929f00000,0x000000e92a000000] [id=12220]
  0x000002b3b3640600 GCTaskThread "GC Thread#1" [stack: 0x000000e92b200000,0x000000e92b300000] [id=4068]
  0x000002b3b38c39b0 GCTaskThread "GC Thread#2" [stack: 0x000000e92b300000,0x000000e92b400000] [id=14420]
  0x000002b3b38e4540 GCTaskThread "GC Thread#3" [stack: 0x000000e92b400000,0x000000e92b500000] [id=7088]
  0x000002b3b38e47f0 GCTaskThread "GC Thread#4" [stack: 0x000000e92b500000,0x000000e92b600000] [id=11576]
  0x000002b3b2e60270 GCTaskThread "GC Thread#5" [stack: 0x000000e92b700000,0x000000e92b800000] [id=1956]
  0x000002b3b3a321e0 GCTaskThread "GC Thread#6" [stack: 0x000000e92b800000,0x000000e92b900000] [id=9948]
  0x000002b3b3b4a680 GCTaskThread "GC Thread#7" [stack: 0x000000e92b900000,0x000000e92ba00000] [id=12944]
  0x000002b3a4d5ffc0 ConcurrentGCThread "G1 Main Marker" [stack: 0x000000e92a000000,0x000000e92a100000] [id=11636]
  0x000002b3a4d608e0 ConcurrentGCThread "G1 Conc#0" [stack: 0x000000e92a100000,0x000000e92a200000] [id=7040]
  0x000002b3b3d186e0 ConcurrentGCThread "G1 Conc#1" [stack: 0x000000e92bb00000,0x000000e92bc00000] [id=9764]
  0x000002b3a4dae920 ConcurrentGCThread "G1 Refine#0" [stack: 0x000000e92a200000,0x000000e92a300000] [id=14476]
  0x000002b3b3e8ebc0 ConcurrentGCThread "G1 Refine#1" [stack: 0x000000e92d000000,0x000000e92d100000] [id=11208]
  0x000002b3b1eec500 ConcurrentGCThread "G1 Service" [stack: 0x000000e92a300000,0x000000e92a400000] [id=304]

Threads with active compile tasks:

VM state: at safepoint (normal execution)

VM Mutex/Monitor currently owned by a thread:  ([mutex/lock_event])
[0x000002b3a2b9dd70] Threads_lock - owner thread: 0x000002b3b2085b50
[0x000002b3a4cf1ab0] Heap_lock - owner thread: 0x000002b3b44074d0

Heap address: 0x0000000081e00000, size: 2018 MB, Compressed Oops mode: 32-bit

CDS archive(s) not mapped
Compressed class space mapped at: 0x0000000100000000-0x0000000140000000, reserved size: 1073741824
Narrow klass base: 0x0000000000000000, Narrow klass shift: 3, Narrow klass range: 0x140000000

GC Precious Log:
 CPUs: 8 total, 8 available
 Memory: 8066M
 Large Page Support: Disabled
 NUMA Support: Disabled
 Compressed Oops: Enabled (32-bit)
 Heap Region Size: 1M
 Heap Min Capacity: 8M
 Heap Initial Capacity: 128M
 Heap Max Capacity: 2018M
 Pre-touch: Disabled
 Parallel Workers: 8
 Concurrent Workers: 2
 Concurrent Refinement Workers: 8
 Periodic GC: Disabled

Heap:
 garbage-first heap   total 157696K, used 77070K [0x0000000081e00000, 0x0000000100000000)
  region size 1024K, 6 young (6144K), 6 survivors (6144K)
 Metaspace       used 37928K, committed 38336K, reserved 1089536K
  class space    used 4906K, committed 5120K, reserved 1048576K

Heap Regions: E=young(eden), S=young(survivor), O=old, HS=humongous(starts), HC=humongous(continues), CS=collection set, F=free, OA=open archive, CA=closed archive, TAMS=top-at-mark-start (previous, next)
|   0|0x0000000081e00000, 0x0000000081f00000, 0x0000000081f00000|100%| O|  |TAMS 0x0000000081f00000, 0x0000000081e00000| Untracked 
|   1|0x0000000081f00000, 0x0000000082000000, 0x0000000082000000|100%| O|  |TAMS 0x0000000082000000, 0x0000000081f00000| Untracked 
|   2|0x0000000082000000, 0x0000000082100000, 0x0000000082100000|100%| O|  |TAMS 0x0000000082100000, 0x0000000082000000| Untracked 
|   3|0x0000000082100000, 0x0000000082200000, 0x0000000082200000|100%| O|  |TAMS 0x0000000082200000, 0x0000000082100000| Untracked 
|   4|0x0000000082200000, 0x0000000082300000, 0x0000000082300000|100%| O|  |TAMS 0x0000000082300000, 0x0000000082200000| Untracked 
|   5|0x0000000082300000, 0x0000000082400000, 0x0000000082400000|100%| O|  |TAMS 0x0000000082400000, 0x0000000082300000| Untracked 
|   6|0x0000000082400000, 0x0000000082500000, 0x0000000082500000|100%| O|  |TAMS 0x0000000082500000, 0x0000000082400000| Untracked 
|   7|0x0000000082500000, 0x0000000082600000, 0x0000000082600000|100%| O|  |TAMS 0x0000000082600000, 0x0000000082500000| Untracked 
|   8|0x0000000082600000, 0x0000000082700000, 0x0000000082700000|100%| O|  |TAMS 0x0000000082700000, 0x0000000082600000| Untracked 
|   9|0x0000000082700000, 0x0000000082800000, 0x0000000082800000|100%| O|  |TAMS 0x0000000082800000, 0x0000000082700000| Untracked 
|  10|0x0000000082800000, 0x0000000082900000, 0x0000000082900000|100%| O|  |TAMS 0x0000000082900000, 0x0000000082800000| Untracked 
|  11|0x0000000082900000, 0x0000000082a00000, 0x0000000082a00000|100%| O|  |TAMS 0x0000000082a00000, 0x0000000082900000| Untracked 
|  12|0x0000000082a00000, 0x0000000082b00000, 0x0000000082b00000|100%| O|  |TAMS 0x0000000082b00000, 0x0000000082a00000| Untracked 
|  13|0x0000000082b00000, 0x0000000082c00000, 0x0000000082c00000|100%| O|  |TAMS 0x0000000082c00000, 0x0000000082b00000| Untracked 
|  14|0x0000000082c00000, 0x0000000082d00000, 0x0000000082d00000|100%| O|  |TAMS 0x0000000082d00000, 0x0000000082c00000| Untracked 
|  15|0x0000000082d00000, 0x0000000082e00000, 0x0000000082e00000|100%| O|  |TAMS 0x0000000082e00000, 0x0000000082d00000| Untracked 
|  16|0x0000000082e00000, 0x0000000082f00000, 0x0000000082f00000|100%| O|  |TAMS 0x0000000082f00000, 0x0000000082e00000| Untracked 
|  17|0x0000000082f00000, 0x0000000083000000, 0x0000000083000000|100%| O|  |TAMS 0x0000000083000000, 0x0000000082f00000| Untracked 
|  18|0x0000000083000000, 0x0000000083100000, 0x0000000083100000|100%| O|  |TAMS 0x0000000083100000, 0x0000000083000000| Untracked 
|  19|0x0000000083100000, 0x0000000083200000, 0x0000000083200000|100%| O|  |TAMS 0x0000000083200000, 0x0000000083100000| Untracked 
|  20|0x0000000083200000, 0x0000000083300000, 0x0000000083300000|100%| O|  |TAMS 0x0000000083300000, 0x0000000083200000| Untracked 
|  21|0x0000000083300000, 0x0000000083400000, 0x0000000083400000|100%| O|  |TAMS 0x0000000083400000, 0x0000000083300000| Untracked 
|  22|0x0000000083400000, 0x0000000083500000, 0x0000000083500000|100%| O|  |TAMS 0x0000000083500000, 0x0000000083400000| Untracked 
|  23|0x0000000083500000, 0x0000000083600000, 0x0000000083600000|100%| O|  |TAMS 0x0000000083600000, 0x0000000083500000| Untracked 
|  24|0x0000000083600000, 0x0000000083700000, 0x0000000083700000|100%| O|  |TAMS 0x0000000083700000, 0x0000000083600000| Untracked 
|  25|0x0000000083700000, 0x0000000083800000, 0x0000000083800000|100%| O|  |TAMS 0x0000000083800000, 0x0000000083700000| Untracked 
|  26|0x0000000083800000, 0x0000000083900000, 0x0000000083900000|100%| O|  |TAMS 0x0000000083900000, 0x0000000083800000| Untracked 
|  27|0x0000000083900000, 0x0000000083a00000, 0x0000000083a00000|100%| O|  |TAMS 0x0000000083a00000, 0x0000000083900000| Untracked 
|  28|0x0000000083a00000, 0x0000000083b00000, 0x0000000083b00000|100%| O|  |TAMS 0x0000000083b00000, 0x0000000083a00000| Untracked 
|  29|0x0000000083b00000, 0x0000000083c00000, 0x0000000083c00000|100%| O|  |TAMS 0x0000000083c00000, 0x0000000083b00000| Untracked 
|  30|0x0000000083c00000, 0x0000000083d00000, 0x0000000083d00000|100%| O|  |TAMS 0x0000000083d00000, 0x0000000083c00000| Untracked 
|  31|0x0000000083d00000, 0x0000000083e00000, 0x0000000083e00000|100%| O|  |TAMS 0x0000000083e00000, 0x0000000083d00000| Untracked 
|  32|0x0000000083e00000, 0x0000000083f00000, 0x0000000083f00000|100%| O|  |TAMS 0x0000000083f00000, 0x0000000083e00000| Untracked 
|  33|0x0000000083f00000, 0x0000000084000000, 0x0000000084000000|100%| O|  |TAMS 0x0000000084000000, 0x0000000083f00000| Untracked 
|  34|0x0000000084000000, 0x0000000084100000, 0x0000000084100000|100%| O|  |TAMS 0x0000000084100000, 0x0000000084000000| Untracked 
|  35|0x0000000084100000, 0x0000000084200000, 0x0000000084200000|100%| O|  |TAMS 0x0000000084200000, 0x0000000084100000| Untracked 
|  36|0x0000000084200000, 0x0000000084300000, 0x0000000084300000|100%| O|  |TAMS 0x0000000084300000, 0x0000000084200000| Untracked 
|  37|0x0000000084300000, 0x0000000084400000, 0x0000000084400000|100%| O|  |TAMS 0x0000000084400000, 0x0000000084300000| Untracked 
|  38|0x0000000084400000, 0x0000000084500000, 0x0000000084500000|100%| O|  |TAMS 0x0000000084500000, 0x0000000084400000| Untracked 
|  39|0x0000000084500000, 0x0000000084600000, 0x0000000084600000|100%| O|  |TAMS 0x0000000084600000, 0x0000000084500000| Untracked 
|  40|0x0000000084600000, 0x0000000084700000, 0x0000000084700000|100%| O|  |TAMS 0x0000000084700000, 0x0000000084600000| Untracked 
|  41|0x0000000084700000, 0x0000000084800000, 0x0000000084800000|100%| O|  |TAMS 0x00000000847c9800, 0x0000000084700000| Untracked 
|  42|0x0000000084800000, 0x0000000084900000, 0x0000000084900000|100%| O|  |TAMS 0x0000000084800000, 0x0000000084800000| Untracked 
|  43|0x0000000084900000, 0x0000000084a00000, 0x0000000084a00000|100%| O|  |TAMS 0x0000000084900000, 0x0000000084900000| Untracked 
|  44|0x0000000084a00000, 0x0000000084b00000, 0x0000000084b00000|100%| O|  |TAMS 0x0000000084a00000, 0x0000000084a00000| Untracked 
|  45|0x0000000084b00000, 0x0000000084c00000, 0x0000000084c00000|100%| O|  |TAMS 0x0000000084b00000, 0x0000000084b00000| Untracked 
|  46|0x0000000084c00000, 0x0000000084d00000, 0x0000000084d00000|100%|HS|  |TAMS 0x0000000084c00000, 0x0000000084c00000| Complete 
|  47|0x0000000084d00000, 0x0000000084e00000, 0x0000000084e00000|100%|HS|  |TAMS 0x0000000084d00000, 0x0000000084d00000| Complete 
|  48|0x0000000084e00000, 0x0000000084f00000, 0x0000000084f00000|100%| O|  |TAMS 0x0000000084e00000, 0x0000000084e00000| Untracked 
|  49|0x0000000084f00000, 0x0000000085000000, 0x0000000085000000|100%| O|  |TAMS 0x0000000084f00000, 0x0000000084f00000| Untracked 
|  50|0x0000000085000000, 0x0000000085100000, 0x0000000085100000|100%| O|  |TAMS 0x0000000085000000, 0x0000000085000000| Untracked 
|  51|0x0000000085100000, 0x0000000085200000, 0x0000000085200000|100%| O|  |TAMS 0x0000000085100000, 0x0000000085100000| Untracked 
|  52|0x0000000085200000, 0x0000000085300000, 0x0000000085300000|100%| O|  |TAMS 0x0000000085200000, 0x0000000085200000| Untracked 
|  53|0x0000000085300000, 0x0000000085400000, 0x0000000085400000|100%| O|  |TAMS 0x0000000085300000, 0x0000000085300000| Untracked 
|  54|0x0000000085400000, 0x0000000085500000, 0x0000000085500000|100%| O|  |TAMS 0x0000000085400000, 0x0000000085400000| Untracked 
|  55|0x0000000085500000, 0x0000000085600000, 0x0000000085600000|100%| O|  |TAMS 0x0000000085500000, 0x0000000085500000| Untracked 
|  56|0x0000000085600000, 0x0000000085700000, 0x0000000085700000|100%| O|  |TAMS 0x0000000085600000, 0x0000000085600000| Untracked 
|  57|0x0000000085700000, 0x0000000085800000, 0x0000000085800000|100%| O|  |TAMS 0x0000000085700000, 0x0000000085700000| Untracked 
|  58|0x0000000085800000, 0x0000000085900000, 0x0000000085900000|100%| O|  |TAMS 0x0000000085800000, 0x0000000085800000| Untracked 
|  59|0x0000000085900000, 0x0000000085a00000, 0x0000000085a00000|100%| O|  |TAMS 0x0000000085900000, 0x0000000085900000| Untracked 
|  60|0x0000000085a00000, 0x0000000085b00000, 0x0000000085b00000|100%| O|  |TAMS 0x0000000085a00000, 0x0000000085a00000| Untracked 
|  61|0x0000000085b00000, 0x0000000085c00000, 0x0000000085c00000|100%| O|  |TAMS 0x0000000085b00000, 0x0000000085b00000| Untracked 
|  62|0x0000000085c00000, 0x0000000085d00000, 0x0000000085d00000|100%| O|  |TAMS 0x0000000085c00000, 0x0000000085c00000| Untracked 
|  63|0x0000000085d00000, 0x0000000085e00000, 0x0000000085e00000|100%| O|  |TAMS 0x0000000085d00000, 0x0000000085d00000| Untracked 
|  64|0x0000000085e00000, 0x0000000085f00000, 0x0000000085f00000|100%| O|  |TAMS 0x0000000085e00000, 0x0000000085e00000| Untracked 
|  65|0x0000000085f00000, 0x0000000086000000, 0x0000000086000000|100%| O|  |TAMS 0x0000000085f00000, 0x0000000085f00000| Untracked 
|  66|0x0000000086000000, 0x0000000086100000, 0x0000000086100000|100%| O|  |TAMS 0x0000000086000000, 0x0000000086000000| Untracked 
|  67|0x0000000086100000, 0x0000000086200000, 0x0000000086200000|100%| O|  |TAMS 0x0000000086100000, 0x0000000086100000| Untracked 
|  68|0x0000000086200000, 0x0000000086300000, 0x0000000086300000|100%| O|  |TAMS 0x0000000086200000, 0x0000000086200000| Untracked 
|  69|0x0000000086300000, 0x0000000086391c00, 0x0000000086400000| 56%| O|  |TAMS 0x0000000086300000, 0x0000000086300000| Untracked 
|  70|0x0000000086400000, 0x0000000086400000, 0x0000000086500000|  0%| F|  |TAMS 0x0000000086400000, 0x0000000086400000| Untracked 
|  71|0x0000000086500000, 0x0000000086500000, 0x0000000086600000|  0%| F|  |TAMS 0x0000000086500000, 0x0000000086500000| Untracked 
|  72|0x0000000086600000, 0x0000000086600000, 0x0000000086700000|  0%| F|  |TAMS 0x0000000086600000, 0x0000000086600000| Untracked 
|  73|0x0000000086700000, 0x0000000086700000, 0x0000000086800000|  0%| F|  |TAMS 0x0000000086700000, 0x0000000086700000| Untracked 
|  74|0x0000000086800000, 0x0000000086800000, 0x0000000086900000|  0%| F|  |TAMS 0x0000000086800000, 0x0000000086800000| Untracked 
|  75|0x0000000086900000, 0x0000000086900000, 0x0000000086a00000|  0%| F|  |TAMS 0x0000000086900000, 0x0000000086900000| Untracked 
|  76|0x0000000086a00000, 0x0000000086a00000, 0x0000000086b00000|  0%| F|  |TAMS 0x0000000086a00000, 0x0000000086a00000| Untracked 
|  77|0x0000000086b00000, 0x0000000086b00000, 0x0000000086c00000|  0%| F|  |TAMS 0x0000000086b00000, 0x0000000086b00000| Untracked 
|  78|0x0000000086c00000, 0x0000000086c00000, 0x0000000086d00000|  0%| F|  |TAMS 0x0000000086c00000, 0x0000000086c00000| Untracked 
|  79|0x0000000086d00000, 0x0000000086d00000, 0x0000000086e00000|  0%| F|  |TAMS 0x0000000086d00000, 0x0000000086d00000| Untracked 
|  80|0x0000000086e00000, 0x0000000086e00000, 0x0000000086f00000|  0%| F|  |TAMS 0x0000000086e00000, 0x0000000086e00000| Untracked 
|  81|0x0000000086f00000, 0x0000000086f00000, 0x0000000087000000|  0%| F|  |TAMS 0x0000000086f00000, 0x0000000086f00000| Untracked 
|  82|0x0000000087000000, 0x0000000087000000, 0x0000000087100000|  0%| F|  |TAMS 0x0000000087000000, 0x0000000087000000| Untracked 
|  83|0x0000000087100000, 0x0000000087100000, 0x0000000087200000|  0%| F|  |TAMS 0x0000000087100000, 0x0000000087100000| Untracked 
|  84|0x0000000087200000, 0x0000000087200000, 0x0000000087300000|  0%| F|  |TAMS 0x0000000087200000, 0x0000000087200000| Untracked 
|  85|0x0000000087300000, 0x0000000087300000, 0x0000000087400000|  0%| F|  |TAMS 0x0000000087300000, 0x0000000087300000| Untracked 
|  86|0x0000000087400000, 0x0000000087400000, 0x0000000087500000|  0%| F|  |TAMS 0x0000000087400000, 0x0000000087400000| Untracked 
|  87|0x0000000087500000, 0x0000000087500000, 0x0000000087600000|  0%| F|  |TAMS 0x0000000087500000, 0x0000000087500000| Untracked 
|  88|0x0000000087600000, 0x0000000087600000, 0x0000000087700000|  0%| F|  |TAMS 0x0000000087600000, 0x0000000087600000| Untracked 
|  89|0x0000000087700000, 0x0000000087700000, 0x0000000087800000|  0%| F|  |TAMS 0x0000000087700000, 0x0000000087700000| Untracked 
|  90|0x0000000087800000, 0x0000000087800000, 0x0000000087900000|  0%| F|  |TAMS 0x0000000087800000, 0x0000000087800000| Untracked 
|  91|0x0000000087900000, 0x0000000087900000, 0x0000000087a00000|  0%| F|  |TAMS 0x0000000087900000, 0x0000000087900000| Untracked 
|  92|0x0000000087a00000, 0x0000000087a00000, 0x0000000087b00000|  0%| F|  |TAMS 0x0000000087a00000, 0x0000000087a00000| Untracked 
|  93|0x0000000087b00000, 0x0000000087b00000, 0x0000000087c00000|  0%| F|  |TAMS 0x0000000087b00000, 0x0000000087b00000| Untracked 
|  94|0x0000000087c00000, 0x0000000087c00000, 0x0000000087d00000|  0%| F|  |TAMS 0x0000000087c00000, 0x0000000087c00000| Untracked 
|  95|0x0000000087d00000, 0x0000000087d00000, 0x0000000087e00000|  0%| F|  |TAMS 0x0000000087d00000, 0x0000000087d00000| Untracked 
|  96|0x0000000087e00000, 0x0000000087eb1ea0, 0x0000000087f00000| 69%| S|CS|TAMS 0x0000000087e00000, 0x0000000087e00000| Complete 
|  97|0x0000000087f00000, 0x0000000088000000, 0x0000000088000000|100%| S|CS|TAMS 0x0000000087f00000, 0x0000000087f00000| Complete 
|  98|0x0000000088000000, 0x0000000088100000, 0x0000000088100000|100%| S|CS|TAMS 0x0000000088000000, 0x0000000088000000| Complete 
|  99|0x0000000088100000, 0x0000000088100000, 0x0000000088200000|  0%| F|  |TAMS 0x0000000088100000, 0x0000000088100000| Untracked 
| 100|0x0000000088200000, 0x0000000088200000, 0x0000000088300000|  0%| F|  |TAMS 0x0000000088200000, 0x0000000088200000| Untracked 
| 101|0x0000000088300000, 0x0000000088300000, 0x0000000088400000|  0%| F|  |TAMS 0x0000000088300000, 0x0000000088300000| Untracked 
| 102|0x0000000088400000, 0x0000000088400000, 0x0000000088500000|  0%| F|  |TAMS 0x0000000088400000, 0x0000000088400000| Untracked 
| 103|0x0000000088500000, 0x0000000088500000, 0x0000000088600000|  0%| F|  |TAMS 0x0000000088500000, 0x0000000088500000| Untracked 
| 104|0x0000000088600000, 0x0000000088600000, 0x0000000088700000|  0%| F|  |TAMS 0x0000000088600000, 0x0000000088600000| Untracked 
| 105|0x0000000088700000, 0x0000000088800000, 0x0000000088800000|100%| S|CS|TAMS 0x0000000088700000, 0x0000000088700000| Complete 
| 106|0x0000000088800000, 0x0000000088900000, 0x0000000088900000|100%| S|CS|TAMS 0x0000000088800000, 0x0000000088800000| Complete 
| 107|0x0000000088900000, 0x0000000088a00000, 0x0000000088a00000|100%| S|CS|TAMS 0x0000000088900000, 0x0000000088900000| Complete 
| 108|0x0000000088a00000, 0x0000000088a00000, 0x0000000088b00000|  0%| F|  |TAMS 0x0000000088a00000, 0x0000000088a00000| Untracked 
| 109|0x0000000088b00000, 0x0000000088b00000, 0x0000000088c00000|  0%| F|  |TAMS 0x0000000088b00000, 0x0000000088b00000| Untracked 
| 110|0x0000000088c00000, 0x0000000088c00000, 0x0000000088d00000|  0%| F|  |TAMS 0x0000000088c00000, 0x0000000088c00000| Untracked 
| 111|0x0000000088d00000, 0x0000000088d00000, 0x0000000088e00000|  0%| F|  |TAMS 0x0000000088d00000, 0x0000000088d00000| Untracked 
| 112|0x0000000088e00000, 0x0000000088e00000, 0x0000000088f00000|  0%| F|  |TAMS 0x0000000088e00000, 0x0000000088e00000| Untracked 
| 113|0x0000000088f00000, 0x0000000088f00000, 0x0000000089000000|  0%| F|  |TAMS 0x0000000088f00000, 0x0000000088f00000| Untracked 
| 114|0x0000000089000000, 0x0000000089000000, 0x0000000089100000|  0%| F|  |TAMS 0x0000000089000000, 0x0000000089000000| Untracked 
| 115|0x0000000089100000, 0x0000000089100000, 0x0000000089200000|  0%| F|  |TAMS 0x0000000089100000, 0x0000000089100000| Untracked 
| 116|0x0000000089200000, 0x0000000089200000, 0x0000000089300000|  0%| F|  |TAMS 0x0000000089200000, 0x0000000089200000| Untracked 
| 117|0x0000000089300000, 0x0000000089300000, 0x0000000089400000|  0%| F|  |TAMS 0x0000000089300000, 0x0000000089300000| Untracked 
| 118|0x0000000089400000, 0x0000000089400000, 0x0000000089500000|  0%| F|  |TAMS 0x0000000089400000, 0x0000000089400000| Untracked 
| 119|0x0000000089500000, 0x0000000089500000, 0x0000000089600000|  0%| F|  |TAMS 0x0000000089500000, 0x0000000089500000| Untracked 
| 120|0x0000000089600000, 0x0000000089600000, 0x0000000089700000|  0%| F|  |TAMS 0x0000000089600000, 0x0000000089600000| Untracked 
| 121|0x0000000089700000, 0x0000000089700000, 0x0000000089800000|  0%| F|  |TAMS 0x0000000089700000, 0x0000000089700000| Untracked 
| 122|0x0000000089800000, 0x0000000089800000, 0x0000000089900000|  0%| F|  |TAMS 0x0000000089800000, 0x0000000089800000| Untracked 
| 123|0x0000000089900000, 0x0000000089900000, 0x0000000089a00000|  0%| F|  |TAMS 0x0000000089900000, 0x0000000089900000| Untracked 
| 124|0x0000000089a00000, 0x0000000089a00000, 0x0000000089b00000|  0%| F|  |TAMS 0x0000000089a00000, 0x0000000089a00000| Untracked 
| 125|0x0000000089b00000, 0x0000000089b00000, 0x0000000089c00000|  0%| F|  |TAMS 0x0000000089b00000, 0x0000000089b00000| Untracked 
| 126|0x0000000089c00000, 0x0000000089c00000, 0x0000000089d00000|  0%| F|  |TAMS 0x0000000089c00000, 0x0000000089c00000| Untracked 
| 127|0x0000000089d00000, 0x0000000089d00000, 0x0000000089e00000|  0%| F|  |TAMS 0x0000000089d00000, 0x0000000089d00000| Untracked 
| 128|0x0000000089e00000, 0x0000000089e00000, 0x0000000089f00000|  0%| F|  |TAMS 0x0000000089e00000, 0x0000000089e00000| Untracked 
| 129|0x0000000089f00000, 0x0000000089f00000, 0x000000008a000000|  0%| F|  |TAMS 0x0000000089f00000, 0x0000000089f00000| Untracked 
| 130|0x000000008a000000, 0x000000008a000000, 0x000000008a100000|  0%| F|  |TAMS 0x000000008a000000, 0x000000008a000000| Untracked 
| 131|0x000000008a100000, 0x000000008a100000, 0x000000008a200000|  0%| F|  |TAMS 0x000000008a100000, 0x000000008a100000| Untracked 
| 132|0x000000008a200000, 0x000000008a200000, 0x000000008a300000|  0%| F|  |TAMS 0x000000008a200000, 0x000000008a200000| Untracked 
| 133|0x000000008a300000, 0x000000008a300000, 0x000000008a400000|  0%| F|  |TAMS 0x000000008a300000, 0x000000008a300000| Untracked 
| 134|0x000000008a400000, 0x000000008a400000, 0x000000008a500000|  0%| F|  |TAMS 0x000000008a400000, 0x000000008a400000| Untracked 
| 135|0x000000008a500000, 0x000000008a500000, 0x000000008a600000|  0%| F|  |TAMS 0x000000008a500000, 0x000000008a500000| Untracked 
| 136|0x000000008a600000, 0x000000008a600000, 0x000000008a700000|  0%| F|  |TAMS 0x000000008a600000, 0x000000008a600000| Untracked 
| 137|0x000000008a700000, 0x000000008a700000, 0x000000008a800000|  0%| F|  |TAMS 0x000000008a700000, 0x000000008a700000| Untracked 
| 138|0x000000008a800000, 0x000000008a800000, 0x000000008a900000|  0%| F|  |TAMS 0x000000008a800000, 0x000000008a800000| Untracked 
| 139|0x000000008a900000, 0x000000008a900000, 0x000000008aa00000|  0%| F|  |TAMS 0x000000008a900000, 0x000000008a900000| Untracked 
| 140|0x000000008aa00000, 0x000000008aa00000, 0x000000008ab00000|  0%| F|  |TAMS 0x000000008aa00000, 0x000000008aa00000| Untracked 
| 141|0x000000008ab00000, 0x000000008ab00000, 0x000000008ac00000|  0%| F|  |TAMS 0x000000008ab00000, 0x000000008ab00000| Untracked 
| 142|0x000000008ac00000, 0x000000008ac00000, 0x000000008ad00000|  0%| F|  |TAMS 0x000000008ac00000, 0x000000008ac00000| Untracked 
| 143|0x000000008ad00000, 0x000000008ad00000, 0x000000008ae00000|  0%| F|  |TAMS 0x000000008ad00000, 0x000000008ad00000| Untracked 
| 144|0x000000008ae00000, 0x000000008ae00000, 0x000000008af00000|  0%| F|  |TAMS 0x000000008ae00000, 0x000000008ae00000| Untracked 
| 145|0x000000008af00000, 0x000000008af00000, 0x000000008b000000|  0%| F|  |TAMS 0x000000008af00000, 0x000000008af00000| Untracked 
| 146|0x000000008b000000, 0x000000008b000000, 0x000000008b100000|  0%| F|  |TAMS 0x000000008b000000, 0x000000008b000000| Untracked 
| 147|0x000000008b100000, 0x000000008b100000, 0x000000008b200000|  0%| F|  |TAMS 0x000000008b100000, 0x000000008b100000| Untracked 
| 148|0x000000008b200000, 0x000000008b200000, 0x000000008b300000|  0%| F|  |TAMS 0x000000008b200000, 0x000000008b200000| Untracked 
| 149|0x000000008b300000, 0x000000008b300000, 0x000000008b400000|  0%| F|  |TAMS 0x000000008b300000, 0x000000008b300000| Untracked 
| 150|0x000000008b400000, 0x000000008b400000, 0x000000008b500000|  0%| F|  |TAMS 0x000000008b400000, 0x000000008b400000| Untracked 
| 151|0x000000008b500000, 0x000000008b500000, 0x000000008b600000|  0%| F|  |TAMS 0x000000008b500000, 0x000000008b500000| Untracked 
| 152|0x000000008b600000, 0x000000008b600000, 0x000000008b700000|  0%| F|  |TAMS 0x000000008b600000, 0x000000008b600000| Untracked 
| 153|0x000000008b700000, 0x000000008b700000, 0x000000008b800000|  0%| F|  |TAMS 0x000000008b700000, 0x000000008b700000| Untracked 

Card table byte_map: [0x000002b3aae80000,0x000002b3ab280000] _byte_map_base: 0x000002b3aaa71000

Marking Bits (Prev, Next): (CMBitMap*) 0x000002b3a4d4fa90, (CMBitMap*) 0x000002b3a4d4fa50
 Prev Bits: [0x000002b3ad610000, 0x000002b3af598000)
 Next Bits: [0x000002b3ab680000, 0x000002b3ad608000)

Polling page: 0x000002b3a2cc0000

Metaspace:

Usage:
  Non-class:     32.25 MB used.
      Class:      4.79 MB used.
       Both:     37.04 MB used.

Virtual space:
  Non-class space:       40.00 MB reserved,      32.44 MB ( 81%) committed,  5 nodes.
      Class space:        1.00 GB reserved,       5.00 MB ( <1%) committed,  1 nodes.
             Both:        1.04 GB reserved,      37.44 MB (  4%) committed. 

Chunk freelists:
   Non-Class:  2.72 MB
       Class:  2.92 MB
        Both:  5.64 MB

MaxMetaspaceSize: unlimited
CompressedClassSpaceSize: 1.00 GB
Initial GC threshold: 21.00 MB
Current GC threshold: 60.31 MB
CDS: off
MetaspaceReclaimPolicy: balanced
 - commit_granule_bytes: 65536.
 - commit_granule_words: 8192.
 - virtual_space_node_default_size: 1048576.
 - enlarge_chunks_in_place: 1.
 - new_chunks_are_fully_committed: 0.
 - uncommit_free_chunks: 1.
 - use_allocation_guard: 0.
 - handle_deallocations: 1.


Internal statistics:

num_allocs_failed_limit: 10.
num_arena_births: 456.
num_arena_deaths: 0.
num_vsnodes_births: 6.
num_vsnodes_deaths: 0.
num_space_committed: 599.
num_space_uncommitted: 0.
num_chunks_returned_to_freelist: 10.
num_chunks_taken_from_freelist: 1576.
num_chunk_merges: 10.
num_chunk_splits: 1092.
num_chunks_enlarged: 814.
num_purges: 0.
num_inconsistent_stats: 0.

CodeCache: size=49152Kb used=9430Kb max_used=9430Kb free=39721Kb
 bounds [0x000002b3a7970000, 0x000002b3a82b0000, 0x000002b3aa970000]
 total_blobs=4490 nmethods=3943 adapters=471
 compilation: enabled
              stopped_count=0, restarted_count=0
 full_count=0

Compilation events (20 events):
Event: 7.316 Thread 0x000002b3b2e2a8b0 nmethod 3938 0x000002b3a829e290 code [0x000002b3a829e420, 0x000002b3a829e538]
Event: 7.316 Thread 0x000002b3b2e2a8b0 3933   !   1       jdk.internal.module.SystemModuleFinders$SystemModuleReader::toInputStream (43 bytes)
Event: 7.317 Thread 0x000002b3b3a80060 nmethod 3934 0x000002b3a829e590 code [0x000002b3a829e720, 0x000002b3a829e868]
Event: 7.317 Thread 0x000002b3b3a80060 3935       1       jdk.internal.module.SystemModuleFinders$SystemModuleReader::open (15 bytes)
Event: 7.317 Thread 0x000002b3b38596f0 nmethod 3937 0x000002b3a829e910 code [0x000002b3a829ec80, 0x000002b3a829fae8]
Event: 7.321 Thread 0x000002b3b2c29e40 nmethod 3939 0x000002b3a82a0390 code [0x000002b3a82a0580, 0x000002b3a82a0918]
Event: 7.321 Thread 0x000002b3b38596f0 3940   !   1       nonapi.io.github.classgraph.fileslice.reader.ClassfileReader::close (43 bytes)
Event: 7.321 Thread 0x000002b3b2c29e40 3929       1       jdk.internal.jimage.BasicImageReader::findLocation (57 bytes)
Event: 7.321 Thread 0x000002b3b2e2a8b0 nmethod 3933 0x000002b3a82a0b10 code [0x000002b3a82a0d00, 0x000002b3a82a1228]
Event: 7.321 Thread 0x000002b3b2e2a8b0 3927       1       jdk.internal.module.SystemModuleFinders$SystemModuleReader::findImageLocation (42 bytes)
Event: 7.322 Thread 0x000002b3b38596f0 nmethod 3940 0x000002b3a82a1510 code [0x000002b3a82a16c0, 0x000002b3a82a1898]
Event: 7.322 Thread 0x000002b3b38596f0 3936       1       jdk.internal.jimage.ImageReader::findLocation (14 bytes)
Event: 7.322 Thread 0x000002b3b2e2a8b0 nmethod 3927 0x000002b3a82a1990 code [0x000002b3a82a1b60, 0x000002b3a82a1e58]
Event: 7.322 Thread 0x000002b3b2e2a8b0 3942       1       jdk.internal.jimage.decompressor.ZipDecompressor::decompress (10 bytes)
Event: 7.322 Thread 0x000002b3b2e2a8b0 nmethod 3942 0x000002b3a82a2010 code [0x000002b3a82a21a0, 0x000002b3a82a2288]
Event: 7.322 Thread 0x000002b3b38596f0 nmethod 3936 0x000002b3a82a2310 code [0x000002b3a82a24c0, 0x000002b3a82a2658]
Event: 7.322 Thread 0x000002b3b2c29e40 nmethod 3929 0x000002b3a82a2790 code [0x000002b3a82a29a0, 0x000002b3a82a2ec8]
Event: 7.322 Thread 0x000002b3b3a80060 nmethod 3935 0x000002b3a82a3110 code [0x000002b3a82a3320, 0x000002b3a82a38e8]
Event: 7.346 Thread 0x000002b3b2c29e40 3943  s!   1       jdk.internal.loader.URLClassPath::getLoader (196 bytes)
Event: 7.352 Thread 0x000002b3b2c29e40 nmethod 3943 0x000002b3a82a4210 code [0x000002b3a82a44c0, 0x000002b3a82a4ed8]

GC Heap History (20 events):
Event: 6.678 GC heap after
{Heap after GC invocations=9 (full 0):
 garbage-first heap   total 78848K, used 19872K [0x0000000081e00000, 0x0000000100000000)
  region size 1024K, 2 young (2048K), 2 survivors (2048K)
 Metaspace       used 35800K, committed 36096K, reserved 1081344K
  class space    used 4682K, committed 4800K, reserved 1048576K
}
Event: 6.801 GC heap before
{Heap before GC invocations=10 (full 0):
 garbage-first heap   total 78848K, used 53664K [0x0000000081e00000, 0x0000000100000000)
  region size 1024K, 36 young (36864K), 2 survivors (2048K)
 Metaspace       used 35962K, committed 36352K, reserved 1081344K
  class space    used 4713K, committed 4864K, reserved 1048576K
}
Event: 6.806 GC heap after
{Heap after GC invocations=11 (full 0):
 garbage-first heap   total 78848K, used 26529K [0x0000000081e00000, 0x0000000100000000)
  region size 1024K, 5 young (5120K), 5 survivors (5120K)
 Metaspace       used 35962K, committed 36352K, reserved 1081344K
  class space    used 4713K, committed 4864K, reserved 1048576K
}
Event: 6.896 GC heap before
{Heap before GC invocations=11 (full 0):
 garbage-first heap   total 78848K, used 56225K [0x0000000081e00000, 0x0000000100000000)
  region size 1024K, 34 young (34816K), 5 survivors (5120K)
 Metaspace       used 36088K, committed 36480K, reserved 1081344K
  class space    used 4737K, committed 4928K, reserved 1048576K
}
Event: 6.903 GC heap after
{Heap after GC invocations=12 (full 0):
 garbage-first heap   total 78848K, used 31744K [0x0000000081e00000, 0x0000000100000000)
  region size 1024K, 5 young (5120K), 5 survivors (5120K)
 Metaspace       used 36088K, committed 36480K, reserved 1081344K
  class space    used 4737K, committed 4928K, reserved 1048576K
}
Event: 6.955 GC heap before
{Heap before GC invocations=12 (full 0):
 garbage-first heap   total 78848K, used 61440K [0x0000000081e00000, 0x0000000100000000)
  region size 1024K, 31 young (31744K), 5 survivors (5120K)
 Metaspace       used 36216K, committed 36608K, reserved 1081344K
  class space    used 4761K, committed 4928K, reserved 1048576K
}
Event: 6.959 GC heap after
{Heap after GC invocations=13 (full 0):
 garbage-first heap   total 78848K, used 38433K [0x0000000081e00000, 0x0000000100000000)
  region size 1024K, 4 young (4096K), 4 survivors (4096K)
 Metaspace       used 36216K, committed 36608K, reserved 1081344K
  class space    used 4761K, committed 4928K, reserved 1048576K
}
Event: 6.992 GC heap before
{Heap before GC invocations=13 (full 0):
 garbage-first heap   total 78848K, used 58913K [0x0000000081e00000, 0x0000000100000000)
  region size 1024K, 24 young (24576K), 4 survivors (4096K)
 Metaspace       used 36263K, committed 36672K, reserved 1081344K
  class space    used 4767K, committed 4992K, reserved 1048576K
}
Event: 6.998 GC heap after
{Heap after GC invocations=14 (full 0):
 garbage-first heap   total 78848K, used 45862K [0x0000000081e00000, 0x0000000100000000)
  region size 1024K, 3 young (3072K), 3 survivors (3072K)
 Metaspace       used 36263K, committed 36672K, reserved 1081344K
  class space    used 4767K, committed 4992K, reserved 1048576K
}
Event: 7.032 GC heap before
{Heap before GC invocations=14 (full 0):
 garbage-first heap   total 78848K, used 60198K [0x0000000081e00000, 0x0000000100000000)
  region size 1024K, 17 young (17408K), 3 survivors (3072K)
 Metaspace       used 36334K, committed 36736K, reserved 1081344K
  class space    used 4769K, committed 4992K, reserved 1048576K
}
Event: 7.037 GC heap after
{Heap after GC invocations=15 (full 0):
 garbage-first heap   total 157696K, used 49608K [0x0000000081e00000, 0x0000000100000000)
  region size 1024K, 3 young (3072K), 3 survivors (3072K)
 Metaspace       used 36334K, committed 36736K, reserved 1081344K
  class space    used 4769K, committed 4992K, reserved 1048576K
}
Event: 7.272 GC heap before
{Heap before GC invocations=16 (full 0):
 garbage-first heap   total 157696K, used 106952K [0x0000000081e00000, 0x0000000100000000)
  region size 1024K, 58 young (59392K), 3 survivors (3072K)
 Metaspace       used 37696K, committed 38144K, reserved 1089536K
  class space    used 4888K, committed 5120K, reserved 1048576K
}
Event: 7.297 GC heap after
{Heap after GC invocations=17 (full 0):
 garbage-first heap   total 157696K, used 68517K [0x0000000081e00000, 0x0000000100000000)
  region size 1024K, 8 young (8192K), 8 survivors (8192K)
 Metaspace       used 37696K, committed 38144K, reserved 1089536K
  class space    used 4888K, committed 5120K, reserved 1048576K
}
Event: 7.317 GC heap before
{Heap before GC invocations=17 (full 0):
 garbage-first heap   total 157696K, used 108453K [0x0000000081e00000, 0x0000000100000000)
  region size 1024K, 48 young (49152K), 8 survivors (8192K)
 Metaspace       used 37752K, committed 38144K, reserved 1089536K
  class space    used 4889K, committed 5120K, reserved 1048576K
}
Event: 7.321 GC heap after
{Heap after GC invocations=18 (full 0):
 garbage-first heap   total 157696K, used 72388K [0x0000000081e00000, 0x0000000100000000)
  region size 1024K, 3 young (3072K), 3 survivors (3072K)
 Metaspace       used 37752K, committed 38144K, reserved 1089536K
  class space    used 4889K, committed 5120K, reserved 1048576K
}
Event: 7.332 GC heap before
{Heap before GC invocations=18 (full 0):
 garbage-first heap   total 157696K, used 114372K [0x0000000081e00000, 0x0000000100000000)
  region size 1024K, 45 young (46080K), 3 survivors (3072K)
 Metaspace       used 37802K, committed 38208K, reserved 1089536K
  class space    used 4890K, committed 5120K, reserved 1048576K
}
Event: 7.334 GC heap after
{Heap after GC invocations=19 (full 0):
 garbage-first heap   total 157696K, used 73268K [0x0000000081e00000, 0x0000000100000000)
  region size 1024K, 4 young (4096K), 4 survivors (4096K)
 Metaspace       used 37802K, committed 38208K, reserved 1089536K
  class space    used 4890K, committed 5120K, reserved 1048576K
}
Event: 7.349 GC heap before
{Heap before GC invocations=19 (full 0):
 garbage-first heap   total 157696K, used 118324K [0x0000000081e00000, 0x0000000100000000)
  region size 1024K, 49 young (50176K), 4 survivors (4096K)
 Metaspace       used 37864K, committed 38272K, reserved 1089536K
  class space    used 4900K, committed 5120K, reserved 1048576K
}
Event: 7.352 GC heap after
{Heap after GC invocations=20 (full 0):
 garbage-first heap   total 157696K, used 75214K [0x0000000081e00000, 0x0000000100000000)
  region size 1024K, 6 young (6144K), 6 survivors (6144K)
 Metaspace       used 37864K, committed 38272K, reserved 1089536K
  class space    used 4900K, committed 5120K, reserved 1048576K
}
Event: 7.406 GC heap before
{Heap before GC invocations=20 (full 0):
 garbage-first heap   total 157696K, used 121294K [0x0000000081e00000, 0x0000000100000000)
  region size 1024K, 52 young (53248K), 6 survivors (6144K)
 Metaspace       used 37928K, committed 38336K, reserved 1089536K
  class space    used 4906K, committed 5120K, reserved 1048576K
}

Dll operation events (8 events):
Event: 0.022 Loaded shared library c:\Users\akmal\.vscode\extensions\redhat.java-1.14.2023011403-win32-x64\jre\17.0.5-win32-x86_64\bin\java.dll
Event: 0.573 Loaded shared library C:\Users\akmal\.vscode\extensions\redhat.java-1.14.2023011403-win32-x64\jre\17.0.5-win32-x86_64\bin\net.dll
Event: 0.579 Loaded shared library C:\Users\akmal\.vscode\extensions\redhat.java-1.14.2023011403-win32-x64\jre\17.0.5-win32-x86_64\bin\nio.dll
Event: 0.605 Loaded shared library C:\Users\akmal\.vscode\extensions\redhat.java-1.14.2023011403-win32-x64\jre\17.0.5-win32-x86_64\bin\zip.dll
Event: 1.050 Loaded shared library C:\Users\akmal\.vscode\extensions\redhat.java-1.14.2023011403-win32-x64\jre\17.0.5-win32-x86_64\bin\jimage.dll
Event: 1.359 Loaded shared library c:\Users\akmal\.vscode\extensions\redhat.java-1.14.2023011403-win32-x64\jre\17.0.5-win32-x86_64\bin\verify.dll
Event: 6.283 Loaded shared library C:\Users\akmal\.vscode\extensions\redhat.java-1.14.2023011403-win32-x64\jre\17.0.5-win32-x86_64\bin\management.dll
Event: 6.285 Loaded shared library C:\Users\akmal\.vscode\extensions\redhat.java-1.14.2023011403-win32-x64\jre\17.0.5-win32-x86_64\bin\management_ext.dll

Deoptimization events (10 events):
Event: 3.932 Thread 0x000002b3a4cf26f0 DEOPT PACKING pc=0x000002b3a7f07819 sp=0x000000e929efd530
Event: 3.932 Thread 0x000002b3a4cf26f0 DEOPT UNPACKING pc=0x000002b3a79c2b43 sp=0x000000e929efca10 mode 3
Event: 6.546 Thread 0x000002b3b2d239a0 DEOPT PACKING pc=0x000002b3a81183b5 sp=0x000000e92bffd1f0
Event: 6.546 Thread 0x000002b3b2d239a0 DEOPT UNPACKING pc=0x000002b3a79c2b43 sp=0x000000e92bffc718 mode 3
Event: 6.636 Thread 0x000002b3b32eb020 DEOPT PACKING pc=0x000002b3a813072b sp=0x000000e92c0fe7a0
Event: 6.636 Thread 0x000002b3b32eb020 DEOPT UNPACKING pc=0x000002b3a79c2b43 sp=0x000000e92c0fdce8 mode 3
Event: 6.815 Thread 0x000002b3b44057f0 DEOPT PACKING pc=0x000002b3a7f06981 sp=0x000000e92c8ff090
Event: 6.815 Thread 0x000002b3b44057f0 DEOPT UNPACKING pc=0x000002b3a79c2b43 sp=0x000000e92c8fe520 mode 3
Event: 7.163 Thread 0x000002b3b43f8df0 DEOPT PACKING pc=0x000002b3a7f03a97 sp=0x000000e92c3feec0
Event: 7.163 Thread 0x000002b3b43f8df0 DEOPT UNPACKING pc=0x000002b3a79c2b43 sp=0x000000e92c3fe318 mode 3

Classes unloaded (0 events):
No events

Classes redefined (0 events):
No events

Internal exceptions (20 events):
Event: 6.663 Thread 0x000002b3b37d57a0 Exception <a 'sun/nio/fs/WindowsException'{0x00000000866abea0}> (0x00000000866abea0) 
thrown [s\src\hotspot\share\prims\jni.cpp, line 516]
Event: 6.663 Thread 0x000002b3b37d57a0 Exception <a 'sun/nio/fs/WindowsException'{0x00000000866ac2b0}> (0x00000000866ac2b0) 
thrown [s\src\hotspot\share\prims\jni.cpp, line 516]
Event: 6.664 Thread 0x000002b3b37d57a0 Exception <a 'sun/nio/fs/WindowsException'{0x00000000866accd8}> (0x00000000866accd8) 
thrown [s\src\hotspot\share\prims\jni.cpp, line 516]
Event: 6.664 Thread 0x000002b3b37d57a0 Exception <a 'sun/nio/fs/WindowsException'{0x00000000866ad0b8}> (0x00000000866ad0b8) 
thrown [s\src\hotspot\share\prims\jni.cpp, line 516]
Event: 6.664 Thread 0x000002b3b37d57a0 Exception <a 'sun/nio/fs/WindowsException'{0x00000000866adaa8}> (0x00000000866adaa8) 
thrown [s\src\hotspot\share\prims\jni.cpp, line 516]
Event: 6.664 Thread 0x000002b3b37d57a0 Exception <a 'sun/nio/fs/WindowsException'{0x00000000866ade50}> (0x00000000866ade50) 
thrown [s\src\hotspot\share\prims\jni.cpp, line 516]
Event: 6.664 Thread 0x000002b3b37d57a0 Exception <a 'sun/nio/fs/WindowsException'{0x00000000866ae850}> (0x00000000866ae850) 
thrown [s\src\hotspot\share\prims\jni.cpp, line 516]
Event: 6.664 Thread 0x000002b3b37d57a0 Exception <a 'sun/nio/fs/WindowsException'{0x00000000866aec10}> (0x00000000866aec10) 
thrown [s\src\hotspot\share\prims\jni.cpp, line 516]
Event: 6.664 Thread 0x000002b3b37d57a0 Exception <a 'sun/nio/fs/WindowsException'{0x00000000866af610}> (0x00000000866af610) 
thrown [s\src\hotspot\share\prims\jni.cpp, line 516]
Event: 6.664 Thread 0x000002b3b37d57a0 Exception <a 'sun/nio/fs/WindowsException'{0x00000000866af9c0}> (0x00000000866af9c0) 
thrown [s\src\hotspot\share\prims\jni.cpp, line 516]
Event: 6.665 Thread 0x000002b3b37d57a0 Exception <a 'sun/nio/fs/WindowsException'{0x00000000866b03c0}> (0x00000000866b03c0) 
thrown [s\src\hotspot\share\prims\jni.cpp, line 516]
Event: 6.665 Thread 0x000002b3b37d57a0 Exception <a 'sun/nio/fs/WindowsException'{0x00000000866b0780}> (0x00000000866b0780) 
thrown [s\src\hotspot\share\prims\jni.cpp, line 516]
Event: 6.665 Thread 0x000002b3b37d57a0 Exception <a 'sun/nio/fs/WindowsException'{0x00000000866b11a8}> (0x00000000866b11a8) 
thrown [s\src\hotspot\share\prims\jni.cpp, line 516]
Event: 6.665 Thread 0x000002b3b37d57a0 Exception <a 'sun/nio/fs/WindowsException'{0x00000000866b1588}> (0x00000000866b1588) 
thrown [s\src\hotspot\share\prims\jni.cpp, line 516]
Event: 6.665 Thread 0x000002b3b37d57a0 Exception <a 'sun/nio/fs/WindowsException'{0x00000000866b1fc0}> (0x00000000866b1fc0) 
thrown [s\src\hotspot\share\prims\jni.cpp, line 516]
Event: 6.665 Thread 0x000002b3b37d57a0 Exception <a 'sun/nio/fs/WindowsException'{0x00000000866b23b0}> (0x00000000866b23b0) 
thrown [s\src\hotspot\share\prims\jni.cpp, line 516]
Event: 6.665 Thread 0x000002b3b37d57a0 Exception <a 'sun/nio/fs/WindowsException'{0x00000000866b2dd8}> (0x00000000866b2dd8) 
thrown [s\src\hotspot\share\prims\jni.cpp, line 516]
Event: 6.665 Thread 0x000002b3b37d57a0 Exception <a 'sun/nio/fs/WindowsException'{0x00000000866b31c8}> (0x00000000866b31c8) 
thrown [s\src\hotspot\share\prims\jni.cpp, line 516]
Event: 6.709 Thread 0x000002b3b2d239a0 Exception <a 'java/lang/NoSuchMethodError'{0x0000000086472bc8}: 'int java.lang.invoke.DirectMethodHandle$Holder.invokeStatic(java.lang.Object)'> (0x0000000086472bc8) 
thrown [s\src\hotspot\share\interpreter\linkResolver.cpp, line 759]
Event: 6.710 Thread 0x000002b3b2d239a0 Exception <a 'java/lang/NoSuchMethodError'{0x0000000086144500}: 'int java.lang.invoke.DirectMethodHandle$Holder.invokeStaticInit(java.lang.Object)'> (0x0000000086144500) 
thrown [s\src\hotspot\share\interpreter\linkResolver.cpp, line 759]

VM Operations (20 events):
Event: 7.103 Executing VM operation: G1Concurrent done
Event: 7.272 Executing VM operation: G1CollectForAllocation
Event: 7.272 Executing VM operation: G1CollectForAllocation done
Event: 7.272 Executing VM operation: G1CollectForAllocation
Event: 7.297 Executing VM operation: G1CollectForAllocation done
Event: 7.314 Executing VM operation: G1CollectForAllocation
Event: 7.317 Executing VM operation: G1CollectForAllocation done
Event: 7.317 Executing VM operation: G1CollectForAllocation
Event: 7.321 Executing VM operation: G1CollectForAllocation done
Event: 7.332 Executing VM operation: G1CollectForAllocation
Event: 7.332 Executing VM operation: G1CollectForAllocation done
Event: 7.332 Executing VM operation: G1CollectForAllocation
Event: 7.334 Executing VM operation: G1CollectForAllocation done
Event: 7.343 Executing VM operation: HandshakeAllThreads
Event: 7.343 Executing VM operation: HandshakeAllThreads done
Event: 7.348 Executing VM operation: G1CollectForAllocation
Event: 7.353 Executing VM operation: G1CollectForAllocation done
Event: 7.387 Executing VM operation: G1CollectForAllocation
Event: 7.406 Executing VM operation: G1CollectForAllocation done
Event: 7.406 Executing VM operation: G1CollectForAllocation

Events (20 events):
Event: 6.932 loading class java/util/concurrent/CompletableFuture$UniApply
Event: 6.932 loading class java/util/concurrent/CompletableFuture$UniApply done
Event: 6.934 loading class jdk/internal/vm/annotation/ForceInline
Event: 6.934 loading class jdk/internal/vm/annotation/ForceInline done
Event: 7.133 loading class java/util/zip/GZIPOutputStream
Event: 7.133 loading class java/util/zip/DeflaterOutputStream
Event: 7.133 loading class java/util/zip/DeflaterOutputStream done
Event: 7.133 loading class java/util/zip/GZIPOutputStream done
Event: 7.148 loading class java/util/zip/GZIPInputStream
Event: 7.148 loading class java/util/zip/GZIPInputStream done
Event: 7.155 loading class java/net/SocketTimeoutException
Event: 7.155 loading class java/io/InterruptedIOException
Event: 7.155 loading class java/io/InterruptedIOException done
Event: 7.155 loading class java/net/SocketTimeoutException done
Event: 7.155 loading class java/net/ProtocolException
Event: 7.155 loading class java/net/ProtocolException done
Event: 7.194 loading class java/util/Collections$ReverseComparator
Event: 7.194 loading class java/util/Collections$ReverseComparator done
Event: 7.194 loading class java/util/Collections$ReverseComparator2
Event: 7.194 loading class java/util/Collections$ReverseComparator2 done


Dynamic libraries:
0x00007ff79b580000 - 0x00007ff79b58e000 	c:\Users\akmal\.vscode\extensions\redhat.java-1.14.2023011403-win32-x64\jre\17.0.5-win32-x86_64\bin\java.exe
0x00007ffc2d8b0000 - 0x00007ffc2dac4000 	C:\WINDOWS\SYSTEM32\ntdll.dll
0x00007ffc2bff0000 - 0x00007ffc2c0b3000 	C:\WINDOWS\System32\KERNEL32.DLL
0x00007ffc2af80000 - 0x00007ffc2b31d000 	C:\WINDOWS\System32\KERNELBASE.dll
0x00007ffc2adc0000 - 0x00007ffc2aed1000 	C:\WINDOWS\System32\ucrtbase.dll
0x00007ffc0d450000 - 0x00007ffc0d469000 	c:\Users\akmal\.vscode\extensions\redhat.java-1.14.2023011403-win32-x64\jre\17.0.5-win32-x86_64\bin\VCRUNTIME140.dll
0x00007ffc189b0000 - 0x00007ffc189c7000 	c:\Users\akmal\.vscode\extensions\redhat.java-1.14.2023011403-win32-x64\jre\17.0.5-win32-x86_64\bin\jli.dll
0x00007ffc2be20000 - 0x00007ffc2bfcd000 	C:\WINDOWS\System32\USER32.dll
0x00007ffc1dc60000 - 0x00007ffc1deee000 	C:\WINDOWS\WinSxS\amd64_microsoft.windows.common-controls_6595b64144ccf1df_6.0.22621.608_none_a9444ca7c10bb01d\COMCTL32.dll
0x00007ffc2ad90000 - 0x00007ffc2adb6000 	C:\WINDOWS\System32\win32u.dll
0x00007ffc2c200000 - 0x00007ffc2c2a7000 	C:\WINDOWS\System32\msvcrt.dll
0x00007ffc2bd40000 - 0x00007ffc2bd69000 	C:\WINDOWS\System32\GDI32.dll
0x00007ffc2b580000 - 0x00007ffc2b692000 	C:\WINDOWS\System32\gdi32full.dll
0x00007ffc2aee0000 - 0x00007ffc2af7a000 	C:\WINDOWS\System32\msvcp_win.dll
0x00007ffc2bde0000 - 0x00007ffc2be12000 	C:\WINDOWS\System32\IMM32.DLL
0x00007ffc18a10000 - 0x00007ffc18a1c000 	c:\Users\akmal\.vscode\extensions\redhat.java-1.14.2023011403-win32-x64\jre\17.0.5-win32-x86_64\bin\vcruntime140_1.dll
0x00007ffbeae30000 - 0x00007ffbeaec1000 	c:\Users\akmal\.vscode\extensions\redhat.java-1.14.2023011403-win32-x64\jre\17.0.5-win32-x86_64\bin\msvcp140.dll
0x00007ffbe1420000 - 0x00007ffbe2064000 	c:\Users\akmal\.vscode\extensions\redhat.java-1.14.2023011403-win32-x64\jre\17.0.5-win32-x86_64\bin\server\jvm.dll
0x00007ffc2c3b0000 - 0x00007ffc2c45e000 	C:\WINDOWS\System32\ADVAPI32.dll
0x00007ffc2b920000 - 0x00007ffc2b9c4000 	C:\WINDOWS\System32\sechost.dll
0x00007ffc2ba50000 - 0x00007ffc2bb65000 	C:\WINDOWS\System32\RPCRT4.dll
0x00007ffc25890000 - 0x00007ffc25899000 	C:\WINDOWS\SYSTEM32\WSOCK32.dll
0x00007ffc2b9d0000 - 0x00007ffc2ba41000 	C:\WINDOWS\System32\WS2_32.dll
0x00007ffc242e0000 - 0x00007ffc24314000 	C:\WINDOWS\SYSTEM32\WINMM.dll
0x00007ffc21100000 - 0x00007ffc2110a000 	C:\WINDOWS\SYSTEM32\VERSION.dll
0x00007ffc29dd0000 - 0x00007ffc29de8000 	C:\WINDOWS\SYSTEM32\kernel.appcore.dll
0x00007ffc0c6d0000 - 0x00007ffc0c6da000 	c:\Users\akmal\.vscode\extensions\redhat.java-1.14.2023011403-win32-x64\jre\17.0.5-win32-x86_64\bin\jimage.dll
0x00007ffc21d50000 - 0x00007ffc21f7e000 	C:\WINDOWS\SYSTEM32\DBGHELP.DLL
0x00007ffc2d310000 - 0x00007ffc2d69a000 	C:\WINDOWS\System32\combase.dll
0x00007ffc2c120000 - 0x00007ffc2c1f7000 	C:\WINDOWS\System32\OLEAUT32.dll
0x00007ffc21ad0000 - 0x00007ffc21b02000 	C:\WINDOWS\SYSTEM32\dbgcore.DLL
0x00007ffc2b320000 - 0x00007ffc2b39b000 	C:\WINDOWS\System32\bcryptPrimitives.dll
0x00007ffbf6480000 - 0x00007ffbf64a5000 	c:\Users\akmal\.vscode\extensions\redhat.java-1.14.2023011403-win32-x64\jre\17.0.5-win32-x86_64\bin\java.dll
0x00007ffbf6460000 - 0x00007ffbf6478000 	c:\Users\akmal\.vscode\extensions\redhat.java-1.14.2023011403-win32-x64\jre\17.0.5-win32-x86_64\bin\zip.dll
0x00007ffc2ca30000 - 0x00007ffc2d21f000 	C:\WINDOWS\System32\SHELL32.dll
0x00007ffc28ca0000 - 0x00007ffc29568000 	C:\WINDOWS\SYSTEM32\windows.storage.dll
0x00007ffc28b60000 - 0x00007ffc28c9e000 	C:\WINDOWS\SYSTEM32\wintypes.dll
0x00007ffc2c2b0000 - 0x00007ffc2c3a1000 	C:\WINDOWS\System32\SHCORE.dll
0x00007ffc2c0c0000 - 0x00007ffc2c11e000 	C:\WINDOWS\System32\shlwapi.dll
0x00007ffc2ac00000 - 0x00007ffc2ac21000 	C:\WINDOWS\SYSTEM32\profapi.dll
0x00007ffbf5b70000 - 0x00007ffbf5b89000 	C:\Users\akmal\.vscode\extensions\redhat.java-1.14.2023011403-win32-x64\jre\17.0.5-win32-x86_64\bin\net.dll
0x00007ffc24590000 - 0x00007ffc246bf000 	C:\WINDOWS\SYSTEM32\WINHTTP.dll
0x00007ffc2a230000 - 0x00007ffc2a299000 	C:\WINDOWS\system32\mswsock.dll
0x00007ffbf5b50000 - 0x00007ffbf5b65000 	C:\Users\akmal\.vscode\extensions\redhat.java-1.14.2023011403-win32-x64\jre\17.0.5-win32-x86_64\bin\nio.dll
0x00007ffc08600000 - 0x00007ffc08610000 	c:\Users\akmal\.vscode\extensions\redhat.java-1.14.2023011403-win32-x64\jre\17.0.5-win32-x86_64\bin\verify.dll
0x00007ffc2a550000 - 0x00007ffc2a56b000 	C:\WINDOWS\SYSTEM32\CRYPTSP.dll
0x00007ffc29d40000 - 0x00007ffc29d75000 	C:\WINDOWS\system32\rsaenh.dll
0x00007ffc2a2d0000 - 0x00007ffc2a2f8000 	C:\WINDOWS\SYSTEM32\USERENV.dll
0x00007ffc2a690000 - 0x00007ffc2a6b8000 	C:\WINDOWS\SYSTEM32\bcrypt.dll
0x00007ffc2a530000 - 0x00007ffc2a53c000 	C:\WINDOWS\SYSTEM32\CRYPTBASE.dll
0x00007ffc29840000 - 0x00007ffc2986d000 	C:\WINDOWS\SYSTEM32\IPHLPAPI.DLL
0x00007ffc2bd30000 - 0x00007ffc2bd39000 	C:\WINDOWS\System32\NSI.dll
0x00007ffc24890000 - 0x00007ffc248a9000 	C:\WINDOWS\SYSTEM32\dhcpcsvc6.DLL
0x00007ffc242c0000 - 0x00007ffc242df000 	C:\WINDOWS\SYSTEM32\dhcpcsvc.DLL
0x00007ffc298b0000 - 0x00007ffc299a2000 	C:\WINDOWS\SYSTEM32\DNSAPI.dll
0x00007ffc0cf60000 - 0x00007ffc0cf69000 	C:\Users\akmal\.vscode\extensions\redhat.java-1.14.2023011403-win32-x64\jre\17.0.5-win32-x86_64\bin\management.dll
0x00007ffc079e0000 - 0x00007ffc079eb000 	C:\Users\akmal\.vscode\extensions\redhat.java-1.14.2023011403-win32-x64\jre\17.0.5-win32-x86_64\bin\management_ext.dll
0x00007ffc2d6a0000 - 0x00007ffc2d6a8000 	C:\WINDOWS\System32\PSAPI.DLL

dbghelp: loaded successfully - version: 4.0.5 - missing functions: none
symbol engine: initialized successfully - sym options: 0x614 - pdb path: .;c:\Users\akmal\.vscode\extensions\redhat.java-1.14.2023011403-win32-x64\jre\17.0.5-win32-x86_64\bin;C:\WINDOWS\SYSTEM32;C:\WINDOWS\WinSxS\amd64_microsoft.windows.common-controls_6595b64144ccf1df_6.0.22621.608_none_a9444ca7c10bb01d;c:\Users\akmal\.vscode\extensions\redhat.java-1.14.2023011403-win32-x64\jre\17.0.5-win32-x86_64\bin\server

VM Arguments:
jvm_args: -Dsts.lsp.client=vscode -Dsts.log.file=/dev/null -XX:TieredStopAtLevel=1 -Xlog:jni+resolve=off -Dspring.config.location=file:c:\Users\akmal\.vscode\extensions\pivotal.vscode-spring-boot-1.43.0\language-server\BOOT-INF\classes\application.properties 
java_command: org.springframework.ide.vscode.boot.app.BootLanguageServerBootApp
java_class_path (initial): c:\Users\akmal\.vscode\extensions\pivotal.vscode-spring-boot-1.43.0\language-server\BOOT-INF\classes;c:\Users\akmal\.vscode\extensions\pivotal.vscode-spring-boot-1.43.0\language-server\BOOT-INF\lib\annotations-23.1.0.jar;c:\Users\akmal\.vscode\extensions\pivotal.vscode-spring-boot-1.43.0\language-server\BOOT-INF\lib\ant-1.10.12.jar;c:\Users\akmal\.vscode\extensions\pivotal.vscode-spring-boot-1.43.0\language-server\BOOT-INF\lib\ant-launcher-1.10.12.jar;c:\Users\akmal\.vscode\extensions\pivotal.vscode-spring-boot-1.43.0\language-server\BOOT-INF\lib\antlr-runtime-3.5.2.jar;c:\Users\akmal\.vscode\extensions\pivotal.vscode-spring-boot-1.43.0\language-server\BOOT-INF\lib\antlr4-4.9.3.jar;c:\Users\akmal\.vscode\extensions\pivotal.vscode-spring-boot-1.43.0\language-server\BOOT-INF\lib\antlr4-runtime-4.9.3.jar;c:\Users\akmal\.vscode\extensions\pivotal.vscode-spring-boot-1.43.0\language-server\BOOT-INF\lib\apiguardian-api-1.1.2.jar;c:\Users\akmal\.vscode\extensions\pivotal.vscode-spring-boot-1.43.0\language-server\BOOT-INF\lib\asm-9.4.jar;c:\Users\akmal\.vscode\extensions\pivotal.vscode-spring-boot-1.43.0\language-server\BOOT-INF\lib\asm-analysis-9.4.jar;c:\Users\akmal\.vscode\extensions\pivotal.vscode-spring-boot-1.43.0\language-server\BOOT-INF\lib\asm-tree-9.4.jar;c:\Users\akmal\.vscode\extensions\pivotal.vscode-spring-boot-1.43.0\language-server\BOOT-INF\lib\asm-util-9.4.jar;c:\Users\akmal\.vscode\extensions\pivotal.vscode-spring-boot-1.43.0\language-server\BOOT-INF\lib\caffeine-3.1.2.jar;c:\Users\akmal\.vscode\extensions\pivotal.vscode-spring-boot-1.43.0\language-server\BOOT-INF\lib\checker-qual-3.12.0.jar;c:\Users\akmal\.vscode\extensions\pivotal.vscode-spring-boot-1.43.0\language-server\BOOT-INF\lib\ci-environment-9.1.0.jar;c:\Users\akmal\.vscode\extensions\pivotal.vscode-spring-boot-1.43.0\language-server\BOOT-INF\lib\classgraph-4.8.149.jar;c:\Users\akmal\.vscode\extensions\pivotal.vscode-spring-boot-1.43.0\language-server\BOOT-INF\lib\comm
Launcher Type: SUN_STANDARD

[Global flags]
     intx CICompilerCount                          = 4                                         {product} {ergonomic}
     uint ConcGCThreads                            = 2                                         {product} {ergonomic}
     uint G1ConcRefinementThreads                  = 8                                         {product} {ergonomic}
   size_t G1HeapRegionSize                         = 1048576                                   {product} {ergonomic}
    uintx GCDrainStackTargetSize                   = 64                                        {product} {ergonomic}
   size_t InitialHeapSize                          = 134217728                                 {product} {ergonomic}
   size_t MarkStackSize                            = 4194304                                   {product} {ergonomic}
   size_t MaxHeapSize                              = 2116026368                                {product} {ergonomic}
   size_t MaxNewSize                               = 1268776960                                {product} {ergonomic}
   size_t MinHeapDeltaBytes                        = 1048576                                   {product} {ergonomic}
   size_t MinHeapSize                              = 8388608                                   {product} {ergonomic}
    uintx NonProfiledCodeHeapSize                  = 0                                      {pd product} {ergonomic}
     bool ProfileInterpreter                       = false                                  {pd product} {command line}
    uintx ProfiledCodeHeapSize                     = 0                                      {pd product} {ergonomic}
   size_t SoftMaxHeapSize                          = 2116026368                             {manageable} {ergonomic}
     intx TieredStopAtLevel                        = 1                                         {product} {command line}
     bool UseCompressedClassPointers               = true                           {product lp64_product} {ergonomic}
     bool UseCompressedOops                        = true                           {product lp64_product} {ergonomic}
     bool UseG1GC                                  = true                                      {product} {ergonomic}
     bool UseLargePagesIndividualAllocation        = false                                  {pd product} {ergonomic}

Logging:
Log output configuration:
 #0: stdout all=warning,jni+resolve=off uptime,level,tags
 #1: stderr all=off uptime,level,tags

Environment Variables:
JAVA_HOME=C:\Program Files\Java\jdk-19
PATH=C:\Program Files\PowerShell\7;C:\Program Files\Common Files\Oracle\Java\javapath;C:\Program Files (x86)\Common Files\Oracle\Java\javapath;C:\WINDOWS\system32;C:\WINDOWS;C:\WINDOWS\System32\Wbem;C:\WINDOWS\System32\WindowsPowerShell\v1.0\;C:\WINDOWS\System32\OpenSSH\;C:\msys64\mingw64\bin;C:\Program Files\Java\jdk-19\bin;C:\Program Files\Calibre2\;C:\Program Files\dotnet\;C:\Program Files\PowerShell\7\;C:\Program Files\Git\cmd;C:\gradle-7.6;C:\gradle-7.6\bin;C:\apache-maven-3.8.6\bin;C:\jdk-19.0.1\bin;C:\Classpath\javafx-sdk-19\lib;C:\Program Files\nodejs\;C:\ProgramData\chocolatey\bin;C:\Program Files\Go\bin;C:\Classpath\ASM;C:\Program Files\wkhtmltopdf\bin;C:\Program Files\wkhtmltopdf\bin\wkhtmltopdf.exe;C:\Users\akmal\AppData\Local\Programs\Python\Python311\Scripts\;C:\Users\akmal\AppData\Local\Programs\Python\Python311\;C:\Users\akmal\AppData\Local\Microsoft\WindowsApps;C:\Users\akmal\AppData\Local\Programs\Microsoft VS Code\bin;C:\Program Files\JetBrains\IntelliJ IDEA Community Edition 2022.2.3\bin;C:\Users\akmal\AppData\Local\GitHubDesktop\bin;C:\Users\akmal\AppData\Roaming\npm;C:\Users\akmal\go\bin;C:\Users\akmal\AppData\Local\Google\Cloud SDK\google-cloud-sdk\bin
USERNAME=akmal
OS=Windows_NT
PROCESSOR_IDENTIFIER=Intel64 Family 6 Model 142 Stepping 10, GenuineIntel
TMP=C:\Users\akmal\AppData\Local\Temp
TEMP=C:\Users\akmal\AppData\Local\Temp



---------------  S Y S T E M  ---------------

OS:
 Windows 11 , 64 bit Build 22621 (10.0.22621.1105)
OS uptime: 3 days 14:40 hours
Hyper-V role detected

CPU: total 8 (initial active 8) (4 cores per cpu, 2 threads per core) family 6 model 142 stepping 10 microcode 0xe0, cx8, cmov, fxsr, ht, mmx, 3dnowpref, sse, sse2, sse3, ssse3, sse4.1, sse4.2, popcnt, lzcnt, tsc, tscinvbit, avx, avx2, aes, erms, clmul, bmi1, bmi2, adx, fma, vzeroupper, clflush, clflushopt, hv

Memory: 4k page, system-wide physical 8066M (356M free)
TotalPageFile size 32642M (AvailPageFile size 165M)
current process WorkingSet (physical memory assigned to process): 245M, peak: 245M
current process commit charge ("private bytes"): 299M, peak: 477M

vm_info: OpenJDK 64-Bit Server VM (17.0.5+8) for windows-amd64 JRE (17.0.5+8), built on Oct 19 2022 04:48:13 by "temurin" with MS VC++ 16.7 (VS2019)

END.
