#
# A fatal error has been detected by the Java Runtime Environment:
#
#  EXCEPTION_UNCAUGHT_CXX_EXCEPTION (0xe06d7363) at pc=0x00007ffc2b0106bc, pid=9336, tid=8644
#
# JRE version: OpenJDK Runtime Environment Temurin-17.0.5+8 (17.0.5+8) (build 17.0.5+8)
# Java VM: OpenJDK 64-Bit Server VM Temurin-17.0.5+8 (17.0.5+8, mixed mode, tiered, compressed oops, compressed class ptrs, parallel gc, windows-amd64)
# Problematic frame:
# C  [KERNELBASE.dll+0x906bc]
#
# No core dump will be written. Minidumps are not enabled by default on client versions of Windows
#
# If you would like to submit a bug report, please visit:
#   https://github.com/adoptium/adoptium-support/issues
#

---------------  S U M M A R Y ------------

Command Line: --add-modules=ALL-SYSTEM --add-opens=java.base/java.util=ALL-UNNAMED --add-opens=java.base/java.lang=ALL-UNNAMED --add-opens=java.base/sun.nio.fs=ALL-UNNAMED -Declipse.application=org.eclipse.jdt.ls.core.id1 -Dosgi.bundles.defaultStartLevel=4 -Declipse.product=org.eclipse.jdt.ls.core.product -Djava.import.generatesMetadataFilesAtProjectRoot=false -Dfile.encoding=utf8 -XX:+UseParallelGC -XX:GCTimeRatio=4 -XX:AdaptiveSizePolicyWeight=90 -Dsun.zip.disableMemoryMapping=true -Xmx1G -Xms100m -Xlog:disable -javaagent:c:\Users\akmal\.vscode\extensions\redhat.java-1.14.2023011403-win32-x64\lombok\lombok-1.18.24.jar c:\Users\akmal\.vscode\extensions\redhat.java-1.14.2023011403-win32-x64\server\plugins\org.eclipse.equinox.launcher_1.6.400.v20210924-0641.jar -configuration c:\Users\akmal\AppData\Roaming\Code\User\globalStorage\redhat.java\1.14.2023011403\config_ss_win -data c:\Users\akmal\AppData\Roaming\Code\User\workspaceStorage\a10bbef13a5c8dd48fe501c7ef4dcf49\redhat.java\ss_ws

Host: Intel(R) Core(TM) i5-8250U CPU @ 1.60GHz, 8 cores, 7G,  Windows 11 , 64 bit Build 22621 (10.0.22621.1105)
Time: Sun Jan 15 11:09:32 2023 Egypt Standard Time elapsed time: 0.344529 seconds (0d 0h 0m 0s)

---------------  T H R E A D  ---------------

Current thread (0x000001c76ae5fbb0):  JavaThread "main" [_thread_in_vm, id=8644, stack(0x0000000b56800000,0x0000000b56900000)]

Stack: [0x0000000b56800000,0x0000000b56900000],  sp=0x0000000b568fc8b0,  free space=1010k
Native frames: (J=compiled Java code, j=interpreted, Vv=VM code, C=native code)
C  [KERNELBASE.dll+0x906bc]
C  [VCRUNTIME140.dll+0x6220]
C  [jimage.dll+0x32a7]
C  [jimage.dll+0x2a15]
C  [jimage.dll+0x145b]
C  [jimage.dll+0x1e97]
C  [jimage.dll+0x1f2e]
C  [jimage.dll+0x2666]
V  [jvm.dll+0x1f191d]
V  [jvm.dll+0x1f0542]
V  [jvm.dll+0x7ab9db]
V  [jvm.dll+0x7acd82]
V  [jvm.dll+0x7ad0b8]
V  [jvm.dll+0x23d0ee]
V  [jvm.dll+0x38034b]
C  0x000001c76daef143

Java frames: (J=compiled Java code, j=interpreted, Vv=VM code)
j  java.lang.invoke.DirectMethodHandle.<clinit>()V+82 java.base@17.0.5
v  ~StubRoutines::call_stub
j  java.lang.invoke.MethodHandles$Lookup.getDirectMethodCommon(BLjava/lang/Class;Ljava/lang/invoke/MemberName;ZZLjava/lang/invoke/MethodHandles$Lookup;)Ljava/lang/invoke/MethodHandle;+210 java.base@17.0.5
j  java.lang.invoke.MethodHandles$Lookup.getDirectMethodNoSecurityManager(BLjava/lang/Class;Ljava/lang/invoke/MemberName;Ljava/lang/invoke/MethodHandles$Lookup;)Ljava/lang/invoke/MethodHandle;+14 java.base@17.0.5
j  java.lang.invoke.MethodHandles$Lookup.getDirectMethodForConstant(BLjava/lang/Class;Ljava/lang/invoke/MemberName;)Ljava/lang/invoke/MethodHandle;+31 java.base@17.0.5
j  java.lang.invoke.MethodHandles$Lookup.linkMethodHandleConstant(BLjava/lang/Class;Ljava/lang/String;Ljava/lang/Object;)Ljava/lang/invoke/MethodHandle;+152 java.base@17.0.5
j  java.lang.invoke.MethodHandleNatives.linkMethodHandleConstant(Ljava/lang/Class;ILjava/lang/Class;Ljava/lang/String;Ljava/lang/Object;)Ljava/lang/invoke/MethodHandle;+38 java.base@17.0.5
v  ~StubRoutines::call_stub
j  jdk.internal.module.DefaultRoots.compute(Ljava/lang/module/ModuleFinder;Ljava/lang/module/ModuleFinder;)Ljava/util/Set;+11 java.base@17.0.5
j  jdk.internal.module.ModuleBootstrap.boot2()Ljava/lang/ModuleLayer;+727 java.base@17.0.5
j  jdk.internal.module.ModuleBootstrap.boot()Ljava/lang/ModuleLayer;+64 java.base@17.0.5
j  java.lang.System.initPhase2(ZZ)I+0 java.base@17.0.5
v  ~StubRoutines::call_stub

siginfo: EXCEPTION_UNCAUGHT_CXX_EXCEPTION (0xe06d7363), ExceptionInformation=0x0000000019930520 0x0000000b568fca10 0x00007ffc0e7e5138 0x00007ffc0e7e0000 


Register to memory mapping:

RIP=0x00007ffc2b0106bc KERNELBASE.dll
RAX=0x000001c77f2cd930 is pointing into metadata
RBX=0x00007ffc0e7e5138 jimage.dll
RCX=0x000001c77f2bfd20 is pointing into metadata
RDX=0x000001c77f2c27c0 is pointing into metadata
RSP=0x0000000b568fc8b0 is pointing into the stack for thread: 0x000001c76ae5fbb0
RBP=0x0000000b568fcb40 is pointing into the stack for thread: 0x000001c76ae5fbb0
RSI=0x0000000b568fca10 is pointing into the stack for thread: 0x000001c76ae5fbb0
RDI=0x0000000019930520 is an unknown value
R8 =0x00007ffc7f26d578 is an unknown value
R9 =0x00007ffc2d8b0000 ntdll.dll
R10=0x00000000b4ad6437 is an unknown value
R11=0x000001c768b70000 points into unknown readable memory: 0x0000000000000000 | 00 00 00 00 00 00 00 00
R12=0x00000000000065a6 is an unknown value
R13=0x000001c76ae60090 points into unknown readable memory: 0x6e616c2f6176616a | 6a 61 76 61 2f 6c 61 6e
R14=0x000001c7009d3360 points into unknown readable memory: 0x3d000000bebafeca | ca fe ba be 00 00 00 3d
R15=0x000001c7009d3360 points into unknown readable memory: 0x3d000000bebafeca | ca fe ba be 00 00 00 3d


Registers:
RAX=0x000001c77f2cd930, RBX=0x00007ffc0e7e5138, RCX=0x000001c77f2bfd20, RDX=0x000001c77f2c27c0
RSP=0x0000000b568fc8b0, RBP=0x0000000b568fcb40, RSI=0x0000000b568fca10, RDI=0x0000000019930520
R8 =0x00007ffc7f26d578, R9 =0x00007ffc2d8b0000, R10=0x00000000b4ad6437, R11=0x000001c768b70000
R12=0x00000000000065a6, R13=0x000001c76ae60090, R14=0x000001c7009d3360, R15=0x000001c7009d3360
RIP=0x00007ffc2b0106bc, EFLAGS=0x0000000000000202

Top of Stack: (sp=0x0000000b568fc8b0)
0x0000000b568fc8b0:   0000000000000000 00007ffc0e7e5138
0x0000000b568fc8c0:   0000000b568fca10 0000000000000040
0x0000000b568fc8d0:   00000081e06d7363 0000000000000000
0x0000000b568fc8e0:   00007ffc2b0106bc 0000000000000004
0x0000000b568fc8f0:   0000000019930520 0000000b568fca10
0x0000000b568fc900:   00007ffc0e7e5138 00007ffc0e7e0000
0x0000000b568fc910:   000001c700000000 0000000b00000002
0x0000000b568fc920:   0000000000000000 00007ffc0e7e5138
0x0000000b568fc930:   000001c7009d3360 00007ffc2d92663f
0x0000000b568fc940:   0000000b568fc9b0 00007ffc0e7e7000
0x0000000b568fc950:   0000000b568fca10 0000000019930520
0x0000000b568fc960:   00007ffc0e7e7000 00007ffc0e7e0000
0x0000000b568fc970:   00003a90113d8ff4 00007ffc2afa976b
0x0000000b568fc980:   00007ffc0e7e5138 00007ffbf5b46220
0x0000000b568fc990:   00008c404a3806ed 0000000000000010
0x0000000b568fc9a0:   0000000000000008 00007ffc2ade00b5 

Instructions: (pc=0x00007ffc2b0106bc)
0x00007ffc2b0105bc:   ff 4c 8d 05 6c 26 29 00 33 d2 b9 00 00 10 00 e8
0x00007ffc2b0105cc:   a0 39 fb ff 4c 8b f0 48 89 44 24 58 48 85 c0 0f
0x00007ffc2b0105dc:   84 0b fe ff ff 4c 8d 05 60 26 29 00 33 d2 8d 4a
0x00007ffc2b0105ec:   02 e8 7e 39 fb ff 48 8b f8 48 89 44 24 50 e9 ed
0x00007ffc2b0105fc:   fd ff ff 45 33 c0 49 8b d7 48 83 c9 ff e8 d2 f0
0x00007ffc2b01060c:   fe ff e9 08 ff ff ff 48 8b 0d 66 06 2c 00 e8 e1
0x00007ffc2b01061c:   b7 fa ff 48 8b cf e8 89 91 f9 ff e9 f8 fe ff ff
0x00007ffc2b01062c:   49 8b ce e8 7c 91 f9 ff e9 f4 fe ff ff 48 8b ce
0x00007ffc2b01063c:   e8 6f 91 f9 ff e9 f0 fe ff ff cc cc 71 18 d3 7a
0x00007ffc2b01064c:   1a 87 89 f9 48 81 ec d8 00 00 00 48 8b 05 22 d9
0x00007ffc2b01065c:   2b 00 48 33 c4 48 89 84 24 c0 00 00 00 48 83 64
0x00007ffc2b01066c:   24 28 00 48 8d 05 da ff ff ff 83 e2 01 89 4c 24
0x00007ffc2b01067c:   20 89 54 24 24 48 89 44 24 30 4d 85 c9 74 4f b8
0x00007ffc2b01068c:   0f 00 00 00 48 8d 4c 24 40 44 3b c0 49 8b d1 41
0x00007ffc2b01069c:   0f 46 c0 44 8b c0 44 89 44 24 38 49 c1 e0 03 e8
0x00007ffc2b0106ac:   07 e5 02 00 48 8d 4c 24 20 48 ff 15 74 91 1c 00
0x00007ffc2b0106bc:   0f 1f 44 00 00 48 8b 8c 24 c0 00 00 00 48 33 cc
0x00007ffc2b0106cc:   e8 ef 6f 02 00 48 81 c4 d8 00 00 00 c3 cc 83 64
0x00007ffc2b0106dc:   24 38 00 eb cf cc cc cc cc cc cc cc 48 8b c4 48
0x00007ffc2b0106ec:   89 58 08 48 89 70 10 48 89 78 18 4c 89 68 20 55
0x00007ffc2b0106fc:   41 56 41 57 48 8d 68 a1 48 81 ec e0 00 00 00 48
0x00007ffc2b01070c:   8b 05 6e d8 2b 00 48 33 c4 48 89 45 3f 45 33 ff
0x00007ffc2b01071c:   66 c7 45 2b 00 05 48 8d 45 c7 44 89 7d 27 48 89
0x00007ffc2b01072c:   44 24 50 48 8d 4d 27 44 89 7c 24 48 45 33 c9 44
0x00007ffc2b01073c:   89 7c 24 40 45 8d 47 12 44 89 7c 24 38 b2 01 44
0x00007ffc2b01074c:   89 7c 24 30 41 8b df 44 89 7c 24 28 41 8b ff 44
0x00007ffc2b01075c:   89 7c 24 20 45 8b f7 44 89 7d 2f 66 c7 45 33 00
0x00007ffc2b01076c:   01 44 89 7d 37 66 c7 45 3b 00 10 4c 89 7d c7 4c
0x00007ffc2b01077c:   89 7d cf 4c 89 7d d7 4c 89 7d df 48 ff 15 c2 91
0x00007ffc2b01078c:   1c 00 0f 1f 44 00 00 85 c0 0f 88 a7 02 00 00 48
0x00007ffc2b01079c:   8d 45 cf 41 b9 20 02 00 00 48 89 44 24 50 45 8d
0x00007ffc2b0107ac:   6f 02 44 89 7c 24 48 45 8d 47 20 44 89 7c 24 40 


Stack slot to memory mapping:
stack at sp + 0 slots: 0x0 is NULL
stack at sp + 1 slots: 0x00007ffc0e7e5138 jimage.dll
stack at sp + 2 slots: 0x0000000b568fca10 is pointing into the stack for thread: 0x000001c76ae5fbb0
stack at sp + 3 slots: 0x0000000000000040 is an unknown value
stack at sp + 4 slots: 0x00000081e06d7363 is an unknown value
stack at sp + 5 slots: 0x0 is NULL
stack at sp + 6 slots: 0x00007ffc2b0106bc KERNELBASE.dll
stack at sp + 7 slots: 0x0000000000000004 is an unknown value


---------------  P R O C E S S  ---------------

Threads class SMR info:
_java_thread_list=0x000001c7008e24f0, length=10, elements={
0x000001c76ae5fbb0, 0x000001c76af13120, 0x000001c76af14650, 0x000001c7008e3f30,
0x000001c7008e47f0, 0x000001c7008e60c0, 0x000001c7008e6980, 0x000001c7008e9580,
0x000001c700941160, 0x000001c77ecde7d0
}

Java Threads: ( => current thread )
=>0x000001c76ae5fbb0 JavaThread "main" [_thread_in_vm, id=8644, stack(0x0000000b56800000,0x0000000b56900000)]
  0x000001c76af13120 JavaThread "Reference Handler" daemon [_thread_blocked, id=13376, stack(0x0000000b56c00000,0x0000000b56d00000)]
  0x000001c76af14650 JavaThread "Finalizer" daemon [_thread_blocked, id=16076, stack(0x0000000b56d00000,0x0000000b56e00000)]
  0x000001c7008e3f30 JavaThread "Signal Dispatcher" daemon [_thread_blocked, id=7448, stack(0x0000000b56e00000,0x0000000b56f00000)]
  0x000001c7008e47f0 JavaThread "Attach Listener" daemon [_thread_blocked, id=1956, stack(0x0000000b56f00000,0x0000000b57000000)]
  0x000001c7008e60c0 JavaThread "Service Thread" daemon [_thread_blocked, id=1304, stack(0x0000000b57000000,0x0000000b57100000)]
  0x000001c7008e6980 JavaThread "Monitor Deflation Thread" daemon [_thread_blocked, id=13204, stack(0x0000000b57100000,0x0000000b57200000)]
  0x000001c7008e9580 JavaThread "C2 CompilerThread0" daemon [_thread_blocked, id=8536, stack(0x0000000b57200000,0x0000000b57300000)]
  0x000001c700941160 JavaThread "C1 CompilerThread0" daemon [_thread_blocked, id=12752, stack(0x0000000b57300000,0x0000000b57400000)]
  0x000001c77ecde7d0 JavaThread "Sweeper thread" daemon [_thread_blocked, id=15492, stack(0x0000000b57400000,0x0000000b57500000)]

Other Threads:
  0x000001c76aee7950 VMThread "VM Thread" [stack: 0x0000000b56b00000,0x0000000b56c00000] [id=2724]
  0x000001c76ae75d70 GCTaskThread "GC Thread#0" [stack: 0x0000000b56a00000,0x0000000b56b00000] [id=7636]

Threads with active compile tasks:

VM state: not at safepoint (normal execution)

VM Mutex/Monitor currently owned by a thread: None

Heap address: 0x00000000c0000000, size: 1024 MB, Compressed Oops mode: 32-bit

CDS archive(s) not mapped
Compressed class space mapped at: 0x0000000100000000-0x0000000140000000, reserved size: 1073741824
Narrow klass base: 0x0000000000000000, Narrow klass shift: 3, Narrow klass range: 0x140000000

GC Precious Log:
 CPUs: 8 total, 8 available
 Memory: 8066M
 Large Page Support: Disabled
 NUMA Support: Disabled
 Compressed Oops: Enabled (32-bit)
 Alignments: Space 512K, Generation 512K, Heap 2M
 Heap Min Capacity: 100M
 Heap Initial Capacity: 100M
 Heap Max Capacity: 1G
 Pre-touch: Disabled
 Parallel Workers: 8

Heap:
 PSYoungGen      total 29696K, used 1024K [0x00000000eab00000, 0x00000000ecc00000, 0x0000000100000000)
  eden space 25600K, 4% used [0x00000000eab00000,0x00000000eac00138,0x00000000ec400000)
  from space 4096K, 0% used [0x00000000ec800000,0x00000000ec800000,0x00000000ecc00000)
  to   space 4096K, 0% used [0x00000000ec400000,0x00000000ec400000,0x00000000ec800000)
 ParOldGen       total 68608K, used 0K [0x00000000c0000000, 0x00000000c4300000, 0x00000000eab00000)
  object space 68608K, 0% used [0x00000000c0000000,0x00000000c0000000,0x00000000c4300000)
 Metaspace       used 3156K, committed 3200K, reserved 1056768K
  class space    used 285K, committed 320K, reserved 1048576K

Card table byte_map: [0x000001c76a820000,0x000001c76aa30000] _byte_map_base: 0x000001c76a220000

Marking Bits: (ParMarkBitMap*) 0x00007ffbb4680dd0
 Begin Bits: [0x000001c77cae0000, 0x000001c77dae0000)
 End Bits:   [0x000001c77dae0000, 0x000001c77eae0000)

Polling page: 0x000001c768e60000

Metaspace:

Usage:
  Non-class:      2.80 MB used.
      Class:    285.95 KB used.
       Both:      3.08 MB used.

Virtual space:
  Non-class space:        8.00 MB reserved,       2.81 MB ( 35%) committed,  1 nodes.
      Class space:        1.00 GB reserved,     320.00 KB ( <1%) committed,  1 nodes.
             Both:        1.01 GB reserved,       3.12 MB ( <1%) committed. 

Chunk freelists:
   Non-Class:  0 bytes
       Class:  3.62 MB
        Both:  3.62 MB

MaxMetaspaceSize: unlimited
CompressedClassSpaceSize: 1.00 GB
Initial GC threshold: 21.00 MB
Current GC threshold: 21.00 MB
CDS: off
MetaspaceReclaimPolicy: balanced
 - commit_granule_bytes: 65536.
 - commit_granule_words: 8192.
 - virtual_space_node_default_size: 1048576.
 - enlarge_chunks_in_place: 1.
 - new_chunks_are_fully_committed: 0.
 - uncommit_free_chunks: 1.
 - use_allocation_guard: 0.
 - handle_deallocations: 1.


Internal statistics:

num_allocs_failed_limit: 0.
num_arena_births: 2.
num_arena_deaths: 0.
num_vsnodes_births: 2.
num_vsnodes_deaths: 0.
num_space_committed: 50.
num_space_uncommitted: 0.
num_chunks_returned_to_freelist: 0.
num_chunks_taken_from_freelist: 4.
num_chunk_merges: 0.
num_chunk_splits: 1.
num_chunks_enlarged: 0.
num_purges: 0.
num_inconsistent_stats: 0.

CodeHeap 'non-profiled nmethods': size=120000Kb used=4Kb max_used=4Kb free=119995Kb
 bounds [0x000001c7755b0000, 0x000001c775820000, 0x000001c77cae0000]
CodeHeap 'profiled nmethods': size=120000Kb used=33Kb max_used=33Kb free=119966Kb
 bounds [0x000001c76e080000, 0x000001c76e2f0000, 0x000001c7755b0000]
CodeHeap 'non-nmethods': size=5760Kb used=1031Kb max_used=1031Kb free=4728Kb
 bounds [0x000001c76dae0000, 0x000001c76dd50000, 0x000001c76e080000]
 total_blobs=318 nmethods=31 adapters=202
 compilation: enabled
              stopped_count=0, restarted_count=0
 full_count=0

Compilation events (20 events):
Event: 0.274 Thread 0x000001c700941160   22       3       java.lang.String::length (11 bytes)
Event: 0.274 Thread 0x000001c7008e9580   19       4       java.lang.Object::<init> (1 bytes)
Event: 0.274 Thread 0x000001c700941160 nmethod 22 0x000001c76e086510 code [0x000001c76e0866a0, 0x000001c76e086838]
Event: 0.274 Thread 0x000001c700941160   23       1       java.lang.module.ModuleDescriptor::name (5 bytes)
Event: 0.275 Thread 0x000001c700941160 nmethod 23 0x000001c7755b0390 code [0x000001c7755b0520, 0x000001c7755b05f8]
Event: 0.275 Thread 0x000001c7008e9580 nmethod 19 0x000001c7755b0690 code [0x000001c7755b0800, 0x000001c7755b0878]
Event: 0.275 Thread 0x000001c700941160   24       3       java.lang.String::charAt (25 bytes)
Event: 0.276 Thread 0x000001c700941160 nmethod 24 0x000001c76e086910 code [0x000001c76e086ae0, 0x000001c76e086eb8]
Event: 0.276 Thread 0x000001c700941160   25       3       java.lang.StringLatin1::charAt (28 bytes)
Event: 0.277 Thread 0x000001c700941160 nmethod 25 0x000001c76e087010 code [0x000001c76e0871c0, 0x000001c76e0873c8]
Event: 0.277 Thread 0x000001c700941160   26       1       java.lang.module.ModuleReference::descriptor (5 bytes)
Event: 0.277 Thread 0x000001c700941160 nmethod 26 0x000001c7755b0990 code [0x000001c7755b0b20, 0x000001c7755b0bf8]
Event: 0.296 Thread 0x000001c700941160   27       3       java.util.concurrent.ConcurrentHashMap::tabAt (22 bytes)
Event: 0.297 Thread 0x000001c700941160 nmethod 27 0x000001c76e087510 code [0x000001c76e0876c0, 0x000001c76e087978]
Event: 0.297 Thread 0x000001c700941160   28       3       jdk.internal.misc.Unsafe::getReferenceAcquire (7 bytes)
Event: 0.297 Thread 0x000001c700941160 nmethod 28 0x000001c76e087a90 code [0x000001c76e087c20, 0x000001c76e087d38]
Event: 0.297 Thread 0x000001c700941160   31       3       java.util.ImmutableCollections$SetN$SetNIterator::next (90 bytes)
Event: 0.298 Thread 0x000001c700941160 nmethod 31 0x000001c76e087e10 code [0x000001c76e087fc0, 0x000001c76e0882e8]
Event: 0.298 Thread 0x000001c700941160   30       3       java.util.concurrent.ConcurrentHashMap::spread (10 bytes)
Event: 0.298 Thread 0x000001c700941160 nmethod 30 0x000001c76e088490 code [0x000001c76e088620, 0x000001c76e088718]

GC Heap History (0 events):
No events

Dll operation events (1 events):
Event: 0.038 Loaded shared library c:\Users\akmal\.vscode\extensions\redhat.java-1.14.2023011403-win32-x64\jre\17.0.5-win32-x86_64\bin\java.dll

Deoptimization events (0 events):
No events

Classes unloaded (0 events):
No events

Classes redefined (0 events):
No events

Internal exceptions (0 events):
No events

VM Operations (0 events):
No events

Events (20 events):
Event: 0.311 loading class jdk/internal/reflect/NativeMethodAccessorImpl done
Event: 0.311 loading class jdk/internal/reflect/DelegatingMethodAccessorImpl
Event: 0.311 loading class jdk/internal/reflect/DelegatingMethodAccessorImpl done
Event: 0.312 loading class java/lang/invoke/LambdaMetafactory
Event: 0.312 loading class java/lang/invoke/LambdaMetafactory done
Event: 0.313 loading class java/lang/invoke/MethodType$ConcurrentWeakInternSet
Event: 0.313 loading class java/lang/invoke/MethodType$ConcurrentWeakInternSet done
Event: 0.313 loading class java/lang/Void
Event: 0.313 loading class java/lang/Void done
Event: 0.313 loading class java/lang/invoke/MethodTypeForm
Event: 0.314 loading class java/lang/invoke/MethodTypeForm done
Event: 0.314 loading class java/lang/invoke/MethodType$ConcurrentWeakInternSet$WeakEntry
Event: 0.314 loading class java/lang/invoke/MethodType$ConcurrentWeakInternSet$WeakEntry done
Event: 0.315 loading class sun/invoke/util/Wrapper
Event: 0.316 loading class sun/invoke/util/Wrapper done
Event: 0.316 loading class sun/invoke/util/Wrapper$Format
Event: 0.316 loading class sun/invoke/util/Wrapper$Format done
Event: 0.321 loading class java/lang/invoke/LambdaForm$NamedFunction
Event: 0.321 loading class java/lang/invoke/LambdaForm$NamedFunction done
Event: 0.321 loading class java/lang/invoke/DirectMethodHandle$Holder


Dynamic libraries:
0x00007ff6a36a0000 - 0x00007ff6a36ae000 	c:\Users\akmal\.vscode\extensions\redhat.java-1.14.2023011403-win32-x64\jre\17.0.5-win32-x86_64\bin\java.exe
0x00007ffc2d8b0000 - 0x00007ffc2dac4000 	C:\WINDOWS\SYSTEM32\ntdll.dll
0x00007ffc2bff0000 - 0x00007ffc2c0b3000 	C:\WINDOWS\System32\KERNEL32.DLL
0x00007ffc2af80000 - 0x00007ffc2b31d000 	C:\WINDOWS\System32\KERNELBASE.dll
0x00007ffc2adc0000 - 0x00007ffc2aed1000 	C:\WINDOWS\System32\ucrtbase.dll
0x00007ffbf8bb0000 - 0x00007ffbf8bc7000 	c:\Users\akmal\.vscode\extensions\redhat.java-1.14.2023011403-win32-x64\jre\17.0.5-win32-x86_64\bin\jli.dll
0x00007ffbf5b40000 - 0x00007ffbf5b59000 	c:\Users\akmal\.vscode\extensions\redhat.java-1.14.2023011403-win32-x64\jre\17.0.5-win32-x86_64\bin\VCRUNTIME140.dll
0x00007ffc2be20000 - 0x00007ffc2bfcd000 	C:\WINDOWS\System32\USER32.dll
0x00007ffc2ad90000 - 0x00007ffc2adb6000 	C:\WINDOWS\System32\win32u.dll
0x00007ffc1dc60000 - 0x00007ffc1deee000 	C:\WINDOWS\WinSxS\amd64_microsoft.windows.common-controls_6595b64144ccf1df_6.0.22621.608_none_a9444ca7c10bb01d\COMCTL32.dll
0x00007ffc2bd40000 - 0x00007ffc2bd69000 	C:\WINDOWS\System32\GDI32.dll
0x00007ffc2c200000 - 0x00007ffc2c2a7000 	C:\WINDOWS\System32\msvcrt.dll
0x00007ffc2b580000 - 0x00007ffc2b692000 	C:\WINDOWS\System32\gdi32full.dll
0x00007ffc2aee0000 - 0x00007ffc2af7a000 	C:\WINDOWS\System32\msvcp_win.dll
0x00007ffc2bde0000 - 0x00007ffc2be12000 	C:\WINDOWS\System32\IMM32.DLL
0x00007ffc17f00000 - 0x00007ffc17f0c000 	c:\Users\akmal\.vscode\extensions\redhat.java-1.14.2023011403-win32-x64\jre\17.0.5-win32-x86_64\bin\vcruntime140_1.dll
0x00007ffbdbb50000 - 0x00007ffbdbbe1000 	c:\Users\akmal\.vscode\extensions\redhat.java-1.14.2023011403-win32-x64\jre\17.0.5-win32-x86_64\bin\msvcp140.dll
0x00007ffbb3b00000 - 0x00007ffbb4744000 	c:\Users\akmal\.vscode\extensions\redhat.java-1.14.2023011403-win32-x64\jre\17.0.5-win32-x86_64\bin\server\jvm.dll
0x00007ffc2c3b0000 - 0x00007ffc2c45e000 	C:\WINDOWS\System32\ADVAPI32.dll
0x00007ffc2b920000 - 0x00007ffc2b9c4000 	C:\WINDOWS\System32\sechost.dll
0x00007ffc2ba50000 - 0x00007ffc2bb65000 	C:\WINDOWS\System32\RPCRT4.dll
0x00007ffc25890000 - 0x00007ffc25899000 	C:\WINDOWS\SYSTEM32\WSOCK32.dll
0x00007ffc2b9d0000 - 0x00007ffc2ba41000 	C:\WINDOWS\System32\WS2_32.dll
0x00007ffc242e0000 - 0x00007ffc24314000 	C:\WINDOWS\SYSTEM32\WINMM.dll
0x00007ffc21100000 - 0x00007ffc2110a000 	C:\WINDOWS\SYSTEM32\VERSION.dll
0x00007ffc29dd0000 - 0x00007ffc29de8000 	C:\WINDOWS\SYSTEM32\kernel.appcore.dll
0x00007ffc0e7e0000 - 0x00007ffc0e7ea000 	c:\Users\akmal\.vscode\extensions\redhat.java-1.14.2023011403-win32-x64\jre\17.0.5-win32-x86_64\bin\jimage.dll
0x00007ffc21d50000 - 0x00007ffc21f7e000 	C:\WINDOWS\SYSTEM32\DBGHELP.DLL
0x00007ffc2d310000 - 0x00007ffc2d69a000 	C:\WINDOWS\System32\combase.dll
0x00007ffc2c120000 - 0x00007ffc2c1f7000 	C:\WINDOWS\System32\OLEAUT32.dll
0x00007ffc21ad0000 - 0x00007ffc21b02000 	C:\WINDOWS\SYSTEM32\dbgcore.DLL
0x00007ffc2b320000 - 0x00007ffc2b39b000 	C:\WINDOWS\System32\bcryptPrimitives.dll
0x00007ffc0c310000 - 0x00007ffc0c31e000 	c:\Users\akmal\.vscode\extensions\redhat.java-1.14.2023011403-win32-x64\jre\17.0.5-win32-x86_64\bin\instrument.dll
0x00007ffbf6640000 - 0x00007ffbf6665000 	c:\Users\akmal\.vscode\extensions\redhat.java-1.14.2023011403-win32-x64\jre\17.0.5-win32-x86_64\bin\java.dll
0x00007ffbeba80000 - 0x00007ffbeba98000 	c:\Users\akmal\.vscode\extensions\redhat.java-1.14.2023011403-win32-x64\jre\17.0.5-win32-x86_64\bin\zip.dll
0x00007ffc2ca30000 - 0x00007ffc2d21f000 	C:\WINDOWS\System32\SHELL32.dll
0x00007ffc28ca0000 - 0x00007ffc29568000 	C:\WINDOWS\SYSTEM32\windows.storage.dll
0x00007ffc28b60000 - 0x00007ffc28c9e000 	C:\WINDOWS\SYSTEM32\wintypes.dll
0x00007ffc2c2b0000 - 0x00007ffc2c3a1000 	C:\WINDOWS\System32\SHCORE.dll
0x00007ffc2c0c0000 - 0x00007ffc2c11e000 	C:\WINDOWS\System32\shlwapi.dll
0x00007ffc2ac00000 - 0x00007ffc2ac21000 	C:\WINDOWS\SYSTEM32\profapi.dll

dbghelp: loaded successfully - version: 4.0.5 - missing functions: none
symbol engine: initialized successfully - sym options: 0x614 - pdb path: .;c:\Users\akmal\.vscode\extensions\redhat.java-1.14.2023011403-win32-x64\jre\17.0.5-win32-x86_64\bin;C:\WINDOWS\SYSTEM32;C:\WINDOWS\WinSxS\amd64_microsoft.windows.common-controls_6595b64144ccf1df_6.0.22621.608_none_a9444ca7c10bb01d;c:\Users\akmal\.vscode\extensions\redhat.java-1.14.2023011403-win32-x64\jre\17.0.5-win32-x86_64\bin\server

VM Arguments:
jvm_args: --add-modules=ALL-SYSTEM --add-opens=java.base/java.util=ALL-UNNAMED --add-opens=java.base/java.lang=ALL-UNNAMED --add-opens=java.base/sun.nio.fs=ALL-UNNAMED -Declipse.application=org.eclipse.jdt.ls.core.id1 -Dosgi.bundles.defaultStartLevel=4 -Declipse.product=org.eclipse.jdt.ls.core.product -Djava.import.generatesMetadataFilesAtProjectRoot=false -Dfile.encoding=utf8 -XX:+UseParallelGC -XX:GCTimeRatio=4 -XX:AdaptiveSizePolicyWeight=90 -Dsun.zip.disableMemoryMapping=true -Xmx1G -Xms100m -Xlog:disable -javaagent:c:\Users\akmal\.vscode\extensions\redhat.java-1.14.2023011403-win32-x64\lombok\lombok-1.18.24.jar 
java_command: c:\Users\akmal\.vscode\extensions\redhat.java-1.14.2023011403-win32-x64\server\plugins\org.eclipse.equinox.launcher_1.6.400.v20210924-0641.jar -configuration c:\Users\akmal\AppData\Roaming\Code\User\globalStorage\redhat.java\1.14.2023011403\config_ss_win -data c:\Users\akmal\AppData\Roaming\Code\User\workspaceStorage\a10bbef13a5c8dd48fe501c7ef4dcf49\redhat.java\ss_ws
java_class_path (initial): c:\Users\akmal\.vscode\extensions\redhat.java-1.14.2023011403-win32-x64\server\plugins\org.eclipse.equinox.launcher_1.6.400.v20210924-0641.jar
Launcher Type: SUN_STANDARD

[Global flags]
    uintx AdaptiveSizePolicyWeight                 = 90                                        {product} {command line}
     intx CICompilerCount                          = 4                                         {product} {ergonomic}
    uintx GCTimeRatio                              = 4                                         {product} {command line}
   size_t InitialHeapSize                          = 104857600                                 {product} {command line}
   size_t MaxHeapSize                              = 1073741824                                {product} {command line}
   size_t MaxNewSize                               = 357564416                                 {product} {ergonomic}
   size_t MinHeapDeltaBytes                        = 524288                                    {product} {ergonomic}
   size_t MinHeapSize                              = 104857600                                 {product} {command line}
   size_t NewSize                                  = 34603008                                  {product} {ergonomic}
    uintx NonNMethodCodeHeapSize                   = 5839372                                {pd product} {ergonomic}
    uintx NonProfiledCodeHeapSize                  = 122909434                              {pd product} {ergonomic}
   size_t OldSize                                  = 70254592                                  {product} {ergonomic}
    uintx ProfiledCodeHeapSize                     = 122909434                              {pd product} {ergonomic}
    uintx ReservedCodeCacheSize                    = 251658240                              {pd product} {ergonomic}
     bool SegmentedCodeCache                       = true                                      {product} {ergonomic}
   size_t SoftMaxHeapSize                          = 1073741824                             {manageable} {ergonomic}
     bool UseCompressedClassPointers               = true                           {product lp64_product} {ergonomic}
     bool UseCompressedOops                        = true                           {product lp64_product} {ergonomic}
     bool UseLargePagesIndividualAllocation        = false                                  {pd product} {ergonomic}
     bool UseParallelGC                            = true                                      {product} {command line}

Logging:
Log output configuration:
 #0: stdout all=off uptime,level,tags
 #1: stderr all=off uptime,level,tags

Environment Variables:
JAVA_HOME=C:\Program Files\Java\jdk-19
PATH=C:\Program Files\PowerShell\7;C:\Program Files\Common Files\Oracle\Java\javapath;C:\Program Files (x86)\Common Files\Oracle\Java\javapath;C:\WINDOWS\system32;C:\WINDOWS;C:\WINDOWS\System32\Wbem;C:\WINDOWS\System32\WindowsPowerShell\v1.0\;C:\WINDOWS\System32\OpenSSH\;C:\msys64\mingw64\bin;C:\Program Files\Java\jdk-19\bin;C:\Program Files\Calibre2\;C:\Program Files\dotnet\;C:\Program Files\PowerShell\7\;C:\Program Files\Git\cmd;C:\gradle-7.6;C:\gradle-7.6\bin;C:\apache-maven-3.8.6\bin;C:\jdk-19.0.1\bin;C:\Classpath\javafx-sdk-19\lib;C:\Program Files\nodejs\;C:\ProgramData\chocolatey\bin;C:\Program Files\Go\bin;C:\Classpath\ASM;C:\Program Files\wkhtmltopdf\bin;C:\Program Files\wkhtmltopdf\bin\wkhtmltopdf.exe;C:\Users\akmal\AppData\Local\Programs\Python\Python311\Scripts\;C:\Users\akmal\AppData\Local\Programs\Python\Python311\;C:\Users\akmal\AppData\Local\Microsoft\WindowsApps;C:\Users\akmal\AppData\Local\Programs\Microsoft VS Code\bin;C:\Program Files\JetBrains\IntelliJ IDEA Community Edition 2022.2.3\bin;C:\Users\akmal\AppData\Local\GitHubDesktop\bin;C:\Users\akmal\AppData\Roaming\npm;C:\Users\akmal\go\bin;C:\Users\akmal\AppData\Local\Google\Cloud SDK\google-cloud-sdk\bin
USERNAME=akmal
OS=Windows_NT
PROCESSOR_IDENTIFIER=Intel64 Family 6 Model 142 Stepping 10, GenuineIntel
TMP=C:\Users\akmal\AppData\Local\Temp
TEMP=C:\Users\akmal\AppData\Local\Temp



---------------  S Y S T E M  ---------------

OS:
 Windows 11 , 64 bit Build 22621 (10.0.22621.1105)
OS uptime: 3 days 20:47 hours
Hyper-V role detected

CPU: total 8 (initial active 8) (4 cores per cpu, 2 threads per core) family 6 model 142 stepping 10 microcode 0xe0, cx8, cmov, fxsr, ht, mmx, 3dnowpref, sse, sse2, sse3, ssse3, sse4.1, sse4.2, popcnt, lzcnt, tsc, tscinvbit, avx, avx2, aes, erms, clmul, bmi1, bmi2, adx, fma, vzeroupper, clflush, clflushopt, hv

Memory: 4k page, system-wide physical 8066M (202M free)
TotalPageFile size 32642M (AvailPageFile size 13M)
current process WorkingSet (physical memory assigned to process): 25M, peak: 25M
current process commit charge ("private bytes"): 181M, peak: 181M

vm_info: OpenJDK 64-Bit Server VM (17.0.5+8) for windows-amd64 JRE (17.0.5+8), built on Oct 19 2022 04:48:13 by "temurin" with MS VC++ 16.7 (VS2019)

END.
