#
# There is insufficient memory for the Java Runtime Environment to continue.
# Native memory allocation (mmap) failed to map 488636416 bytes for G1 virtual space
# Possible reasons:
#   The system is out of physical RAM or swap space
#   The process is running with CompressedOops enabled, and the Java Heap may be blocking the growth of the native heap
# Possible solutions:
#   Reduce memory load on the system
#   Increase physical memory or swap space
#   Check if swap backing store is full
#   Decrease Java heap size (-Xmx/-Xms)
#   Decrease number of Java threads
#   Decrease Java thread stack sizes (-Xss)
#   Set larger code cache with -XX:ReservedCodeCacheSize=
#   JVM is running with Unscaled Compressed Oops mode in which the Java heap is
#     placed in the first 4GB address space. The Java Heap base address is the
#     maximum limit for the native heap growth. Please use -XX:HeapBaseMinAddress
#     to set the Java Heap base and to place the Java Heap above 4GB virtual address.
# This output file may be truncated or incomplete.
#
#  Out of Memory Error (os_windows.cpp:3548), pid=15016, tid=11500
#
# JRE version: OpenJDK Runtime Environment Temurin-17.0.5+8 (17.0.5+8) (build 17.0.5+8)
# Java VM: OpenJDK 64-Bit Server VM Temurin-17.0.5+8 (17.0.5+8, mixed mode, emulated-client, tiered, compressed oops, compressed class ptrs, g1 gc, windows-amd64)
# No core dump will be written. Minidumps are not enabled by default on client versions of Windows
#

---------------  S U M M A R Y ------------

Command Line: -Dsts.lsp.client=vscode -Dsts.log.file=/dev/null -XX:TieredStopAtLevel=1 -Xlog:jni+resolve=off -Dspring.config.location=file:c:\Users\akmal\.vscode\extensions\pivotal.vscode-spring-boot-1.43.0\language-server\BOOT-INF\classes\application.properties org.springframework.ide.vscode.boot.app.BootLanguageServerBootApp

Host: Intel(R) Core(TM) i5-8250U CPU @ 1.60GHz, 8 cores, 7G,  Windows 11 , 64 bit Build 22621 (10.0.22621.1105)
Time: Sun Jan 15 05:02:48 2023 Egypt Standard Time elapsed time: 9.382862 seconds (0d 0h 0m 9s)

---------------  T H R E A D  ---------------

Current thread (0x00000243be7c85c0):  VMThread "VM Thread" [stack: 0x000000fe68300000,0x000000fe68400000] [id=11500]

Stack: [0x000000fe68300000,0x000000fe68400000]
Native frames: (J=compiled Java code, j=interpreted, Vv=VM code, C=native code)
V  [jvm.dll+0x676b3a]
V  [jvm.dll+0x831444]
V  [jvm.dll+0x832bee]
V  [jvm.dll+0x833253]
V  [jvm.dll+0x244ce5]
V  [jvm.dll+0x673a49]
V  [jvm.dll+0x66811a]
V  [jvm.dll+0x303ceb]
V  [jvm.dll+0x30b1e6]
V  [jvm.dll+0x35adbe]
V  [jvm.dll+0x35afef]
V  [jvm.dll+0x2dab88]
V  [jvm.dll+0x2d8e3c]
V  [jvm.dll+0x2d840c]
V  [jvm.dll+0x31c31b]
V  [jvm.dll+0x8376fb]
V  [jvm.dll+0x838434]
V  [jvm.dll+0x83894c]
V  [jvm.dll+0x838d24]
V  [jvm.dll+0x838df0]
V  [jvm.dll+0x7e17ea]
V  [jvm.dll+0x6759e5]
C  [ucrtbase.dll+0x29363]
C  [KERNEL32.DLL+0x126bd]
C  [ntdll.dll+0x5dfb8]

VM_Operation (0x000000fe6a7fdf70): G1CollectForAllocation, mode: safepoint, requested by thread 0x00000243c086aee0


---------------  P R O C E S S  ---------------

Threads class SMR info:
_java_thread_list=0x00000243c0aef750, length=35, elements={
0x00000243be7d4980, 0x00000243be7d5440, 0x00000243bf106c40, 0x00000243bf107500,
0x00000243bf107dc0, 0x00000243bf129f70, 0x00000243bf132840, 0x00000243bf138650,
0x00000243bf32d5f0, 0x00000243bf335b40, 0x00000243bf348010, 0x00000243bfce1f90,
0x00000243c00857d0, 0x00000243c06e70d0, 0x00000243c0709410, 0x00000243bf2b8840,
0x00000243af476820, 0x00000243c079f7c0, 0x00000243c03c5850, 0x00000243bf2df230,
0x00000243c01ec3d0, 0x00000243bfb90810, 0x00000243bfb92400, 0x00000243c086df00,
0x00000243c086c220, 0x00000243c086d560, 0x00000243c086b3b0, 0x00000243c086aee0,
0x00000243c086e3d0, 0x00000243c086cbc0, 0x00000243c086c6f0, 0x00000243c086da30,
0x00000243c086d090, 0x00000243c086e8a0, 0x00000243c086b880
}

Java Threads: ( => current thread )
  0x00000243be7d4980 JavaThread "Reference Handler" daemon [_thread_blocked, id=6028, stack(0x000000fe68400000,0x000000fe68500000)]
  0x00000243be7d5440 JavaThread "Finalizer" daemon [_thread_blocked, id=7940, stack(0x000000fe68500000,0x000000fe68600000)]
  0x00000243bf106c40 JavaThread "Signal Dispatcher" daemon [_thread_blocked, id=2308, stack(0x000000fe68600000,0x000000fe68700000)]
  0x00000243bf107500 JavaThread "Attach Listener" daemon [_thread_blocked, id=5840, stack(0x000000fe68700000,0x000000fe68800000)]
  0x00000243bf107dc0 JavaThread "Service Thread" daemon [_thread_blocked, id=15084, stack(0x000000fe68800000,0x000000fe68900000)]
  0x00000243bf129f70 JavaThread "Monitor Deflation Thread" daemon [_thread_blocked, id=9680, stack(0x000000fe68900000,0x000000fe68a00000)]
  0x00000243bf132840 JavaThread "C1 CompilerThread0" daemon [_thread_blocked, id=9036, stack(0x000000fe68a00000,0x000000fe68b00000)]
  0x00000243bf138650 JavaThread "Sweeper thread" daemon [_thread_blocked, id=296, stack(0x000000fe68b00000,0x000000fe68c00000)]
  0x00000243bf32d5f0 JavaThread "C1 CompilerThread1" daemon [_thread_blocked, id=1844, stack(0x000000fe68c00000,0x000000fe68d00000)]
  0x00000243bf335b40 JavaThread "Notification Thread" daemon [_thread_blocked, id=5168, stack(0x000000fe68d00000,0x000000fe68e00000)]
  0x00000243bf348010 JavaThread "Common-Cleaner" daemon [_thread_blocked, id=7404, stack(0x000000fe68f00000,0x000000fe69000000)]
  0x00000243bfce1f90 JavaThread "C1 CompilerThread2" daemon [_thread_blocked, id=8720, stack(0x000000fe69000000,0x000000fe69100000)]
  0x00000243c00857d0 JavaThread "C1 CompilerThread3" daemon [_thread_blocked, id=2668, stack(0x000000fe69500000,0x000000fe69600000)]
  0x00000243c06e70d0 JavaThread "boundedElastic-evictor-1" daemon [_thread_blocked, id=8108, stack(0x000000fe69900000,0x000000fe69a00000)]
  0x00000243c0709410 JavaThread "pool-11-thread-1" [_thread_blocked, id=2300, stack(0x000000fe69b00000,0x000000fe69c00000)]
  0x00000243bf2b8840 JavaThread "LanguageServerApp-lifecycle" [_thread_blocked, id=15504, stack(0x000000fe69c00000,0x000000fe69d00000)]
  0x00000243af476820 JavaThread "DestroyJavaVM" [_thread_blocked, id=3340, stack(0x000000fe67d00000,0x000000fe67e00000)]
  0x00000243c079f7c0 JavaThread "pool-12-thread-1" [_thread_in_native, id=14852, stack(0x000000fe69d00000,0x000000fe69e00000)]
  0x00000243c03c5850 JavaThread "Simple-Language-Server main thread" daemon [_thread_blocked, id=12608, stack(0x000000fe69e00000,0x000000fe69f00000)]
  0x00000243bf2df230 JavaThread "ForkJoinPool.commonPool-worker-1" daemon [_thread_blocked, id=12880, stack(0x000000fe69f00000,0x000000fe6a000000)]
  0x00000243c01ec3d0 JavaThread "ClassGraph-worker-0" daemon [_thread_blocked, id=11140, stack(0x000000fe6a000000,0x000000fe6a100000)]
  0x00000243bfb90810 JavaThread "ClassGraph-worker-1" daemon [_thread_blocked, id=5972, stack(0x000000fe6a100000,0x000000fe6a200000)]
  0x00000243bfb92400 JavaThread "ClassGraph-worker-2" daemon [_thread_blocked, id=9980, stack(0x000000fe6a200000,0x000000fe6a300000)]
  0x00000243c086df00 JavaThread "ClassGraph-worker-3" daemon [_thread_blocked, id=7072, stack(0x000000fe6a300000,0x000000fe6a400000)]
  0x00000243c086c220 JavaThread "ClassGraph-worker-4" daemon [_thread_blocked, id=11704, stack(0x000000fe6a400000,0x000000fe6a500000)]
  0x00000243c086d560 JavaThread "ClassGraph-worker-5" daemon [_thread_blocked, id=4140, stack(0x000000fe6a500000,0x000000fe6a600000)]
  0x00000243c086b3b0 JavaThread "ClassGraph-worker-6" daemon [_thread_blocked, id=12904, stack(0x000000fe6a600000,0x000000fe6a700000)]
  0x00000243c086aee0 JavaThread "ClassGraph-worker-7" daemon [_thread_blocked, id=14404, stack(0x000000fe6a700000,0x000000fe6a800000)]
  0x00000243c086e3d0 JavaThread "ClassGraph-worker-8" daemon [_thread_blocked, id=8588, stack(0x000000fe6a800000,0x000000fe6a900000)]
  0x00000243c086cbc0 JavaThread "ClassGraph-worker-9" daemon [_thread_blocked, id=13456, stack(0x000000fe6a900000,0x000000fe6aa00000)]
  0x00000243c086c6f0 JavaThread "ClassGraph-worker-10" daemon [_thread_blocked, id=10940, stack(0x000000fe6aa00000,0x000000fe6ab00000)]
  0x00000243c086da30 JavaThread "ClassGraph-worker-11" daemon [_thread_blocked, id=12048, stack(0x000000fe6ab00000,0x000000fe6ac00000)]
  0x00000243c086d090 JavaThread "ClassGraph-worker-12" daemon [_thread_blocked, id=1392, stack(0x000000fe6ac00000,0x000000fe6ad00000)]
  0x00000243c086e8a0 JavaThread "ClassGraph-worker-13" daemon [_thread_blocked, id=8760, stack(0x000000fe6ad00000,0x000000fe6ae00000)]
  0x00000243c086b880 JavaThread "parallel-1" daemon [_thread_blocked, id=6600, stack(0x000000fe6ae00000,0x000000fe6af00000)]

Other Threads:
=>0x00000243be7c85c0 VMThread "VM Thread" [stack: 0x000000fe68300000,0x000000fe68400000] [id=11500]
  0x00000243af4ea790 WatcherThread [stack: 0x000000fe68e00000,0x000000fe68f00000] [id=11304]
  0x00000243af4d3060 GCTaskThread "GC Thread#0" [stack: 0x000000fe67e00000,0x000000fe67f00000] [id=15076]
  0x00000243bfea23e0 GCTaskThread "GC Thread#1" [stack: 0x000000fe69100000,0x000000fe69200000] [id=16140]
  0x00000243bfea2690 GCTaskThread "GC Thread#2" [stack: 0x000000fe69200000,0x000000fe69300000] [id=15940]
  0x00000243bfefea50 GCTaskThread "GC Thread#3" [stack: 0x000000fe69300000,0x000000fe69400000] [id=6540]
  0x00000243bfeff110 GCTaskThread "GC Thread#4" [stack: 0x000000fe69400000,0x000000fe69500000] [id=10216]
  0x00000243c0149f80 GCTaskThread "GC Thread#5" [stack: 0x000000fe69600000,0x000000fe69700000] [id=1904]
  0x00000243c0176cb0 GCTaskThread "GC Thread#6" [stack: 0x000000fe69700000,0x000000fe69800000] [id=11424]
  0x00000243c019ac90 GCTaskThread "GC Thread#7" [stack: 0x000000fe69800000,0x000000fe69900000] [id=2600]
  0x00000243af4e3af0 ConcurrentGCThread "G1 Main Marker" [stack: 0x000000fe67f00000,0x000000fe68000000] [id=9860]
  0x00000243af4e4410 ConcurrentGCThread "G1 Conc#0" [stack: 0x000000fe68000000,0x000000fe68100000] [id=10600]
  0x00000243c03583d0 ConcurrentGCThread "G1 Conc#1" [stack: 0x000000fe69a00000,0x000000fe69b00000] [id=16160]
  0x00000243af52ec70 ConcurrentGCThread "G1 Refine#0" [stack: 0x000000fe68100000,0x000000fe68200000] [id=5708]
  0x00000243c0aea0c0 ConcurrentGCThread "G1 Refine#1" [stack: 0x000000fe6af00000,0x000000fe6b000000] [id=7988]
  0x00000243bfbf34d0 ConcurrentGCThread "G1 Refine#2" [stack: 0x000000fe6b000000,0x000000fe6b100000] [id=11160]
  0x00000243c32044d0 ConcurrentGCThread "G1 Refine#3" [stack: 0x000000fe6b100000,0x000000fe6b200000] [id=15924]
  0x00000243be634730 ConcurrentGCThread "G1 Service" [stack: 0x000000fe68200000,0x000000fe68300000] [id=11200]

Threads with active compile tasks:

VM state: at safepoint (normal execution)

VM Mutex/Monitor currently owned by a thread:  ([mutex/lock_event])
[0x00000243af36d3e0] Threads_lock - owner thread: 0x00000243be7c85c0
[0x00000243af475400] Heap_lock - owner thread: 0x00000243c086aee0

Heap address: 0x0000000081e00000, size: 2018 MB, Compressed Oops mode: 32-bit

CDS archive(s) not mapped
Compressed class space mapped at: 0x0000000100000000-0x0000000140000000, reserved size: 1073741824
Narrow klass base: 0x0000000000000000, Narrow klass shift: 3, Narrow klass range: 0x140000000

GC Precious Log:
 CPUs: 8 total, 8 available
 Memory: 8066M
 Large Page Support: Disabled
 NUMA Support: Disabled
 Compressed Oops: Enabled (32-bit)
 Heap Region Size: 1M
 Heap Min Capacity: 8M
 Heap Initial Capacity: 128M
 Heap Max Capacity: 2018M
 Pre-touch: Disabled
 Parallel Workers: 8
 Concurrent Workers: 2
 Concurrent Refinement Workers: 8
 Periodic GC: Disabled

Heap:
 garbage-first heap   total 238592K, used 89547K [0x0000000081e00000, 0x0000000100000000)
  region size 1024K, 10 young (10240K), 10 survivors (10240K)
 Metaspace       used 38724K, committed 39104K, reserved 1089536K
  class space    used 4946K, committed 5120K, reserved 1048576K

Heap Regions: E=young(eden), S=young(survivor), O=old, HS=humongous(starts), HC=humongous(continues), CS=collection set, F=free, OA=open archive, CA=closed archive, TAMS=top-at-mark-start (previous, next)
|   0|0x0000000081e00000, 0x0000000081f00000, 0x0000000081f00000|100%| O|  |TAMS 0x0000000081f00000, 0x0000000081e00000| Untracked 
|   1|0x0000000081f00000, 0x0000000082000000, 0x0000000082000000|100%| O|  |TAMS 0x0000000082000000, 0x0000000081f00000| Untracked 
|   2|0x0000000082000000, 0x0000000082100000, 0x0000000082100000|100%| O|  |TAMS 0x0000000082100000, 0x0000000082000000| Untracked 
|   3|0x0000000082100000, 0x0000000082200000, 0x0000000082200000|100%| O|  |TAMS 0x0000000082200000, 0x0000000082100000| Untracked 
|   4|0x0000000082200000, 0x0000000082300000, 0x0000000082300000|100%| O|  |TAMS 0x0000000082300000, 0x0000000082200000| Untracked 
|   5|0x0000000082300000, 0x0000000082400000, 0x0000000082400000|100%| O|  |TAMS 0x0000000082400000, 0x0000000082300000| Untracked 
|   6|0x0000000082400000, 0x0000000082500000, 0x0000000082500000|100%| O|  |TAMS 0x0000000082500000, 0x0000000082400000| Untracked 
|   7|0x0000000082500000, 0x0000000082600000, 0x0000000082600000|100%| O|  |TAMS 0x0000000082600000, 0x0000000082500000| Untracked 
|   8|0x0000000082600000, 0x0000000082700000, 0x0000000082700000|100%| O|  |TAMS 0x0000000082700000, 0x0000000082600000| Untracked 
|   9|0x0000000082700000, 0x0000000082800000, 0x0000000082800000|100%| O|  |TAMS 0x0000000082800000, 0x0000000082700000| Untracked 
|  10|0x0000000082800000, 0x0000000082900000, 0x0000000082900000|100%| O|  |TAMS 0x0000000082900000, 0x0000000082800000| Untracked 
|  11|0x0000000082900000, 0x0000000082a00000, 0x0000000082a00000|100%| O|  |TAMS 0x0000000082a00000, 0x0000000082900000| Untracked 
|  12|0x0000000082a00000, 0x0000000082b00000, 0x0000000082b00000|100%| O|  |TAMS 0x0000000082b00000, 0x0000000082a00000| Untracked 
|  13|0x0000000082b00000, 0x0000000082c00000, 0x0000000082c00000|100%| O|  |TAMS 0x0000000082c00000, 0x0000000082b00000| Untracked 
|  14|0x0000000082c00000, 0x0000000082d00000, 0x0000000082d00000|100%| O|  |TAMS 0x0000000082d00000, 0x0000000082c00000| Untracked 
|  15|0x0000000082d00000, 0x0000000082e00000, 0x0000000082e00000|100%| O|  |TAMS 0x0000000082e00000, 0x0000000082d00000| Untracked 
|  16|0x0000000082e00000, 0x0000000082f00000, 0x0000000082f00000|100%| O|  |TAMS 0x0000000082f00000, 0x0000000082e00000| Untracked 
|  17|0x0000000082f00000, 0x0000000083000000, 0x0000000083000000|100%| O|  |TAMS 0x0000000083000000, 0x0000000082f00000| Untracked 
|  18|0x0000000083000000, 0x0000000083100000, 0x0000000083100000|100%| O|  |TAMS 0x0000000083100000, 0x0000000083000000| Untracked 
|  19|0x0000000083100000, 0x0000000083200000, 0x0000000083200000|100%| O|  |TAMS 0x0000000083200000, 0x0000000083100000| Untracked 
|  20|0x0000000083200000, 0x0000000083300000, 0x0000000083300000|100%| O|  |TAMS 0x0000000083300000, 0x0000000083200000| Untracked 
|  21|0x0000000083300000, 0x0000000083400000, 0x0000000083400000|100%| O|  |TAMS 0x0000000083300000, 0x0000000083300000| Untracked 
|  22|0x0000000083400000, 0x0000000083500000, 0x0000000083500000|100%| O|  |TAMS 0x0000000083500000, 0x0000000083400000| Untracked 
|  23|0x0000000083500000, 0x0000000083600000, 0x0000000083600000|100%| O|  |TAMS 0x0000000083600000, 0x0000000083500000| Untracked 
|  24|0x0000000083600000, 0x0000000083700000, 0x0000000083700000|100%| O|  |TAMS 0x0000000083700000, 0x0000000083600000| Untracked 
|  25|0x0000000083700000, 0x0000000083800000, 0x0000000083800000|100%| O|  |TAMS 0x0000000083800000, 0x0000000083700000| Untracked 
|  26|0x0000000083800000, 0x0000000083900000, 0x0000000083900000|100%| O|  |TAMS 0x0000000083900000, 0x0000000083800000| Untracked 
|  27|0x0000000083900000, 0x0000000083a00000, 0x0000000083a00000|100%| O|  |TAMS 0x0000000083a00000, 0x0000000083900000| Untracked 
|  28|0x0000000083a00000, 0x0000000083b00000, 0x0000000083b00000|100%| O|  |TAMS 0x0000000083b00000, 0x0000000083a00000| Untracked 
|  29|0x0000000083b00000, 0x0000000083c00000, 0x0000000083c00000|100%| O|  |TAMS 0x0000000083c00000, 0x0000000083b00000| Untracked 
|  30|0x0000000083c00000, 0x0000000083d00000, 0x0000000083d00000|100%| O|  |TAMS 0x0000000083d00000, 0x0000000083c00000| Untracked 
|  31|0x0000000083d00000, 0x0000000083e00000, 0x0000000083e00000|100%| O|  |TAMS 0x0000000083e00000, 0x0000000083d00000| Untracked 
|  32|0x0000000083e00000, 0x0000000083f00000, 0x0000000083f00000|100%| O|  |TAMS 0x0000000083f00000, 0x0000000083e00000| Untracked 
|  33|0x0000000083f00000, 0x0000000084000000, 0x0000000084000000|100%| O|  |TAMS 0x0000000084000000, 0x0000000083f00000| Untracked 
|  34|0x0000000084000000, 0x0000000084100000, 0x0000000084100000|100%| O|  |TAMS 0x0000000084100000, 0x0000000084000000| Untracked 
|  35|0x0000000084100000, 0x0000000084200000, 0x0000000084200000|100%| O|  |TAMS 0x0000000084200000, 0x0000000084100000| Untracked 
|  36|0x0000000084200000, 0x0000000084300000, 0x0000000084300000|100%| O|  |TAMS 0x0000000084300000, 0x0000000084200000| Untracked 
|  37|0x0000000084300000, 0x0000000084400000, 0x0000000084400000|100%| O|  |TAMS 0x0000000084400000, 0x0000000084300000| Untracked 
|  38|0x0000000084400000, 0x0000000084500000, 0x0000000084500000|100%| O|  |TAMS 0x0000000084500000, 0x0000000084400000| Untracked 
|  39|0x0000000084500000, 0x0000000084600000, 0x0000000084600000|100%| O|  |TAMS 0x0000000084600000, 0x0000000084500000| Untracked 
|  40|0x0000000084600000, 0x0000000084700000, 0x0000000084700000|100%| O|  |TAMS 0x0000000084700000, 0x0000000084600000| Untracked 
|  41|0x0000000084700000, 0x0000000084800000, 0x0000000084800000|100%| O|  |TAMS 0x0000000084800000, 0x0000000084700000| Untracked 
|  42|0x0000000084800000, 0x0000000084900000, 0x0000000084900000|100%| O|  |TAMS 0x0000000084900000, 0x0000000084800000| Untracked 
|  43|0x0000000084900000, 0x0000000084a00000, 0x0000000084a00000|100%| O|  |TAMS 0x0000000084a00000, 0x0000000084900000| Untracked 
|  44|0x0000000084a00000, 0x0000000084b00000, 0x0000000084b00000|100%| O|  |TAMS 0x0000000084b00000, 0x0000000084a00000| Untracked 
|  45|0x0000000084b00000, 0x0000000084c00000, 0x0000000084c00000|100%| O|  |TAMS 0x0000000084c00000, 0x0000000084b00000| Untracked 
|  46|0x0000000084c00000, 0x0000000084d00000, 0x0000000084d00000|100%| O|  |TAMS 0x0000000084d00000, 0x0000000084c00000| Untracked 
|  47|0x0000000084d00000, 0x0000000084e00000, 0x0000000084e00000|100%| O|  |TAMS 0x0000000084e00000, 0x0000000084d00000| Untracked 
|  48|0x0000000084e00000, 0x0000000084f00000, 0x0000000084f00000|100%| O|  |TAMS 0x0000000084e00000, 0x0000000084e00000| Untracked 
|  49|0x0000000084f00000, 0x0000000085000000, 0x0000000085000000|100%|HS|  |TAMS 0x0000000085000000, 0x0000000084f00000| Complete 
|  50|0x0000000085000000, 0x0000000085100000, 0x0000000085100000|100%| O|  |TAMS 0x0000000085100000, 0x0000000085000000| Untracked 
|  51|0x0000000085100000, 0x0000000085200000, 0x0000000085200000|100%| O|  |TAMS 0x0000000085200000, 0x0000000085100000| Untracked 
|  52|0x0000000085200000, 0x0000000085300000, 0x0000000085300000|100%| O|  |TAMS 0x0000000085300000, 0x0000000085200000| Untracked 
|  53|0x0000000085300000, 0x0000000085400000, 0x0000000085400000|100%| O|  |TAMS 0x0000000085400000, 0x0000000085300000| Untracked 
|  54|0x0000000085400000, 0x0000000085500000, 0x0000000085500000|100%| O|  |TAMS 0x0000000085500000, 0x0000000085400000| Untracked 
|  55|0x0000000085500000, 0x0000000085600000, 0x0000000085600000|100%| O|  |TAMS 0x0000000085600000, 0x0000000085500000| Untracked 
|  56|0x0000000085600000, 0x0000000085700000, 0x0000000085700000|100%| O|  |TAMS 0x0000000085700000, 0x0000000085600000| Untracked 
|  57|0x0000000085700000, 0x0000000085800000, 0x0000000085800000|100%| O|  |TAMS 0x0000000085800000, 0x0000000085700000| Untracked 
|  58|0x0000000085800000, 0x0000000085900000, 0x0000000085900000|100%| O|  |TAMS 0x0000000085900000, 0x0000000085800000| Untracked 
|  59|0x0000000085900000, 0x0000000085a00000, 0x0000000085a00000|100%| O|  |TAMS 0x0000000085a00000, 0x0000000085900000| Untracked 
|  60|0x0000000085a00000, 0x0000000085b00000, 0x0000000085b00000|100%| O|  |TAMS 0x0000000085b00000, 0x0000000085a00000| Untracked 
|  61|0x0000000085b00000, 0x0000000085c00000, 0x0000000085c00000|100%| O|  |TAMS 0x0000000085c00000, 0x0000000085b00000| Untracked 
|  62|0x0000000085c00000, 0x0000000085c00000, 0x0000000085d00000|  0%| F|  |TAMS 0x0000000085c00000, 0x0000000085c00000| Untracked 
|  63|0x0000000085d00000, 0x0000000085e00000, 0x0000000085e00000|100%| O|  |TAMS 0x0000000085d00000, 0x0000000085d00000| Untracked 
|  64|0x0000000085e00000, 0x0000000085f00000, 0x0000000085f00000|100%| O|  |TAMS 0x0000000085e00000, 0x0000000085e00000| Untracked 
|  65|0x0000000085f00000, 0x0000000086000000, 0x0000000086000000|100%| O|  |TAMS 0x0000000085f00000, 0x0000000085f00000| Untracked 
|  66|0x0000000086000000, 0x0000000086100000, 0x0000000086100000|100%| O|  |TAMS 0x0000000086000000, 0x0000000086000000| Untracked 
|  67|0x0000000086100000, 0x0000000086200000, 0x0000000086200000|100%| O|  |TAMS 0x0000000086100000, 0x0000000086100000| Untracked 
|  68|0x0000000086200000, 0x0000000086300000, 0x0000000086300000|100%| O|  |TAMS 0x0000000086200000, 0x0000000086200000| Untracked 
|  69|0x0000000086300000, 0x0000000086400000, 0x0000000086400000|100%| O|  |TAMS 0x0000000086300000, 0x0000000086300000| Untracked 
|  70|0x0000000086400000, 0x0000000086500000, 0x0000000086500000|100%| O|  |TAMS 0x0000000086400000, 0x0000000086400000| Untracked 
|  71|0x0000000086500000, 0x0000000086600000, 0x0000000086600000|100%| O|  |TAMS 0x0000000086500000, 0x0000000086500000| Untracked 
|  72|0x0000000086600000, 0x0000000086700000, 0x0000000086700000|100%| O|  |TAMS 0x0000000086600000, 0x0000000086600000| Untracked 
|  73|0x0000000086700000, 0x0000000086800000, 0x0000000086800000|100%| O|  |TAMS 0x0000000086700000, 0x0000000086700000| Untracked 
|  74|0x0000000086800000, 0x0000000086900000, 0x0000000086900000|100%| O|  |TAMS 0x0000000086800000, 0x0000000086800000| Untracked 
|  75|0x0000000086900000, 0x0000000086a00000, 0x0000000086a00000|100%| O|  |TAMS 0x0000000086900000, 0x0000000086900000| Untracked 
|  76|0x0000000086a00000, 0x0000000086b00000, 0x0000000086b00000|100%| O|  |TAMS 0x0000000086a00000, 0x0000000086a00000| Untracked 
|  77|0x0000000086b00000, 0x0000000086c00000, 0x0000000086c00000|100%| O|  |TAMS 0x0000000086b00000, 0x0000000086b00000| Untracked 
|  78|0x0000000086c00000, 0x0000000086cfc800, 0x0000000086d00000| 98%| O|  |TAMS 0x0000000086c00000, 0x0000000086c00000| Untracked 
|  79|0x0000000086d00000, 0x0000000086d00000, 0x0000000086e00000|  0%| F|  |TAMS 0x0000000086d00000, 0x0000000086d00000| Untracked 
|  80|0x0000000086e00000, 0x0000000086e00000, 0x0000000086f00000|  0%| F|  |TAMS 0x0000000086e00000, 0x0000000086e00000| Untracked 
|  81|0x0000000086f00000, 0x0000000086f00000, 0x0000000087000000|  0%| F|  |TAMS 0x0000000086f00000, 0x0000000086f00000| Untracked 
|  82|0x0000000087000000, 0x0000000087000000, 0x0000000087100000|  0%| F|  |TAMS 0x0000000087000000, 0x0000000087000000| Untracked 
|  83|0x0000000087100000, 0x0000000087100000, 0x0000000087200000|  0%| F|  |TAMS 0x0000000087100000, 0x0000000087100000| Untracked 
|  84|0x0000000087200000, 0x0000000087200000, 0x0000000087300000|  0%| F|  |TAMS 0x0000000087200000, 0x0000000087200000| Untracked 
|  85|0x0000000087300000, 0x0000000087300000, 0x0000000087400000|  0%| F|  |TAMS 0x0000000087300000, 0x0000000087300000| Untracked 
|  86|0x0000000087400000, 0x0000000087400000, 0x0000000087500000|  0%| F|  |TAMS 0x0000000087400000, 0x0000000087400000| Untracked 
|  87|0x0000000087500000, 0x0000000087500000, 0x0000000087600000|  0%| F|  |TAMS 0x0000000087500000, 0x0000000087500000| Untracked 
|  88|0x0000000087600000, 0x0000000087600000, 0x0000000087700000|  0%| F|  |TAMS 0x0000000087600000, 0x0000000087600000| Untracked 
|  89|0x0000000087700000, 0x0000000087700000, 0x0000000087800000|  0%| F|  |TAMS 0x0000000087700000, 0x0000000087700000| Untracked 
|  90|0x0000000087800000, 0x0000000087800000, 0x0000000087900000|  0%| F|  |TAMS 0x0000000087800000, 0x0000000087800000| Untracked 
|  91|0x0000000087900000, 0x0000000087900000, 0x0000000087a00000|  0%| F|  |TAMS 0x0000000087900000, 0x0000000087900000| Untracked 
|  92|0x0000000087a00000, 0x0000000087a00000, 0x0000000087b00000|  0%| F|  |TAMS 0x0000000087a00000, 0x0000000087a00000| Untracked 
|  93|0x0000000087b00000, 0x0000000087b00000, 0x0000000087c00000|  0%| F|  |TAMS 0x0000000087b00000, 0x0000000087b00000| Untracked 
|  94|0x0000000087c00000, 0x0000000087c00000, 0x0000000087d00000|  0%| F|  |TAMS 0x0000000087c00000, 0x0000000087c00000| Untracked 
|  95|0x0000000087d00000, 0x0000000087d00000, 0x0000000087e00000|  0%| F|  |TAMS 0x0000000087d00000, 0x0000000087d00000| Untracked 
|  96|0x0000000087e00000, 0x0000000087e00000, 0x0000000087f00000|  0%| F|  |TAMS 0x0000000087e00000, 0x0000000087e00000| Untracked 
|  97|0x0000000087f00000, 0x0000000087f00000, 0x0000000088000000|  0%| F|  |TAMS 0x0000000087f00000, 0x0000000087f00000| Untracked 
|  98|0x0000000088000000, 0x0000000088000000, 0x0000000088100000|  0%| F|  |TAMS 0x0000000088000000, 0x0000000088000000| Untracked 
|  99|0x0000000088100000, 0x0000000088100000, 0x0000000088200000|  0%| F|  |TAMS 0x0000000088100000, 0x0000000088100000| Untracked 
| 100|0x0000000088200000, 0x0000000088200000, 0x0000000088300000|  0%| F|  |TAMS 0x0000000088200000, 0x0000000088200000| Untracked 
| 101|0x0000000088300000, 0x0000000088300000, 0x0000000088400000|  0%| F|  |TAMS 0x0000000088300000, 0x0000000088300000| Untracked 
| 102|0x0000000088400000, 0x0000000088400000, 0x0000000088500000|  0%| F|  |TAMS 0x0000000088400000, 0x0000000088400000| Untracked 
| 103|0x0000000088500000, 0x0000000088500000, 0x0000000088600000|  0%| F|  |TAMS 0x0000000088500000, 0x0000000088500000| Untracked 
| 104|0x0000000088600000, 0x0000000088600000, 0x0000000088700000|  0%| F|  |TAMS 0x0000000088600000, 0x0000000088600000| Untracked 
| 105|0x0000000088700000, 0x0000000088700000, 0x0000000088800000|  0%| F|  |TAMS 0x0000000088700000, 0x0000000088700000| Untracked 
| 106|0x0000000088800000, 0x0000000088800000, 0x0000000088900000|  0%| F|  |TAMS 0x0000000088800000, 0x0000000088800000| Untracked 
| 107|0x0000000088900000, 0x0000000088900000, 0x0000000088a00000|  0%| F|  |TAMS 0x0000000088900000, 0x0000000088900000| Untracked 
| 108|0x0000000088a00000, 0x0000000088a00000, 0x0000000088b00000|  0%| F|  |TAMS 0x0000000088a00000, 0x0000000088a00000| Untracked 
| 109|0x0000000088b00000, 0x0000000088b00000, 0x0000000088c00000|  0%| F|  |TAMS 0x0000000088b00000, 0x0000000088b00000| Untracked 
| 110|0x0000000088c00000, 0x0000000088c00000, 0x0000000088d00000|  0%| F|  |TAMS 0x0000000088c00000, 0x0000000088c00000| Untracked 
| 111|0x0000000088d00000, 0x0000000088d00000, 0x0000000088e00000|  0%| F|  |TAMS 0x0000000088d00000, 0x0000000088d00000| Untracked 
| 112|0x0000000088e00000, 0x0000000088e00000, 0x0000000088f00000|  0%| F|  |TAMS 0x0000000088e00000, 0x0000000088e00000| Untracked 
| 113|0x0000000088f00000, 0x0000000088f00000, 0x0000000089000000|  0%| F|  |TAMS 0x0000000088f00000, 0x0000000088f00000| Untracked 
| 114|0x0000000089000000, 0x0000000089000000, 0x0000000089100000|  0%| F|  |TAMS 0x0000000089000000, 0x0000000089000000| Untracked 
| 115|0x0000000089100000, 0x0000000089100000, 0x0000000089200000|  0%| F|  |TAMS 0x0000000089100000, 0x0000000089100000| Untracked 
| 116|0x0000000089200000, 0x0000000089200000, 0x0000000089300000|  0%| F|  |TAMS 0x0000000089200000, 0x0000000089200000| Untracked 
| 117|0x0000000089300000, 0x00000000893767c8, 0x0000000089400000| 46%| S|CS|TAMS 0x0000000089300000, 0x0000000089300000| Complete 
| 118|0x0000000089400000, 0x0000000089500000, 0x0000000089500000|100%| S|CS|TAMS 0x0000000089400000, 0x0000000089400000| Complete 
| 119|0x0000000089500000, 0x0000000089600000, 0x0000000089600000|100%| S|CS|TAMS 0x0000000089500000, 0x0000000089500000| Complete 
| 120|0x0000000089600000, 0x0000000089700000, 0x0000000089700000|100%| S|CS|TAMS 0x0000000089600000, 0x0000000089600000| Complete 
| 121|0x0000000089700000, 0x0000000089800000, 0x0000000089800000|100%| S|CS|TAMS 0x0000000089700000, 0x0000000089700000| Complete 
| 122|0x0000000089800000, 0x0000000089900000, 0x0000000089900000|100%| S|CS|TAMS 0x0000000089800000, 0x0000000089800000| Complete 
| 123|0x0000000089900000, 0x0000000089a00000, 0x0000000089a00000|100%| S|CS|TAMS 0x0000000089900000, 0x0000000089900000| Complete 
| 124|0x0000000089a00000, 0x0000000089b00000, 0x0000000089b00000|100%| S|CS|TAMS 0x0000000089a00000, 0x0000000089a00000| Complete 
| 125|0x0000000089b00000, 0x0000000089b00000, 0x0000000089c00000|  0%| F|  |TAMS 0x0000000089b00000, 0x0000000089b00000| Untracked 
| 126|0x0000000089c00000, 0x0000000089c00000, 0x0000000089d00000|  0%| F|  |TAMS 0x0000000089c00000, 0x0000000089c00000| Untracked 
| 127|0x0000000089d00000, 0x0000000089d00000, 0x0000000089e00000|  0%| F|  |TAMS 0x0000000089d00000, 0x0000000089d00000| Untracked 
| 128|0x0000000089e00000, 0x0000000089e00000, 0x0000000089f00000|  0%| F|  |TAMS 0x0000000089e00000, 0x0000000089e00000| Untracked 
| 129|0x0000000089f00000, 0x0000000089f00000, 0x000000008a000000|  0%| F|  |TAMS 0x0000000089f00000, 0x0000000089f00000| Untracked 
| 130|0x000000008a000000, 0x000000008a100000, 0x000000008a100000|100%| S|CS|TAMS 0x000000008a000000, 0x000000008a000000| Complete 
| 131|0x000000008a100000, 0x000000008a200000, 0x000000008a200000|100%| S|CS|TAMS 0x000000008a100000, 0x000000008a100000| Complete 
| 132|0x000000008a200000, 0x000000008a200000, 0x000000008a300000|  0%| F|  |TAMS 0x000000008a200000, 0x000000008a200000| Untracked 
| 133|0x000000008a300000, 0x000000008a300000, 0x000000008a400000|  0%| F|  |TAMS 0x000000008a300000, 0x000000008a300000| Untracked 
| 134|0x000000008a400000, 0x000000008a400000, 0x000000008a500000|  0%| F|  |TAMS 0x000000008a400000, 0x000000008a400000| Untracked 
| 135|0x000000008a500000, 0x000000008a500000, 0x000000008a600000|  0%| F|  |TAMS 0x000000008a500000, 0x000000008a500000| Untracked 
| 136|0x000000008a600000, 0x000000008a600000, 0x000000008a700000|  0%| F|  |TAMS 0x000000008a600000, 0x000000008a600000| Untracked 
| 137|0x000000008a700000, 0x000000008a700000, 0x000000008a800000|  0%| F|  |TAMS 0x000000008a700000, 0x000000008a700000| Untracked 
| 138|0x000000008a800000, 0x000000008a800000, 0x000000008a900000|  0%| F|  |TAMS 0x000000008a800000, 0x000000008a800000| Untracked 
| 139|0x000000008a900000, 0x000000008a900000, 0x000000008aa00000|  0%| F|  |TAMS 0x000000008a900000, 0x000000008a900000| Untracked 
| 140|0x000000008aa00000, 0x000000008aa00000, 0x000000008ab00000|  0%| F|  |TAMS 0x000000008aa00000, 0x000000008aa00000| Untracked 
| 141|0x000000008ab00000, 0x000000008ab00000, 0x000000008ac00000|  0%| F|  |TAMS 0x000000008ab00000, 0x000000008ab00000| Untracked 
| 142|0x000000008ac00000, 0x000000008ac00000, 0x000000008ad00000|  0%| F|  |TAMS 0x000000008ac00000, 0x000000008ac00000| Untracked 
| 143|0x000000008ad00000, 0x000000008ad00000, 0x000000008ae00000|  0%| F|  |TAMS 0x000000008ad00000, 0x000000008ad00000| Untracked 
| 144|0x000000008ae00000, 0x000000008ae00000, 0x000000008af00000|  0%| F|  |TAMS 0x000000008ae00000, 0x000000008ae00000| Untracked 
| 145|0x000000008af00000, 0x000000008af00000, 0x000000008b000000|  0%| F|  |TAMS 0x000000008af00000, 0x000000008af00000| Untracked 
| 146|0x000000008b000000, 0x000000008b000000, 0x000000008b100000|  0%| F|  |TAMS 0x000000008b000000, 0x000000008b000000| Untracked 
| 147|0x000000008b100000, 0x000000008b100000, 0x000000008b200000|  0%| F|  |TAMS 0x000000008b100000, 0x000000008b100000| Untracked 
| 148|0x000000008b200000, 0x000000008b200000, 0x000000008b300000|  0%| F|  |TAMS 0x000000008b200000, 0x000000008b200000| Untracked 
| 149|0x000000008b300000, 0x000000008b300000, 0x000000008b400000|  0%| F|  |TAMS 0x000000008b300000, 0x000000008b300000| Untracked 
| 150|0x000000008b400000, 0x000000008b400000, 0x000000008b500000|  0%| F|  |TAMS 0x000000008b400000, 0x000000008b400000| Untracked 
| 151|0x000000008b500000, 0x000000008b500000, 0x000000008b600000|  0%| F|  |TAMS 0x000000008b500000, 0x000000008b500000| Untracked 
| 152|0x000000008b600000, 0x000000008b600000, 0x000000008b700000|  0%| F|  |TAMS 0x000000008b600000, 0x000000008b600000| Untracked 
| 153|0x000000008b700000, 0x000000008b700000, 0x000000008b800000|  0%| F|  |TAMS 0x000000008b700000, 0x000000008b700000| Untracked 
| 154|0x000000008b800000, 0x000000008b800000, 0x000000008b900000|  0%| F|  |TAMS 0x000000008b800000, 0x000000008b800000| Untracked 
| 155|0x000000008b900000, 0x000000008b900000, 0x000000008ba00000|  0%| F|  |TAMS 0x000000008b900000, 0x000000008b900000| Untracked 
| 156|0x000000008ba00000, 0x000000008ba00000, 0x000000008bb00000|  0%| F|  |TAMS 0x000000008ba00000, 0x000000008ba00000| Untracked 
| 157|0x000000008bb00000, 0x000000008bb00000, 0x000000008bc00000|  0%| F|  |TAMS 0x000000008bb00000, 0x000000008bb00000| Untracked 
| 158|0x000000008bc00000, 0x000000008bc00000, 0x000000008bd00000|  0%| F|  |TAMS 0x000000008bc00000, 0x000000008bc00000| Untracked 
| 159|0x000000008bd00000, 0x000000008bd00000, 0x000000008be00000|  0%| F|  |TAMS 0x000000008bd00000, 0x000000008bd00000| Untracked 
| 160|0x000000008be00000, 0x000000008be00000, 0x000000008bf00000|  0%| F|  |TAMS 0x000000008be00000, 0x000000008be00000| Untracked 
| 161|0x000000008bf00000, 0x000000008bf00000, 0x000000008c000000|  0%| F|  |TAMS 0x000000008bf00000, 0x000000008bf00000| Untracked 
| 162|0x000000008c000000, 0x000000008c000000, 0x000000008c100000|  0%| F|  |TAMS 0x000000008c000000, 0x000000008c000000| Untracked 
| 163|0x000000008c100000, 0x000000008c100000, 0x000000008c200000|  0%| F|  |TAMS 0x000000008c100000, 0x000000008c100000| Untracked 
| 164|0x000000008c200000, 0x000000008c200000, 0x000000008c300000|  0%| F|  |TAMS 0x000000008c200000, 0x000000008c200000| Untracked 
| 165|0x000000008c300000, 0x000000008c300000, 0x000000008c400000|  0%| F|  |TAMS 0x000000008c300000, 0x000000008c300000| Untracked 
| 166|0x000000008c400000, 0x000000008c400000, 0x000000008c500000|  0%| F|  |TAMS 0x000000008c400000, 0x000000008c400000| Untracked 
| 167|0x000000008c500000, 0x000000008c500000, 0x000000008c600000|  0%| F|  |TAMS 0x000000008c500000, 0x000000008c500000| Untracked 
| 168|0x000000008c600000, 0x000000008c600000, 0x000000008c700000|  0%| F|  |TAMS 0x000000008c600000, 0x000000008c600000| Untracked 
| 169|0x000000008c700000, 0x000000008c700000, 0x000000008c800000|  0%| F|  |TAMS 0x000000008c700000, 0x000000008c700000| Untracked 
| 170|0x000000008c800000, 0x000000008c800000, 0x000000008c900000|  0%| F|  |TAMS 0x000000008c800000, 0x000000008c800000| Untracked 
| 171|0x000000008c900000, 0x000000008c900000, 0x000000008ca00000|  0%| F|  |TAMS 0x000000008c900000, 0x000000008c900000| Untracked 
| 172|0x000000008ca00000, 0x000000008ca00000, 0x000000008cb00000|  0%| F|  |TAMS 0x000000008ca00000, 0x000000008ca00000| Untracked 
| 173|0x000000008cb00000, 0x000000008cb00000, 0x000000008cc00000|  0%| F|  |TAMS 0x000000008cb00000, 0x000000008cb00000| Untracked 
| 174|0x000000008cc00000, 0x000000008cc00000, 0x000000008cd00000|  0%| F|  |TAMS 0x000000008cc00000, 0x000000008cc00000| Untracked 
| 175|0x000000008cd00000, 0x000000008cd00000, 0x000000008ce00000|  0%| F|  |TAMS 0x000000008cd00000, 0x000000008cd00000| Untracked 
| 176|0x000000008ce00000, 0x000000008ce00000, 0x000000008cf00000|  0%| F|  |TAMS 0x000000008ce00000, 0x000000008ce00000| Untracked 
| 177|0x000000008cf00000, 0x000000008cf00000, 0x000000008d000000|  0%| F|  |TAMS 0x000000008cf00000, 0x000000008cf00000| Untracked 
| 178|0x000000008d000000, 0x000000008d000000, 0x000000008d100000|  0%| F|  |TAMS 0x000000008d000000, 0x000000008d000000| Untracked 
| 179|0x000000008d100000, 0x000000008d100000, 0x000000008d200000|  0%| F|  |TAMS 0x000000008d100000, 0x000000008d100000| Untracked 
| 180|0x000000008d200000, 0x000000008d200000, 0x000000008d300000|  0%| F|  |TAMS 0x000000008d200000, 0x000000008d200000| Untracked 
| 181|0x000000008d300000, 0x000000008d300000, 0x000000008d400000|  0%| F|  |TAMS 0x000000008d300000, 0x000000008d300000| Untracked 
| 182|0x000000008d400000, 0x000000008d400000, 0x000000008d500000|  0%| F|  |TAMS 0x000000008d400000, 0x000000008d400000| Untracked 
| 183|0x000000008d500000, 0x000000008d500000, 0x000000008d600000|  0%| F|  |TAMS 0x000000008d500000, 0x000000008d500000| Untracked 
| 184|0x000000008d600000, 0x000000008d600000, 0x000000008d700000|  0%| F|  |TAMS 0x000000008d600000, 0x000000008d600000| Untracked 
| 185|0x000000008d700000, 0x000000008d700000, 0x000000008d800000|  0%| F|  |TAMS 0x000000008d700000, 0x000000008d700000| Untracked 
| 186|0x000000008d800000, 0x000000008d800000, 0x000000008d900000|  0%| F|  |TAMS 0x000000008d800000, 0x000000008d800000| Untracked 
| 187|0x000000008d900000, 0x000000008d900000, 0x000000008da00000|  0%| F|  |TAMS 0x000000008d900000, 0x000000008d900000| Untracked 
| 188|0x000000008da00000, 0x000000008da00000, 0x000000008db00000|  0%| F|  |TAMS 0x000000008da00000, 0x000000008da00000| Untracked 
| 189|0x000000008db00000, 0x000000008db00000, 0x000000008dc00000|  0%| F|  |TAMS 0x000000008db00000, 0x000000008db00000| Untracked 
| 190|0x000000008dc00000, 0x000000008dc00000, 0x000000008dd00000|  0%| F|  |TAMS 0x000000008dc00000, 0x000000008dc00000| Untracked 
| 191|0x000000008dd00000, 0x000000008dd00000, 0x000000008de00000|  0%| F|  |TAMS 0x000000008dd00000, 0x000000008dd00000| Untracked 
| 192|0x000000008de00000, 0x000000008de00000, 0x000000008df00000|  0%| F|  |TAMS 0x000000008de00000, 0x000000008de00000| Untracked 
| 193|0x000000008df00000, 0x000000008df00000, 0x000000008e000000|  0%| F|  |TAMS 0x000000008df00000, 0x000000008df00000| Untracked 
| 194|0x000000008e000000, 0x000000008e000000, 0x000000008e100000|  0%| F|  |TAMS 0x000000008e000000, 0x000000008e000000| Untracked 
| 195|0x000000008e100000, 0x000000008e100000, 0x000000008e200000|  0%| F|  |TAMS 0x000000008e100000, 0x000000008e100000| Untracked 
| 196|0x000000008e200000, 0x000000008e200000, 0x000000008e300000|  0%| F|  |TAMS 0x000000008e200000, 0x000000008e200000| Untracked 
| 197|0x000000008e300000, 0x000000008e300000, 0x000000008e400000|  0%| F|  |TAMS 0x000000008e300000, 0x000000008e300000| Untracked 
| 198|0x000000008e400000, 0x000000008e400000, 0x000000008e500000|  0%| F|  |TAMS 0x000000008e400000, 0x000000008e400000| Untracked 
| 199|0x000000008e500000, 0x000000008e500000, 0x000000008e600000|  0%| F|  |TAMS 0x000000008e500000, 0x000000008e500000| Untracked 
| 200|0x000000008e600000, 0x000000008e600000, 0x000000008e700000|  0%| F|  |TAMS 0x000000008e600000, 0x000000008e600000| Untracked 
| 201|0x000000008e700000, 0x000000008e700000, 0x000000008e800000|  0%| F|  |TAMS 0x000000008e700000, 0x000000008e700000| Untracked 
| 202|0x000000008e800000, 0x000000008e800000, 0x000000008e900000|  0%| F|  |TAMS 0x000000008e800000, 0x000000008e800000| Untracked 
| 203|0x000000008e900000, 0x000000008e900000, 0x000000008ea00000|  0%| F|  |TAMS 0x000000008e900000, 0x000000008e900000| Untracked 
| 204|0x000000008ea00000, 0x000000008ea00000, 0x000000008eb00000|  0%| F|  |TAMS 0x000000008ea00000, 0x000000008ea00000| Untracked 
| 205|0x000000008eb00000, 0x000000008eb00000, 0x000000008ec00000|  0%| F|  |TAMS 0x000000008eb00000, 0x000000008eb00000| Untracked 
| 206|0x000000008ec00000, 0x000000008ec00000, 0x000000008ed00000|  0%| F|  |TAMS 0x000000008ec00000, 0x000000008ec00000| Untracked 
| 207|0x000000008ed00000, 0x000000008ed00000, 0x000000008ee00000|  0%| F|  |TAMS 0x000000008ed00000, 0x000000008ed00000| Untracked 
| 208|0x000000008ee00000, 0x000000008ee00000, 0x000000008ef00000|  0%| F|  |TAMS 0x000000008ee00000, 0x000000008ee00000| Untracked 
| 209|0x000000008ef00000, 0x000000008ef00000, 0x000000008f000000|  0%| F|  |TAMS 0x000000008ef00000, 0x000000008ef00000| Untracked 
| 210|0x000000008f000000, 0x000000008f000000, 0x000000008f100000|  0%| F|  |TAMS 0x000000008f000000, 0x000000008f000000| Untracked 
| 211|0x000000008f100000, 0x000000008f100000, 0x000000008f200000|  0%| F|  |TAMS 0x000000008f100000, 0x000000008f100000| Untracked 
| 212|0x000000008f200000, 0x000000008f200000, 0x000000008f300000|  0%| F|  |TAMS 0x000000008f200000, 0x000000008f200000| Untracked 
| 213|0x000000008f300000, 0x000000008f300000, 0x000000008f400000|  0%| F|  |TAMS 0x000000008f300000, 0x000000008f300000| Untracked 
| 214|0x000000008f400000, 0x000000008f400000, 0x000000008f500000|  0%| F|  |TAMS 0x000000008f400000, 0x000000008f400000| Untracked 
| 215|0x000000008f500000, 0x000000008f500000, 0x000000008f600000|  0%| F|  |TAMS 0x000000008f500000, 0x000000008f500000| Untracked 
| 216|0x000000008f600000, 0x000000008f600000, 0x000000008f700000|  0%| F|  |TAMS 0x000000008f600000, 0x000000008f600000| Untracked 
| 217|0x000000008f700000, 0x000000008f700000, 0x000000008f800000|  0%| F|  |TAMS 0x000000008f700000, 0x000000008f700000| Untracked 
| 218|0x000000008f800000, 0x000000008f800000, 0x000000008f900000|  0%| F|  |TAMS 0x000000008f800000, 0x000000008f800000| Untracked 
| 219|0x000000008f900000, 0x000000008f900000, 0x000000008fa00000|  0%| F|  |TAMS 0x000000008f900000, 0x000000008f900000| Untracked 
| 220|0x000000008fa00000, 0x000000008fa00000, 0x000000008fb00000|  0%| F|  |TAMS 0x000000008fa00000, 0x000000008fa00000| Untracked 
| 221|0x000000008fb00000, 0x000000008fb00000, 0x000000008fc00000|  0%| F|  |TAMS 0x000000008fb00000, 0x000000008fb00000| Untracked 
| 222|0x000000008fc00000, 0x000000008fc00000, 0x000000008fd00000|  0%| F|  |TAMS 0x000000008fc00000, 0x000000008fc00000| Untracked 
| 223|0x000000008fd00000, 0x000000008fd00000, 0x000000008fe00000|  0%| F|  |TAMS 0x000000008fd00000, 0x000000008fd00000| Untracked 
| 224|0x000000008fe00000, 0x000000008fe00000, 0x000000008ff00000|  0%| F|  |TAMS 0x000000008fe00000, 0x000000008fe00000| Untracked 
| 225|0x000000008ff00000, 0x000000008ff00000, 0x0000000090000000|  0%| F|  |TAMS 0x000000008ff00000, 0x000000008ff00000| Untracked 
| 226|0x0000000090000000, 0x0000000090000000, 0x0000000090100000|  0%| F|  |TAMS 0x0000000090000000, 0x0000000090000000| Untracked 
| 227|0x0000000090100000, 0x0000000090100000, 0x0000000090200000|  0%| F|  |TAMS 0x0000000090100000, 0x0000000090100000| Untracked 
| 228|0x0000000090200000, 0x0000000090200000, 0x0000000090300000|  0%| F|  |TAMS 0x0000000090200000, 0x0000000090200000| Untracked 
| 229|0x0000000090300000, 0x0000000090300000, 0x0000000090400000|  0%| F|  |TAMS 0x0000000090300000, 0x0000000090300000| Untracked 
| 230|0x0000000090400000, 0x0000000090400000, 0x0000000090500000|  0%| F|  |TAMS 0x0000000090400000, 0x0000000090400000| Untracked 
| 231|0x0000000090500000, 0x0000000090500000, 0x0000000090600000|  0%| F|  |TAMS 0x0000000090500000, 0x0000000090500000| Untracked 
| 232|0x0000000090600000, 0x0000000090600000, 0x0000000090700000|  0%| F|  |TAMS 0x0000000090600000, 0x0000000090600000| Untracked 

Card table byte_map: [0x00000243b75c0000,0x00000243b79c0000] _byte_map_base: 0x00000243b71b1000

Marking Bits (Prev, Next): (CMBitMap*) 0x00000243af4d35c0, (CMBitMap*) 0x00000243af4d3580
 Prev Bits: [0x00000243b9d50000, 0x00000243bbcd8000)
 Next Bits: [0x00000243b7dc0000, 0x00000243b9d48000)

Polling page: 0x00000243af530000

Metaspace:

Usage:
  Non-class:     32.99 MB used.
      Class:      4.83 MB used.
       Both:     37.82 MB used.

Virtual space:
  Non-class space:       40.00 MB reserved,      33.19 MB ( 83%) committed,  5 nodes.
      Class space:        1.00 GB reserved,       5.00 MB ( <1%) committed,  1 nodes.
             Both:        1.04 GB reserved,      38.19 MB (  4%) committed. 

Chunk freelists:
   Non-Class:  2.03 MB
       Class:  2.89 MB
        Both:  4.92 MB

MaxMetaspaceSize: unlimited
CompressedClassSpaceSize: 1.00 GB
Initial GC threshold: 21.00 MB
Current GC threshold: 63.56 MB
CDS: off
MetaspaceReclaimPolicy: balanced
 - commit_granule_bytes: 65536.
 - commit_granule_words: 8192.
 - virtual_space_node_default_size: 1048576.
 - enlarge_chunks_in_place: 1.
 - new_chunks_are_fully_committed: 0.
 - uncommit_free_chunks: 1.
 - use_allocation_guard: 0.
 - handle_deallocations: 1.


Internal statistics:

num_allocs_failed_limit: 8.
num_arena_births: 456.
num_arena_deaths: 0.
num_vsnodes_births: 6.
num_vsnodes_deaths: 0.
num_space_committed: 611.
num_space_uncommitted: 0.
num_chunks_returned_to_freelist: 8.
num_chunks_taken_from_freelist: 1607.
num_chunk_merges: 8.
num_chunk_splits: 1114.
num_chunks_enlarged: 834.
num_purges: 0.
num_inconsistent_stats: 0.

CodeCache: size=49152Kb used=9483Kb max_used=9483Kb free=39668Kb
 bounds [0x00000243b38c0000, 0x00000243b4210000, 0x00000243b68c0000]
 total_blobs=4512 nmethods=3962 adapters=474
 compilation: enabled
              stopped_count=0, restarted_count=0
 full_count=0

Compilation events (20 events):
Event: 8.301 Thread 0x00000243bfce1f90 3951       1       org.eclipse.jdt.internal.compiler.util.HashtableOfInt::put (95 bytes)
Event: 8.301 Thread 0x00000243bfce1f90 nmethod 3951 0x00000243b41fe390 code [0x00000243b41fe560, 0x00000243b41fe8c8]
Event: 8.302 Thread 0x00000243c00857d0 3954       1       jdk.internal.reflect.UnsafeQualifiedStaticIntegerFieldAccessorImpl::get (9 bytes)
Event: 8.302 Thread 0x00000243bf132840 3955       1       jdk.internal.reflect.UnsafeQualifiedStaticIntegerFieldAccessorImpl::getInt (15 bytes)
Event: 8.302 Thread 0x00000243bf132840 nmethod 3955 0x00000243b41feb10 code [0x00000243b41feca0, 0x00000243b41fed78]
Event: 8.302 Thread 0x00000243c00857d0 nmethod 3954 0x00000243b41fee10 code [0x00000243b41fefa0, 0x00000243b41ff118]
Event: 8.306 Thread 0x00000243c00857d0 3956       1       org.eclipse.jdt.internal.compiler.impl.IrritantSet::isSet (23 bytes)
Event: 8.306 Thread 0x00000243c00857d0 nmethod 3956 0x00000243b41ff210 code [0x00000243b41ff3a0, 0x00000243b41ff4d8]
Event: 8.408 Thread 0x00000243bf132840 3957       1       java.util.LinkedHashMap::<init> (16 bytes)
Event: 8.408 Thread 0x00000243bf132840 nmethod 3957 0x00000243b41ff590 code [0x00000243b41ff720, 0x00000243b41ff808]
Event: 8.409 Thread 0x00000243bfce1f90 3958       1       java.util.jar.Attributes::clone (9 bytes)
Event: 8.409 Thread 0x00000243bfce1f90 nmethod 3958 0x00000243b41ff890 code [0x00000243b41ffa40, 0x00000243b41ffc68]
Event: 8.410 Thread 0x00000243bf132840 3959       1       java.util.jar.Attributes::<init> (17 bytes)
Event: 8.410 Thread 0x00000243bf132840 nmethod 3959 0x00000243b41ffd90 code [0x00000243b41fff20, 0x00000243b42000e8]
Event: 8.501 Thread 0x00000243bf132840 3960   !   1       sun.security.jca.ProviderConfig::getProvider (322 bytes)
Event: 8.503 Thread 0x00000243bf132840 nmethod 3960 0x00000243b4200190 code [0x00000243b42004a0, 0x00000243b4200f28]
Event: 8.520 Thread 0x00000243bf132840 3961   !   1       sun.security.x509.X500Name::asX500Principal (51 bytes)
Event: 8.521 Thread 0x00000243bf132840 nmethod 3961 0x00000243b4201810 code [0x00000243b42019e0, 0x00000243b4201de8]
Event: 8.562 Thread 0x00000243bfce1f90 3962       1       sun.security.util.SignatureFileVerifier::updateSigners (132 bytes)
Event: 8.564 Thread 0x00000243bfce1f90 nmethod 3962 0x00000243b4202010 code [0x00000243b4202240, 0x00000243b42027b8]

GC Heap History (20 events):
Event: 7.429 GC heap after
{Heap after GC invocations=13 (full 0):
 garbage-first heap   total 82944K, used 39887K [0x0000000081e00000, 0x0000000100000000)
  region size 1024K, 4 young (4096K), 4 survivors (4096K)
 Metaspace       used 36685K, committed 37056K, reserved 1089536K
  class space    used 4791K, committed 4992K, reserved 1048576K
}
Event: 7.518 GC heap before
{Heap before GC invocations=13 (full 0):
 garbage-first heap   total 82944K, used 62415K [0x0000000081e00000, 0x0000000100000000)
  region size 1024K, 26 young (26624K), 4 survivors (4096K)
 Metaspace       used 36829K, committed 37184K, reserved 1089536K
  class space    used 4803K, committed 4992K, reserved 1048576K
}
Event: 7.531 GC heap after
{Heap after GC invocations=14 (full 0):
 garbage-first heap   total 116736K, used 47104K [0x0000000081e00000, 0x0000000100000000)
  region size 1024K, 4 young (4096K), 4 survivors (4096K)
 Metaspace       used 36829K, committed 37184K, reserved 1089536K
  class space    used 4803K, committed 4992K, reserved 1048576K
}
Event: 7.929 GC heap before
{Heap before GC invocations=14 (full 0):
 garbage-first heap   total 116736K, used 82944K [0x0000000081e00000, 0x0000000100000000)
  region size 1024K, 40 young (40960K), 4 survivors (4096K)
 Metaspace       used 38212K, committed 38592K, reserved 1089536K
  class space    used 4892K, committed 5056K, reserved 1048576K
}
Event: 7.942 GC heap after
{Heap after GC invocations=15 (full 0):
 garbage-first heap   total 116736K, used 53744K [0x0000000081e00000, 0x0000000100000000)
  region size 1024K, 5 young (5120K), 5 survivors (5120K)
 Metaspace       used 38212K, committed 38592K, reserved 1089536K
  class space    used 4892K, committed 5056K, reserved 1048576K
}
Event: 8.120 GC heap before
{Heap before GC invocations=15 (full 0):
 garbage-first heap   total 116736K, used 86512K [0x0000000081e00000, 0x0000000100000000)
  region size 1024K, 36 young (36864K), 5 survivors (5120K)
 Metaspace       used 38501K, committed 38912K, reserved 1089536K
  class space    used 4920K, committed 5120K, reserved 1048576K
}
Event: 8.165 GC heap after
{Heap after GC invocations=16 (full 0):
 garbage-first heap   total 116736K, used 69632K [0x0000000081e00000, 0x0000000100000000)
  region size 1024K, 5 young (5120K), 5 survivors (5120K)
 Metaspace       used 38501K, committed 38912K, reserved 1089536K
  class space    used 4920K, committed 5120K, reserved 1048576K
}
Event: 8.194 GC heap before
{Heap before GC invocations=16 (full 0):
 garbage-first heap   total 116736K, used 87040K [0x0000000081e00000, 0x0000000100000000)
  region size 1024K, 23 young (23552K), 5 survivors (5120K)
 Metaspace       used 38540K, committed 38976K, reserved 1089536K
  class space    used 4922K, committed 5120K, reserved 1048576K
}
Event: 8.200 GC heap after
{Heap after GC invocations=17 (full 0):
 garbage-first heap   total 116736K, used 72086K [0x0000000081e00000, 0x0000000100000000)
  region size 1024K, 2 young (2048K), 2 survivors (2048K)
 Metaspace       used 38540K, committed 38976K, reserved 1089536K
  class space    used 4922K, committed 5120K, reserved 1048576K
}
Event: 8.230 GC heap before
{Heap before GC invocations=17 (full 0):
 garbage-first heap   total 116736K, used 89494K [0x0000000081e00000, 0x0000000100000000)
  region size 1024K, 20 young (20480K), 2 survivors (2048K)
 Metaspace       used 38540K, committed 38976K, reserved 1089536K
  class space    used 4922K, committed 5120K, reserved 1048576K
}
Event: 8.235 GC heap after
{Heap after GC invocations=18 (full 0):
 garbage-first heap   total 238592K, used 72352K [0x0000000081e00000, 0x0000000100000000)
  region size 1024K, 2 young (2048K), 2 survivors (2048K)
 Metaspace       used 38540K, committed 38976K, reserved 1089536K
  class space    used 4922K, committed 5120K, reserved 1048576K
}
Event: 8.350 GC heap before
{Heap before GC invocations=18 (full 0):
 garbage-first heap   total 238592K, used 153248K [0x0000000081e00000, 0x0000000100000000)
  region size 1024K, 82 young (83968K), 2 survivors (2048K)
 Metaspace       used 38691K, committed 39040K, reserved 1089536K
  class space    used 4943K, committed 5120K, reserved 1048576K
}
Event: 8.357 GC heap after
{Heap after GC invocations=19 (full 0):
 garbage-first heap   total 238592K, used 76312K [0x0000000081e00000, 0x0000000100000000)
  region size 1024K, 6 young (6144K), 6 survivors (6144K)
 Metaspace       used 38691K, committed 39040K, reserved 1089536K
  class space    used 4943K, committed 5120K, reserved 1048576K
}
Event: 8.469 GC heap before
{Heap before GC invocations=20 (full 0):
 garbage-first heap   total 238592K, used 176664K [0x0000000081e00000, 0x0000000100000000)
  region size 1024K, 107 young (109568K), 6 survivors (6144K)
 Metaspace       used 38691K, committed 39040K, reserved 1089536K
  class space    used 4943K, committed 5120K, reserved 1048576K
}
Event: 8.481 GC heap after
{Heap after GC invocations=21 (full 0):
 garbage-first heap   total 238592K, used 80689K [0x0000000081e00000, 0x0000000100000000)
  region size 1024K, 12 young (12288K), 12 survivors (12288K)
 Metaspace       used 38691K, committed 39040K, reserved 1089536K
  class space    used 4943K, committed 5120K, reserved 1048576K
}
Event: 8.482 GC heap before
{Heap before GC invocations=21 (full 0):
 garbage-first heap   total 238592K, used 80689K [0x0000000081e00000, 0x0000000100000000)
  region size 1024K, 13 young (13312K), 12 survivors (12288K)
 Metaspace       used 38691K, committed 39040K, reserved 1089536K
  class space    used 4943K, committed 5120K, reserved 1048576K
}
Event: 8.491 GC heap after
{Heap after GC invocations=22 (full 0):
 garbage-first heap   total 238592K, used 81318K [0x0000000081e00000, 0x0000000100000000)
  region size 1024K, 2 young (2048K), 2 survivors (2048K)
 Metaspace       used 38691K, committed 39040K, reserved 1089536K
  class space    used 4943K, committed 5120K, reserved 1048576K
}
Event: 8.553 GC heap before
{Heap before GC invocations=22 (full 0):
 garbage-first heap   total 238592K, used 183718K [0x0000000081e00000, 0x0000000100000000)
  region size 1024K, 103 young (105472K), 2 survivors (2048K)
 Metaspace       used 38691K, committed 39040K, reserved 1089536K
  class space    used 4943K, committed 5120K, reserved 1048576K
}
Event: 8.557 GC heap after
{Heap after GC invocations=23 (full 0):
 garbage-first heap   total 238592K, used 84978K [0x0000000081e00000, 0x0000000100000000)
  region size 1024K, 5 young (5120K), 5 survivors (5120K)
 Metaspace       used 38691K, committed 39040K, reserved 1089536K
  class space    used 4943K, committed 5120K, reserved 1048576K
}
Event: 8.629 GC heap before
{Heap before GC invocations=23 (full 0):
 garbage-first heap   total 238592K, used 187378K [0x0000000081e00000, 0x0000000100000000)
  region size 1024K, 106 young (108544K), 5 survivors (5120K)
 Metaspace       used 38724K, committed 39104K, reserved 1089536K
  class space    used 4946K, committed 5120K, reserved 1048576K
}

Dll operation events (8 events):
Event: 0.020 Loaded shared library c:\Users\akmal\.vscode\extensions\redhat.java-1.14.2023011403-win32-x64\jre\17.0.5-win32-x86_64\bin\java.dll
Event: 0.599 Loaded shared library C:\Users\akmal\.vscode\extensions\redhat.java-1.14.2023011403-win32-x64\jre\17.0.5-win32-x86_64\bin\net.dll
Event: 0.603 Loaded shared library C:\Users\akmal\.vscode\extensions\redhat.java-1.14.2023011403-win32-x64\jre\17.0.5-win32-x86_64\bin\nio.dll
Event: 0.620 Loaded shared library C:\Users\akmal\.vscode\extensions\redhat.java-1.14.2023011403-win32-x64\jre\17.0.5-win32-x86_64\bin\zip.dll
Event: 1.075 Loaded shared library C:\Users\akmal\.vscode\extensions\redhat.java-1.14.2023011403-win32-x64\jre\17.0.5-win32-x86_64\bin\jimage.dll
Event: 1.330 Loaded shared library c:\Users\akmal\.vscode\extensions\redhat.java-1.14.2023011403-win32-x64\jre\17.0.5-win32-x86_64\bin\verify.dll
Event: 5.988 Loaded shared library C:\Users\akmal\.vscode\extensions\redhat.java-1.14.2023011403-win32-x64\jre\17.0.5-win32-x86_64\bin\management.dll
Event: 5.994 Loaded shared library C:\Users\akmal\.vscode\extensions\redhat.java-1.14.2023011403-win32-x64\jre\17.0.5-win32-x86_64\bin\management_ext.dll

Deoptimization events (10 events):
Event: 3.489 Thread 0x00000243af476820 DEOPT PACKING pc=0x00000243b3e5cd99 sp=0x000000fe67dfd350
Event: 3.489 Thread 0x00000243af476820 DEOPT UNPACKING pc=0x00000243b3912b43 sp=0x000000fe67dfc830 mode 3
Event: 6.491 Thread 0x00000243c03c5850 DEOPT PACKING pc=0x00000243b406b3b5 sp=0x000000fe69efd730
Event: 6.491 Thread 0x00000243c03c5850 DEOPT UNPACKING pc=0x00000243b3912b43 sp=0x000000fe69efcc48 mode 3
Event: 6.650 Thread 0x00000243bf2df230 DEOPT PACKING pc=0x00000243b408452b sp=0x000000fe69ffe6d0
Event: 6.650 Thread 0x00000243bf2df230 DEOPT UNPACKING pc=0x00000243b3912b43 sp=0x000000fe69ffdc18 mode 3
Event: 7.045 Thread 0x00000243c01ec3d0 DEOPT PACKING pc=0x00000243b3e5b481 sp=0x000000fe6a0fec70
Event: 7.045 Thread 0x00000243c01ec3d0 DEOPT UNPACKING pc=0x00000243b3912b43 sp=0x000000fe6a0fe100 mode 3
Event: 7.899 Thread 0x00000243c086b3b0 DEOPT PACKING pc=0x00000243b3e58897 sp=0x000000fe6a6ff110
Event: 7.899 Thread 0x00000243c086b3b0 DEOPT UNPACKING pc=0x00000243b3912b43 sp=0x000000fe6a6fe568 mode 3

Classes unloaded (0 events):
No events

Classes redefined (0 events):
No events

Internal exceptions (20 events):
Event: 6.716 Thread 0x00000243bfb90810 Exception <a 'sun/nio/fs/WindowsException'{0x0000000089dc2298}> (0x0000000089dc2298) 
thrown [s\src\hotspot\share\prims\jni.cpp, line 516]
Event: 6.716 Thread 0x00000243c03c5850 Exception <a 'java/lang/NoSuchMethodError'{0x0000000089d2a710}: 'int java.lang.invoke.DirectMethodHandle$Holder.invokeStaticInit(java.lang.Object)'> (0x0000000089d2a710) 
thrown [s\src\hotspot\share\interpreter\linkResolver.cpp, line 759]
Event: 6.716 Thread 0x00000243bfb90810 Exception <a 'sun/nio/fs/WindowsException'{0x0000000089dc2ce8}> (0x0000000089dc2ce8) 
thrown [s\src\hotspot\share\prims\jni.cpp, line 516]
Event: 6.716 Thread 0x00000243bfb90810 Exception <a 'sun/nio/fs/WindowsException'{0x0000000089dc30f8}> (0x0000000089dc30f8) 
thrown [s\src\hotspot\share\prims\jni.cpp, line 516]
Event: 6.717 Thread 0x00000243bfb90810 Exception <a 'sun/nio/fs/WindowsException'{0x0000000089dc3b20}> (0x0000000089dc3b20) 
thrown [s\src\hotspot\share\prims\jni.cpp, line 516]
Event: 6.719 Thread 0x00000243bfb90810 Exception <a 'sun/nio/fs/WindowsException'{0x0000000089dc3f00}> (0x0000000089dc3f00) 
thrown [s\src\hotspot\share\prims\jni.cpp, line 516]
Event: 6.719 Thread 0x00000243bfb90810 Exception <a 'sun/nio/fs/WindowsException'{0x0000000089dc48f0}> (0x0000000089dc48f0) 
thrown [s\src\hotspot\share\prims\jni.cpp, line 516]
Event: 6.719 Thread 0x00000243bfb90810 Exception <a 'sun/nio/fs/WindowsException'{0x0000000089dc4c98}> (0x0000000089dc4c98) 
thrown [s\src\hotspot\share\prims\jni.cpp, line 516]
Event: 6.720 Thread 0x00000243bfb90810 Exception <a 'sun/nio/fs/WindowsException'{0x0000000089dc5698}> (0x0000000089dc5698) 
thrown [s\src\hotspot\share\prims\jni.cpp, line 516]
Event: 6.720 Thread 0x00000243bfb90810 Exception <a 'sun/nio/fs/WindowsException'{0x0000000089dc5a58}> (0x0000000089dc5a58) 
thrown [s\src\hotspot\share\prims\jni.cpp, line 516]
Event: 6.721 Thread 0x00000243bfb90810 Exception <a 'sun/nio/fs/WindowsException'{0x0000000089dc6458}> (0x0000000089dc6458) 
thrown [s\src\hotspot\share\prims\jni.cpp, line 516]
Event: 6.721 Thread 0x00000243bfb90810 Exception <a 'sun/nio/fs/WindowsException'{0x0000000089dc6808}> (0x0000000089dc6808) 
thrown [s\src\hotspot\share\prims\jni.cpp, line 516]
Event: 6.721 Thread 0x00000243bfb90810 Exception <a 'sun/nio/fs/WindowsException'{0x0000000089dc7208}> (0x0000000089dc7208) 
thrown [s\src\hotspot\share\prims\jni.cpp, line 516]
Event: 6.721 Thread 0x00000243bfb90810 Exception <a 'sun/nio/fs/WindowsException'{0x0000000089dc75c8}> (0x0000000089dc75c8) 
thrown [s\src\hotspot\share\prims\jni.cpp, line 516]
Event: 6.721 Thread 0x00000243bfb90810 Exception <a 'sun/nio/fs/WindowsException'{0x0000000089dc7ff0}> (0x0000000089dc7ff0) 
thrown [s\src\hotspot\share\prims\jni.cpp, line 516]
Event: 6.721 Thread 0x00000243bfb90810 Exception <a 'sun/nio/fs/WindowsException'{0x0000000089dc83d0}> (0x0000000089dc83d0) 
thrown [s\src\hotspot\share\prims\jni.cpp, line 516]
Event: 6.722 Thread 0x00000243bfb90810 Exception <a 'sun/nio/fs/WindowsException'{0x0000000089dc8e08}> (0x0000000089dc8e08) 
thrown [s\src\hotspot\share\prims\jni.cpp, line 516]
Event: 6.722 Thread 0x00000243bfb90810 Exception <a 'sun/nio/fs/WindowsException'{0x0000000089dc91f8}> (0x0000000089dc91f8) 
thrown [s\src\hotspot\share\prims\jni.cpp, line 516]
Event: 6.722 Thread 0x00000243bfb90810 Exception <a 'sun/nio/fs/WindowsException'{0x0000000089dc9c20}> (0x0000000089dc9c20) 
thrown [s\src\hotspot\share\prims\jni.cpp, line 516]
Event: 6.722 Thread 0x00000243bfb90810 Exception <a 'sun/nio/fs/WindowsException'{0x0000000089dca010}> (0x0000000089dca010) 
thrown [s\src\hotspot\share\prims\jni.cpp, line 516]

VM Operations (20 events):
Event: 8.357 Executing VM operation: G1CollectForAllocation done
Event: 8.367 Executing VM operation: G1Concurrent
Event: 8.374 Executing VM operation: G1Concurrent done
Event: 8.448 Executing VM operation: G1Concurrent
Event: 8.451 Executing VM operation: G1Concurrent done
Event: 8.468 Executing VM operation: G1CollectForAllocation
Event: 8.469 Executing VM operation: G1CollectForAllocation done
Event: 8.469 Executing VM operation: G1CollectForAllocation
Event: 8.481 Executing VM operation: G1CollectForAllocation done
Event: 8.481 Executing VM operation: G1CollectForAllocation
Event: 8.482 Executing VM operation: G1CollectForAllocation done
Event: 8.482 Executing VM operation: G1CollectForAllocation
Event: 8.491 Executing VM operation: G1CollectForAllocation done
Event: 8.552 Executing VM operation: G1CollectForAllocation
Event: 8.552 Executing VM operation: G1CollectForAllocation done
Event: 8.553 Executing VM operation: G1CollectForAllocation
Event: 8.557 Executing VM operation: G1CollectForAllocation done
Event: 8.624 Executing VM operation: G1CollectForAllocation
Event: 8.628 Executing VM operation: G1CollectForAllocation done
Event: 8.629 Executing VM operation: G1CollectForAllocation

Events (20 events):
Event: 8.309 loading class java/util/spi/ResourceBundleControlProvider
Event: 8.309 loading class java/util/spi/ResourceBundleControlProvider done
Event: 8.309 loading class java/util/ServiceLoader$ProviderSpliterator
Event: 8.309 loading class java/util/ServiceLoader$ProviderSpliterator done
Event: 8.315 loading class java/util/ResourceBundle$CacheKey
Event: 8.315 loading class java/util/ResourceBundle$CacheKey done
Event: 8.315 loading class java/util/ResourceBundle$KeyElementReference
Event: 8.315 loading class java/util/ResourceBundle$CacheKeyReference
Event: 8.315 loading class java/util/ResourceBundle$CacheKeyReference done
Event: 8.315 loading class java/util/ResourceBundle$KeyElementReference done
Event: 8.317 loading class java/util/ResourceBundle$Control$2
Event: 8.317 loading class java/util/ResourceBundle$Control$2 done
Event: 8.565 loading class java/util/PropertyResourceBundle
Event: 8.565 loading class java/util/PropertyResourceBundle done
Event: 8.565 loading class sun/util/PropertyResourceBundleCharset
Event: 8.566 loading class sun/util/PropertyResourceBundleCharset done
Event: 8.566 loading class sun/util/PropertyResourceBundleCharset$PropertiesFileDecoder
Event: 8.566 loading class sun/util/PropertyResourceBundleCharset$PropertiesFileDecoder done
Event: 8.571 loading class java/util/ResourceBundle$BundleReference
Event: 8.571 loading class java/util/ResourceBundle$BundleReference done


Dynamic libraries:
0x00007ff79b580000 - 0x00007ff79b58e000 	c:\Users\akmal\.vscode\extensions\redhat.java-1.14.2023011403-win32-x64\jre\17.0.5-win32-x86_64\bin\java.exe
0x00007ffc2d8b0000 - 0x00007ffc2dac4000 	C:\WINDOWS\SYSTEM32\ntdll.dll
0x00007ffc2bff0000 - 0x00007ffc2c0b3000 	C:\WINDOWS\System32\KERNEL32.DLL
0x00007ffc2af80000 - 0x00007ffc2b31d000 	C:\WINDOWS\System32\KERNELBASE.dll
0x00007ffc2adc0000 - 0x00007ffc2aed1000 	C:\WINDOWS\System32\ucrtbase.dll
0x00007ffc189b0000 - 0x00007ffc189c7000 	c:\Users\akmal\.vscode\extensions\redhat.java-1.14.2023011403-win32-x64\jre\17.0.5-win32-x86_64\bin\jli.dll
0x00007ffc0d450000 - 0x00007ffc0d469000 	c:\Users\akmal\.vscode\extensions\redhat.java-1.14.2023011403-win32-x64\jre\17.0.5-win32-x86_64\bin\VCRUNTIME140.dll
0x00007ffc2be20000 - 0x00007ffc2bfcd000 	C:\WINDOWS\System32\USER32.dll
0x00007ffc1dc60000 - 0x00007ffc1deee000 	C:\WINDOWS\WinSxS\amd64_microsoft.windows.common-controls_6595b64144ccf1df_6.0.22621.608_none_a9444ca7c10bb01d\COMCTL32.dll
0x00007ffc2ad90000 - 0x00007ffc2adb6000 	C:\WINDOWS\System32\win32u.dll
0x00007ffc2c200000 - 0x00007ffc2c2a7000 	C:\WINDOWS\System32\msvcrt.dll
0x00007ffc2bd40000 - 0x00007ffc2bd69000 	C:\WINDOWS\System32\GDI32.dll
0x00007ffc2b580000 - 0x00007ffc2b692000 	C:\WINDOWS\System32\gdi32full.dll
0x00007ffc2aee0000 - 0x00007ffc2af7a000 	C:\WINDOWS\System32\msvcp_win.dll
0x00007ffc2bde0000 - 0x00007ffc2be12000 	C:\WINDOWS\System32\IMM32.DLL
0x00007ffc18a10000 - 0x00007ffc18a1c000 	c:\Users\akmal\.vscode\extensions\redhat.java-1.14.2023011403-win32-x64\jre\17.0.5-win32-x86_64\bin\vcruntime140_1.dll
0x00007ffbeae30000 - 0x00007ffbeaec1000 	c:\Users\akmal\.vscode\extensions\redhat.java-1.14.2023011403-win32-x64\jre\17.0.5-win32-x86_64\bin\msvcp140.dll
0x00007ffbe1420000 - 0x00007ffbe2064000 	c:\Users\akmal\.vscode\extensions\redhat.java-1.14.2023011403-win32-x64\jre\17.0.5-win32-x86_64\bin\server\jvm.dll
0x00007ffc2c3b0000 - 0x00007ffc2c45e000 	C:\WINDOWS\System32\ADVAPI32.dll
0x00007ffc2b920000 - 0x00007ffc2b9c4000 	C:\WINDOWS\System32\sechost.dll
0x00007ffc2ba50000 - 0x00007ffc2bb65000 	C:\WINDOWS\System32\RPCRT4.dll
0x00007ffc25890000 - 0x00007ffc25899000 	C:\WINDOWS\SYSTEM32\WSOCK32.dll
0x00007ffc242e0000 - 0x00007ffc24314000 	C:\WINDOWS\SYSTEM32\WINMM.dll
0x00007ffc21100000 - 0x00007ffc2110a000 	C:\WINDOWS\SYSTEM32\VERSION.dll
0x00007ffc2b9d0000 - 0x00007ffc2ba41000 	C:\WINDOWS\System32\WS2_32.dll
0x00007ffc29dd0000 - 0x00007ffc29de8000 	C:\WINDOWS\SYSTEM32\kernel.appcore.dll
0x00007ffc0c6d0000 - 0x00007ffc0c6da000 	c:\Users\akmal\.vscode\extensions\redhat.java-1.14.2023011403-win32-x64\jre\17.0.5-win32-x86_64\bin\jimage.dll
0x00007ffc21d50000 - 0x00007ffc21f7e000 	C:\WINDOWS\SYSTEM32\DBGHELP.DLL
0x00007ffc2d310000 - 0x00007ffc2d69a000 	C:\WINDOWS\System32\combase.dll
0x00007ffc2c120000 - 0x00007ffc2c1f7000 	C:\WINDOWS\System32\OLEAUT32.dll
0x00007ffc21ad0000 - 0x00007ffc21b02000 	C:\WINDOWS\SYSTEM32\dbgcore.DLL
0x00007ffc2b320000 - 0x00007ffc2b39b000 	C:\WINDOWS\System32\bcryptPrimitives.dll
0x00007ffbf6480000 - 0x00007ffbf64a5000 	c:\Users\akmal\.vscode\extensions\redhat.java-1.14.2023011403-win32-x64\jre\17.0.5-win32-x86_64\bin\java.dll
0x00007ffbf6460000 - 0x00007ffbf6478000 	c:\Users\akmal\.vscode\extensions\redhat.java-1.14.2023011403-win32-x64\jre\17.0.5-win32-x86_64\bin\zip.dll
0x00007ffc2ca30000 - 0x00007ffc2d21f000 	C:\WINDOWS\System32\SHELL32.dll
0x00007ffc28ca0000 - 0x00007ffc29568000 	C:\WINDOWS\SYSTEM32\windows.storage.dll
0x00007ffc28b60000 - 0x00007ffc28c9e000 	C:\WINDOWS\SYSTEM32\wintypes.dll
0x00007ffc2c2b0000 - 0x00007ffc2c3a1000 	C:\WINDOWS\System32\SHCORE.dll
0x00007ffc2c0c0000 - 0x00007ffc2c11e000 	C:\WINDOWS\System32\shlwapi.dll
0x00007ffc2ac00000 - 0x00007ffc2ac21000 	C:\WINDOWS\SYSTEM32\profapi.dll
0x00007ffbf5b70000 - 0x00007ffbf5b89000 	C:\Users\akmal\.vscode\extensions\redhat.java-1.14.2023011403-win32-x64\jre\17.0.5-win32-x86_64\bin\net.dll
0x00007ffc24590000 - 0x00007ffc246bf000 	C:\WINDOWS\SYSTEM32\WINHTTP.dll
0x00007ffc2a230000 - 0x00007ffc2a299000 	C:\WINDOWS\system32\mswsock.dll
0x00007ffbf5b50000 - 0x00007ffbf5b65000 	C:\Users\akmal\.vscode\extensions\redhat.java-1.14.2023011403-win32-x64\jre\17.0.5-win32-x86_64\bin\nio.dll
0x00007ffc08600000 - 0x00007ffc08610000 	c:\Users\akmal\.vscode\extensions\redhat.java-1.14.2023011403-win32-x64\jre\17.0.5-win32-x86_64\bin\verify.dll
0x00007ffc2a550000 - 0x00007ffc2a56b000 	C:\WINDOWS\SYSTEM32\CRYPTSP.dll
0x00007ffc29d40000 - 0x00007ffc29d75000 	C:\WINDOWS\system32\rsaenh.dll
0x00007ffc2a2d0000 - 0x00007ffc2a2f8000 	C:\WINDOWS\SYSTEM32\USERENV.dll
0x00007ffc2a690000 - 0x00007ffc2a6b8000 	C:\WINDOWS\SYSTEM32\bcrypt.dll
0x00007ffc2a530000 - 0x00007ffc2a53c000 	C:\WINDOWS\SYSTEM32\CRYPTBASE.dll
0x00007ffc29840000 - 0x00007ffc2986d000 	C:\WINDOWS\SYSTEM32\IPHLPAPI.DLL
0x00007ffc2bd30000 - 0x00007ffc2bd39000 	C:\WINDOWS\System32\NSI.dll
0x00007ffc24890000 - 0x00007ffc248a9000 	C:\WINDOWS\SYSTEM32\dhcpcsvc6.DLL
0x00007ffc242c0000 - 0x00007ffc242df000 	C:\WINDOWS\SYSTEM32\dhcpcsvc.DLL
0x00007ffc298b0000 - 0x00007ffc299a2000 	C:\WINDOWS\SYSTEM32\DNSAPI.dll
0x00007ffc0cf60000 - 0x00007ffc0cf69000 	C:\Users\akmal\.vscode\extensions\redhat.java-1.14.2023011403-win32-x64\jre\17.0.5-win32-x86_64\bin\management.dll
0x00007ffc079e0000 - 0x00007ffc079eb000 	C:\Users\akmal\.vscode\extensions\redhat.java-1.14.2023011403-win32-x64\jre\17.0.5-win32-x86_64\bin\management_ext.dll
0x00007ffc2d6a0000 - 0x00007ffc2d6a8000 	C:\WINDOWS\System32\PSAPI.DLL

dbghelp: loaded successfully - version: 4.0.5 - missing functions: none
symbol engine: initialized successfully - sym options: 0x614 - pdb path: .;c:\Users\akmal\.vscode\extensions\redhat.java-1.14.2023011403-win32-x64\jre\17.0.5-win32-x86_64\bin;C:\WINDOWS\SYSTEM32;C:\WINDOWS\WinSxS\amd64_microsoft.windows.common-controls_6595b64144ccf1df_6.0.22621.608_none_a9444ca7c10bb01d;c:\Users\akmal\.vscode\extensions\redhat.java-1.14.2023011403-win32-x64\jre\17.0.5-win32-x86_64\bin\server

VM Arguments:
jvm_args: -Dsts.lsp.client=vscode -Dsts.log.file=/dev/null -XX:TieredStopAtLevel=1 -Xlog:jni+resolve=off -Dspring.config.location=file:c:\Users\akmal\.vscode\extensions\pivotal.vscode-spring-boot-1.43.0\language-server\BOOT-INF\classes\application.properties 
java_command: org.springframework.ide.vscode.boot.app.BootLanguageServerBootApp
java_class_path (initial): c:\Users\akmal\.vscode\extensions\pivotal.vscode-spring-boot-1.43.0\language-server\BOOT-INF\classes;c:\Users\akmal\.vscode\extensions\pivotal.vscode-spring-boot-1.43.0\language-server\BOOT-INF\lib\annotations-23.1.0.jar;c:\Users\akmal\.vscode\extensions\pivotal.vscode-spring-boot-1.43.0\language-server\BOOT-INF\lib\ant-1.10.12.jar;c:\Users\akmal\.vscode\extensions\pivotal.vscode-spring-boot-1.43.0\language-server\BOOT-INF\lib\ant-launcher-1.10.12.jar;c:\Users\akmal\.vscode\extensions\pivotal.vscode-spring-boot-1.43.0\language-server\BOOT-INF\lib\antlr-runtime-3.5.2.jar;c:\Users\akmal\.vscode\extensions\pivotal.vscode-spring-boot-1.43.0\language-server\BOOT-INF\lib\antlr4-4.9.3.jar;c:\Users\akmal\.vscode\extensions\pivotal.vscode-spring-boot-1.43.0\language-server\BOOT-INF\lib\antlr4-runtime-4.9.3.jar;c:\Users\akmal\.vscode\extensions\pivotal.vscode-spring-boot-1.43.0\language-server\BOOT-INF\lib\apiguardian-api-1.1.2.jar;c:\Users\akmal\.vscode\extensions\pivotal.vscode-spring-boot-1.43.0\language-server\BOOT-INF\lib\asm-9.4.jar;c:\Users\akmal\.vscode\extensions\pivotal.vscode-spring-boot-1.43.0\language-server\BOOT-INF\lib\asm-analysis-9.4.jar;c:\Users\akmal\.vscode\extensions\pivotal.vscode-spring-boot-1.43.0\language-server\BOOT-INF\lib\asm-tree-9.4.jar;c:\Users\akmal\.vscode\extensions\pivotal.vscode-spring-boot-1.43.0\language-server\BOOT-INF\lib\asm-util-9.4.jar;c:\Users\akmal\.vscode\extensions\pivotal.vscode-spring-boot-1.43.0\language-server\BOOT-INF\lib\caffeine-3.1.2.jar;c:\Users\akmal\.vscode\extensions\pivotal.vscode-spring-boot-1.43.0\language-server\BOOT-INF\lib\checker-qual-3.12.0.jar;c:\Users\akmal\.vscode\extensions\pivotal.vscode-spring-boot-1.43.0\language-server\BOOT-INF\lib\ci-environment-9.1.0.jar;c:\Users\akmal\.vscode\extensions\pivotal.vscode-spring-boot-1.43.0\language-server\BOOT-INF\lib\classgraph-4.8.149.jar;c:\Users\akmal\.vscode\extensions\pivotal.vscode-spring-boot-1.43.0\language-server\BOOT-INF\lib\comm
Launcher Type: SUN_STANDARD

[Global flags]
     intx CICompilerCount                          = 4                                         {product} {ergonomic}
     uint ConcGCThreads                            = 2                                         {product} {ergonomic}
     uint G1ConcRefinementThreads                  = 8                                         {product} {ergonomic}
   size_t G1HeapRegionSize                         = 1048576                                   {product} {ergonomic}
    uintx GCDrainStackTargetSize                   = 64                                        {product} {ergonomic}
   size_t InitialHeapSize                          = 134217728                                 {product} {ergonomic}
   size_t MarkStackSize                            = 4194304                                   {product} {ergonomic}
   size_t MaxHeapSize                              = 2116026368                                {product} {ergonomic}
   size_t MaxNewSize                               = 1268776960                                {product} {ergonomic}
   size_t MinHeapDeltaBytes                        = 1048576                                   {product} {ergonomic}
   size_t MinHeapSize                              = 8388608                                   {product} {ergonomic}
    uintx NonProfiledCodeHeapSize                  = 0                                      {pd product} {ergonomic}
     bool ProfileInterpreter                       = false                                  {pd product} {command line}
    uintx ProfiledCodeHeapSize                     = 0                                      {pd product} {ergonomic}
   size_t SoftMaxHeapSize                          = 2116026368                             {manageable} {ergonomic}
     intx TieredStopAtLevel                        = 1                                         {product} {command line}
     bool UseCompressedClassPointers               = true                           {product lp64_product} {ergonomic}
     bool UseCompressedOops                        = true                           {product lp64_product} {ergonomic}
     bool UseG1GC                                  = true                                      {product} {ergonomic}
     bool UseLargePagesIndividualAllocation        = false                                  {pd product} {ergonomic}

Logging:
Log output configuration:
 #0: stdout all=warning,jni+resolve=off uptime,level,tags
 #1: stderr all=off uptime,level,tags

Environment Variables:
JAVA_HOME=C:\Program Files\Java\jdk-19
PATH=C:\Program Files\PowerShell\7;C:\Program Files\Common Files\Oracle\Java\javapath;C:\Program Files (x86)\Common Files\Oracle\Java\javapath;C:\WINDOWS\system32;C:\WINDOWS;C:\WINDOWS\System32\Wbem;C:\WINDOWS\System32\WindowsPowerShell\v1.0\;C:\WINDOWS\System32\OpenSSH\;C:\msys64\mingw64\bin;C:\Program Files\Java\jdk-19\bin;C:\Program Files\Calibre2\;C:\Program Files\dotnet\;C:\Program Files\PowerShell\7\;C:\Program Files\Git\cmd;C:\gradle-7.6;C:\gradle-7.6\bin;C:\apache-maven-3.8.6\bin;C:\jdk-19.0.1\bin;C:\Classpath\javafx-sdk-19\lib;C:\Program Files\nodejs\;C:\ProgramData\chocolatey\bin;C:\Program Files\Go\bin;C:\Classpath\ASM;C:\Program Files\wkhtmltopdf\bin;C:\Program Files\wkhtmltopdf\bin\wkhtmltopdf.exe;C:\Users\akmal\AppData\Local\Programs\Python\Python311\Scripts\;C:\Users\akmal\AppData\Local\Programs\Python\Python311\;C:\Users\akmal\AppData\Local\Microsoft\WindowsApps;C:\Users\akmal\AppData\Local\Programs\Microsoft VS Code\bin;C:\Program Files\JetBrains\IntelliJ IDEA Community Edition 2022.2.3\bin;C:\Users\akmal\AppData\Local\GitHubDesktop\bin;C:\Users\akmal\AppData\Roaming\npm;C:\Users\akmal\go\bin;C:\Users\akmal\AppData\Local\Google\Cloud SDK\google-cloud-sdk\bin
USERNAME=akmal
OS=Windows_NT
PROCESSOR_IDENTIFIER=Intel64 Family 6 Model 142 Stepping 10, GenuineIntel
TMP=C:\Users\akmal\AppData\Local\Temp
TEMP=C:\Users\akmal\AppData\Local\Temp



---------------  S Y S T E M  ---------------

OS:
 Windows 11 , 64 bit Build 22621 (10.0.22621.1105)
OS uptime: 3 days 14:40 hours
Hyper-V role detected

CPU: total 8 (initial active 8) (4 cores per cpu, 2 threads per core) family 6 model 142 stepping 10 microcode 0xe0, cx8, cmov, fxsr, ht, mmx, 3dnowpref, sse, sse2, sse3, ssse3, sse4.1, sse4.2, popcnt, lzcnt, tsc, tscinvbit, avx, avx2, aes, erms, clmul, bmi1, bmi2, adx, fma, vzeroupper, clflush, clflushopt, hv

Memory: 4k page, system-wide physical 8066M (253M free)
TotalPageFile size 32642M (AvailPageFile size 105M)
current process WorkingSet (physical memory assigned to process): 349M, peak: 349M
current process commit charge ("private bytes"): 383M, peak: 849M

vm_info: OpenJDK 64-Bit Server VM (17.0.5+8) for windows-amd64 JRE (17.0.5+8), built on Oct 19 2022 04:48:13 by "temurin" with MS VC++ 16.7 (VS2019)

END.
