#
# There is insufficient memory for the Java Runtime Environment to continue.
# Native memory allocation (mmap) failed to map 310378496 bytes for G1 virtual space
# Possible reasons:
#   The system is out of physical RAM or swap space
#   The process is running with CompressedOops enabled, and the Java Heap may be blocking the growth of the native heap
# Possible solutions:
#   Reduce memory load on the system
#   Increase physical memory or swap space
#   Check if swap backing store is full
#   Decrease Java heap size (-Xmx/-Xms)
#   Decrease number of Java threads
#   Decrease Java thread stack sizes (-Xss)
#   Set larger code cache with -XX:ReservedCodeCacheSize=
#   JVM is running with Unscaled Compressed Oops mode in which the Java heap is
#     placed in the first 4GB address space. The Java Heap base address is the
#     maximum limit for the native heap growth. Please use -XX:HeapBaseMinAddress
#     to set the Java Heap base and to place the Java Heap above 4GB virtual address.
# This output file may be truncated or incomplete.
#
#  Out of Memory Error (os_windows.cpp:3548), pid=10164, tid=15904
#
# JRE version: OpenJDK Runtime Environment Temurin-17.0.5+8 (17.0.5+8) (build 17.0.5+8)
# Java VM: OpenJDK 64-Bit Server VM Temurin-17.0.5+8 (17.0.5+8, mixed mode, emulated-client, tiered, compressed oops, compressed class ptrs, g1 gc, windows-amd64)
# No core dump will be written. Minidumps are not enabled by default on client versions of Windows
#

---------------  S U M M A R Y ------------

Command Line: -Dsts.lsp.client=vscode -Dsts.log.file=/dev/null -XX:TieredStopAtLevel=1 -Xlog:jni+resolve=off -Dspring.config.location=file:c:\Users\akmal\.vscode\extensions\pivotal.vscode-spring-boot-1.43.0\language-server\BOOT-INF\classes\application.properties org.springframework.ide.vscode.boot.app.BootLanguageServerBootApp

Host: Intel(R) Core(TM) i5-8250U CPU @ 1.60GHz, 8 cores, 7G,  Windows 11 , 64 bit Build 22621 (10.0.22621.1105)
Time: Sun Jan 15 05:02:13 2023 Egypt Standard Time elapsed time: 24.091843 seconds (0d 0h 0m 24s)

---------------  T H R E A D  ---------------

Current thread (0x0000014b571d7230):  VMThread "VM Thread" [stack: 0x00000033a8500000,0x00000033a8600000] [id=15904]

Stack: [0x00000033a8500000,0x00000033a8600000]
Native frames: (J=compiled Java code, j=interpreted, Vv=VM code, C=native code)
V  [jvm.dll+0x676b3a]
V  [jvm.dll+0x831444]
V  [jvm.dll+0x832bee]
V  [jvm.dll+0x833253]
V  [jvm.dll+0x244ce5]
V  [jvm.dll+0x673a49]
V  [jvm.dll+0x66811a]
V  [jvm.dll+0x303ceb]
V  [jvm.dll+0x30b1e6]
V  [jvm.dll+0x35adbe]
V  [jvm.dll+0x35afef]
V  [jvm.dll+0x2dab88]
V  [jvm.dll+0x2d8e3c]
V  [jvm.dll+0x2d840c]
V  [jvm.dll+0x31c31b]
V  [jvm.dll+0x8376fb]
V  [jvm.dll+0x838434]
V  [jvm.dll+0x83894c]
V  [jvm.dll+0x838d24]
V  [jvm.dll+0x838df0]
V  [jvm.dll+0x7e17ea]
V  [jvm.dll+0x6759e5]
C  [ucrtbase.dll+0x29363]
C  [KERNEL32.DLL+0x126bd]
C  [ntdll.dll+0x5dfb8]

VM_Operation (0x00000033aaefdc70): G1CollectForAllocation, mode: safepoint, requested by thread 0x0000014b59564010


---------------  P R O C E S S  ---------------

Threads class SMR info:
_java_thread_list=0x0000014b5be30660, length=40, elements={
0x0000014b57c012d0, 0x0000014b57c02010, 0x0000014b57c31010, 0x0000014b57c318d0,
0x0000014b57c32190, 0x0000014b57c32a50, 0x0000014b57c33310, 0x0000014b57c34c20,
0x0000014b57e36a00, 0x0000014b57e39490, 0x0000014b59046080, 0x0000014b59161060,
0x0000014b59060460, 0x0000014b49e43420, 0x0000014b59290970, 0x0000014b592aa6a0,
0x0000014b592aab70, 0x0000014b592ac410, 0x0000014b592e46a0, 0x0000014b59302820,
0x0000014b59302cf0, 0x0000014b593014e0, 0x0000014b593019b0, 0x0000014b59301e80,
0x0000014b59302350, 0x0000014b595631a0, 0x0000014b59561990, 0x0000014b59562800,
0x0000014b59560b20, 0x0000014b59561e60, 0x0000014b59560ff0, 0x0000014b59564010,
0x0000014b5955ee40, 0x0000014b59562cd0, 0x0000014b595644e0, 0x0000014b5955f310,
0x0000014b595614c0, 0x0000014b59560180, 0x0000014b59562330, 0x0000014b59563670
}

Java Threads: ( => current thread )
  0x0000014b57c012d0 JavaThread "Reference Handler" daemon [_thread_blocked, id=12048, stack(0x00000033a8600000,0x00000033a8700000)]
  0x0000014b57c02010 JavaThread "Finalizer" daemon [_thread_blocked, id=8952, stack(0x00000033a8700000,0x00000033a8800000)]
  0x0000014b57c31010 JavaThread "Signal Dispatcher" daemon [_thread_blocked, id=7832, stack(0x00000033a8800000,0x00000033a8900000)]
  0x0000014b57c318d0 JavaThread "Attach Listener" daemon [_thread_blocked, id=16084, stack(0x00000033a8900000,0x00000033a8a00000)]
  0x0000014b57c32190 JavaThread "Service Thread" daemon [_thread_blocked, id=1408, stack(0x00000033a8a00000,0x00000033a8b00000)]
  0x0000014b57c32a50 JavaThread "Monitor Deflation Thread" daemon [_thread_blocked, id=11140, stack(0x00000033a8b00000,0x00000033a8c00000)]
  0x0000014b57c33310 JavaThread "C1 CompilerThread0" daemon [_thread_blocked, id=4140, stack(0x00000033a8c00000,0x00000033a8d00000)]
  0x0000014b57c34c20 JavaThread "Sweeper thread" daemon [_thread_blocked, id=16036, stack(0x00000033a8d00000,0x00000033a8e00000)]
  0x0000014b57e36a00 JavaThread "Notification Thread" daemon [_thread_blocked, id=3032, stack(0x00000033a8e00000,0x00000033a8f00000)]
  0x0000014b57e39490 JavaThread "Common-Cleaner" daemon [_thread_blocked, id=12224, stack(0x00000033a9000000,0x00000033a9100000)]
  0x0000014b59046080 JavaThread "boundedElastic-evictor-1" daemon [_thread_blocked, id=9004, stack(0x00000033a9900000,0x00000033a9a00000)]
  0x0000014b59161060 JavaThread "pool-11-thread-1" [_thread_blocked, id=2788, stack(0x00000033a9b00000,0x00000033a9c00000)]
  0x0000014b59060460 JavaThread "LanguageServerApp-lifecycle" [_thread_blocked, id=12844, stack(0x00000033a9c00000,0x00000033a9d00000)]
  0x0000014b49e43420 JavaThread "DestroyJavaVM" [_thread_blocked, id=12824, stack(0x00000033a7f00000,0x00000033a8000000)]
  0x0000014b59290970 JavaThread "pool-12-thread-1" [_thread_in_native, id=15372, stack(0x00000033a9d00000,0x00000033a9e00000)]
  0x0000014b592aa6a0 JavaThread "Simple-Language-Server main thread" daemon [_thread_blocked, id=8484, stack(0x00000033a9e00000,0x00000033a9f00000)]
  0x0000014b592aab70 JavaThread "pool-2-thread-1" [_thread_blocked, id=11792, stack(0x00000033a9f00000,0x00000033aa000000)]
  0x0000014b592ac410 JavaThread "ForkJoinPool.commonPool-worker-1" daemon [_thread_blocked, id=2552, stack(0x00000033aa000000,0x00000033aa100000)]
  0x0000014b592e46a0 JavaThread "pool-2-thread-2" [_thread_blocked, id=15096, stack(0x00000033aa100000,0x00000033aa200000)]
  0x0000014b59302820 JavaThread "ClassGraph-worker-0" daemon [_thread_blocked, id=1400, stack(0x00000033aa200000,0x00000033aa300000)]
  0x0000014b59302cf0 JavaThread "ClassGraph-worker-1" daemon [_thread_blocked, id=8456, stack(0x00000033aa300000,0x00000033aa400000)]
  0x0000014b593014e0 JavaThread "ClassGraph-worker-2" daemon [_thread_blocked, id=7096, stack(0x00000033aa400000,0x00000033aa500000)]
  0x0000014b593019b0 JavaThread "ClassGraph-worker-3" daemon [_thread_blocked, id=16352, stack(0x00000033aa500000,0x00000033aa600000)]
  0x0000014b59301e80 JavaThread "ClassGraph-worker-4" daemon [_thread_blocked, id=2300, stack(0x00000033aa600000,0x00000033aa700000)]
  0x0000014b59302350 JavaThread "ClassGraph-worker-5" daemon [_thread_blocked, id=12268, stack(0x00000033aa700000,0x00000033aa800000)]
  0x0000014b595631a0 JavaThread "ClassGraph-worker-6" daemon [_thread_blocked, id=9092, stack(0x00000033aa800000,0x00000033aa900000)]
  0x0000014b59561990 JavaThread "ClassGraph-worker-7" daemon [_thread_blocked, id=8736, stack(0x00000033aa900000,0x00000033aaa00000)]
  0x0000014b59562800 JavaThread "ClassGraph-worker-8" daemon [_thread_blocked, id=6036, stack(0x00000033aaa00000,0x00000033aab00000)]
  0x0000014b59560b20 JavaThread "ClassGraph-worker-9" daemon [_thread_blocked, id=15588, stack(0x00000033aab00000,0x00000033aac00000)]
  0x0000014b59561e60 JavaThread "ClassGraph-worker-10" daemon [_thread_blocked, id=5056, stack(0x00000033aac00000,0x00000033aad00000)]
  0x0000014b59560ff0 JavaThread "ClassGraph-worker-11" daemon [_thread_blocked, id=10852, stack(0x00000033aad00000,0x00000033aae00000)]
  0x0000014b59564010 JavaThread "ClassGraph-worker-12" daemon [_thread_blocked, id=14128, stack(0x00000033aae00000,0x00000033aaf00000)]
  0x0000014b5955ee40 JavaThread "ClassGraph-worker-13" daemon [_thread_blocked, id=15504, stack(0x00000033aaf00000,0x00000033ab000000)]
  0x0000014b59562cd0 JavaThread "parallel-1" daemon [_thread_blocked, id=5248, stack(0x00000033ab000000,0x00000033ab100000)]
  0x0000014b595644e0 JavaThread "pool-6-thread-1" [_thread_blocked, id=9012, stack(0x00000033a9100000,0x00000033a9200000)]
  0x0000014b5955f310 JavaThread "pool-10-thread-1" [_thread_blocked, id=11416, stack(0x00000033ab300000,0x00000033ab400000)]
  0x0000014b595614c0 JavaThread "ForkJoinPool.commonPool-worker-2" daemon [_thread_blocked, id=9852, stack(0x00000033ab400000,0x00000033ab500000)]
  0x0000014b59560180 JavaThread "parallel-2" daemon [_thread_blocked, id=14900, stack(0x00000033ab500000,0x00000033ab600000)]
  0x0000014b59562330 JavaThread "pool-10-thread-2" [_thread_blocked, id=11496, stack(0x00000033ab600000,0x00000033ab700000)]
  0x0000014b59563670 JavaThread "parallel-3" daemon [_thread_blocked, id=11148, stack(0x00000033ab700000,0x00000033ab800000)]

Other Threads:
=>0x0000014b571d7230 VMThread "VM Thread" [stack: 0x00000033a8500000,0x00000033a8600000] [id=15904]
  0x0000014b49ebdcd0 WatcherThread [stack: 0x00000033a8f00000,0x00000033a9000000] [id=9380]
  0x0000014b49e9ff80 GCTaskThread "GC Thread#0" [stack: 0x00000033a8000000,0x00000033a8100000] [id=12096]
  0x0000014b587e46f0 GCTaskThread "GC Thread#1" [stack: 0x00000033a9200000,0x00000033a9300000] [id=7528]
  0x0000014b5898fb30 GCTaskThread "GC Thread#2" [stack: 0x00000033a9300000,0x00000033a9400000] [id=11548]
  0x0000014b589e4c60 GCTaskThread "GC Thread#3" [stack: 0x00000033a9400000,0x00000033a9500000] [id=6824]
  0x0000014b589e4f10 GCTaskThread "GC Thread#4" [stack: 0x00000033a9500000,0x00000033a9600000] [id=11644]
  0x0000014b58670b90 GCTaskThread "GC Thread#5" [stack: 0x00000033a9600000,0x00000033a9700000] [id=13824]
  0x0000014b587580a0 GCTaskThread "GC Thread#6" [stack: 0x00000033a9700000,0x00000033a9800000] [id=6960]
  0x0000014b58758350 GCTaskThread "GC Thread#7" [stack: 0x00000033a9800000,0x00000033a9900000] [id=13952]
  0x0000014b49eb0b70 ConcurrentGCThread "G1 Main Marker" [stack: 0x00000033a8100000,0x00000033a8200000] [id=5460]
  0x0000014b49eb1c30 ConcurrentGCThread "G1 Conc#0" [stack: 0x00000033a8200000,0x00000033a8300000] [id=12904]
  0x0000014b586002e0 ConcurrentGCThread "G1 Conc#1" [stack: 0x00000033a9a00000,0x00000033a9b00000] [id=14536]
  0x0000014b570424d0 ConcurrentGCThread "G1 Refine#0" [stack: 0x00000033a8300000,0x00000033a8400000] [id=14404]
  0x0000014b59617f30 ConcurrentGCThread "G1 Refine#1" [stack: 0x00000033ab100000,0x00000033ab200000] [id=13752]
  0x0000014b5bda1440 ConcurrentGCThread "G1 Refine#2" [stack: 0x00000033ab200000,0x00000033ab300000] [id=2104]
  0x0000014b57043cb0 ConcurrentGCThread "G1 Service" [stack: 0x00000033a8400000,0x00000033a8500000] [id=12176]

Threads with active compile tasks:

VM state: at safepoint (normal execution)

VM Mutex/Monitor currently owned by a thread:  ([mutex/lock_event])
[0x0000014b47d7cec0] Threads_lock - owner thread: 0x0000014b571d7230
[0x0000014b49e41820] Heap_lock - owner thread: 0x0000014b59564010

Heap address: 0x0000000081e00000, size: 2018 MB, Compressed Oops mode: 32-bit

CDS archive(s) not mapped
Compressed class space mapped at: 0x0000000100000000-0x0000000140000000, reserved size: 1073741824
Narrow klass base: 0x0000000000000000, Narrow klass shift: 3, Narrow klass range: 0x140000000

GC Precious Log:
 CPUs: 8 total, 8 available
 Memory: 8066M
 Large Page Support: Disabled
 NUMA Support: Disabled
 Compressed Oops: Enabled (32-bit)
 Heap Region Size: 1M
 Heap Min Capacity: 8M
 Heap Initial Capacity: 128M
 Heap Max Capacity: 2018M
 Pre-touch: Disabled
 Parallel Workers: 8
 Concurrent Workers: 2
 Concurrent Refinement Workers: 8
 Periodic GC: Disabled

Heap:
 garbage-first heap   total 303104K, used 119933K [0x0000000081e00000, 0x0000000100000000)
  region size 1024K, 12 young (12288K), 12 survivors (12288K)
 Metaspace       used 39728K, committed 40128K, reserved 1089536K
  class space    used 5085K, committed 5248K, reserved 1048576K

Heap Regions: E=young(eden), S=young(survivor), O=old, HS=humongous(starts), HC=humongous(continues), CS=collection set, F=free, OA=open archive, CA=closed archive, TAMS=top-at-mark-start (previous, next)
|   0|0x0000000081e00000, 0x0000000081f00000, 0x0000000081f00000|100%| O|  |TAMS 0x0000000081f00000, 0x0000000081e00000| Untracked 
|   1|0x0000000081f00000, 0x0000000082000000, 0x0000000082000000|100%| O|  |TAMS 0x0000000082000000, 0x0000000081f00000| Untracked 
|   2|0x0000000082000000, 0x0000000082100000, 0x0000000082100000|100%| O|  |TAMS 0x0000000082100000, 0x0000000082000000| Untracked 
|   3|0x0000000082100000, 0x0000000082200000, 0x0000000082200000|100%| O|  |TAMS 0x0000000082200000, 0x0000000082100000| Untracked 
|   4|0x0000000082200000, 0x0000000082300000, 0x0000000082300000|100%| O|  |TAMS 0x0000000082300000, 0x0000000082200000| Untracked 
|   5|0x0000000082300000, 0x0000000082400000, 0x0000000082400000|100%| O|  |TAMS 0x0000000082400000, 0x0000000082300000| Untracked 
|   6|0x0000000082400000, 0x0000000082500000, 0x0000000082500000|100%| O|  |TAMS 0x0000000082500000, 0x0000000082400000| Untracked 
|   7|0x0000000082500000, 0x0000000082600000, 0x0000000082600000|100%| O|  |TAMS 0x0000000082600000, 0x0000000082500000| Untracked 
|   8|0x0000000082600000, 0x0000000082700000, 0x0000000082700000|100%| O|  |TAMS 0x0000000082700000, 0x0000000082600000| Untracked 
|   9|0x0000000082700000, 0x0000000082800000, 0x0000000082800000|100%| O|  |TAMS 0x0000000082800000, 0x0000000082700000| Untracked 
|  10|0x0000000082800000, 0x0000000082900000, 0x0000000082900000|100%| O|  |TAMS 0x0000000082900000, 0x0000000082800000| Untracked 
|  11|0x0000000082900000, 0x0000000082a00000, 0x0000000082a00000|100%| O|  |TAMS 0x0000000082a00000, 0x0000000082900000| Untracked 
|  12|0x0000000082a00000, 0x0000000082b00000, 0x0000000082b00000|100%| O|  |TAMS 0x0000000082b00000, 0x0000000082a00000| Untracked 
|  13|0x0000000082b00000, 0x0000000082c00000, 0x0000000082c00000|100%| O|  |TAMS 0x0000000082c00000, 0x0000000082b00000| Untracked 
|  14|0x0000000082c00000, 0x0000000082d00000, 0x0000000082d00000|100%| O|  |TAMS 0x0000000082c00000, 0x0000000082c00000| Untracked 
|  15|0x0000000082d00000, 0x0000000082e00000, 0x0000000082e00000|100%| O|  |TAMS 0x0000000082e00000, 0x0000000082d00000| Untracked 
|  16|0x0000000082e00000, 0x0000000082f00000, 0x0000000082f00000|100%| O|  |TAMS 0x0000000082f00000, 0x0000000082e00000| Untracked 
|  17|0x0000000082f00000, 0x0000000083000000, 0x0000000083000000|100%| O|  |TAMS 0x0000000083000000, 0x0000000082f00000| Untracked 
|  18|0x0000000083000000, 0x0000000083100000, 0x0000000083100000|100%| O|  |TAMS 0x0000000083100000, 0x0000000083000000| Untracked 
|  19|0x0000000083100000, 0x0000000083200000, 0x0000000083200000|100%| O|  |TAMS 0x0000000083200000, 0x0000000083100000| Untracked 
|  20|0x0000000083200000, 0x0000000083300000, 0x0000000083300000|100%| O|  |TAMS 0x0000000083300000, 0x0000000083200000| Untracked 
|  21|0x0000000083300000, 0x0000000083400000, 0x0000000083400000|100%| O|  |TAMS 0x0000000083400000, 0x0000000083300000| Untracked 
|  22|0x0000000083400000, 0x0000000083500000, 0x0000000083500000|100%| O|  |TAMS 0x0000000083500000, 0x0000000083400000| Untracked 
|  23|0x0000000083500000, 0x0000000083600000, 0x0000000083600000|100%| O|  |TAMS 0x0000000083600000, 0x0000000083500000| Untracked 
|  24|0x0000000083600000, 0x0000000083700000, 0x0000000083700000|100%| O|  |TAMS 0x0000000083700000, 0x0000000083600000| Untracked 
|  25|0x0000000083700000, 0x0000000083800000, 0x0000000083800000|100%| O|  |TAMS 0x0000000083800000, 0x0000000083700000| Untracked 
|  26|0x0000000083800000, 0x0000000083900000, 0x0000000083900000|100%| O|  |TAMS 0x0000000083900000, 0x0000000083800000| Untracked 
|  27|0x0000000083900000, 0x0000000083a00000, 0x0000000083a00000|100%| O|  |TAMS 0x0000000083a00000, 0x0000000083900000| Untracked 
|  28|0x0000000083a00000, 0x0000000083b00000, 0x0000000083b00000|100%| O|  |TAMS 0x0000000083b00000, 0x0000000083a00000| Untracked 
|  29|0x0000000083b00000, 0x0000000083c00000, 0x0000000083c00000|100%| O|  |TAMS 0x0000000083c00000, 0x0000000083b00000| Untracked 
|  30|0x0000000083c00000, 0x0000000083d00000, 0x0000000083d00000|100%| O|  |TAMS 0x0000000083d00000, 0x0000000083c00000| Untracked 
|  31|0x0000000083d00000, 0x0000000083e00000, 0x0000000083e00000|100%| O|  |TAMS 0x0000000083e00000, 0x0000000083d00000| Untracked 
|  32|0x0000000083e00000, 0x0000000083f00000, 0x0000000083f00000|100%| O|  |TAMS 0x0000000083f00000, 0x0000000083e00000| Untracked 
|  33|0x0000000083f00000, 0x0000000084000000, 0x0000000084000000|100%| O|  |TAMS 0x0000000084000000, 0x0000000083f00000| Untracked 
|  34|0x0000000084000000, 0x0000000084100000, 0x0000000084100000|100%| O|  |TAMS 0x0000000084100000, 0x0000000084000000| Untracked 
|  35|0x0000000084100000, 0x0000000084200000, 0x0000000084200000|100%| O|  |TAMS 0x0000000084200000, 0x0000000084100000| Untracked 
|  36|0x0000000084200000, 0x0000000084300000, 0x0000000084300000|100%| O|  |TAMS 0x0000000084300000, 0x0000000084200000| Untracked 
|  37|0x0000000084300000, 0x0000000084400000, 0x0000000084400000|100%| O|  |TAMS 0x0000000084400000, 0x0000000084300000| Untracked 
|  38|0x0000000084400000, 0x0000000084500000, 0x0000000084500000|100%| O|  |TAMS 0x0000000084500000, 0x0000000084400000| Untracked 
|  39|0x0000000084500000, 0x0000000084600000, 0x0000000084600000|100%| O|  |TAMS 0x0000000084600000, 0x0000000084500000| Untracked 
|  40|0x0000000084600000, 0x0000000084700000, 0x0000000084700000|100%| O|  |TAMS 0x0000000084700000, 0x0000000084600000| Untracked 
|  41|0x0000000084700000, 0x0000000084800000, 0x0000000084800000|100%| O|  |TAMS 0x0000000084800000, 0x0000000084700000| Untracked 
|  42|0x0000000084800000, 0x0000000084900000, 0x0000000084900000|100%| O|  |TAMS 0x0000000084900000, 0x0000000084800000| Untracked 
|  43|0x0000000084900000, 0x0000000084a00000, 0x0000000084a00000|100%| O|  |TAMS 0x0000000084a00000, 0x0000000084900000| Untracked 
|  44|0x0000000084a00000, 0x0000000084b00000, 0x0000000084b00000|100%| O|  |TAMS 0x0000000084b00000, 0x0000000084a00000| Untracked 
|  45|0x0000000084b00000, 0x0000000084c00000, 0x0000000084c00000|100%| O|  |TAMS 0x0000000084c00000, 0x0000000084b00000| Untracked 
|  46|0x0000000084c00000, 0x0000000084d00000, 0x0000000084d00000|100%| O|  |TAMS 0x0000000084d00000, 0x0000000084c00000| Untracked 
|  47|0x0000000084d00000, 0x0000000084e00000, 0x0000000084e00000|100%| O|  |TAMS 0x0000000084d00000, 0x0000000084d00000| Untracked 
|  48|0x0000000084e00000, 0x0000000084f00000, 0x0000000084f00000|100%|HS|  |TAMS 0x0000000084f00000, 0x0000000084e00000| Complete 
|  49|0x0000000084f00000, 0x0000000085000000, 0x0000000085000000|100%| O|  |TAMS 0x0000000085000000, 0x0000000084f00000| Untracked 
|  50|0x0000000085000000, 0x0000000085100000, 0x0000000085100000|100%| O|  |TAMS 0x0000000085100000, 0x0000000085000000| Untracked 
|  51|0x0000000085100000, 0x0000000085200000, 0x0000000085200000|100%| O|  |TAMS 0x0000000085200000, 0x0000000085100000| Untracked 
|  52|0x0000000085200000, 0x0000000085300000, 0x0000000085300000|100%| O|  |TAMS 0x0000000085300000, 0x0000000085200000| Untracked 
|  53|0x0000000085300000, 0x0000000085400000, 0x0000000085400000|100%| O|  |TAMS 0x0000000085400000, 0x0000000085300000| Untracked 
|  54|0x0000000085400000, 0x0000000085500000, 0x0000000085500000|100%| O|  |TAMS 0x0000000085500000, 0x0000000085400000| Untracked 
|  55|0x0000000085500000, 0x0000000085600000, 0x0000000085600000|100%| O|  |TAMS 0x0000000085600000, 0x0000000085500000| Untracked 
|  56|0x0000000085600000, 0x0000000085700000, 0x0000000085700000|100%| O|  |TAMS 0x0000000085700000, 0x0000000085600000| Untracked 
|  57|0x0000000085700000, 0x0000000085800000, 0x0000000085800000|100%| O|  |TAMS 0x0000000085800000, 0x0000000085700000| Untracked 
|  58|0x0000000085800000, 0x0000000085900000, 0x0000000085900000|100%| O|  |TAMS 0x0000000085900000, 0x0000000085800000| Untracked 
|  59|0x0000000085900000, 0x0000000085a00000, 0x0000000085a00000|100%| O|  |TAMS 0x0000000085a00000, 0x0000000085900000| Untracked 
|  60|0x0000000085a00000, 0x0000000085b00000, 0x0000000085b00000|100%| O|  |TAMS 0x0000000085b00000, 0x0000000085a00000| Untracked 
|  61|0x0000000085b00000, 0x0000000085c00000, 0x0000000085c00000|100%| O|  |TAMS 0x0000000085c00000, 0x0000000085b00000| Untracked 
|  62|0x0000000085c00000, 0x0000000085d00000, 0x0000000085d00000|100%| O|  |TAMS 0x0000000085d00000, 0x0000000085c00000| Untracked 
|  63|0x0000000085d00000, 0x0000000085e00000, 0x0000000085e00000|100%| O|  |TAMS 0x0000000085e00000, 0x0000000085d00000| Untracked 
|  64|0x0000000085e00000, 0x0000000085f00000, 0x0000000085f00000|100%| O|  |TAMS 0x0000000085f00000, 0x0000000085e00000| Untracked 
|  65|0x0000000085f00000, 0x0000000086000000, 0x0000000086000000|100%| O|  |TAMS 0x0000000086000000, 0x0000000085f00000| Untracked 
|  66|0x0000000086000000, 0x0000000086100000, 0x0000000086100000|100%| O|  |TAMS 0x0000000086100000, 0x0000000086000000| Untracked 
|  67|0x0000000086100000, 0x0000000086200000, 0x0000000086200000|100%| O|  |TAMS 0x0000000086200000, 0x0000000086100000| Untracked 
|  68|0x0000000086200000, 0x0000000086300000, 0x0000000086300000|100%| O|  |TAMS 0x0000000086300000, 0x0000000086200000| Untracked 
|  69|0x0000000086300000, 0x0000000086400000, 0x0000000086400000|100%| O|  |TAMS 0x0000000086300000, 0x0000000086300000| Untracked 
|  70|0x0000000086400000, 0x0000000086500000, 0x0000000086500000|100%| O|  |TAMS 0x000000008647c000, 0x0000000086400000| Untracked 
|  71|0x0000000086500000, 0x0000000086600000, 0x0000000086600000|100%| O|  |TAMS 0x0000000086500000, 0x0000000086500000| Untracked 
|  72|0x0000000086600000, 0x0000000086700000, 0x0000000086700000|100%| O|  |TAMS 0x0000000086600000, 0x0000000086600000| Untracked 
|  73|0x0000000086700000, 0x0000000086800000, 0x0000000086800000|100%| O|  |TAMS 0x0000000086700000, 0x0000000086700000| Untracked 
|  74|0x0000000086800000, 0x0000000086900000, 0x0000000086900000|100%| O|  |TAMS 0x0000000086800000, 0x0000000086800000| Untracked 
|  75|0x0000000086900000, 0x0000000086a00000, 0x0000000086a00000|100%| O|  |TAMS 0x0000000086900000, 0x0000000086900000| Untracked 
|  76|0x0000000086a00000, 0x0000000086b00000, 0x0000000086b00000|100%| O|  |TAMS 0x0000000086a00000, 0x0000000086a00000| Untracked 
|  77|0x0000000086b00000, 0x0000000086c00000, 0x0000000086c00000|100%| O|  |TAMS 0x0000000086b00000, 0x0000000086b00000| Untracked 
|  78|0x0000000086c00000, 0x0000000086d00000, 0x0000000086d00000|100%| O|  |TAMS 0x0000000086c00000, 0x0000000086c00000| Untracked 
|  79|0x0000000086d00000, 0x0000000086e00000, 0x0000000086e00000|100%| O|  |TAMS 0x0000000086d00000, 0x0000000086d00000| Untracked 
|  80|0x0000000086e00000, 0x0000000086f00000, 0x0000000086f00000|100%| O|  |TAMS 0x0000000086e00000, 0x0000000086e00000| Untracked 
|  81|0x0000000086f00000, 0x0000000087000000, 0x0000000087000000|100%| O|  |TAMS 0x0000000086f00000, 0x0000000086f00000| Untracked 
|  82|0x0000000087000000, 0x0000000087100000, 0x0000000087100000|100%| O|  |TAMS 0x0000000087000000, 0x0000000087000000| Untracked 
|  83|0x0000000087100000, 0x0000000087200000, 0x0000000087200000|100%| O|  |TAMS 0x0000000087100000, 0x0000000087100000| Untracked 
|  84|0x0000000087200000, 0x0000000087300000, 0x0000000087300000|100%| O|  |TAMS 0x0000000087200000, 0x0000000087200000| Untracked 
|  85|0x0000000087300000, 0x0000000087400000, 0x0000000087400000|100%| O|  |TAMS 0x0000000087300000, 0x0000000087300000| Untracked 
|  86|0x0000000087400000, 0x0000000087500000, 0x0000000087500000|100%| O|  |TAMS 0x0000000087400000, 0x0000000087400000| Untracked 
|  87|0x0000000087500000, 0x0000000087600000, 0x0000000087600000|100%| O|  |TAMS 0x0000000087500000, 0x0000000087500000| Untracked 
|  88|0x0000000087600000, 0x0000000087700000, 0x0000000087700000|100%| O|  |TAMS 0x0000000087600000, 0x0000000087600000| Untracked 
|  89|0x0000000087700000, 0x0000000087800000, 0x0000000087800000|100%| O|  |TAMS 0x0000000087700000, 0x0000000087700000| Untracked 
|  90|0x0000000087800000, 0x0000000087900000, 0x0000000087900000|100%| O|  |TAMS 0x0000000087800000, 0x0000000087800000| Untracked 
|  91|0x0000000087900000, 0x0000000087a00000, 0x0000000087a00000|100%| O|  |TAMS 0x0000000087900000, 0x0000000087900000| Untracked 
|  92|0x0000000087a00000, 0x0000000087b00000, 0x0000000087b00000|100%| O|  |TAMS 0x0000000087a00000, 0x0000000087a00000| Untracked 
|  93|0x0000000087b00000, 0x0000000087c00000, 0x0000000087c00000|100%| O|  |TAMS 0x0000000087b00000, 0x0000000087b00000| Untracked 
|  94|0x0000000087c00000, 0x0000000087d00000, 0x0000000087d00000|100%| O|  |TAMS 0x0000000087c00000, 0x0000000087c00000| Untracked 
|  95|0x0000000087d00000, 0x0000000087e00000, 0x0000000087e00000|100%| O|  |TAMS 0x0000000087d00000, 0x0000000087d00000| Untracked 
|  96|0x0000000087e00000, 0x0000000087f00000, 0x0000000087f00000|100%| O|  |TAMS 0x0000000087e00000, 0x0000000087e00000| Untracked 
|  97|0x0000000087f00000, 0x0000000088000000, 0x0000000088000000|100%| O|  |TAMS 0x0000000087f00000, 0x0000000087f00000| Untracked 
|  98|0x0000000088000000, 0x0000000088100000, 0x0000000088100000|100%| O|  |TAMS 0x0000000088000000, 0x0000000088000000| Untracked 
|  99|0x0000000088100000, 0x0000000088200000, 0x0000000088200000|100%| O|  |TAMS 0x0000000088100000, 0x0000000088100000| Untracked 
| 100|0x0000000088200000, 0x0000000088300000, 0x0000000088300000|100%| O|  |TAMS 0x0000000088200000, 0x0000000088200000| Untracked 
| 101|0x0000000088300000, 0x0000000088400000, 0x0000000088400000|100%| O|  |TAMS 0x0000000088300000, 0x0000000088300000| Untracked 
| 102|0x0000000088400000, 0x0000000088500000, 0x0000000088500000|100%| O|  |TAMS 0x0000000088400000, 0x0000000088400000| Untracked 
| 103|0x0000000088500000, 0x0000000088600000, 0x0000000088600000|100%| O|  |TAMS 0x0000000088500000, 0x0000000088500000| Untracked 
| 104|0x0000000088600000, 0x0000000088700000, 0x0000000088700000|100%| O|  |TAMS 0x0000000088600000, 0x0000000088600000| Untracked 
| 105|0x0000000088700000, 0x000000008874c000, 0x0000000088800000| 29%| O|  |TAMS 0x0000000088700000, 0x0000000088700000| Untracked 
| 106|0x0000000088800000, 0x0000000088800000, 0x0000000088900000|  0%| F|  |TAMS 0x0000000088800000, 0x0000000088800000| Untracked 
| 107|0x0000000088900000, 0x0000000088900000, 0x0000000088a00000|  0%| F|  |TAMS 0x0000000088900000, 0x0000000088900000| Untracked 
| 108|0x0000000088a00000, 0x0000000088a00000, 0x0000000088b00000|  0%| F|  |TAMS 0x0000000088a00000, 0x0000000088a00000| Untracked 
| 109|0x0000000088b00000, 0x0000000088b00000, 0x0000000088c00000|  0%| F|  |TAMS 0x0000000088b00000, 0x0000000088b00000| Untracked 
| 110|0x0000000088c00000, 0x0000000088c00000, 0x0000000088d00000|  0%| F|  |TAMS 0x0000000088c00000, 0x0000000088c00000| Untracked 
| 111|0x0000000088d00000, 0x0000000088d00000, 0x0000000088e00000|  0%| F|  |TAMS 0x0000000088d00000, 0x0000000088d00000| Untracked 
| 112|0x0000000088e00000, 0x0000000088e00000, 0x0000000088f00000|  0%| F|  |TAMS 0x0000000088e00000, 0x0000000088e00000| Untracked 
| 113|0x0000000088f00000, 0x0000000088f00000, 0x0000000089000000|  0%| F|  |TAMS 0x0000000088f00000, 0x0000000088f00000| Untracked 
| 114|0x0000000089000000, 0x0000000089000000, 0x0000000089100000|  0%| F|  |TAMS 0x0000000089000000, 0x0000000089000000| Untracked 
| 115|0x0000000089100000, 0x0000000089100000, 0x0000000089200000|  0%| F|  |TAMS 0x0000000089100000, 0x0000000089100000| Untracked 
| 116|0x0000000089200000, 0x0000000089200000, 0x0000000089300000|  0%| F|  |TAMS 0x0000000089200000, 0x0000000089200000| Untracked 
| 117|0x0000000089300000, 0x0000000089300000, 0x0000000089400000|  0%| F|  |TAMS 0x0000000089300000, 0x0000000089300000| Untracked 
| 118|0x0000000089400000, 0x0000000089400000, 0x0000000089500000|  0%| F|  |TAMS 0x0000000089400000, 0x0000000089400000| Untracked 
| 119|0x0000000089500000, 0x0000000089500000, 0x0000000089600000|  0%| F|  |TAMS 0x0000000089500000, 0x0000000089500000| Untracked 
| 120|0x0000000089600000, 0x0000000089600000, 0x0000000089700000|  0%| F|  |TAMS 0x0000000089600000, 0x0000000089600000| Untracked 
| 121|0x0000000089700000, 0x0000000089700000, 0x0000000089800000|  0%| F|  |TAMS 0x0000000089700000, 0x0000000089700000| Untracked 
| 122|0x0000000089800000, 0x0000000089800000, 0x0000000089900000|  0%| F|  |TAMS 0x0000000089800000, 0x0000000089800000| Untracked 
| 123|0x0000000089900000, 0x0000000089900000, 0x0000000089a00000|  0%| F|  |TAMS 0x0000000089900000, 0x0000000089900000| Untracked 
| 124|0x0000000089a00000, 0x0000000089a00000, 0x0000000089b00000|  0%| F|  |TAMS 0x0000000089a00000, 0x0000000089a00000| Untracked 
| 125|0x0000000089b00000, 0x0000000089b00000, 0x0000000089c00000|  0%| F|  |TAMS 0x0000000089b00000, 0x0000000089b00000| Untracked 
| 126|0x0000000089c00000, 0x0000000089c00000, 0x0000000089d00000|  0%| F|  |TAMS 0x0000000089c00000, 0x0000000089c00000| Untracked 
| 127|0x0000000089d00000, 0x0000000089d00000, 0x0000000089e00000|  0%| F|  |TAMS 0x0000000089d00000, 0x0000000089d00000| Untracked 
| 128|0x0000000089e00000, 0x0000000089e00000, 0x0000000089f00000|  0%| F|  |TAMS 0x0000000089e00000, 0x0000000089e00000| Untracked 
| 129|0x0000000089f00000, 0x0000000089f00000, 0x000000008a000000|  0%| F|  |TAMS 0x0000000089f00000, 0x0000000089f00000| Untracked 
| 130|0x000000008a000000, 0x000000008a000000, 0x000000008a100000|  0%| F|  |TAMS 0x000000008a000000, 0x000000008a000000| Untracked 
| 131|0x000000008a100000, 0x000000008a100000, 0x000000008a200000|  0%| F|  |TAMS 0x000000008a100000, 0x000000008a100000| Untracked 
| 132|0x000000008a200000, 0x000000008a200000, 0x000000008a300000|  0%| F|  |TAMS 0x000000008a200000, 0x000000008a200000| Untracked 
| 133|0x000000008a300000, 0x000000008a300000, 0x000000008a400000|  0%| F|  |TAMS 0x000000008a300000, 0x000000008a300000| Untracked 
| 134|0x000000008a400000, 0x000000008a400000, 0x000000008a500000|  0%| F|  |TAMS 0x000000008a400000, 0x000000008a400000| Untracked 
| 135|0x000000008a500000, 0x000000008a500000, 0x000000008a600000|  0%| F|  |TAMS 0x000000008a500000, 0x000000008a500000| Untracked 
| 136|0x000000008a600000, 0x000000008a600000, 0x000000008a700000|  0%| F|  |TAMS 0x000000008a600000, 0x000000008a600000| Untracked 
| 137|0x000000008a700000, 0x000000008a700000, 0x000000008a800000|  0%| F|  |TAMS 0x000000008a700000, 0x000000008a700000| Untracked 
| 138|0x000000008a800000, 0x000000008a800000, 0x000000008a900000|  0%| F|  |TAMS 0x000000008a800000, 0x000000008a800000| Untracked 
| 139|0x000000008a900000, 0x000000008a900000, 0x000000008aa00000|  0%| F|  |TAMS 0x000000008a900000, 0x000000008a900000| Untracked 
| 140|0x000000008aa00000, 0x000000008aa00000, 0x000000008ab00000|  0%| F|  |TAMS 0x000000008aa00000, 0x000000008aa00000| Untracked 
| 141|0x000000008ab00000, 0x000000008ab00000, 0x000000008ac00000|  0%| F|  |TAMS 0x000000008ab00000, 0x000000008ab00000| Untracked 
| 142|0x000000008ac00000, 0x000000008acd3530, 0x000000008ad00000| 82%| S|CS|TAMS 0x000000008ac00000, 0x000000008ac00000| Complete 
| 143|0x000000008ad00000, 0x000000008ae00000, 0x000000008ae00000|100%| S|CS|TAMS 0x000000008ad00000, 0x000000008ad00000| Complete 
| 144|0x000000008ae00000, 0x000000008ae00000, 0x000000008af00000|  0%| F|  |TAMS 0x000000008ae00000, 0x000000008ae00000| Untracked 
| 145|0x000000008af00000, 0x000000008af00000, 0x000000008b000000|  0%| F|  |TAMS 0x000000008af00000, 0x000000008af00000| Untracked 
| 146|0x000000008b000000, 0x000000008b000000, 0x000000008b100000|  0%| F|  |TAMS 0x000000008b000000, 0x000000008b000000| Untracked 
| 147|0x000000008b100000, 0x000000008b200000, 0x000000008b200000|100%| S|CS|TAMS 0x000000008b100000, 0x000000008b100000| Complete 
| 148|0x000000008b200000, 0x000000008b300000, 0x000000008b300000|100%| S|CS|TAMS 0x000000008b200000, 0x000000008b200000| Complete 
| 149|0x000000008b300000, 0x000000008b400000, 0x000000008b400000|100%| S|CS|TAMS 0x000000008b300000, 0x000000008b300000| Complete 
| 150|0x000000008b400000, 0x000000008b500000, 0x000000008b500000|100%| S|CS|TAMS 0x000000008b400000, 0x000000008b400000| Complete 
| 151|0x000000008b500000, 0x000000008b500000, 0x000000008b600000|  0%| F|  |TAMS 0x000000008b500000, 0x000000008b500000| Untracked 
| 152|0x000000008b600000, 0x000000008b600000, 0x000000008b700000|  0%| F|  |TAMS 0x000000008b600000, 0x000000008b600000| Untracked 
| 153|0x000000008b700000, 0x000000008b800000, 0x000000008b800000|100%| S|CS|TAMS 0x000000008b700000, 0x000000008b700000| Complete 
| 154|0x000000008b800000, 0x000000008b900000, 0x000000008b900000|100%| S|CS|TAMS 0x000000008b800000, 0x000000008b800000| Complete 
| 155|0x000000008b900000, 0x000000008ba00000, 0x000000008ba00000|100%| S|CS|TAMS 0x000000008b900000, 0x000000008b900000| Complete 
| 156|0x000000008ba00000, 0x000000008bb00000, 0x000000008bb00000|100%| S|CS|TAMS 0x000000008ba00000, 0x000000008ba00000| Complete 
| 157|0x000000008bb00000, 0x000000008bc00000, 0x000000008bc00000|100%| S|CS|TAMS 0x000000008bb00000, 0x000000008bb00000| Complete 
| 158|0x000000008bc00000, 0x000000008bd00000, 0x000000008bd00000|100%| S|CS|TAMS 0x000000008bc00000, 0x000000008bc00000| Complete 
| 159|0x000000008bd00000, 0x000000008bd00000, 0x000000008be00000|  0%| F|  |TAMS 0x000000008bd00000, 0x000000008bd00000| Untracked 
| 160|0x000000008be00000, 0x000000008be00000, 0x000000008bf00000|  0%| F|  |TAMS 0x000000008be00000, 0x000000008be00000| Untracked 
| 161|0x000000008bf00000, 0x000000008bf00000, 0x000000008c000000|  0%| F|  |TAMS 0x000000008bf00000, 0x000000008bf00000| Untracked 
| 162|0x000000008c000000, 0x000000008c000000, 0x000000008c100000|  0%| F|  |TAMS 0x000000008c000000, 0x000000008c000000| Untracked 
| 163|0x000000008c100000, 0x000000008c100000, 0x000000008c200000|  0%| F|  |TAMS 0x000000008c100000, 0x000000008c100000| Untracked 
| 164|0x000000008c200000, 0x000000008c200000, 0x000000008c300000|  0%| F|  |TAMS 0x000000008c200000, 0x000000008c200000| Untracked 
| 165|0x000000008c300000, 0x000000008c300000, 0x000000008c400000|  0%| F|  |TAMS 0x000000008c300000, 0x000000008c300000| Untracked 
| 166|0x000000008c400000, 0x000000008c400000, 0x000000008c500000|  0%| F|  |TAMS 0x000000008c400000, 0x000000008c400000| Untracked 
| 167|0x000000008c500000, 0x000000008c500000, 0x000000008c600000|  0%| F|  |TAMS 0x000000008c500000, 0x000000008c500000| Untracked 
| 168|0x000000008c600000, 0x000000008c600000, 0x000000008c700000|  0%| F|  |TAMS 0x000000008c600000, 0x000000008c600000| Untracked 
| 169|0x000000008c700000, 0x000000008c700000, 0x000000008c800000|  0%| F|  |TAMS 0x000000008c700000, 0x000000008c700000| Untracked 
| 170|0x000000008c800000, 0x000000008c800000, 0x000000008c900000|  0%| F|  |TAMS 0x000000008c800000, 0x000000008c800000| Untracked 
| 171|0x000000008c900000, 0x000000008c900000, 0x000000008ca00000|  0%| F|  |TAMS 0x000000008c900000, 0x000000008c900000| Untracked 
| 172|0x000000008ca00000, 0x000000008ca00000, 0x000000008cb00000|  0%| F|  |TAMS 0x000000008ca00000, 0x000000008ca00000| Untracked 
| 173|0x000000008cb00000, 0x000000008cb00000, 0x000000008cc00000|  0%| F|  |TAMS 0x000000008cb00000, 0x000000008cb00000| Untracked 
| 174|0x000000008cc00000, 0x000000008cc00000, 0x000000008cd00000|  0%| F|  |TAMS 0x000000008cc00000, 0x000000008cc00000| Untracked 
| 175|0x000000008cd00000, 0x000000008cd00000, 0x000000008ce00000|  0%| F|  |TAMS 0x000000008cd00000, 0x000000008cd00000| Untracked 
| 176|0x000000008ce00000, 0x000000008ce00000, 0x000000008cf00000|  0%| F|  |TAMS 0x000000008ce00000, 0x000000008ce00000| Untracked 
| 177|0x000000008cf00000, 0x000000008cf00000, 0x000000008d000000|  0%| F|  |TAMS 0x000000008cf00000, 0x000000008cf00000| Untracked 
| 178|0x000000008d000000, 0x000000008d000000, 0x000000008d100000|  0%| F|  |TAMS 0x000000008d000000, 0x000000008d000000| Untracked 
| 179|0x000000008d100000, 0x000000008d100000, 0x000000008d200000|  0%| F|  |TAMS 0x000000008d100000, 0x000000008d100000| Untracked 
| 180|0x000000008d200000, 0x000000008d200000, 0x000000008d300000|  0%| F|  |TAMS 0x000000008d200000, 0x000000008d200000| Untracked 
| 181|0x000000008d300000, 0x000000008d300000, 0x000000008d400000|  0%| F|  |TAMS 0x000000008d300000, 0x000000008d300000| Untracked 
| 182|0x000000008d400000, 0x000000008d400000, 0x000000008d500000|  0%| F|  |TAMS 0x000000008d400000, 0x000000008d400000| Untracked 
| 183|0x000000008d500000, 0x000000008d500000, 0x000000008d600000|  0%| F|  |TAMS 0x000000008d500000, 0x000000008d500000| Untracked 
| 184|0x000000008d600000, 0x000000008d600000, 0x000000008d700000|  0%| F|  |TAMS 0x000000008d600000, 0x000000008d600000| Untracked 
| 185|0x000000008d700000, 0x000000008d700000, 0x000000008d800000|  0%| F|  |TAMS 0x000000008d700000, 0x000000008d700000| Untracked 
| 186|0x000000008d800000, 0x000000008d800000, 0x000000008d900000|  0%| F|  |TAMS 0x000000008d800000, 0x000000008d800000| Untracked 
| 187|0x000000008d900000, 0x000000008d900000, 0x000000008da00000|  0%| F|  |TAMS 0x000000008d900000, 0x000000008d900000| Untracked 
| 188|0x000000008da00000, 0x000000008da00000, 0x000000008db00000|  0%| F|  |TAMS 0x000000008da00000, 0x000000008da00000| Untracked 
| 189|0x000000008db00000, 0x000000008db00000, 0x000000008dc00000|  0%| F|  |TAMS 0x000000008db00000, 0x000000008db00000| Untracked 
| 190|0x000000008dc00000, 0x000000008dc00000, 0x000000008dd00000|  0%| F|  |TAMS 0x000000008dc00000, 0x000000008dc00000| Untracked 
| 191|0x000000008dd00000, 0x000000008dd00000, 0x000000008de00000|  0%| F|  |TAMS 0x000000008dd00000, 0x000000008dd00000| Untracked 
| 192|0x000000008de00000, 0x000000008de00000, 0x000000008df00000|  0%| F|  |TAMS 0x000000008de00000, 0x000000008de00000| Untracked 
| 193|0x000000008df00000, 0x000000008df00000, 0x000000008e000000|  0%| F|  |TAMS 0x000000008df00000, 0x000000008df00000| Untracked 
| 194|0x000000008e000000, 0x000000008e000000, 0x000000008e100000|  0%| F|  |TAMS 0x000000008e000000, 0x000000008e000000| Untracked 
| 195|0x000000008e100000, 0x000000008e100000, 0x000000008e200000|  0%| F|  |TAMS 0x000000008e100000, 0x000000008e100000| Untracked 
| 196|0x000000008e200000, 0x000000008e200000, 0x000000008e300000|  0%| F|  |TAMS 0x000000008e200000, 0x000000008e200000| Untracked 
| 197|0x000000008e300000, 0x000000008e300000, 0x000000008e400000|  0%| F|  |TAMS 0x000000008e300000, 0x000000008e300000| Untracked 
| 198|0x000000008e400000, 0x000000008e400000, 0x000000008e500000|  0%| F|  |TAMS 0x000000008e400000, 0x000000008e400000| Untracked 
| 199|0x000000008e500000, 0x000000008e500000, 0x000000008e600000|  0%| F|  |TAMS 0x000000008e500000, 0x000000008e500000| Untracked 
| 200|0x000000008e600000, 0x000000008e600000, 0x000000008e700000|  0%| F|  |TAMS 0x000000008e600000, 0x000000008e600000| Untracked 
| 201|0x000000008e700000, 0x000000008e700000, 0x000000008e800000|  0%| F|  |TAMS 0x000000008e700000, 0x000000008e700000| Untracked 
| 202|0x000000008e800000, 0x000000008e800000, 0x000000008e900000|  0%| F|  |TAMS 0x000000008e800000, 0x000000008e800000| Untracked 
| 203|0x000000008e900000, 0x000000008e900000, 0x000000008ea00000|  0%| F|  |TAMS 0x000000008e900000, 0x000000008e900000| Untracked 
| 204|0x000000008ea00000, 0x000000008ea00000, 0x000000008eb00000|  0%| F|  |TAMS 0x000000008ea00000, 0x000000008ea00000| Untracked 
| 205|0x000000008eb00000, 0x000000008eb00000, 0x000000008ec00000|  0%| F|  |TAMS 0x000000008eb00000, 0x000000008eb00000| Untracked 
| 206|0x000000008ec00000, 0x000000008ec00000, 0x000000008ed00000|  0%| F|  |TAMS 0x000000008ec00000, 0x000000008ec00000| Untracked 
| 207|0x000000008ed00000, 0x000000008ed00000, 0x000000008ee00000|  0%| F|  |TAMS 0x000000008ed00000, 0x000000008ed00000| Untracked 
| 208|0x000000008ee00000, 0x000000008ee00000, 0x000000008ef00000|  0%| F|  |TAMS 0x000000008ee00000, 0x000000008ee00000| Untracked 
| 209|0x000000008ef00000, 0x000000008ef00000, 0x000000008f000000|  0%| F|  |TAMS 0x000000008ef00000, 0x000000008ef00000| Untracked 
| 210|0x000000008f000000, 0x000000008f000000, 0x000000008f100000|  0%| F|  |TAMS 0x000000008f000000, 0x000000008f000000| Untracked 
| 211|0x000000008f100000, 0x000000008f100000, 0x000000008f200000|  0%| F|  |TAMS 0x000000008f100000, 0x000000008f100000| Untracked 
| 212|0x000000008f200000, 0x000000008f200000, 0x000000008f300000|  0%| F|  |TAMS 0x000000008f200000, 0x000000008f200000| Untracked 
| 213|0x000000008f300000, 0x000000008f300000, 0x000000008f400000|  0%| F|  |TAMS 0x000000008f300000, 0x000000008f300000| Untracked 
| 214|0x000000008f400000, 0x000000008f400000, 0x000000008f500000|  0%| F|  |TAMS 0x000000008f400000, 0x000000008f400000| Untracked 
| 215|0x000000008f500000, 0x000000008f500000, 0x000000008f600000|  0%| F|  |TAMS 0x000000008f500000, 0x000000008f500000| Untracked 
| 216|0x000000008f600000, 0x000000008f600000, 0x000000008f700000|  0%| F|  |TAMS 0x000000008f600000, 0x000000008f600000| Untracked 
| 217|0x000000008f700000, 0x000000008f700000, 0x000000008f800000|  0%| F|  |TAMS 0x000000008f700000, 0x000000008f700000| Untracked 
| 218|0x000000008f800000, 0x000000008f800000, 0x000000008f900000|  0%| F|  |TAMS 0x000000008f800000, 0x000000008f800000| Untracked 
| 219|0x000000008f900000, 0x000000008f900000, 0x000000008fa00000|  0%| F|  |TAMS 0x000000008f900000, 0x000000008f900000| Untracked 
| 220|0x000000008fa00000, 0x000000008fa00000, 0x000000008fb00000|  0%| F|  |TAMS 0x000000008fa00000, 0x000000008fa00000| Untracked 
| 221|0x000000008fb00000, 0x000000008fb00000, 0x000000008fc00000|  0%| F|  |TAMS 0x000000008fb00000, 0x000000008fb00000| Untracked 
| 222|0x000000008fc00000, 0x000000008fc00000, 0x000000008fd00000|  0%| F|  |TAMS 0x000000008fc00000, 0x000000008fc00000| Untracked 
| 223|0x000000008fd00000, 0x000000008fd00000, 0x000000008fe00000|  0%| F|  |TAMS 0x000000008fd00000, 0x000000008fd00000| Untracked 
| 224|0x000000008fe00000, 0x000000008fe00000, 0x000000008ff00000|  0%| F|  |TAMS 0x000000008fe00000, 0x000000008fe00000| Untracked 
| 225|0x000000008ff00000, 0x000000008ff00000, 0x0000000090000000|  0%| F|  |TAMS 0x000000008ff00000, 0x000000008ff00000| Untracked 
| 226|0x0000000090000000, 0x0000000090000000, 0x0000000090100000|  0%| F|  |TAMS 0x0000000090000000, 0x0000000090000000| Untracked 
| 227|0x0000000090100000, 0x0000000090100000, 0x0000000090200000|  0%| F|  |TAMS 0x0000000090100000, 0x0000000090100000| Untracked 
| 228|0x0000000090200000, 0x0000000090200000, 0x0000000090300000|  0%| F|  |TAMS 0x0000000090200000, 0x0000000090200000| Untracked 
| 229|0x0000000090300000, 0x0000000090300000, 0x0000000090400000|  0%| F|  |TAMS 0x0000000090300000, 0x0000000090300000| Untracked 
| 230|0x0000000090400000, 0x0000000090400000, 0x0000000090500000|  0%| F|  |TAMS 0x0000000090400000, 0x0000000090400000| Untracked 
| 231|0x0000000090500000, 0x0000000090500000, 0x0000000090600000|  0%| F|  |TAMS 0x0000000090500000, 0x0000000090500000| Untracked 
| 232|0x0000000090600000, 0x0000000090600000, 0x0000000090700000|  0%| F|  |TAMS 0x0000000090600000, 0x0000000090600000| Untracked 
| 233|0x0000000090700000, 0x0000000090700000, 0x0000000090800000|  0%| F|  |TAMS 0x0000000090700000, 0x0000000090700000| Untracked 
| 234|0x0000000090800000, 0x0000000090800000, 0x0000000090900000|  0%| F|  |TAMS 0x0000000090800000, 0x0000000090800000| Untracked 
| 235|0x0000000090900000, 0x0000000090900000, 0x0000000090a00000|  0%| F|  |TAMS 0x0000000090900000, 0x0000000090900000| Untracked 
| 236|0x0000000090a00000, 0x0000000090a00000, 0x0000000090b00000|  0%| F|  |TAMS 0x0000000090a00000, 0x0000000090a00000| Untracked 
| 237|0x0000000090b00000, 0x0000000090b00000, 0x0000000090c00000|  0%| F|  |TAMS 0x0000000090b00000, 0x0000000090b00000| Untracked 
| 238|0x0000000090c00000, 0x0000000090c00000, 0x0000000090d00000|  0%| F|  |TAMS 0x0000000090c00000, 0x0000000090c00000| Untracked 
| 239|0x0000000090d00000, 0x0000000090d00000, 0x0000000090e00000|  0%| F|  |TAMS 0x0000000090d00000, 0x0000000090d00000| Untracked 
| 240|0x0000000090e00000, 0x0000000090e00000, 0x0000000090f00000|  0%| F|  |TAMS 0x0000000090e00000, 0x0000000090e00000| Untracked 
| 241|0x0000000090f00000, 0x0000000090f00000, 0x0000000091000000|  0%| F|  |TAMS 0x0000000090f00000, 0x0000000090f00000| Untracked 
| 242|0x0000000091000000, 0x0000000091000000, 0x0000000091100000|  0%| F|  |TAMS 0x0000000091000000, 0x0000000091000000| Untracked 
| 243|0x0000000091100000, 0x0000000091100000, 0x0000000091200000|  0%| F|  |TAMS 0x0000000091100000, 0x0000000091100000| Untracked 
| 244|0x0000000091200000, 0x0000000091200000, 0x0000000091300000|  0%| F|  |TAMS 0x0000000091200000, 0x0000000091200000| Untracked 
| 245|0x0000000091300000, 0x0000000091300000, 0x0000000091400000|  0%| F|  |TAMS 0x0000000091300000, 0x0000000091300000| Untracked 
| 246|0x0000000091400000, 0x0000000091400000, 0x0000000091500000|  0%| F|  |TAMS 0x0000000091400000, 0x0000000091400000| Untracked 
| 247|0x0000000091500000, 0x0000000091500000, 0x0000000091600000|  0%| F|  |TAMS 0x0000000091500000, 0x0000000091500000| Untracked 
| 248|0x0000000091600000, 0x0000000091600000, 0x0000000091700000|  0%| F|  |TAMS 0x0000000091600000, 0x0000000091600000| Untracked 
| 249|0x0000000091700000, 0x0000000091700000, 0x0000000091800000|  0%| F|  |TAMS 0x0000000091700000, 0x0000000091700000| Untracked 
| 250|0x0000000091800000, 0x0000000091800000, 0x0000000091900000|  0%| F|  |TAMS 0x0000000091800000, 0x0000000091800000| Untracked 
| 251|0x0000000091900000, 0x0000000091900000, 0x0000000091a00000|  0%| F|  |TAMS 0x0000000091900000, 0x0000000091900000| Untracked 
| 252|0x0000000091a00000, 0x0000000091a00000, 0x0000000091b00000|  0%| F|  |TAMS 0x0000000091a00000, 0x0000000091a00000| Untracked 
| 253|0x0000000091b00000, 0x0000000091b00000, 0x0000000091c00000|  0%| F|  |TAMS 0x0000000091b00000, 0x0000000091b00000| Untracked 
| 254|0x0000000091c00000, 0x0000000091c00000, 0x0000000091d00000|  0%| F|  |TAMS 0x0000000091c00000, 0x0000000091c00000| Untracked 
| 255|0x0000000091d00000, 0x0000000091d00000, 0x0000000091e00000|  0%| F|  |TAMS 0x0000000091d00000, 0x0000000091d00000| Untracked 
| 256|0x0000000091e00000, 0x0000000091e00000, 0x0000000091f00000|  0%| F|  |TAMS 0x0000000091e00000, 0x0000000091e00000| Untracked 
| 257|0x0000000091f00000, 0x0000000091f00000, 0x0000000092000000|  0%| F|  |TAMS 0x0000000091f00000, 0x0000000091f00000| Untracked 
| 258|0x0000000092000000, 0x0000000092000000, 0x0000000092100000|  0%| F|  |TAMS 0x0000000092000000, 0x0000000092000000| Untracked 
| 259|0x0000000092100000, 0x0000000092100000, 0x0000000092200000|  0%| F|  |TAMS 0x0000000092100000, 0x0000000092100000| Untracked 
| 260|0x0000000092200000, 0x0000000092200000, 0x0000000092300000|  0%| F|  |TAMS 0x0000000092200000, 0x0000000092200000| Untracked 
| 261|0x0000000092300000, 0x0000000092300000, 0x0000000092400000|  0%| F|  |TAMS 0x0000000092300000, 0x0000000092300000| Untracked 
| 262|0x0000000092400000, 0x0000000092400000, 0x0000000092500000|  0%| F|  |TAMS 0x0000000092400000, 0x0000000092400000| Untracked 
| 263|0x0000000092500000, 0x0000000092500000, 0x0000000092600000|  0%| F|  |TAMS 0x0000000092500000, 0x0000000092500000| Untracked 
| 264|0x0000000092600000, 0x0000000092600000, 0x0000000092700000|  0%| F|  |TAMS 0x0000000092600000, 0x0000000092600000| Untracked 
| 265|0x0000000092700000, 0x0000000092700000, 0x0000000092800000|  0%| F|  |TAMS 0x0000000092700000, 0x0000000092700000| Untracked 
| 266|0x0000000092800000, 0x0000000092800000, 0x0000000092900000|  0%| F|  |TAMS 0x0000000092800000, 0x0000000092800000| Untracked 
| 267|0x0000000092900000, 0x0000000092900000, 0x0000000092a00000|  0%| F|  |TAMS 0x0000000092900000, 0x0000000092900000| Untracked 
| 268|0x0000000092a00000, 0x0000000092a00000, 0x0000000092b00000|  0%| F|  |TAMS 0x0000000092a00000, 0x0000000092a00000| Untracked 
| 269|0x0000000092b00000, 0x0000000092b00000, 0x0000000092c00000|  0%| F|  |TAMS 0x0000000092b00000, 0x0000000092b00000| Untracked 
| 270|0x0000000092c00000, 0x0000000092c00000, 0x0000000092d00000|  0%| F|  |TAMS 0x0000000092c00000, 0x0000000092c00000| Untracked 
| 271|0x0000000092d00000, 0x0000000092d00000, 0x0000000092e00000|  0%| F|  |TAMS 0x0000000092d00000, 0x0000000092d00000| Untracked 
| 272|0x0000000092e00000, 0x0000000092e00000, 0x0000000092f00000|  0%| F|  |TAMS 0x0000000092e00000, 0x0000000092e00000| Untracked 
| 273|0x0000000092f00000, 0x0000000092f00000, 0x0000000093000000|  0%| F|  |TAMS 0x0000000092f00000, 0x0000000092f00000| Untracked 
| 274|0x0000000093000000, 0x0000000093000000, 0x0000000093100000|  0%| F|  |TAMS 0x0000000093000000, 0x0000000093000000| Untracked 
| 275|0x0000000093100000, 0x0000000093100000, 0x0000000093200000|  0%| F|  |TAMS 0x0000000093100000, 0x0000000093100000| Untracked 
| 276|0x0000000093200000, 0x0000000093200000, 0x0000000093300000|  0%| F|  |TAMS 0x0000000093200000, 0x0000000093200000| Untracked 
| 277|0x0000000093300000, 0x0000000093300000, 0x0000000093400000|  0%| F|  |TAMS 0x0000000093300000, 0x0000000093300000| Untracked 
| 278|0x0000000093400000, 0x0000000093400000, 0x0000000093500000|  0%| F|  |TAMS 0x0000000093400000, 0x0000000093400000| Untracked 
| 279|0x0000000093500000, 0x0000000093500000, 0x0000000093600000|  0%| F|  |TAMS 0x0000000093500000, 0x0000000093500000| Untracked 
| 280|0x0000000093600000, 0x0000000093600000, 0x0000000093700000|  0%| F|  |TAMS 0x0000000093600000, 0x0000000093600000| Untracked 
| 281|0x0000000093700000, 0x0000000093700000, 0x0000000093800000|  0%| F|  |TAMS 0x0000000093700000, 0x0000000093700000| Untracked 
| 282|0x0000000093800000, 0x0000000093800000, 0x0000000093900000|  0%| F|  |TAMS 0x0000000093800000, 0x0000000093800000| Untracked 
| 283|0x0000000093900000, 0x0000000093900000, 0x0000000093a00000|  0%| F|  |TAMS 0x0000000093900000, 0x0000000093900000| Untracked 
| 284|0x0000000093a00000, 0x0000000093a00000, 0x0000000093b00000|  0%| F|  |TAMS 0x0000000093a00000, 0x0000000093a00000| Untracked 
| 285|0x0000000093b00000, 0x0000000093b00000, 0x0000000093c00000|  0%| F|  |TAMS 0x0000000093b00000, 0x0000000093b00000| Untracked 
| 286|0x0000000093c00000, 0x0000000093c00000, 0x0000000093d00000|  0%| F|  |TAMS 0x0000000093c00000, 0x0000000093c00000| Untracked 
| 287|0x0000000093d00000, 0x0000000093d00000, 0x0000000093e00000|  0%| F|  |TAMS 0x0000000093d00000, 0x0000000093d00000| Untracked 
| 288|0x0000000093e00000, 0x0000000093e00000, 0x0000000093f00000|  0%| F|  |TAMS 0x0000000093e00000, 0x0000000093e00000| Untracked 
| 289|0x0000000093f00000, 0x0000000093f00000, 0x0000000094000000|  0%| F|  |TAMS 0x0000000093f00000, 0x0000000093f00000| Untracked 
| 290|0x0000000094000000, 0x0000000094000000, 0x0000000094100000|  0%| F|  |TAMS 0x0000000094000000, 0x0000000094000000| Untracked 
| 291|0x0000000094100000, 0x0000000094100000, 0x0000000094200000|  0%| F|  |TAMS 0x0000000094100000, 0x0000000094100000| Untracked 
| 292|0x0000000094200000, 0x0000000094200000, 0x0000000094300000|  0%| F|  |TAMS 0x0000000094200000, 0x0000000094200000| Untracked 
| 293|0x0000000094300000, 0x0000000094300000, 0x0000000094400000|  0%| F|  |TAMS 0x0000000094300000, 0x0000000094300000| Untracked 
| 294|0x0000000094400000, 0x0000000094400000, 0x0000000094500000|  0%| F|  |TAMS 0x0000000094400000, 0x0000000094400000| Untracked 
| 295|0x0000000094500000, 0x0000000094500000, 0x0000000094600000|  0%| F|  |TAMS 0x0000000094500000, 0x0000000094500000| Untracked 

Card table byte_map: [0x0000014b4ffd0000,0x0000014b503d0000] _byte_map_base: 0x0000014b4fbc1000

Marking Bits (Prev, Next): (CMBitMap*) 0x0000014b49ea04a0, (CMBitMap*) 0x0000014b49ea04e0
 Prev Bits: [0x0000014b507d0000, 0x0000014b52758000)
 Next Bits: [0x0000014b52760000, 0x0000014b546e8000)

Polling page: 0x0000014b49600000

Metaspace:

Usage:
  Non-class:     33.83 MB used.
      Class:      4.97 MB used.
       Both:     38.80 MB used.

Virtual space:
  Non-class space:       40.00 MB reserved,      34.06 MB ( 85%) committed,  5 nodes.
      Class space:        1.00 GB reserved,       5.12 MB ( <1%) committed,  1 nodes.
             Both:        1.04 GB reserved,      39.19 MB (  4%) committed. 

Chunk freelists:
   Non-Class:  1.27 MB
       Class:  2.78 MB
        Both:  4.05 MB

MaxMetaspaceSize: unlimited
CompressedClassSpaceSize: 1.00 GB
Initial GC threshold: 21.00 MB
Current GC threshold: 64.94 MB
CDS: off
MetaspaceReclaimPolicy: balanced
 - commit_granule_bytes: 65536.
 - commit_granule_words: 8192.
 - virtual_space_node_default_size: 1048576.
 - enlarge_chunks_in_place: 1.
 - new_chunks_are_fully_committed: 0.
 - uncommit_free_chunks: 1.
 - use_allocation_guard: 0.
 - handle_deallocations: 1.


Internal statistics:

num_allocs_failed_limit: 6.
num_arena_births: 486.
num_arena_deaths: 0.
num_vsnodes_births: 6.
num_vsnodes_deaths: 0.
num_space_committed: 627.
num_space_uncommitted: 0.
num_chunks_returned_to_freelist: 6.
num_chunks_taken_from_freelist: 1674.
num_chunk_merges: 6.
num_chunk_splits: 1160.
num_chunks_enlarged: 870.
num_purges: 0.
num_inconsistent_stats: 0.

CodeCache: size=49152Kb used=8306Kb max_used=8707Kb free=40845Kb
 bounds [0x0000014b4cac0000, 0x0000014b4d350000, 0x0000014b4fac0000]
 total_blobs=4838 nmethods=4285 adapters=480
 compilation: enabled
              stopped_count=0, restarted_count=0
 full_count=0

Compilation events (20 events):
Event: 23.713 Thread 0x0000014b57c33310 4278       1       org.springframework.ide.vscode.boot.java.utils.SpringFactoriesIndexer$$Lambda$698/0x0000000100536030::test (8 bytes)
Event: 23.714 Thread 0x0000014b57c33310 nmethod 4278 0x0000014b4cd70190 code [0x0000014b4cd70340, 0x0000014b4cd704c8]
Event: 23.714 Thread 0x0000014b57c33310 4279       1       org.springframework.ide.vscode.boot.java.utils.SpringFactoriesIndexer$$Lambda$699/0x0000000100536278::apply (8 bytes)
Event: 23.714 Thread 0x0000014b57c33310 nmethod 4279 0x0000014b4cd6fd10 code [0x0000014b4cd6fec0, 0x0000014b4cd70058]
Event: 23.714 Thread 0x0000014b57c33310 4280       1       org.springframework.ide.vscode.boot.java.utils.SpringFactoriesIndexer::lambda$getFiles$4 (15 bytes)
Event: 23.714 Thread 0x0000014b57c33310 nmethod 4280 0x0000014b4cd6f910 code [0x0000014b4cd6fac0, 0x0000014b4cd6fbf8]
Event: 23.714 Thread 0x0000014b57c33310 4281       1       org.springframework.ide.vscode.boot.java.utils.SpringFactoriesIndexer$$Lambda$700/0x00000001005364b0::apply (8 bytes)
Event: 23.715 Thread 0x0000014b57c33310 nmethod 4281 0x0000014b4cd6f510 code [0x0000014b4cd6f6c0, 0x0000014b4cd6f838]
Event: 23.715 Thread 0x0000014b57c33310 4282       1       org.springframework.ide.vscode.boot.java.utils.SpringFactoriesIndexer::lambda$getFiles$5 (18 bytes)
Event: 23.715 Thread 0x0000014b57c33310 nmethod 4282 0x0000014b4cd6f190 code [0x0000014b4cd6f340, 0x0000014b4cd6f438]
Event: 23.715 Thread 0x0000014b57c33310 4283       1       org.springframework.ide.vscode.boot.java.utils.SpringFactoriesIndexer$$Lambda$701/0x00000001005366e8::test (8 bytes)
Event: 23.715 Thread 0x0000014b57c33310 nmethod 4283 0x0000014b4cd6ed10 code [0x0000014b4cd6eec0, 0x0000014b4cd6f088]
Event: 23.715 Thread 0x0000014b57c33310 4284       1       org.springframework.ide.vscode.boot.java.utils.SpringFactoriesIndexer::lambda$getFiles$6 (9 bytes)
Event: 23.715 Thread 0x0000014b57c33310 nmethod 4284 0x0000014b4cd6e990 code [0x0000014b4cd6eb20, 0x0000014b4cd6ec88]
Event: 23.791 Thread 0x0000014b57c33310 4285       1       java.lang.invoke.StringConcatFactory::parseRecipe (198 bytes)
Event: 23.794 Thread 0x0000014b57c33310 nmethod 4285 0x0000014b4cd6d090 code [0x0000014b4cd6d360, 0x0000014b4cd6e0b8]
Event: 23.796 Thread 0x0000014b57c33310 4286       1       java.io.PrintStream::ensureOpen (18 bytes)
Event: 23.796 Thread 0x0000014b57c33310 nmethod 4286 0x0000014b4cd6cd10 code [0x0000014b4cd6cea0, 0x0000014b4cd6d008]
Event: 23.857 Thread 0x0000014b57c33310 4287       1       java.lang.invoke.Invokers::maybeCustomize (5 bytes)
Event: 23.857 Thread 0x0000014b57c33310 nmethod 4287 0x0000014b4cd6ca10 code [0x0000014b4cd6cba0, 0x0000014b4cd6cc68]

GC Heap History (20 events):
Event: 19.853 GC heap after
{Heap after GC invocations=21 (full 0):
 garbage-first heap   total 151552K, used 75395K [0x0000000081e00000, 0x0000000100000000)
  region size 1024K, 4 young (4096K), 4 survivors (4096K)
 Metaspace       used 39458K, committed 39872K, reserved 1089536K
  class space    used 5038K, committed 5184K, reserved 1048576K
}
Event: 19.909 GC heap before
{Heap before GC invocations=21 (full 0):
 garbage-first heap   total 151552K, used 113283K [0x0000000081e00000, 0x0000000100000000)
  region size 1024K, 42 young (43008K), 4 survivors (4096K)
 Metaspace       used 39477K, committed 39872K, reserved 1089536K
  class space    used 5039K, committed 5184K, reserved 1048576K
}
Event: 19.914 GC heap after
{Heap after GC invocations=22 (full 0):
 garbage-first heap   total 151552K, used 77095K [0x0000000081e00000, 0x0000000100000000)
  region size 1024K, 5 young (5120K), 5 survivors (5120K)
 Metaspace       used 39477K, committed 39872K, reserved 1089536K
  class space    used 5039K, committed 5184K, reserved 1048576K
}
Event: 19.968 GC heap before
{Heap before GC invocations=22 (full 0):
 garbage-first heap   total 151552K, used 117031K [0x0000000081e00000, 0x0000000100000000)
  region size 1024K, 45 young (46080K), 5 survivors (5120K)
 Metaspace       used 39477K, committed 39872K, reserved 1089536K
  class space    used 5039K, committed 5184K, reserved 1048576K
}
Event: 19.978 GC heap after
{Heap after GC invocations=23 (full 0):
 garbage-first heap   total 303104K, used 79020K [0x0000000081e00000, 0x0000000100000000)
  region size 1024K, 4 young (4096K), 4 survivors (4096K)
 Metaspace       used 39477K, committed 39872K, reserved 1089536K
  class space    used 5039K, committed 5184K, reserved 1048576K
}
Event: 20.762 GC heap before
{Heap before GC invocations=24 (full 0):
 garbage-first heap   total 303104K, used 234668K [0x0000000081e00000, 0x0000000100000000)
  region size 1024K, 158 young (161792K), 4 survivors (4096K)
 Metaspace       used 39477K, committed 39872K, reserved 1089536K
  class space    used 5039K, committed 5184K, reserved 1048576K
}
Event: 20.771 GC heap after
{Heap after GC invocations=25 (full 0):
 garbage-first heap   total 303104K, used 83662K [0x0000000081e00000, 0x0000000100000000)
  region size 1024K, 10 young (10240K), 10 survivors (10240K)
 Metaspace       used 39477K, committed 39872K, reserved 1089536K
  class space    used 5039K, committed 5184K, reserved 1048576K
}
Event: 20.796 GC heap before
{Heap before GC invocations=25 (full 0):
 garbage-first heap   total 303104K, used 86734K [0x0000000081e00000, 0x0000000100000000)
  region size 1024K, 14 young (14336K), 10 survivors (10240K)
 Metaspace       used 39477K, committed 39872K, reserved 1089536K
  class space    used 5039K, committed 5184K, reserved 1048576K
}
Event: 20.813 GC heap after
{Heap after GC invocations=26 (full 0):
 garbage-first heap   total 303104K, used 83129K [0x0000000081e00000, 0x0000000100000000)
  region size 1024K, 2 young (2048K), 2 survivors (2048K)
 Metaspace       used 39477K, committed 39872K, reserved 1089536K
  class space    used 5039K, committed 5184K, reserved 1048576K
}
Event: 21.153 GC heap before
{Heap before GC invocations=26 (full 0):
 garbage-first heap   total 303104K, used 238777K [0x0000000081e00000, 0x0000000100000000)
  region size 1024K, 155 young (158720K), 2 survivors (2048K)
 Metaspace       used 39477K, committed 39872K, reserved 1089536K
  class space    used 5040K, committed 5184K, reserved 1048576K
}
Event: 21.161 GC heap after
{Heap after GC invocations=27 (full 0):
 garbage-first heap   total 303104K, used 88434K [0x0000000081e00000, 0x0000000100000000)
  region size 1024K, 7 young (7168K), 7 survivors (7168K)
 Metaspace       used 39477K, committed 39872K, reserved 1089536K
  class space    used 5040K, committed 5184K, reserved 1048576K
}
Event: 21.388 GC heap before
{Heap before GC invocations=27 (full 0):
 garbage-first heap   total 303104K, used 243058K [0x0000000081e00000, 0x0000000100000000)
  region size 1024K, 159 young (162816K), 7 survivors (7168K)
 Metaspace       used 39477K, committed 39872K, reserved 1089536K
  class space    used 5040K, committed 5184K, reserved 1048576K
}
Event: 21.405 GC heap after
{Heap after GC invocations=28 (full 0):
 garbage-first heap   total 303104K, used 95036K [0x0000000081e00000, 0x0000000100000000)
  region size 1024K, 13 young (13312K), 13 survivors (13312K)
 Metaspace       used 39477K, committed 39872K, reserved 1089536K
  class space    used 5040K, committed 5184K, reserved 1048576K
}
Event: 22.000 GC heap before
{Heap before GC invocations=28 (full 0):
 garbage-first heap   total 303104K, used 246588K [0x0000000081e00000, 0x0000000100000000)
  region size 1024K, 162 young (165888K), 13 survivors (13312K)
 Metaspace       used 39477K, committed 39872K, reserved 1089536K
  class space    used 5040K, committed 5184K, reserved 1048576K
}
Event: 22.015 GC heap after
{Heap after GC invocations=29 (full 0):
 garbage-first heap   total 303104K, used 102068K [0x0000000081e00000, 0x0000000100000000)
  region size 1024K, 14 young (14336K), 14 survivors (14336K)
 Metaspace       used 39477K, committed 39872K, reserved 1089536K
  class space    used 5040K, committed 5184K, reserved 1048576K
}
Event: 22.701 GC heap before
{Heap before GC invocations=29 (full 0):
 garbage-first heap   total 303104K, used 249524K [0x0000000081e00000, 0x0000000100000000)
  region size 1024K, 159 young (162816K), 14 survivors (14336K)
 Metaspace       used 39477K, committed 39872K, reserved 1089536K
  class space    used 5040K, committed 5184K, reserved 1048576K
}
Event: 22.716 GC heap after
{Heap after GC invocations=30 (full 0):
 garbage-first heap   total 303104K, used 107903K [0x0000000081e00000, 0x0000000100000000)
  region size 1024K, 13 young (13312K), 13 survivors (13312K)
 Metaspace       used 39477K, committed 39872K, reserved 1089536K
  class space    used 5040K, committed 5184K, reserved 1048576K
}
Event: 23.091 GC heap before
{Heap before GC invocations=30 (full 0):
 garbage-first heap   total 303104K, used 253311K [0x0000000081e00000, 0x0000000100000000)
  region size 1024K, 156 young (159744K), 13 survivors (13312K)
 Metaspace       used 39477K, committed 39872K, reserved 1089536K
  class space    used 5040K, committed 5184K, reserved 1048576K
}
Event: 23.104 GC heap after
{Heap after GC invocations=31 (full 0):
 garbage-first heap   total 303104K, used 114526K [0x0000000081e00000, 0x0000000100000000)
  region size 1024K, 12 young (12288K), 12 survivors (12288K)
 Metaspace       used 39477K, committed 39872K, reserved 1089536K
  class space    used 5040K, committed 5184K, reserved 1048576K
}
Event: 23.889 GC heap before
{Heap before GC invocations=31 (full 0):
 garbage-first heap   total 303104K, used 253790K [0x0000000081e00000, 0x0000000100000000)
  region size 1024K, 149 young (152576K), 12 survivors (12288K)
 Metaspace       used 39728K, committed 40128K, reserved 1089536K
  class space    used 5085K, committed 5248K, reserved 1048576K
}

Dll operation events (8 events):
Event: 0.023 Loaded shared library c:\Users\akmal\.vscode\extensions\redhat.java-1.14.2023011403-win32-x64\jre\17.0.5-win32-x86_64\bin\java.dll
Event: 0.665 Loaded shared library C:\Users\akmal\.vscode\extensions\redhat.java-1.14.2023011403-win32-x64\jre\17.0.5-win32-x86_64\bin\net.dll
Event: 0.669 Loaded shared library C:\Users\akmal\.vscode\extensions\redhat.java-1.14.2023011403-win32-x64\jre\17.0.5-win32-x86_64\bin\nio.dll
Event: 1.299 Loaded shared library C:\Users\akmal\.vscode\extensions\redhat.java-1.14.2023011403-win32-x64\jre\17.0.5-win32-x86_64\bin\zip.dll
Event: 7.745 Loaded shared library C:\Users\akmal\.vscode\extensions\redhat.java-1.14.2023011403-win32-x64\jre\17.0.5-win32-x86_64\bin\jimage.dll
Event: 9.252 Loaded shared library c:\Users\akmal\.vscode\extensions\redhat.java-1.14.2023011403-win32-x64\jre\17.0.5-win32-x86_64\bin\verify.dll
Event: 17.246 Loaded shared library C:\Users\akmal\.vscode\extensions\redhat.java-1.14.2023011403-win32-x64\jre\17.0.5-win32-x86_64\bin\management.dll
Event: 17.251 Loaded shared library C:\Users\akmal\.vscode\extensions\redhat.java-1.14.2023011403-win32-x64\jre\17.0.5-win32-x86_64\bin\management_ext.dll

Deoptimization events (10 events):
Event: 12.856 Thread 0x0000014b49e43420 DEOPT PACKING pc=0x0000014b4cf38d19 sp=0x00000033a7ffd590
Event: 12.856 Thread 0x0000014b49e43420 DEOPT UNPACKING pc=0x0000014b4cb12b43 sp=0x00000033a7ffca70 mode 3
Event: 17.609 Thread 0x0000014b592ac410 DEOPT PACKING pc=0x0000014b4d144235 sp=0x00000033aa0fe950
Event: 17.609 Thread 0x0000014b592ac410 DEOPT UNPACKING pc=0x0000014b4cb12b43 sp=0x00000033aa0fde68 mode 3
Event: 17.819 Thread 0x0000014b592ac410 DEOPT PACKING pc=0x0000014b4d1600ab sp=0x00000033aa0fe820
Event: 17.820 Thread 0x0000014b592ac410 DEOPT UNPACKING pc=0x0000014b4cb12b43 sp=0x00000033aa0fdd68 mode 3
Event: 18.177 Thread 0x0000014b593019b0 DEOPT PACKING pc=0x0000014b4cf37b81 sp=0x00000033aa5fef80
Event: 18.177 Thread 0x0000014b593019b0 DEOPT UNPACKING pc=0x0000014b4cb12b43 sp=0x00000033aa5fe410 mode 3
Event: 18.336 Thread 0x0000014b59560ff0 DEOPT PACKING pc=0x0000014b4cf35d97 sp=0x00000033aadfecf0
Event: 18.336 Thread 0x0000014b59560ff0 DEOPT UNPACKING pc=0x0000014b4cb12b43 sp=0x00000033aadfe148 mode 3

Classes unloaded (0 events):
No events

Classes redefined (0 events):
No events

Internal exceptions (20 events):
Event: 23.853 Thread 0x0000014b595644e0 Exception <a 'sun/nio/fs/WindowsException'{0x000000008c857800}> (0x000000008c857800) 
thrown [s\src\hotspot\share\prims\jni.cpp, line 516]
Event: 23.853 Thread 0x0000014b595644e0 Exception <a 'sun/nio/fs/WindowsException'{0x000000008c8585f0}> (0x000000008c8585f0) 
thrown [s\src\hotspot\share\prims\jni.cpp, line 516]
Event: 23.853 Thread 0x0000014b595644e0 Exception <a 'sun/nio/fs/WindowsException'{0x000000008c859568}> (0x000000008c859568) 
thrown [s\src\hotspot\share\prims\jni.cpp, line 516]
Event: 23.853 Thread 0x0000014b595644e0 Exception <a 'sun/nio/fs/WindowsException'{0x000000008c85a3b8}> (0x000000008c85a3b8) 
thrown [s\src\hotspot\share\prims\jni.cpp, line 516]
Event: 23.853 Thread 0x0000014b595644e0 Exception <a 'sun/nio/fs/WindowsException'{0x000000008c85b1a8}> (0x000000008c85b1a8) 
thrown [s\src\hotspot\share\prims\jni.cpp, line 516]
Event: 23.853 Thread 0x0000014b595644e0 Exception <a 'sun/nio/fs/WindowsException'{0x000000008c85c060}> (0x000000008c85c060) 
thrown [s\src\hotspot\share\prims\jni.cpp, line 516]
Event: 23.854 Thread 0x0000014b595644e0 Exception <a 'sun/nio/fs/WindowsException'{0x000000008c85cec8}> (0x000000008c85cec8) 
thrown [s\src\hotspot\share\prims\jni.cpp, line 516]
Event: 23.854 Thread 0x0000014b595644e0 Exception <a 'sun/nio/fs/WindowsException'{0x000000008c85dd30}> (0x000000008c85dd30) 
thrown [s\src\hotspot\share\prims\jni.cpp, line 516]
Event: 23.855 Thread 0x0000014b595644e0 Exception <a 'sun/nio/fs/WindowsException'{0x000000008c5d37c8}> (0x000000008c5d37c8) 
thrown [s\src\hotspot\share\prims\jni.cpp, line 516]
Event: 23.855 Thread 0x0000014b595644e0 Exception <a 'sun/nio/fs/WindowsException'{0x000000008c5d46d0}> (0x000000008c5d46d0) 
thrown [s\src\hotspot\share\prims\jni.cpp, line 516]
Event: 23.855 Thread 0x0000014b595644e0 Exception <a 'sun/nio/fs/WindowsException'{0x000000008c5d5550}> (0x000000008c5d5550) 
thrown [s\src\hotspot\share\prims\jni.cpp, line 516]
Event: 23.855 Thread 0x0000014b595644e0 Exception <a 'sun/nio/fs/WindowsException'{0x000000008c5d6418}> (0x000000008c5d6418) 
thrown [s\src\hotspot\share\prims\jni.cpp, line 516]
Event: 23.855 Thread 0x0000014b595644e0 Exception <a 'sun/nio/fs/WindowsException'{0x000000008c5d7278}> (0x000000008c5d7278) 
thrown [s\src\hotspot\share\prims\jni.cpp, line 516]
Event: 23.855 Thread 0x0000014b595644e0 Exception <a 'sun/nio/fs/WindowsException'{0x000000008c5d80f8}> (0x000000008c5d80f8) 
thrown [s\src\hotspot\share\prims\jni.cpp, line 516]
Event: 23.855 Thread 0x0000014b595644e0 Exception <a 'sun/nio/fs/WindowsException'{0x000000008c5d9010}> (0x000000008c5d9010) 
thrown [s\src\hotspot\share\prims\jni.cpp, line 516]
Event: 23.855 Thread 0x0000014b595644e0 Exception <a 'sun/nio/fs/WindowsException'{0x000000008c5d9f18}> (0x000000008c5d9f18) 
thrown [s\src\hotspot\share\prims\jni.cpp, line 516]
Event: 23.855 Thread 0x0000014b595644e0 Exception <a 'sun/nio/fs/WindowsException'{0x000000008c5daef8}> (0x000000008c5daef8) 
thrown [s\src\hotspot\share\prims\jni.cpp, line 516]
Event: 23.856 Thread 0x0000014b595644e0 Exception <a 'sun/nio/fs/WindowsException'{0x000000008c5dbd58}> (0x000000008c5dbd58) 
thrown [s\src\hotspot\share\prims\jni.cpp, line 516]
Event: 23.856 Thread 0x0000014b595644e0 Exception <a 'sun/nio/fs/WindowsException'{0x000000008c5dcb58}> (0x000000008c5dcb58) 
thrown [s\src\hotspot\share\prims\jni.cpp, line 516]
Event: 23.860 Thread 0x0000014b595644e0 Exception <a 'sun/nio/fs/WindowsException'{0x000000008c5e7c40}> (0x000000008c5e7c40) 
thrown [s\src\hotspot\share\prims\jni.cpp, line 516]

VM Operations (20 events):
Event: 20.814 Executing VM operation: G1CollectForAllocation done
Event: 21.143 Executing VM operation: G1CollectForAllocation
Event: 21.153 Executing VM operation: G1CollectForAllocation done
Event: 21.153 Executing VM operation: G1CollectForAllocation
Event: 21.161 Executing VM operation: G1CollectForAllocation done
Event: 21.386 Executing VM operation: G1CollectForAllocation
Event: 21.388 Executing VM operation: G1CollectForAllocation done
Event: 21.388 Executing VM operation: G1CollectForAllocation
Event: 21.405 Executing VM operation: G1CollectForAllocation done
Event: 21.998 Executing VM operation: G1CollectForAllocation
Event: 22.000 Executing VM operation: G1CollectForAllocation done
Event: 22.000 Executing VM operation: G1CollectForAllocation
Event: 22.015 Executing VM operation: G1CollectForAllocation done
Event: 22.670 Executing VM operation: G1CollectForAllocation
Event: 22.717 Executing VM operation: G1CollectForAllocation done
Event: 23.074 Executing VM operation: G1CollectForAllocation
Event: 23.105 Executing VM operation: G1CollectForAllocation done
Event: 23.888 Executing VM operation: G1CollectForAllocation
Event: 23.889 Executing VM operation: G1CollectForAllocation done
Event: 23.889 Executing VM operation: G1CollectForAllocation

Events (20 events):
Event: 19.616 loading class java/nio/channels/Channels$ReadableByteChannelImpl done
Event: 19.617 loading class java/nio/channels/NonWritableChannelException
Event: 19.617 loading class java/nio/channels/NonWritableChannelException done
Event: 22.433 Thread 0x0000014b57cbc050 Thread exited: 0x0000014b57cbc050
Event: 23.370 loading class java/util/WeakHashMap$EntrySet
Event: 23.370 loading class java/util/WeakHashMap$EntrySet done
Event: 23.370 loading class java/util/WeakHashMap$EntryIterator
Event: 23.371 loading class java/util/WeakHashMap$HashIterator
Event: 23.371 loading class java/util/WeakHashMap$HashIterator done
Event: 23.371 loading class java/util/WeakHashMap$EntryIterator done
Event: 23.389 Thread 0x0000014b595644e0 Thread added: 0x0000014b595644e0
Event: 23.395 Thread 0x0000014b5955f310 Thread added: 0x0000014b5955f310
Event: 23.397 Thread 0x0000014b595614c0 Thread added: 0x0000014b595614c0
Event: 23.401 Thread 0x0000014b59560180 Thread added: 0x0000014b59560180
Event: 23.580 Thread 0x0000014b59562330 Thread added: 0x0000014b59562330
Event: 23.581 Thread 0x0000014b59563670 Thread added: 0x0000014b59563670
Event: 23.641 loading class sun/security/provider/MD5
Event: 23.642 loading class sun/security/provider/MD5 done
Event: 23.642 loading class sun/security/provider/ByteArrayAccess$LE
Event: 23.642 loading class sun/security/provider/ByteArrayAccess$LE done


Dynamic libraries:
0x00007ff79b580000 - 0x00007ff79b58e000 	c:\Users\akmal\.vscode\extensions\redhat.java-1.14.2023011403-win32-x64\jre\17.0.5-win32-x86_64\bin\java.exe
0x00007ffc2d8b0000 - 0x00007ffc2dac4000 	C:\WINDOWS\SYSTEM32\ntdll.dll
0x00007ffc2bff0000 - 0x00007ffc2c0b3000 	C:\WINDOWS\System32\KERNEL32.DLL
0x00007ffc2af80000 - 0x00007ffc2b31d000 	C:\WINDOWS\System32\KERNELBASE.dll
0x00007ffc2adc0000 - 0x00007ffc2aed1000 	C:\WINDOWS\System32\ucrtbase.dll
0x00007ffc189b0000 - 0x00007ffc189c7000 	c:\Users\akmal\.vscode\extensions\redhat.java-1.14.2023011403-win32-x64\jre\17.0.5-win32-x86_64\bin\jli.dll
0x00007ffc0d450000 - 0x00007ffc0d469000 	c:\Users\akmal\.vscode\extensions\redhat.java-1.14.2023011403-win32-x64\jre\17.0.5-win32-x86_64\bin\VCRUNTIME140.dll
0x00007ffc2be20000 - 0x00007ffc2bfcd000 	C:\WINDOWS\System32\USER32.dll
0x00007ffc1dc60000 - 0x00007ffc1deee000 	C:\WINDOWS\WinSxS\amd64_microsoft.windows.common-controls_6595b64144ccf1df_6.0.22621.608_none_a9444ca7c10bb01d\COMCTL32.dll
0x00007ffc2ad90000 - 0x00007ffc2adb6000 	C:\WINDOWS\System32\win32u.dll
0x00007ffc2c200000 - 0x00007ffc2c2a7000 	C:\WINDOWS\System32\msvcrt.dll
0x00007ffc2bd40000 - 0x00007ffc2bd69000 	C:\WINDOWS\System32\GDI32.dll
0x00007ffc2b580000 - 0x00007ffc2b692000 	C:\WINDOWS\System32\gdi32full.dll
0x00007ffc2aee0000 - 0x00007ffc2af7a000 	C:\WINDOWS\System32\msvcp_win.dll
0x00007ffc2bde0000 - 0x00007ffc2be12000 	C:\WINDOWS\System32\IMM32.DLL
0x00007ffc18a10000 - 0x00007ffc18a1c000 	c:\Users\akmal\.vscode\extensions\redhat.java-1.14.2023011403-win32-x64\jre\17.0.5-win32-x86_64\bin\vcruntime140_1.dll
0x00007ffbeae30000 - 0x00007ffbeaec1000 	c:\Users\akmal\.vscode\extensions\redhat.java-1.14.2023011403-win32-x64\jre\17.0.5-win32-x86_64\bin\msvcp140.dll
0x00007ffbe1420000 - 0x00007ffbe2064000 	c:\Users\akmal\.vscode\extensions\redhat.java-1.14.2023011403-win32-x64\jre\17.0.5-win32-x86_64\bin\server\jvm.dll
0x00007ffc2c3b0000 - 0x00007ffc2c45e000 	C:\WINDOWS\System32\ADVAPI32.dll
0x00007ffc2b920000 - 0x00007ffc2b9c4000 	C:\WINDOWS\System32\sechost.dll
0x00007ffc2ba50000 - 0x00007ffc2bb65000 	C:\WINDOWS\System32\RPCRT4.dll
0x00007ffc25890000 - 0x00007ffc25899000 	C:\WINDOWS\SYSTEM32\WSOCK32.dll
0x00007ffc2b9d0000 - 0x00007ffc2ba41000 	C:\WINDOWS\System32\WS2_32.dll
0x00007ffc242e0000 - 0x00007ffc24314000 	C:\WINDOWS\SYSTEM32\WINMM.dll
0x00007ffc21100000 - 0x00007ffc2110a000 	C:\WINDOWS\SYSTEM32\VERSION.dll
0x00007ffc29dd0000 - 0x00007ffc29de8000 	C:\WINDOWS\SYSTEM32\kernel.appcore.dll
0x00007ffc0c6d0000 - 0x00007ffc0c6da000 	c:\Users\akmal\.vscode\extensions\redhat.java-1.14.2023011403-win32-x64\jre\17.0.5-win32-x86_64\bin\jimage.dll
0x00007ffc21d50000 - 0x00007ffc21f7e000 	C:\WINDOWS\SYSTEM32\DBGHELP.DLL
0x00007ffc2d310000 - 0x00007ffc2d69a000 	C:\WINDOWS\System32\combase.dll
0x00007ffc2c120000 - 0x00007ffc2c1f7000 	C:\WINDOWS\System32\OLEAUT32.dll
0x00007ffc21ad0000 - 0x00007ffc21b02000 	C:\WINDOWS\SYSTEM32\dbgcore.DLL
0x00007ffc2b320000 - 0x00007ffc2b39b000 	C:\WINDOWS\System32\bcryptPrimitives.dll
0x00007ffbf6480000 - 0x00007ffbf64a5000 	c:\Users\akmal\.vscode\extensions\redhat.java-1.14.2023011403-win32-x64\jre\17.0.5-win32-x86_64\bin\java.dll
0x00007ffbf6460000 - 0x00007ffbf6478000 	c:\Users\akmal\.vscode\extensions\redhat.java-1.14.2023011403-win32-x64\jre\17.0.5-win32-x86_64\bin\zip.dll
0x00007ffc2ca30000 - 0x00007ffc2d21f000 	C:\WINDOWS\System32\SHELL32.dll
0x00007ffc28ca0000 - 0x00007ffc29568000 	C:\WINDOWS\SYSTEM32\windows.storage.dll
0x00007ffc28b60000 - 0x00007ffc28c9e000 	C:\WINDOWS\SYSTEM32\wintypes.dll
0x00007ffc2c2b0000 - 0x00007ffc2c3a1000 	C:\WINDOWS\System32\SHCORE.dll
0x00007ffc2c0c0000 - 0x00007ffc2c11e000 	C:\WINDOWS\System32\shlwapi.dll
0x00007ffc2ac00000 - 0x00007ffc2ac21000 	C:\WINDOWS\SYSTEM32\profapi.dll
0x00007ffbf5b70000 - 0x00007ffbf5b89000 	C:\Users\akmal\.vscode\extensions\redhat.java-1.14.2023011403-win32-x64\jre\17.0.5-win32-x86_64\bin\net.dll
0x00007ffc24590000 - 0x00007ffc246bf000 	C:\WINDOWS\SYSTEM32\WINHTTP.dll
0x00007ffc2a230000 - 0x00007ffc2a299000 	C:\WINDOWS\system32\mswsock.dll
0x00007ffbf5b50000 - 0x00007ffbf5b65000 	C:\Users\akmal\.vscode\extensions\redhat.java-1.14.2023011403-win32-x64\jre\17.0.5-win32-x86_64\bin\nio.dll
0x00007ffc08600000 - 0x00007ffc08610000 	c:\Users\akmal\.vscode\extensions\redhat.java-1.14.2023011403-win32-x64\jre\17.0.5-win32-x86_64\bin\verify.dll
0x00007ffc2a550000 - 0x00007ffc2a56b000 	C:\WINDOWS\SYSTEM32\CRYPTSP.dll
0x00007ffc29d40000 - 0x00007ffc29d75000 	C:\WINDOWS\system32\rsaenh.dll
0x00007ffc2a2d0000 - 0x00007ffc2a2f8000 	C:\WINDOWS\SYSTEM32\USERENV.dll
0x00007ffc2a690000 - 0x00007ffc2a6b8000 	C:\WINDOWS\SYSTEM32\bcrypt.dll
0x00007ffc2a530000 - 0x00007ffc2a53c000 	C:\WINDOWS\SYSTEM32\CRYPTBASE.dll
0x00007ffc29840000 - 0x00007ffc2986d000 	C:\WINDOWS\SYSTEM32\IPHLPAPI.DLL
0x00007ffc2bd30000 - 0x00007ffc2bd39000 	C:\WINDOWS\System32\NSI.dll
0x00007ffc24890000 - 0x00007ffc248a9000 	C:\WINDOWS\SYSTEM32\dhcpcsvc6.DLL
0x00007ffc242c0000 - 0x00007ffc242df000 	C:\WINDOWS\SYSTEM32\dhcpcsvc.DLL
0x00007ffc298b0000 - 0x00007ffc299a2000 	C:\WINDOWS\SYSTEM32\DNSAPI.dll
0x00007ffc0cf60000 - 0x00007ffc0cf69000 	C:\Users\akmal\.vscode\extensions\redhat.java-1.14.2023011403-win32-x64\jre\17.0.5-win32-x86_64\bin\management.dll
0x00007ffc079e0000 - 0x00007ffc079eb000 	C:\Users\akmal\.vscode\extensions\redhat.java-1.14.2023011403-win32-x64\jre\17.0.5-win32-x86_64\bin\management_ext.dll
0x00007ffc2d6a0000 - 0x00007ffc2d6a8000 	C:\WINDOWS\System32\PSAPI.DLL

dbghelp: loaded successfully - version: 4.0.5 - missing functions: none
symbol engine: initialized successfully - sym options: 0x614 - pdb path: .;c:\Users\akmal\.vscode\extensions\redhat.java-1.14.2023011403-win32-x64\jre\17.0.5-win32-x86_64\bin;C:\WINDOWS\SYSTEM32;C:\WINDOWS\WinSxS\amd64_microsoft.windows.common-controls_6595b64144ccf1df_6.0.22621.608_none_a9444ca7c10bb01d;c:\Users\akmal\.vscode\extensions\redhat.java-1.14.2023011403-win32-x64\jre\17.0.5-win32-x86_64\bin\server

VM Arguments:
jvm_args: -Dsts.lsp.client=vscode -Dsts.log.file=/dev/null -XX:TieredStopAtLevel=1 -Xlog:jni+resolve=off -Dspring.config.location=file:c:\Users\akmal\.vscode\extensions\pivotal.vscode-spring-boot-1.43.0\language-server\BOOT-INF\classes\application.properties 
java_command: org.springframework.ide.vscode.boot.app.BootLanguageServerBootApp
java_class_path (initial): c:\Users\akmal\.vscode\extensions\pivotal.vscode-spring-boot-1.43.0\language-server\BOOT-INF\classes;c:\Users\akmal\.vscode\extensions\pivotal.vscode-spring-boot-1.43.0\language-server\BOOT-INF\lib\annotations-23.1.0.jar;c:\Users\akmal\.vscode\extensions\pivotal.vscode-spring-boot-1.43.0\language-server\BOOT-INF\lib\ant-1.10.12.jar;c:\Users\akmal\.vscode\extensions\pivotal.vscode-spring-boot-1.43.0\language-server\BOOT-INF\lib\ant-launcher-1.10.12.jar;c:\Users\akmal\.vscode\extensions\pivotal.vscode-spring-boot-1.43.0\language-server\BOOT-INF\lib\antlr-runtime-3.5.2.jar;c:\Users\akmal\.vscode\extensions\pivotal.vscode-spring-boot-1.43.0\language-server\BOOT-INF\lib\antlr4-4.9.3.jar;c:\Users\akmal\.vscode\extensions\pivotal.vscode-spring-boot-1.43.0\language-server\BOOT-INF\lib\antlr4-runtime-4.9.3.jar;c:\Users\akmal\.vscode\extensions\pivotal.vscode-spring-boot-1.43.0\language-server\BOOT-INF\lib\apiguardian-api-1.1.2.jar;c:\Users\akmal\.vscode\extensions\pivotal.vscode-spring-boot-1.43.0\language-server\BOOT-INF\lib\asm-9.4.jar;c:\Users\akmal\.vscode\extensions\pivotal.vscode-spring-boot-1.43.0\language-server\BOOT-INF\lib\asm-analysis-9.4.jar;c:\Users\akmal\.vscode\extensions\pivotal.vscode-spring-boot-1.43.0\language-server\BOOT-INF\lib\asm-tree-9.4.jar;c:\Users\akmal\.vscode\extensions\pivotal.vscode-spring-boot-1.43.0\language-server\BOOT-INF\lib\asm-util-9.4.jar;c:\Users\akmal\.vscode\extensions\pivotal.vscode-spring-boot-1.43.0\language-server\BOOT-INF\lib\caffeine-3.1.2.jar;c:\Users\akmal\.vscode\extensions\pivotal.vscode-spring-boot-1.43.0\language-server\BOOT-INF\lib\checker-qual-3.12.0.jar;c:\Users\akmal\.vscode\extensions\pivotal.vscode-spring-boot-1.43.0\language-server\BOOT-INF\lib\ci-environment-9.1.0.jar;c:\Users\akmal\.vscode\extensions\pivotal.vscode-spring-boot-1.43.0\language-server\BOOT-INF\lib\classgraph-4.8.149.jar;c:\Users\akmal\.vscode\extensions\pivotal.vscode-spring-boot-1.43.0\language-server\BOOT-INF\lib\comm
Launcher Type: SUN_STANDARD

[Global flags]
     intx CICompilerCount                          = 4                                         {product} {ergonomic}
     uint ConcGCThreads                            = 2                                         {product} {ergonomic}
     uint G1ConcRefinementThreads                  = 8                                         {product} {ergonomic}
   size_t G1HeapRegionSize                         = 1048576                                   {product} {ergonomic}
    uintx GCDrainStackTargetSize                   = 64                                        {product} {ergonomic}
   size_t InitialHeapSize                          = 134217728                                 {product} {ergonomic}
   size_t MarkStackSize                            = 4194304                                   {product} {ergonomic}
   size_t MaxHeapSize                              = 2116026368                                {product} {ergonomic}
   size_t MaxNewSize                               = 1268776960                                {product} {ergonomic}
   size_t MinHeapDeltaBytes                        = 1048576                                   {product} {ergonomic}
   size_t MinHeapSize                              = 8388608                                   {product} {ergonomic}
    uintx NonProfiledCodeHeapSize                  = 0                                      {pd product} {ergonomic}
     bool ProfileInterpreter                       = false                                  {pd product} {command line}
    uintx ProfiledCodeHeapSize                     = 0                                      {pd product} {ergonomic}
   size_t SoftMaxHeapSize                          = 2116026368                             {manageable} {ergonomic}
     intx TieredStopAtLevel                        = 1                                         {product} {command line}
     bool UseCompressedClassPointers               = true                           {product lp64_product} {ergonomic}
     bool UseCompressedOops                        = true                           {product lp64_product} {ergonomic}
     bool UseG1GC                                  = true                                      {product} {ergonomic}
     bool UseLargePagesIndividualAllocation        = false                                  {pd product} {ergonomic}

Logging:
Log output configuration:
 #0: stdout all=warning,jni+resolve=off uptime,level,tags
 #1: stderr all=off uptime,level,tags

Environment Variables:
JAVA_HOME=C:\Program Files\Java\jdk-19
PATH=C:\Program Files\PowerShell\7;C:\Program Files\Common Files\Oracle\Java\javapath;C:\Program Files (x86)\Common Files\Oracle\Java\javapath;C:\WINDOWS\system32;C:\WINDOWS;C:\WINDOWS\System32\Wbem;C:\WINDOWS\System32\WindowsPowerShell\v1.0\;C:\WINDOWS\System32\OpenSSH\;C:\msys64\mingw64\bin;C:\Program Files\Java\jdk-19\bin;C:\Program Files\Calibre2\;C:\Program Files\dotnet\;C:\Program Files\PowerShell\7\;C:\Program Files\Git\cmd;C:\gradle-7.6;C:\gradle-7.6\bin;C:\apache-maven-3.8.6\bin;C:\jdk-19.0.1\bin;C:\Classpath\javafx-sdk-19\lib;C:\Program Files\nodejs\;C:\ProgramData\chocolatey\bin;C:\Program Files\Go\bin;C:\Classpath\ASM;C:\Program Files\wkhtmltopdf\bin;C:\Program Files\wkhtmltopdf\bin\wkhtmltopdf.exe;C:\Users\akmal\AppData\Local\Programs\Python\Python311\Scripts\;C:\Users\akmal\AppData\Local\Programs\Python\Python311\;C:\Users\akmal\AppData\Local\Microsoft\WindowsApps;C:\Users\akmal\AppData\Local\Programs\Microsoft VS Code\bin;C:\Program Files\JetBrains\IntelliJ IDEA Community Edition 2022.2.3\bin;C:\Users\akmal\AppData\Local\GitHubDesktop\bin;C:\Users\akmal\AppData\Roaming\npm;C:\Users\akmal\go\bin;C:\Users\akmal\AppData\Local\Google\Cloud SDK\google-cloud-sdk\bin
USERNAME=akmal
OS=Windows_NT
PROCESSOR_IDENTIFIER=Intel64 Family 6 Model 142 Stepping 10, GenuineIntel
TMP=C:\Users\akmal\AppData\Local\Temp
TEMP=C:\Users\akmal\AppData\Local\Temp



---------------  S Y S T E M  ---------------

OS:
 Windows 11 , 64 bit Build 22621 (10.0.22621.1105)
OS uptime: 3 days 14:39 hours
Hyper-V role detected

CPU: total 8 (initial active 8) (4 cores per cpu, 2 threads per core) family 6 model 142 stepping 10 microcode 0xe0, cx8, cmov, fxsr, ht, mmx, 3dnowpref, sse, sse2, sse3, ssse3, sse4.1, sse4.2, popcnt, lzcnt, tsc, tscinvbit, avx, avx2, aes, erms, clmul, bmi1, bmi2, adx, fma, vzeroupper, clflush, clflushopt, hv

Memory: 4k page, system-wide physical 8066M (111M free)
TotalPageFile size 32642M (AvailPageFile size 35M)
current process WorkingSet (physical memory assigned to process): 432M, peak: 432M
current process commit charge ("private bytes"): 447M, peak: 743M

vm_info: OpenJDK 64-Bit Server VM (17.0.5+8) for windows-amd64 JRE (17.0.5+8), built on Oct 19 2022 04:48:13 by "temurin" with MS VC++ 16.7 (VS2019)

END.
