#
# There is insufficient memory for the Java Runtime Environment to continue.
# Native memory allocation (mmap) failed to map 134217728 bytes for G1 virtual space
# Possible reasons:
#   The system is out of physical RAM or swap space
#   The process is running with CompressedOops enabled, and the Java Heap may be blocking the growth of the native heap
# Possible solutions:
#   Reduce memory load on the system
#   Increase physical memory or swap space
#   Check if swap backing store is full
#   Decrease Java heap size (-Xmx/-Xms)
#   Decrease number of Java threads
#   Decrease Java thread stack sizes (-Xss)
#   Set larger code cache with -XX:ReservedCodeCacheSize=
#   JVM is running with Unscaled Compressed Oops mode in which the Java heap is
#     placed in the first 4GB address space. The Java Heap base address is the
#     maximum limit for the native heap growth. Please use -XX:HeapBaseMinAddress
#     to set the Java Heap base and to place the Java Heap above 4GB virtual address.
# This output file may be truncated or incomplete.
#
#  Out of Memory Error (os_windows.cpp:3527), pid=8432, tid=13544
#
# JRE version:  (19.0.1+10) (build )
# Java VM: Java HotSpot(TM) 64-Bit Server VM (19.0.1+10-21, mixed mode, sharing, tiered, compressed oops, compressed class ptrs, g1 gc, windows-amd64)
# No core dump will be written. Minidumps are not enabled by default on client versions of Windows
#

---------------  S U M M A R Y ------------

Command Line: --enable-preview -XX:+ShowCodeDetailsInExceptionMessages A0050

Host: Intel(R) Core(TM) i5-8250U CPU @ 1.60GHz, 8 cores, 7G,  Windows 11 , 64 bit Build 22621 (10.0.22621.963)
Time: Sat Dec 31 11:51:50 2022 Egypt Standard Time elapsed time: 0.017231 seconds (0d 0h 0m 0s)

---------------  T H R E A D  ---------------

Current thread (0x00000206d0abc930):  JavaThread "Unknown thread" [_thread_in_vm, id=13544, stack(0x000000211c700000,0x000000211c800000)]

Stack: [0x000000211c700000,0x000000211c800000]
Native frames: (J=compiled Java code, j=interpreted, Vv=VM code, C=native code)
V  [jvm.dll+0x6ee8fa]
V  [jvm.dll+0x857a1e]
V  [jvm.dll+0x85940e]
V  [jvm.dll+0x859ac3]
V  [jvm.dll+0x28291f]
V  [jvm.dll+0x6eb6e9]
V  [jvm.dll+0x6e028a]
V  [jvm.dll+0x357136]
V  [jvm.dll+0x35eb96]
V  [jvm.dll+0x3b555e]
V  [jvm.dll+0x3b578f]
V  [jvm.dll+0x32c6ea]
V  [jvm.dll+0x32d59e]
V  [jvm.dll+0x821b20]
V  [jvm.dll+0x3c27c1]
V  [jvm.dll+0x8022f1]
V  [jvm.dll+0x44b30f]
V  [jvm.dll+0x44cc91]
C  [jli.dll+0x5287]
C  [ucrtbase.dll+0x29363]
C  [KERNEL32.DLL+0x126bd]
C  [ntdll.dll+0x5dfb8]


---------------  P R O C E S S  ---------------

Threads class SMR info:
_java_thread_list=0x00007ffd6fefd048, length=0, elements={
}

Java Threads: ( => current thread )

Other Threads:
  0x00000206d0b193e0 WorkerThread "GC Thread#0" [stack: 0x000000211c800000,0x000000211c900000] [id=9604]
  0x00000206d0b29f80 ConcurrentGCThread "G1 Main Marker" [stack: 0x000000211c900000,0x000000211ca00000] [id=3016]
  0x00000206d0b2bcc0 WorkerThread "G1 Conc#0" [stack: 0x000000211ca00000,0x000000211cb00000] [id=4108]

[error occurred during error reporting (printing all threads), id 0xc0000005, EXCEPTION_ACCESS_VIOLATION (0xc0000005) at pc=0x00007ffd6f6bd127]

VM state: not at safepoint (not fully initialized)

VM Mutex/Monitor currently owned by a thread:  ([mutex/lock_event])
[0x00000206d0abbff0] Heap_lock - owner thread: 0x00000206d0abc930

Heap address: 0x0000000081e00000, size: 2018 MB, Compressed Oops mode: 32-bit

CDS archive(s) mapped at: [0x0000000000000000-0x0000000000000000-0x0000000000000000), size 0, SharedBaseAddress: 0x0000000800000000, ArchiveRelocationMode: 0.
Narrow klass base: 0x0000000000000000, Narrow klass shift: 0, Narrow klass range: 0x0

GC Precious Log:
 CardTable entry size: 512
 Card Set container configuration: InlinePtr #cards 5 size 8 Array Of Cards #cards 12 size 40 Howl #buckets 4 coarsen threshold 1843 Howl Bitmap #cards 512 size 80 coarsen threshold 460 Card regions per heap region 1 cards per card region 2048

Heap:
 garbage-first heap   total 0K, used 0K [0x0000000081e00000, 0x0000000100000000)
  region size 1024K, 0 young (0K), 0 survivors (0K)

[error occurred during error reporting (printing heap information), id 0xc0000005, EXCEPTION_ACCESS_VIOLATION (0xc0000005) at pc=0x00007ffd6fac6959]

GC Heap History (0 events):
No events

Dll operation events (1 events):
Event: 0.009 Loaded shared library C:\Program Files\Java\jdk-19\bin\java.dll

Deoptimization events (0 events):
No events

Classes loaded (0 events):
No events

Classes unloaded (0 events):
No events

Classes redefined (0 events):
No events

Internal exceptions (0 events):
No events

VM Operations (0 events):
No events

Events (0 events):
No events


Dynamic libraries:
0x00007ff776ca0000 - 0x00007ff776cb0000 	C:\Program Files\Java\jdk-19\bin\java.exe
0x00007ffda5e90000 - 0x00007ffda60a4000 	C:\WINDOWS\SYSTEM32\ntdll.dll
0x00007ffda5aa0000 - 0x00007ffda5b63000 	C:\WINDOWS\System32\KERNEL32.DLL
0x00007ffda3450000 - 0x00007ffda37ed000 	C:\WINDOWS\System32\KERNELBASE.dll
0x00007ffda3b60000 - 0x00007ffda3c71000 	C:\WINDOWS\System32\ucrtbase.dll
0x00007ffd8fed0000 - 0x00007ffd8feeb000 	C:\Program Files\Java\jdk-19\bin\VCRUNTIME140.dll
0x00007ffd8fd30000 - 0x00007ffd8fd48000 	C:\Program Files\Java\jdk-19\bin\jli.dll
0x00007ffda59f0000 - 0x00007ffda5a9e000 	C:\WINDOWS\System32\ADVAPI32.dll
0x00007ffda5830000 - 0x00007ffda58d7000 	C:\WINDOWS\System32\msvcrt.dll
0x00007ffda5760000 - 0x00007ffda5804000 	C:\WINDOWS\System32\sechost.dll
0x00007ffda5010000 - 0x00007ffda5125000 	C:\WINDOWS\System32\RPCRT4.dll
0x00007ffda4c60000 - 0x00007ffda4e0d000 	C:\WINDOWS\System32\USER32.dll
0x00007ffd8f0c0000 - 0x00007ffd8f34e000 	C:\WINDOWS\WinSxS\amd64_microsoft.windows.common-controls_6595b64144ccf1df_6.0.22621.608_none_a9444ca7c10bb01d\COMCTL32.dll
0x00007ffda37f0000 - 0x00007ffda3816000 	C:\WINDOWS\System32\win32u.dll
0x00007ffda42a0000 - 0x00007ffda42c9000 	C:\WINDOWS\System32\GDI32.dll
0x00007ffda3330000 - 0x00007ffda3442000 	C:\WINDOWS\System32\gdi32full.dll
0x00007ffda38e0000 - 0x00007ffda397a000 	C:\WINDOWS\System32\msvcp_win.dll
0x00007ffd96010000 - 0x00007ffd9601a000 	C:\WINDOWS\SYSTEM32\VERSION.dll
0x00007ffda4e10000 - 0x00007ffda4e42000 	C:\WINDOWS\System32\IMM32.DLL
0x00007ffd9c4c0000 - 0x00007ffd9c4cc000 	C:\Program Files\Java\jdk-19\bin\vcruntime140_1.dll
0x00007ffd8d5b0000 - 0x00007ffd8d63e000 	C:\Program Files\Java\jdk-19\bin\msvcp140.dll
0x00007ffd6f380000 - 0x00007ffd70040000 	C:\Program Files\Java\jdk-19\bin\server\jvm.dll
0x00007ffd90150000 - 0x00007ffd90159000 	C:\WINDOWS\SYSTEM32\WSOCK32.dll
0x00007ffd9b400000 - 0x00007ffd9b434000 	C:\WINDOWS\SYSTEM32\WINMM.dll
0x00007ffda56b0000 - 0x00007ffda5721000 	C:\WINDOWS\System32\WS2_32.dll
0x00007ffda22d0000 - 0x00007ffda22e8000 	C:\WINDOWS\SYSTEM32\kernel.appcore.dll
0x00007ffd9c020000 - 0x00007ffd9c02a000 	C:\Program Files\Java\jdk-19\bin\jimage.dll
0x00007ffd96be0000 - 0x00007ffd96e0e000 	C:\WINDOWS\SYSTEM32\DBGHELP.DLL
0x00007ffda52b0000 - 0x00007ffda563a000 	C:\WINDOWS\System32\combase.dll
0x00007ffda42d0000 - 0x00007ffda43a7000 	C:\WINDOWS\System32\OLEAUT32.dll
0x00007ffd8f420000 - 0x00007ffd8f452000 	C:\WINDOWS\SYSTEM32\dbgcore.DLL
0x00007ffda32b0000 - 0x00007ffda332b000 	C:\WINDOWS\System32\bcryptPrimitives.dll
0x00007ffd8fce0000 - 0x00007ffd8fd06000 	C:\Program Files\Java\jdk-19\bin\java.dll

dbghelp: loaded successfully - version: 4.0.5 - missing functions: none
symbol engine: initialized successfully - sym options: 0x614 - pdb path: .;C:\Program Files\Java\jdk-19\bin;C:\WINDOWS\SYSTEM32;C:\WINDOWS\WinSxS\amd64_microsoft.windows.common-controls_6595b64144ccf1df_6.0.22621.608_none_a9444ca7c10bb01d;C:\Program Files\Java\jdk-19\bin\server

VM Arguments:
jvm_args: --enable-preview -XX:+ShowCodeDetailsInExceptionMessages 
java_command: A0050
java_class_path (initial): C:\Users\akmal\AppData\Roaming\Code\User\workspaceStorage\731bfce1e2a2275d2ecaacff9560d5c9\redhat.java\jdt_ws\LeetCode_52561eec\bin
Launcher Type: SUN_STANDARD

[Global flags]
     intx CICompilerCount                          = 4                                         {product} {ergonomic}
     uint ConcGCThreads                            = 2                                         {product} {ergonomic}
     uint G1ConcRefinementThreads                  = 8                                         {product} {ergonomic}
   size_t G1HeapRegionSize                         = 1048576                                   {product} {ergonomic}
    uintx GCDrainStackTargetSize                   = 64                                        {product} {ergonomic}
   size_t InitialHeapSize                          = 134217728                                 {product} {ergonomic}
   size_t MarkStackSize                            = 4194304                                   {product} {ergonomic}
   size_t MaxHeapSize                              = 2116026368                                {product} {ergonomic}
   size_t MinHeapDeltaBytes                        = 1048576                                   {product} {ergonomic}
   size_t MinHeapSize                              = 8388608                                   {product} {ergonomic}
    uintx NonNMethodCodeHeapSize                   = 5839372                                {pd product} {ergonomic}
    uintx NonProfiledCodeHeapSize                  = 122909434                              {pd product} {ergonomic}
    uintx ProfiledCodeHeapSize                     = 122909434                              {pd product} {ergonomic}
    uintx ReservedCodeCacheSize                    = 251658240                              {pd product} {ergonomic}
     bool SegmentedCodeCache                       = true                                      {product} {ergonomic}
     bool ShowCodeDetailsInExceptionMessages       = true                                   {manageable} {command line}
   size_t SoftMaxHeapSize                          = 2116026368                             {manageable} {ergonomic}
     bool UseCompressedClassPointers               = true                           {product lp64_product} {ergonomic}
     bool UseCompressedOops                        = true                           {product lp64_product} {ergonomic}
     bool UseG1GC                                  = true                                      {product} {ergonomic}
     bool UseLargePagesIndividualAllocation        = false                                  {pd product} {ergonomic}

Logging:
Log output configuration:
 #0: stdout all=warning uptime,level,tags foldmultilines=false
 #1: stderr all=off uptime,level,tags foldmultilines=false

Environment Variables:
JAVA_HOME=C:\Program Files\Java\jdk-19
PATH=C:\Program Files\PowerShell\7;C:\Program Files\Common Files\Oracle\Java\javapath;C:\Program Files (x86)\Common Files\Oracle\Java\javapath;C:\WINDOWS\system32;C:\WINDOWS;C:\WINDOWS\System32\Wbem;C:\WINDOWS\System32\WindowsPowerShell\v1.0\;C:\WINDOWS\System32\OpenSSH\;C:\msys64\mingw64\bin;C:\Program Files\Java\jdk-19\bin;C:\Program Files\Calibre2\;C:\Program Files\dotnet\;C:\Program Files\PowerShell\7\;C:\Program Files\Git\cmd;C:\gradle-7.6;C:\gradle-7.6\bin;C:\apache-maven-3.8.6\bin;C:\jdk-19.0.1\bin;C:\Classpath\javafx-sdk-19\lib;C:\Program Files\nodejs\;C:\ProgramData\chocolatey\bin;C:\Program Files\Go\bin;C:\Classpath\ASM;C:\Users\akmal\AppData\Local\Programs\Python\Python311\Scripts\;C:\Users\akmal\AppData\Local\Programs\Python\Python311\;C:\Users\akmal\AppData\Local\Microsoft\WindowsApps;C:\Users\akmal\AppData\Local\Programs\Microsoft VS Code\bin;C:\Program Files\JetBrains\IntelliJ IDEA Community Edition 2022.2.3\bin;C:\Users\akmal\AppData\Local\GitHubDesktop\bin;C:\Users\akmal\AppData\Roaming\npm;C:\Users\akmal\go\bin:c:\Users\akmal\.vscode\extensions\trunk.io-3.3.6\out
USERNAME=akmal
LANG=en_US.UTF-8
OS=Windows_NT
PROCESSOR_IDENTIFIER=Intel64 Family 6 Model 142 Stepping 10, GenuineIntel
TMP=C:\Users\akmal\AppData\Local\Temp
TEMP=C:\Users\akmal\AppData\Local\Temp



---------------  S Y S T E M  ---------------

OS:
 Windows 11 , 64 bit Build 22621 (10.0.22621.963)
OS uptime: 10 days 5:48 hours
Hyper-V role detected

CPU: total 8 (initial active 8) (4 cores per cpu, 2 threads per core) family 6 model 142 stepping 10 microcode 0xe0, cx8, cmov, fxsr, ht, mmx, 3dnowpref, sse, sse2, sse3, ssse3, sse4.1, sse4.2, popcnt, lzcnt, tsc, tscinvbit, avx, avx2, aes, erms, clmul, bmi1, bmi2, adx, fma, vzeroupper, clflush, clflushopt, hv, rdtscp

Memory: 4k page, system-wide physical 8066M (323M free)
TotalPageFile size 32642M (AvailPageFile size 116M)
current process WorkingSet (physical memory assigned to process): 11M, peak: 11M
current process commit charge ("private bytes"): 60M, peak: 188M

vm_info: Java HotSpot(TM) 64-Bit Server VM (19.0.1+10-21) for windows-amd64 JRE (19.0.1+10-21), built on 2022-09-14T12:45:06Z by "mach5one" with MS VC++ 17.1 (VS2022)

END.
